Analysis & Synthesis report for fir8_wrapper
Fri Apr 25 15:57:45 2025
Quartus Prime Version 24.1std.0 Build 1077 03/04/2025 SC Standard Edition


---------------------
; Table of Contents ;
---------------------
  1. Legal Notice
  2. Analysis & Synthesis Summary
  3. Analysis & Synthesis Settings
  4. Parallel Compilation
  5. Analysis & Synthesis Source Files Read
  6. Analysis & Synthesis Resource Usage Summary
  7. Analysis & Synthesis Resource Utilization by Entity
  8. Registers Removed During Synthesis
  9. General Register Statistics
 10. Multiplexer Restructuring Statistics (Restructuring Performed)
 11. Parameter Settings for User Entity Instance: Top-level Entity: |fir8_wrapper
 12. Parameter Settings for Inferred Entity Instance: fir8:u_fir8|fir_pe:u_fir_pe7|lpm_mult:Mult0
 13. Parameter Settings for Inferred Entity Instance: fir8:u_fir8|fir_pe:u_fir_pe5|lpm_mult:Mult0
 14. Parameter Settings for Inferred Entity Instance: fir8:u_fir8|fir_pe:u_fir_pe4|lpm_mult:Mult0
 15. Parameter Settings for Inferred Entity Instance: fir8:u_fir8|fir_pe:u_fir_pe3|lpm_mult:Mult0
 16. Parameter Settings for Inferred Entity Instance: fir8:u_fir8|fir_pe:u_fir_pe2|lpm_mult:Mult0
 17. Parameter Settings for Inferred Entity Instance: fir8:u_fir8|fir_pe:u_fir_pe1|lpm_mult:Mult0
 18. lpm_mult Parameter Settings by Entity Instance
 19. Port Connectivity Checks: "fir8:u_fir8|fir_pe:u_fir_pe6"
 20. Port Connectivity Checks: "fir8:u_fir8|fir_pe:u_fir_pe7"
 21. Port Connectivity Checks: "fir8:u_fir8|fir_pe:u_fir_pe5"
 22. Port Connectivity Checks: "fir8:u_fir8|fir_pe:u_fir_pe4"
 23. Port Connectivity Checks: "fir8:u_fir8|fir_pe:u_fir_pe3"
 24. Port Connectivity Checks: "fir8:u_fir8|fir_pe:u_fir_pe2"
 25. Port Connectivity Checks: "fir8:u_fir8|fir_pe:u_fir_pe1"
 26. Port Connectivity Checks: "fir8:u_fir8|fir_pe:u_fir_pe0"
 27. Post-Synthesis Netlist Statistics for Top Partition
 28. Elapsed Time Per Partition
 29. Analysis & Synthesis Messages



----------------
; Legal Notice ;
----------------
Copyright (C) 2025  Altera Corporation. All rights reserved.
Your use of Altera Corporation's design tools, logic functions 
and other software and tools, and any partner logic 
functions, and any output files from any of the foregoing 
(including device programming or simulation files), and any 
associated documentation or information are expressly subject 
to the terms and conditions of the Altera Program License 
Subscription Agreement, the Altera Quartus Prime License Agreement,
the Altera IP License Agreement, or other applicable license
agreement, including, without limitation, that your use is for
the sole purpose of programming logic devices manufactured by
Altera and sold by Altera or its authorized distributors.  Please
refer to the Altera Software License Subscription Agreements 
on the Quartus Prime software download page.



+------------------------------------------------------------------------------------------+
; Analysis & Synthesis Summary                                                             ;
+------------------------------------+-----------------------------------------------------+
; Analysis & Synthesis Status        ; Successful - Fri Apr 25 15:57:45 2025               ;
; Quartus Prime Version              ; 24.1std.0 Build 1077 03/04/2025 SC Standard Edition ;
; Revision Name                      ; fir8_wrapper                                        ;
; Top-level Entity Name              ; fir8_wrapper                                        ;
; Family                             ; Cyclone IV E                                        ;
; Total logic elements               ; 497                                                 ;
;     Total combinational functions  ; 223                                                 ;
;     Dedicated logic registers      ; 456                                                 ;
; Total registers                    ; 456                                                 ;
; Total pins                         ; 23                                                  ;
; Total virtual pins                 ; 0                                                   ;
; Total memory bits                  ; 0                                                   ;
; Embedded Multiplier 9-bit elements ; 0                                                   ;
; Total PLLs                         ; 0                                                   ;
+------------------------------------+-----------------------------------------------------+


+------------------------------------------------------------------------------------------------------------+
; Analysis & Synthesis Settings                                                                              ;
+------------------------------------------------------------------+--------------------+--------------------+
; Option                                                           ; Setting            ; Default Value      ;
+------------------------------------------------------------------+--------------------+--------------------+
; Device                                                           ; EP4CE6E22C8        ;                    ;
; Top-level entity name                                            ; fir8_wrapper       ; fir8_wrapper       ;
; Family name                                                      ; Cyclone IV E       ; Cyclone V          ;
; Use smart compilation                                            ; Off                ; Off                ;
; Enable parallel Assembler and Timing Analyzer during compilation ; On                 ; On                 ;
; Enable compact report table                                      ; Off                ; Off                ;
; Restructure Multiplexers                                         ; Auto               ; Auto               ;
; Create Debugging Nodes for IP Cores                              ; Off                ; Off                ;
; Preserve fewer node names                                        ; On                 ; On                 ;
; Intel FPGA IP Evaluation Mode                                    ; Enable             ; Enable             ;
; Verilog Version                                                  ; Verilog_2001       ; Verilog_2001       ;
; VHDL Version                                                     ; VHDL_1993          ; VHDL_1993          ;
; State Machine Processing                                         ; Auto               ; Auto               ;
; Safe State Machine                                               ; Off                ; Off                ;
; Extract Verilog State Machines                                   ; On                 ; On                 ;
; Extract VHDL State Machines                                      ; On                 ; On                 ;
; Ignore Verilog initial constructs                                ; Off                ; Off                ;
; Iteration limit for constant Verilog loops                       ; 5000               ; 5000               ;
; Iteration limit for non-constant Verilog loops                   ; 250                ; 250                ;
; Add Pass-Through Logic to Inferred RAMs                          ; On                 ; On                 ;
; Infer RAMs from Raw Logic                                        ; On                 ; On                 ;
; Parallel Synthesis                                               ; On                 ; On                 ;
; DSP Block Balancing                                              ; Auto               ; Auto               ;
; NOT Gate Push-Back                                               ; On                 ; On                 ;
; Power-Up Don't Care                                              ; On                 ; On                 ;
; Remove Redundant Logic Cells                                     ; Off                ; Off                ;
; Remove Duplicate Registers                                       ; On                 ; On                 ;
; Ignore CARRY Buffers                                             ; Off                ; Off                ;
; Ignore CASCADE Buffers                                           ; Off                ; Off                ;
; Ignore GLOBAL Buffers                                            ; Off                ; Off                ;
; Ignore ROW GLOBAL Buffers                                        ; Off                ; Off                ;
; Ignore LCELL Buffers                                             ; Off                ; Off                ;
; Ignore SOFT Buffers                                              ; On                 ; On                 ;
; Limit AHDL Integers to 32 Bits                                   ; Off                ; Off                ;
; Optimization Technique                                           ; Balanced           ; Balanced           ;
; Carry Chain Length                                               ; 70                 ; 70                 ;
; Auto Carry Chains                                                ; On                 ; On                 ;
; Auto Open-Drain Pins                                             ; On                 ; On                 ;
; Perform WYSIWYG Primitive Resynthesis                            ; Off                ; Off                ;
; Auto ROM Replacement                                             ; On                 ; On                 ;
; Auto RAM Replacement                                             ; On                 ; On                 ;
; Auto DSP Block Replacement                                       ; On                 ; On                 ;
; Auto Shift Register Replacement                                  ; Auto               ; Auto               ;
; Allow Shift Register Merging across Hierarchies                  ; Auto               ; Auto               ;
; Auto Clock Enable Replacement                                    ; On                 ; On                 ;
; Strict RAM Replacement                                           ; Off                ; Off                ;
; Allow Synchronous Control Signals                                ; On                 ; On                 ;
; Force Use of Synchronous Clear Signals                           ; Off                ; Off                ;
; Auto RAM Block Balancing                                         ; On                 ; On                 ;
; Auto RAM to Logic Cell Conversion                                ; Off                ; Off                ;
; Auto Resource Sharing                                            ; Off                ; Off                ;
; Allow Any RAM Size For Recognition                               ; Off                ; Off                ;
; Allow Any ROM Size For Recognition                               ; Off                ; Off                ;
; Allow Any Shift Register Size For Recognition                    ; Off                ; Off                ;
; Use LogicLock Constraints during Resource Balancing              ; On                 ; On                 ;
; Ignore translate_off and synthesis_off directives                ; Off                ; Off                ;
; Timing-Driven Synthesis                                          ; On                 ; On                 ;
; Report Parameter Settings                                        ; On                 ; On                 ;
; Report Source Assignments                                        ; On                 ; On                 ;
; Report Connectivity Checks                                       ; On                 ; On                 ;
; Ignore Maximum Fan-Out Assignments                               ; Off                ; Off                ;
; Synchronization Register Chain Length                            ; 2                  ; 2                  ;
; Power Optimization During Synthesis                              ; Normal compilation ; Normal compilation ;
; HDL message level                                                ; Level2             ; Level2             ;
; Suppress Register Optimization Related Messages                  ; Off                ; Off                ;
; Number of Removed Registers Reported in Synthesis Report         ; 5000               ; 5000               ;
; Number of Swept Nodes Reported in Synthesis Report               ; 5000               ; 5000               ;
; Number of Inverted Registers Reported in Synthesis Report        ; 100                ; 100                ;
; Clock MUX Protection                                             ; On                 ; On                 ;
; Auto Gated Clock Conversion                                      ; Off                ; Off                ;
; Block Design Naming                                              ; Auto               ; Auto               ;
; SDC constraint protection                                        ; Off                ; Off                ;
; Synthesis Effort                                                 ; Auto               ; Auto               ;
; Shift Register Replacement - Allow Asynchronous Clear Signal     ; On                 ; On                 ;
; Pre-Mapping Resynthesis Optimization                             ; Off                ; Off                ;
; Analysis & Synthesis Message Level                               ; Medium             ; Medium             ;
; Disable Register Merging Across Hierarchies                      ; Auto               ; Auto               ;
; Resource Aware Inference For Block RAM                           ; On                 ; On                 ;
+------------------------------------------------------------------+--------------------+--------------------+


+------------------------------------------+
; Parallel Compilation                     ;
+----------------------------+-------------+
; Processors                 ; Number      ;
+----------------------------+-------------+
; Number detected on machine ; 4           ;
; Maximum allowed            ; 4           ;
;                            ;             ;
; Average used               ; 1.00        ;
; Maximum used               ; 4           ;
;                            ;             ;
; Usage by Processor         ; % Time Used ;
;     Processor 1            ; 100.0%      ;
;     Processors 2-4         ;   0.0%      ;
+----------------------------+-------------+


+--------------------------------------------------------------------------------------------------------------------------------------------------------------------------------------------------------------------------------------------------------+
; Analysis & Synthesis Source Files Read                                                                                                                                                                                                                 ;
+------------------------------------------------------+-----------------+------------------------------+--------------------------------------------------------------------------------------------------------------------------------------+---------+
; File Name with User-Entered Path                     ; Used in Netlist ; File Type                    ; File Name with Absolute Path                                                                                                         ; Library ;
+------------------------------------------------------+-----------------+------------------------------+--------------------------------------------------------------------------------------------------------------------------------------+---------+
; ../../../../../../2-5_Lab3_FIR8/rtl_verilog/fir_pe.v ; yes             ; User Verilog HDL File        ; /home/goodkook/ETRI050_DesignKit/devel/Tutorials/2-5_Lab3_FIR8/rtl_verilog/fir_pe.v                                                  ;         ;
; ../../../../../source/fir8.v                         ; yes             ; User Verilog HDL File        ; /home/goodkook/ETRI050_DesignKit/devel/Tutorials/2-6_Lab4_FIR8_Emulation/source/fir8.v                                               ;         ;
; ../../../../fir8_wrapper.v                           ; yes             ; User Verilog HDL File        ; /home/goodkook/ETRI050_DesignKit/devel/Tutorials/2-6_Lab4_FIR8_Emulation/emulation/fir8_wrapper.v                                    ;         ;
; lpm_mult.tdf                                         ; yes             ; Megafunction                 ; /opt/intelFPGA_standard/24.1std/quartus/libraries/megafunctions/lpm_mult.tdf                                                         ;         ;
; aglobal241.inc                                       ; yes             ; Megafunction                 ; /opt/intelFPGA_standard/24.1std/quartus/libraries/megafunctions/aglobal241.inc                                                       ;         ;
; lpm_add_sub.inc                                      ; yes             ; Megafunction                 ; /opt/intelFPGA_standard/24.1std/quartus/libraries/megafunctions/lpm_add_sub.inc                                                      ;         ;
; multcore.inc                                         ; yes             ; Megafunction                 ; /opt/intelFPGA_standard/24.1std/quartus/libraries/megafunctions/multcore.inc                                                         ;         ;
; bypassff.inc                                         ; yes             ; Megafunction                 ; /opt/intelFPGA_standard/24.1std/quartus/libraries/megafunctions/bypassff.inc                                                         ;         ;
; altshift.inc                                         ; yes             ; Megafunction                 ; /opt/intelFPGA_standard/24.1std/quartus/libraries/megafunctions/altshift.inc                                                         ;         ;
; multcore.tdf                                         ; yes             ; Megafunction                 ; /opt/intelFPGA_standard/24.1std/quartus/libraries/megafunctions/multcore.tdf                                                         ;         ;
; csa_add.inc                                          ; yes             ; Megafunction                 ; /opt/intelFPGA_standard/24.1std/quartus/libraries/megafunctions/csa_add.inc                                                          ;         ;
; mpar_add.inc                                         ; yes             ; Megafunction                 ; /opt/intelFPGA_standard/24.1std/quartus/libraries/megafunctions/mpar_add.inc                                                         ;         ;
; muleabz.inc                                          ; yes             ; Megafunction                 ; /opt/intelFPGA_standard/24.1std/quartus/libraries/megafunctions/muleabz.inc                                                          ;         ;
; mul_lfrg.inc                                         ; yes             ; Megafunction                 ; /opt/intelFPGA_standard/24.1std/quartus/libraries/megafunctions/mul_lfrg.inc                                                         ;         ;
; mul_boothc.inc                                       ; yes             ; Megafunction                 ; /opt/intelFPGA_standard/24.1std/quartus/libraries/megafunctions/mul_boothc.inc                                                       ;         ;
; alt_ded_mult.inc                                     ; yes             ; Megafunction                 ; /opt/intelFPGA_standard/24.1std/quartus/libraries/megafunctions/alt_ded_mult.inc                                                     ;         ;
; alt_ded_mult_y.inc                                   ; yes             ; Megafunction                 ; /opt/intelFPGA_standard/24.1std/quartus/libraries/megafunctions/alt_ded_mult_y.inc                                                   ;         ;
; dffpipe.inc                                          ; yes             ; Megafunction                 ; /opt/intelFPGA_standard/24.1std/quartus/libraries/megafunctions/dffpipe.inc                                                          ;         ;
; mpar_add.tdf                                         ; yes             ; Megafunction                 ; /opt/intelFPGA_standard/24.1std/quartus/libraries/megafunctions/mpar_add.tdf                                                         ;         ;
; lpm_add_sub.tdf                                      ; yes             ; Megafunction                 ; /opt/intelFPGA_standard/24.1std/quartus/libraries/megafunctions/lpm_add_sub.tdf                                                      ;         ;
; addcore.inc                                          ; yes             ; Megafunction                 ; /opt/intelFPGA_standard/24.1std/quartus/libraries/megafunctions/addcore.inc                                                          ;         ;
; look_add.inc                                         ; yes             ; Megafunction                 ; /opt/intelFPGA_standard/24.1std/quartus/libraries/megafunctions/look_add.inc                                                         ;         ;
; alt_stratix_add_sub.inc                              ; yes             ; Megafunction                 ; /opt/intelFPGA_standard/24.1std/quartus/libraries/megafunctions/alt_stratix_add_sub.inc                                              ;         ;
; db/add_sub_afh.tdf                                   ; yes             ; Auto-Generated Megafunction  ; /home/goodkook/ETRI050_DesignKit/devel/Tutorials/2-6_Lab4_FIR8_Emulation/emulation/PSCE-TRANS/Altera/fir8_wrapper/db/add_sub_afh.tdf ;         ;
; altshift.tdf                                         ; yes             ; Megafunction                 ; /opt/intelFPGA_standard/24.1std/quartus/libraries/megafunctions/altshift.tdf                                                         ;         ;
; db/add_sub_bfh.tdf                                   ; yes             ; Auto-Generated Megafunction  ; /home/goodkook/ETRI050_DesignKit/devel/Tutorials/2-6_Lab4_FIR8_Emulation/emulation/PSCE-TRANS/Altera/fir8_wrapper/db/add_sub_bfh.tdf ;         ;
; db/add_sub_jgh.tdf                                   ; yes             ; Auto-Generated Megafunction  ; /home/goodkook/ETRI050_DesignKit/devel/Tutorials/2-6_Lab4_FIR8_Emulation/emulation/PSCE-TRANS/Altera/fir8_wrapper/db/add_sub_jgh.tdf ;         ;
+------------------------------------------------------+-----------------+------------------------------+--------------------------------------------------------------------------------------------------------------------------------------+---------+


+-------------------------------------------------------------+
; Analysis & Synthesis Resource Usage Summary                 ;
+---------------------------------------------+---------------+
; Resource                                    ; Usage         ;
+---------------------------------------------+---------------+
; Estimated Total logic elements              ; 497           ;
;                                             ;               ;
; Total combinational functions               ; 223           ;
; Logic element usage by number of LUT inputs ;               ;
;     -- 4 input functions                    ; 31            ;
;     -- 3 input functions                    ; 126           ;
;     -- <=2 input functions                  ; 66            ;
;                                             ;               ;
; Logic elements by mode                      ;               ;
;     -- normal mode                          ; 71            ;
;     -- arithmetic mode                      ; 152           ;
;                                             ;               ;
; Total registers                             ; 456           ;
;     -- Dedicated logic registers            ; 456           ;
;     -- I/O registers                        ; 0             ;
;                                             ;               ;
; I/O pins                                    ; 23            ;
;                                             ;               ;
; Embedded Multiplier 9-bit elements          ; 0             ;
;                                             ;               ;
; Maximum fan-out node                        ; clk_dut~input ;
; Maximum fan-out                             ; 376           ;
; Total fan-out                               ; 1657          ;
; Average fan-out                             ; 2.29          ;
+---------------------------------------------+---------------+


+--------------------------------------------------------------------------------------------------------------------------------------------------------------------------------------------------------------------------------------------------------------------------+
; Analysis & Synthesis Resource Utilization by Entity                                                                                                                                                                                                                      ;
+----------------------------------+---------------------+---------------------------+-------------+--------------+---------+-----------+------+--------------+------------------------------------------------------------------------------+--------------+--------------+
; Compilation Hierarchy Node       ; Combinational ALUTs ; Dedicated Logic Registers ; Memory Bits ; DSP Elements ; DSP 9x9 ; DSP 18x18 ; Pins ; Virtual Pins ; Full Hierarchy Name                                                          ; Entity Name  ; Library Name ;
+----------------------------------+---------------------+---------------------------+-------------+--------------+---------+-----------+------+--------------+------------------------------------------------------------------------------+--------------+--------------+
; |fir8_wrapper                    ; 223 (13)            ; 456 (80)                  ; 0           ; 0            ; 0       ; 0         ; 23   ; 0            ; |fir8_wrapper                                                                ; fir8_wrapper ; work         ;
;    |fir8:u_fir8|                 ; 210 (0)             ; 376 (0)                   ; 0           ; 0            ; 0       ; 0         ; 0    ; 0            ; |fir8_wrapper|fir8:u_fir8                                                    ; fir8         ; work         ;
;       |fir_pe:u_fir_pe0|         ; 14 (14)             ; 40 (40)                   ; 0           ; 0            ; 0       ; 0         ; 0    ; 0            ; |fir8_wrapper|fir8:u_fir8|fir_pe:u_fir_pe0                                   ; fir_pe       ; work         ;
;       |fir_pe:u_fir_pe1|         ; 30 (20)             ; 49 (49)                   ; 0           ; 0            ; 0       ; 0         ; 0    ; 0            ; |fir8_wrapper|fir8:u_fir8|fir_pe:u_fir_pe1                                   ; fir_pe       ; work         ;
;          |lpm_mult:Mult0|        ; 10 (0)              ; 0 (0)                     ; 0           ; 0            ; 0       ; 0         ; 0    ; 0            ; |fir8_wrapper|fir8:u_fir8|fir_pe:u_fir_pe1|lpm_mult:Mult0                    ; lpm_mult     ; work         ;
;             |multcore:mult_core| ; 10 (10)             ; 0 (0)                     ; 0           ; 0            ; 0       ; 0         ; 0    ; 0            ; |fir8_wrapper|fir8:u_fir8|fir_pe:u_fir_pe1|lpm_mult:Mult0|multcore:mult_core ; multcore     ; work         ;
;       |fir_pe:u_fir_pe2|         ; 37 (25)             ; 50 (50)                   ; 0           ; 0            ; 0       ; 0         ; 0    ; 0            ; |fir8_wrapper|fir8:u_fir8|fir_pe:u_fir_pe2                                   ; fir_pe       ; work         ;
;          |lpm_mult:Mult0|        ; 12 (0)              ; 0 (0)                     ; 0           ; 0            ; 0       ; 0         ; 0    ; 0            ; |fir8_wrapper|fir8:u_fir8|fir_pe:u_fir_pe2|lpm_mult:Mult0                    ; lpm_mult     ; work         ;
;             |multcore:mult_core| ; 12 (12)             ; 0 (0)                     ; 0           ; 0            ; 0       ; 0         ; 0    ; 0            ; |fir8_wrapper|fir8:u_fir8|fir_pe:u_fir_pe2|lpm_mult:Mult0|multcore:mult_core ; multcore     ; work         ;
;       |fir_pe:u_fir_pe3|         ; 24 (24)             ; 49 (49)                   ; 0           ; 0            ; 0       ; 0         ; 0    ; 0            ; |fir8_wrapper|fir8:u_fir8|fir_pe:u_fir_pe3                                   ; fir_pe       ; work         ;
;       |fir_pe:u_fir_pe4|         ; 24 (24)             ; 49 (49)                   ; 0           ; 0            ; 0       ; 0         ; 0    ; 0            ; |fir8_wrapper|fir8:u_fir8|fir_pe:u_fir_pe4                                   ; fir_pe       ; work         ;
;       |fir_pe:u_fir_pe5|         ; 37 (25)             ; 50 (50)                   ; 0           ; 0            ; 0       ; 0         ; 0    ; 0            ; |fir8_wrapper|fir8:u_fir8|fir_pe:u_fir_pe5                                   ; fir_pe       ; work         ;
;          |lpm_mult:Mult0|        ; 12 (0)              ; 0 (0)                     ; 0           ; 0            ; 0       ; 0         ; 0    ; 0            ; |fir8_wrapper|fir8:u_fir8|fir_pe:u_fir_pe5|lpm_mult:Mult0                    ; lpm_mult     ; work         ;
;             |multcore:mult_core| ; 12 (12)             ; 0 (0)                     ; 0           ; 0            ; 0       ; 0         ; 0    ; 0            ; |fir8_wrapper|fir8:u_fir8|fir_pe:u_fir_pe5|lpm_mult:Mult0|multcore:mult_core ; multcore     ; work         ;
;       |fir_pe:u_fir_pe6|         ; 14 (14)             ; 40 (40)                   ; 0           ; 0            ; 0       ; 0         ; 0    ; 0            ; |fir8_wrapper|fir8:u_fir8|fir_pe:u_fir_pe6                                   ; fir_pe       ; work         ;
;       |fir_pe:u_fir_pe7|         ; 30 (20)             ; 49 (49)                   ; 0           ; 0            ; 0       ; 0         ; 0    ; 0            ; |fir8_wrapper|fir8:u_fir8|fir_pe:u_fir_pe7                                   ; fir_pe       ; work         ;
;          |lpm_mult:Mult0|        ; 10 (0)              ; 0 (0)                     ; 0           ; 0            ; 0       ; 0         ; 0    ; 0            ; |fir8_wrapper|fir8:u_fir8|fir_pe:u_fir_pe7|lpm_mult:Mult0                    ; lpm_mult     ; work         ;
;             |multcore:mult_core| ; 10 (10)             ; 0 (0)                     ; 0           ; 0            ; 0       ; 0         ; 0    ; 0            ; |fir8_wrapper|fir8:u_fir8|fir_pe:u_fir_pe7|lpm_mult:Mult0|multcore:mult_core ; multcore     ; work         ;
+----------------------------------+---------------------+---------------------------+-------------+--------------+---------+-----------+------+--------------+------------------------------------------------------------------------------+--------------+--------------+
Note: For table entries with two numbers listed, the numbers in parentheses indicate the number of resources of the given type used by the specific entity alone. The numbers listed outside of parentheses indicate the total resources of the given type used by the specific entity and all of its sub-entities in the hierarchy.


+---------------------------------------------------------------------------------------------+
; Registers Removed During Synthesis                                                          ;
+------------------------------------------+--------------------------------------------------+
; Register name                            ; Reason for Removal                               ;
+------------------------------------------+--------------------------------------------------+
; fir8:u_fir8|fir_pe:u_fir_pe6|mul[10..15] ; Stuck at GND due to stuck port data_in           ;
; fir8:u_fir8|fir_pe:u_fir_pe7|mul[12..15] ; Stuck at GND due to stuck port data_in           ;
; fir8:u_fir8|fir_pe:u_fir_pe5|mul[13..15] ; Stuck at GND due to stuck port data_in           ;
; fir8:u_fir8|fir_pe:u_fir_pe4|mul[14,15]  ; Stuck at GND due to stuck port data_in           ;
; fir8:u_fir8|fir_pe:u_fir_pe3|mul[14,15]  ; Stuck at GND due to stuck port data_in           ;
; fir8:u_fir8|fir_pe:u_fir_pe2|mul[13..15] ; Stuck at GND due to stuck port data_in           ;
; fir8:u_fir8|fir_pe:u_fir_pe1|mul[12..15] ; Stuck at GND due to stuck port data_in           ;
; fir8:u_fir8|fir_pe:u_fir_pe0|mul[10..15] ; Stuck at GND due to stuck port data_in           ;
; fir8:u_fir8|fir_pe:u_fir_pe6|mul[0]      ; Stuck at GND due to stuck port data_in           ;
; fir8:u_fir8|fir_pe:u_fir_pe7|mul[0]      ; Stuck at GND due to stuck port data_in           ;
; fir8:u_fir8|fir_pe:u_fir_pe4|mul[0]      ; Stuck at GND due to stuck port data_in           ;
; fir8:u_fir8|fir_pe:u_fir_pe3|mul[0]      ; Stuck at GND due to stuck port data_in           ;
; fir8:u_fir8|fir_pe:u_fir_pe1|mul[0]      ; Stuck at GND due to stuck port data_in           ;
; fir8:u_fir8|fir_pe:u_fir_pe0|mul[0]      ; Stuck at GND due to stuck port data_in           ;
; fir8:u_fir8|fir_pe:u_fir_pe6|mul[1]      ; Stuck at GND due to stuck port data_in           ;
; fir8:u_fir8|fir_pe:u_fir_pe7|mul[1]      ; Stuck at GND due to stuck port data_in           ;
; fir8:u_fir8|fir_pe:u_fir_pe1|mul[1]      ; Stuck at GND due to stuck port data_in           ;
; fir8:u_fir8|fir_pe:u_fir_pe0|mul[1]      ; Stuck at GND due to stuck port data_in           ;
; fir8:u_fir8|fir_pe:u_fir_pe5|Xout[0]     ; Merged with fir8:u_fir8|fir_pe:u_fir_pe5|mul[0]  ;
; fir8:u_fir8|fir_pe:u_fir_pe2|Xout[0]     ; Merged with fir8:u_fir8|fir_pe:u_fir_pe2|mul[0]  ;
; fir8:u_fir8|fir_pe:u_fir_pe6|mul[2]      ; Merged with fir8:u_fir8|fir_pe:u_fir_pe6|Xout[0] ;
; fir8:u_fir8|fir_pe:u_fir_pe6|mul[3]      ; Merged with fir8:u_fir8|fir_pe:u_fir_pe6|Xout[1] ;
; fir8:u_fir8|fir_pe:u_fir_pe6|mul[4]      ; Merged with fir8:u_fir8|fir_pe:u_fir_pe6|Xout[2] ;
; fir8:u_fir8|fir_pe:u_fir_pe6|mul[5]      ; Merged with fir8:u_fir8|fir_pe:u_fir_pe6|Xout[3] ;
; fir8:u_fir8|fir_pe:u_fir_pe6|mul[6]      ; Merged with fir8:u_fir8|fir_pe:u_fir_pe6|Xout[4] ;
; fir8:u_fir8|fir_pe:u_fir_pe6|mul[7]      ; Merged with fir8:u_fir8|fir_pe:u_fir_pe6|Xout[5] ;
; fir8:u_fir8|fir_pe:u_fir_pe6|mul[8]      ; Merged with fir8:u_fir8|fir_pe:u_fir_pe6|Xout[6] ;
; fir8:u_fir8|fir_pe:u_fir_pe6|mul[9]      ; Merged with fir8:u_fir8|fir_pe:u_fir_pe6|Xout[7] ;
; fir8:u_fir8|fir_pe:u_fir_pe7|mul[2]      ; Merged with fir8:u_fir8|fir_pe:u_fir_pe7|Xout[0] ;
; fir8:u_fir8|fir_pe:u_fir_pe5|mul[1]      ; Merged with fir8:u_fir8|fir_pe:u_fir_pe5|Xout[1] ;
; fir8:u_fir8|fir_pe:u_fir_pe5|mul[2]      ; Merged with fir8:u_fir8|fir_pe:u_fir_pe5|Xout[2] ;
; fir8:u_fir8|fir_pe:u_fir_pe4|mul[1]      ; Merged with fir8:u_fir8|fir_pe:u_fir_pe4|Xout[0] ;
; fir8:u_fir8|fir_pe:u_fir_pe4|mul[2]      ; Merged with fir8:u_fir8|fir_pe:u_fir_pe4|Xout[1] ;
; fir8:u_fir8|fir_pe:u_fir_pe4|mul[3]      ; Merged with fir8:u_fir8|fir_pe:u_fir_pe4|Xout[2] ;
; fir8:u_fir8|fir_pe:u_fir_pe4|mul[4]      ; Merged with fir8:u_fir8|fir_pe:u_fir_pe4|Xout[3] ;
; fir8:u_fir8|fir_pe:u_fir_pe3|mul[1]      ; Merged with fir8:u_fir8|fir_pe:u_fir_pe3|Xout[0] ;
; fir8:u_fir8|fir_pe:u_fir_pe3|mul[2]      ; Merged with fir8:u_fir8|fir_pe:u_fir_pe3|Xout[1] ;
; fir8:u_fir8|fir_pe:u_fir_pe3|mul[3]      ; Merged with fir8:u_fir8|fir_pe:u_fir_pe3|Xout[2] ;
; fir8:u_fir8|fir_pe:u_fir_pe3|mul[4]      ; Merged with fir8:u_fir8|fir_pe:u_fir_pe3|Xout[3] ;
; fir8:u_fir8|fir_pe:u_fir_pe2|mul[1]      ; Merged with fir8:u_fir8|fir_pe:u_fir_pe2|Xout[1] ;
; fir8:u_fir8|fir_pe:u_fir_pe2|mul[2]      ; Merged with fir8:u_fir8|fir_pe:u_fir_pe2|Xout[2] ;
; fir8:u_fir8|fir_pe:u_fir_pe1|mul[2]      ; Merged with fir8:u_fir8|fir_pe:u_fir_pe1|Xout[0] ;
; fir8:u_fir8|fir_pe:u_fir_pe0|mul[2]      ; Merged with fir8:u_fir8|fir_pe:u_fir_pe0|Xout[0] ;
; fir8:u_fir8|fir_pe:u_fir_pe0|mul[3]      ; Merged with fir8:u_fir8|fir_pe:u_fir_pe0|Xout[1] ;
; fir8:u_fir8|fir_pe:u_fir_pe0|mul[4]      ; Merged with fir8:u_fir8|fir_pe:u_fir_pe0|Xout[2] ;
; fir8:u_fir8|fir_pe:u_fir_pe0|mul[5]      ; Merged with fir8:u_fir8|fir_pe:u_fir_pe0|Xout[3] ;
; fir8:u_fir8|fir_pe:u_fir_pe0|mul[6]      ; Merged with fir8:u_fir8|fir_pe:u_fir_pe0|Xout[4] ;
; fir8:u_fir8|fir_pe:u_fir_pe0|mul[7]      ; Merged with fir8:u_fir8|fir_pe:u_fir_pe0|Xout[5] ;
; fir8:u_fir8|fir_pe:u_fir_pe0|mul[8]      ; Merged with fir8:u_fir8|fir_pe:u_fir_pe0|Xout[6] ;
; fir8:u_fir8|fir_pe:u_fir_pe0|mul[9]      ; Merged with fir8:u_fir8|fir_pe:u_fir_pe0|Xout[7] ;
; Total Number of Removed Registers = 72   ;                                                  ;
+------------------------------------------+--------------------------------------------------+


+------------------------------------------------------+
; General Register Statistics                          ;
+----------------------------------------------+-------+
; Statistic                                    ; Value ;
+----------------------------------------------+-------+
; Total registers                              ; 456   ;
; Number of registers using Synchronous Clear  ; 0     ;
; Number of registers using Synchronous Load   ; 8     ;
; Number of registers using Asynchronous Clear ; 0     ;
; Number of registers using Asynchronous Load  ; 0     ;
; Number of registers using Clock Enable       ; 80    ;
; Number of registers using Preset             ; 0     ;
+----------------------------------------------+-------+


+----------------------------------------------------------------------------------------------------------------------------------------------+
; Multiplexer Restructuring Statistics (Restructuring Performed)                                                                               ;
+--------------------+-----------+---------------+----------------------+------------------------+------------+--------------------------------+
; Multiplexer Inputs ; Bus Width ; Baseline Area ; Area if Restructured ; Saving if Restructured ; Registered ; Example Multiplexer Output     ;
+--------------------+-----------+---------------+----------------------+------------------------+------------+--------------------------------+
; 3:1                ; 8 bits    ; 16 LEs        ; 16 LEs               ; 0 LEs                  ; Yes        ; |fir8_wrapper|Dout_emu[0]~reg0 ;
+--------------------+-----------+---------------+----------------------+------------------------+------------+--------------------------------+


+------------------------------------------------------------------------------+
; Parameter Settings for User Entity Instance: Top-level Entity: |fir8_wrapper ;
+----------------+-------+-----------------------------------------------------+
; Parameter Name ; Value ; Type                                                ;
+----------------+-------+-----------------------------------------------------+
; NUM_STIM_ARRAY ; 3     ; Signed Integer                                      ;
; NUM_OUT_ARRAY  ; 3     ; Signed Integer                                      ;
+----------------+-------+-----------------------------------------------------+
Note: In order to hide this table in the UI and the text report file, please set the "Show Parameter Settings in Synthesis Report" option in "Analysis and Synthesis Settings -> More Settings" to "Off".


+----------------------------------------------------------------------------------------------+
; Parameter Settings for Inferred Entity Instance: fir8:u_fir8|fir_pe:u_fir_pe7|lpm_mult:Mult0 ;
+------------------------------------------------+--------------+------------------------------+
; Parameter Name                                 ; Value        ; Type                         ;
+------------------------------------------------+--------------+------------------------------+
; AUTO_CARRY_CHAINS                              ; ON           ; AUTO_CARRY                   ;
; IGNORE_CARRY_BUFFERS                           ; OFF          ; IGNORE_CARRY                 ;
; AUTO_CASCADE_CHAINS                            ; ON           ; AUTO_CASCADE                 ;
; IGNORE_CASCADE_BUFFERS                         ; OFF          ; IGNORE_CASCADE               ;
; LPM_WIDTHA                                     ; 8            ; Untyped                      ;
; LPM_WIDTHB                                     ; 4            ; Untyped                      ;
; LPM_WIDTHP                                     ; 12           ; Untyped                      ;
; LPM_WIDTHR                                     ; 12           ; Untyped                      ;
; LPM_WIDTHS                                     ; 1            ; Untyped                      ;
; LPM_REPRESENTATION                             ; UNSIGNED     ; Untyped                      ;
; LPM_PIPELINE                                   ; 0            ; Untyped                      ;
; LATENCY                                        ; 0            ; Untyped                      ;
; INPUT_A_IS_CONSTANT                            ; NO           ; Untyped                      ;
; INPUT_B_IS_CONSTANT                            ; YES          ; Untyped                      ;
; USE_EAB                                        ; OFF          ; Untyped                      ;
; MAXIMIZE_SPEED                                 ; 5            ; Untyped                      ;
; DEVICE_FAMILY                                  ; Cyclone IV E ; Untyped                      ;
; CARRY_CHAIN                                    ; MANUAL       ; Untyped                      ;
; APEX20K_TECHNOLOGY_MAPPER                      ; LUT          ; TECH_MAPPER_APEX20K          ;
; DEDICATED_MULTIPLIER_CIRCUITRY                 ; AUTO         ; Untyped                      ;
; DEDICATED_MULTIPLIER_MIN_INPUT_WIDTH_FOR_AUTO  ; 0            ; Untyped                      ;
; DEDICATED_MULTIPLIER_MIN_OUTPUT_WIDTH_FOR_AUTO ; 0            ; Untyped                      ;
; CBXI_PARAMETER                                 ; NOTHING      ; Untyped                      ;
; INPUT_A_FIXED_VALUE                            ; Bx           ; Untyped                      ;
; INPUT_B_FIXED_VALUE                            ; Bx           ; Untyped                      ;
; USE_AHDL_IMPLEMENTATION                        ; OFF          ; Untyped                      ;
+------------------------------------------------+--------------+------------------------------+
Note: In order to hide this table in the UI and the text report file, please set the "Show Parameter Settings in Synthesis Report" option in "Analysis and Synthesis Settings -> More Settings" to "Off".


+----------------------------------------------------------------------------------------------+
; Parameter Settings for Inferred Entity Instance: fir8:u_fir8|fir_pe:u_fir_pe5|lpm_mult:Mult0 ;
+------------------------------------------------+--------------+------------------------------+
; Parameter Name                                 ; Value        ; Type                         ;
+------------------------------------------------+--------------+------------------------------+
; AUTO_CARRY_CHAINS                              ; ON           ; AUTO_CARRY                   ;
; IGNORE_CARRY_BUFFERS                           ; OFF          ; IGNORE_CARRY                 ;
; AUTO_CASCADE_CHAINS                            ; ON           ; AUTO_CASCADE                 ;
; IGNORE_CASCADE_BUFFERS                         ; OFF          ; IGNORE_CASCADE               ;
; LPM_WIDTHA                                     ; 8            ; Untyped                      ;
; LPM_WIDTHB                                     ; 5            ; Untyped                      ;
; LPM_WIDTHP                                     ; 13           ; Untyped                      ;
; LPM_WIDTHR                                     ; 13           ; Untyped                      ;
; LPM_WIDTHS                                     ; 1            ; Untyped                      ;
; LPM_REPRESENTATION                             ; UNSIGNED     ; Untyped                      ;
; LPM_PIPELINE                                   ; 0            ; Untyped                      ;
; LATENCY                                        ; 0            ; Untyped                      ;
; INPUT_A_IS_CONSTANT                            ; NO           ; Untyped                      ;
; INPUT_B_IS_CONSTANT                            ; YES          ; Untyped                      ;
; USE_EAB                                        ; OFF          ; Untyped                      ;
; MAXIMIZE_SPEED                                 ; 5            ; Untyped                      ;
; DEVICE_FAMILY                                  ; Cyclone IV E ; Untyped                      ;
; CARRY_CHAIN                                    ; MANUAL       ; Untyped                      ;
; APEX20K_TECHNOLOGY_MAPPER                      ; LUT          ; TECH_MAPPER_APEX20K          ;
; DEDICATED_MULTIPLIER_CIRCUITRY                 ; AUTO         ; Untyped                      ;
; DEDICATED_MULTIPLIER_MIN_INPUT_WIDTH_FOR_AUTO  ; 0            ; Untyped                      ;
; DEDICATED_MULTIPLIER_MIN_OUTPUT_WIDTH_FOR_AUTO ; 0            ; Untyped                      ;
; CBXI_PARAMETER                                 ; NOTHING      ; Untyped                      ;
; INPUT_A_FIXED_VALUE                            ; Bx           ; Untyped                      ;
; INPUT_B_FIXED_VALUE                            ; Bx           ; Untyped                      ;
; USE_AHDL_IMPLEMENTATION                        ; OFF          ; Untyped                      ;
+------------------------------------------------+--------------+------------------------------+
Note: In order to hide this table in the UI and the text report file, please set the "Show Parameter Settings in Synthesis Report" option in "Analysis and Synthesis Settings -> More Settings" to "Off".


+----------------------------------------------------------------------------------------------+
; Parameter Settings for Inferred Entity Instance: fir8:u_fir8|fir_pe:u_fir_pe4|lpm_mult:Mult0 ;
+------------------------------------------------+--------------+------------------------------+
; Parameter Name                                 ; Value        ; Type                         ;
+------------------------------------------------+--------------+------------------------------+
; AUTO_CARRY_CHAINS                              ; ON           ; AUTO_CARRY                   ;
; IGNORE_CARRY_BUFFERS                           ; OFF          ; IGNORE_CARRY                 ;
; AUTO_CASCADE_CHAINS                            ; ON           ; AUTO_CASCADE                 ;
; IGNORE_CASCADE_BUFFERS                         ; OFF          ; IGNORE_CASCADE               ;
; LPM_WIDTHA                                     ; 8            ; Untyped                      ;
; LPM_WIDTHB                                     ; 6            ; Untyped                      ;
; LPM_WIDTHP                                     ; 14           ; Untyped                      ;
; LPM_WIDTHR                                     ; 14           ; Untyped                      ;
; LPM_WIDTHS                                     ; 1            ; Untyped                      ;
; LPM_REPRESENTATION                             ; UNSIGNED     ; Untyped                      ;
; LPM_PIPELINE                                   ; 0            ; Untyped                      ;
; LATENCY                                        ; 0            ; Untyped                      ;
; INPUT_A_IS_CONSTANT                            ; NO           ; Untyped                      ;
; INPUT_B_IS_CONSTANT                            ; YES          ; Untyped                      ;
; USE_EAB                                        ; OFF          ; Untyped                      ;
; MAXIMIZE_SPEED                                 ; 5            ; Untyped                      ;
; DEVICE_FAMILY                                  ; Cyclone IV E ; Untyped                      ;
; CARRY_CHAIN                                    ; MANUAL       ; Untyped                      ;
; APEX20K_TECHNOLOGY_MAPPER                      ; LUT          ; TECH_MAPPER_APEX20K          ;
; DEDICATED_MULTIPLIER_CIRCUITRY                 ; AUTO         ; Untyped                      ;
; DEDICATED_MULTIPLIER_MIN_INPUT_WIDTH_FOR_AUTO  ; 0            ; Untyped                      ;
; DEDICATED_MULTIPLIER_MIN_OUTPUT_WIDTH_FOR_AUTO ; 0            ; Untyped                      ;
; CBXI_PARAMETER                                 ; NOTHING      ; Untyped                      ;
; INPUT_A_FIXED_VALUE                            ; Bx           ; Untyped                      ;
; INPUT_B_FIXED_VALUE                            ; Bx           ; Untyped                      ;
; USE_AHDL_IMPLEMENTATION                        ; OFF          ; Untyped                      ;
+------------------------------------------------+--------------+------------------------------+
Note: In order to hide this table in the UI and the text report file, please set the "Show Parameter Settings in Synthesis Report" option in "Analysis and Synthesis Settings -> More Settings" to "Off".


+----------------------------------------------------------------------------------------------+
; Parameter Settings for Inferred Entity Instance: fir8:u_fir8|fir_pe:u_fir_pe3|lpm_mult:Mult0 ;
+------------------------------------------------+--------------+------------------------------+
; Parameter Name                                 ; Value        ; Type                         ;
+------------------------------------------------+--------------+------------------------------+
; AUTO_CARRY_CHAINS                              ; ON           ; AUTO_CARRY                   ;
; IGNORE_CARRY_BUFFERS                           ; OFF          ; IGNORE_CARRY                 ;
; AUTO_CASCADE_CHAINS                            ; ON           ; AUTO_CASCADE                 ;
; IGNORE_CASCADE_BUFFERS                         ; OFF          ; IGNORE_CASCADE               ;
; LPM_WIDTHA                                     ; 8            ; Untyped                      ;
; LPM_WIDTHB                                     ; 6            ; Untyped                      ;
; LPM_WIDTHP                                     ; 14           ; Untyped                      ;
; LPM_WIDTHR                                     ; 14           ; Untyped                      ;
; LPM_WIDTHS                                     ; 1            ; Untyped                      ;
; LPM_REPRESENTATION                             ; UNSIGNED     ; Untyped                      ;
; LPM_PIPELINE                                   ; 0            ; Untyped                      ;
; LATENCY                                        ; 0            ; Untyped                      ;
; INPUT_A_IS_CONSTANT                            ; NO           ; Untyped                      ;
; INPUT_B_IS_CONSTANT                            ; YES          ; Untyped                      ;
; USE_EAB                                        ; OFF          ; Untyped                      ;
; MAXIMIZE_SPEED                                 ; 5            ; Untyped                      ;
; DEVICE_FAMILY                                  ; Cyclone IV E ; Untyped                      ;
; CARRY_CHAIN                                    ; MANUAL       ; Untyped                      ;
; APEX20K_TECHNOLOGY_MAPPER                      ; LUT          ; TECH_MAPPER_APEX20K          ;
; DEDICATED_MULTIPLIER_CIRCUITRY                 ; AUTO         ; Untyped                      ;
; DEDICATED_MULTIPLIER_MIN_INPUT_WIDTH_FOR_AUTO  ; 0            ; Untyped                      ;
; DEDICATED_MULTIPLIER_MIN_OUTPUT_WIDTH_FOR_AUTO ; 0            ; Untyped                      ;
; CBXI_PARAMETER                                 ; NOTHING      ; Untyped                      ;
; INPUT_A_FIXED_VALUE                            ; Bx           ; Untyped                      ;
; INPUT_B_FIXED_VALUE                            ; Bx           ; Untyped                      ;
; USE_AHDL_IMPLEMENTATION                        ; OFF          ; Untyped                      ;
+------------------------------------------------+--------------+------------------------------+
Note: In order to hide this table in the UI and the text report file, please set the "Show Parameter Settings in Synthesis Report" option in "Analysis and Synthesis Settings -> More Settings" to "Off".


+----------------------------------------------------------------------------------------------+
; Parameter Settings for Inferred Entity Instance: fir8:u_fir8|fir_pe:u_fir_pe2|lpm_mult:Mult0 ;
+------------------------------------------------+--------------+------------------------------+
; Parameter Name                                 ; Value        ; Type                         ;
+------------------------------------------------+--------------+------------------------------+
; AUTO_CARRY_CHAINS                              ; ON           ; AUTO_CARRY                   ;
; IGNORE_CARRY_BUFFERS                           ; OFF          ; IGNORE_CARRY                 ;
; AUTO_CASCADE_CHAINS                            ; ON           ; AUTO_CASCADE                 ;
; IGNORE_CASCADE_BUFFERS                         ; OFF          ; IGNORE_CASCADE               ;
; LPM_WIDTHA                                     ; 8            ; Untyped                      ;
; LPM_WIDTHB                                     ; 5            ; Untyped                      ;
; LPM_WIDTHP                                     ; 13           ; Untyped                      ;
; LPM_WIDTHR                                     ; 13           ; Untyped                      ;
; LPM_WIDTHS                                     ; 1            ; Untyped                      ;
; LPM_REPRESENTATION                             ; UNSIGNED     ; Untyped                      ;
; LPM_PIPELINE                                   ; 0            ; Untyped                      ;
; LATENCY                                        ; 0            ; Untyped                      ;
; INPUT_A_IS_CONSTANT                            ; NO           ; Untyped                      ;
; INPUT_B_IS_CONSTANT                            ; YES          ; Untyped                      ;
; USE_EAB                                        ; OFF          ; Untyped                      ;
; MAXIMIZE_SPEED                                 ; 5            ; Untyped                      ;
; DEVICE_FAMILY                                  ; Cyclone IV E ; Untyped                      ;
; CARRY_CHAIN                                    ; MANUAL       ; Untyped                      ;
; APEX20K_TECHNOLOGY_MAPPER                      ; LUT          ; TECH_MAPPER_APEX20K          ;
; DEDICATED_MULTIPLIER_CIRCUITRY                 ; AUTO         ; Untyped                      ;
; DEDICATED_MULTIPLIER_MIN_INPUT_WIDTH_FOR_AUTO  ; 0            ; Untyped                      ;
; DEDICATED_MULTIPLIER_MIN_OUTPUT_WIDTH_FOR_AUTO ; 0            ; Untyped                      ;
; CBXI_PARAMETER                                 ; NOTHING      ; Untyped                      ;
; INPUT_A_FIXED_VALUE                            ; Bx           ; Untyped                      ;
; INPUT_B_FIXED_VALUE                            ; Bx           ; Untyped                      ;
; USE_AHDL_IMPLEMENTATION                        ; OFF          ; Untyped                      ;
+------------------------------------------------+--------------+------------------------------+
Note: In order to hide this table in the UI and the text report file, please set the "Show Parameter Settings in Synthesis Report" option in "Analysis and Synthesis Settings -> More Settings" to "Off".


+----------------------------------------------------------------------------------------------+
; Parameter Settings for Inferred Entity Instance: fir8:u_fir8|fir_pe:u_fir_pe1|lpm_mult:Mult0 ;
+------------------------------------------------+--------------+------------------------------+
; Parameter Name                                 ; Value        ; Type                         ;
+------------------------------------------------+--------------+------------------------------+
; AUTO_CARRY_CHAINS                              ; ON           ; AUTO_CARRY                   ;
; IGNORE_CARRY_BUFFERS                           ; OFF          ; IGNORE_CARRY                 ;
; AUTO_CASCADE_CHAINS                            ; ON           ; AUTO_CASCADE                 ;
; IGNORE_CASCADE_BUFFERS                         ; OFF          ; IGNORE_CASCADE               ;
; LPM_WIDTHA                                     ; 8            ; Untyped                      ;
; LPM_WIDTHB                                     ; 4            ; Untyped                      ;
; LPM_WIDTHP                                     ; 12           ; Untyped                      ;
; LPM_WIDTHR                                     ; 12           ; Untyped                      ;
; LPM_WIDTHS                                     ; 1            ; Untyped                      ;
; LPM_REPRESENTATION                             ; UNSIGNED     ; Untyped                      ;
; LPM_PIPELINE                                   ; 0            ; Untyped                      ;
; LATENCY                                        ; 0            ; Untyped                      ;
; INPUT_A_IS_CONSTANT                            ; NO           ; Untyped                      ;
; INPUT_B_IS_CONSTANT                            ; YES          ; Untyped                      ;
; USE_EAB                                        ; OFF          ; Untyped                      ;
; MAXIMIZE_SPEED                                 ; 5            ; Untyped                      ;
; DEVICE_FAMILY                                  ; Cyclone IV E ; Untyped                      ;
; CARRY_CHAIN                                    ; MANUAL       ; Untyped                      ;
; APEX20K_TECHNOLOGY_MAPPER                      ; LUT          ; TECH_MAPPER_APEX20K          ;
; DEDICATED_MULTIPLIER_CIRCUITRY                 ; AUTO         ; Untyped                      ;
; DEDICATED_MULTIPLIER_MIN_INPUT_WIDTH_FOR_AUTO  ; 0            ; Untyped                      ;
; DEDICATED_MULTIPLIER_MIN_OUTPUT_WIDTH_FOR_AUTO ; 0            ; Untyped                      ;
; CBXI_PARAMETER                                 ; NOTHING      ; Untyped                      ;
; INPUT_A_FIXED_VALUE                            ; Bx           ; Untyped                      ;
; INPUT_B_FIXED_VALUE                            ; Bx           ; Untyped                      ;
; USE_AHDL_IMPLEMENTATION                        ; OFF          ; Untyped                      ;
+------------------------------------------------+--------------+------------------------------+
Note: In order to hide this table in the UI and the text report file, please set the "Show Parameter Settings in Synthesis Report" option in "Analysis and Synthesis Settings -> More Settings" to "Off".


+-------------------------------------------------------------------------------------+
; lpm_mult Parameter Settings by Entity Instance                                      ;
+---------------------------------------+---------------------------------------------+
; Name                                  ; Value                                       ;
+---------------------------------------+---------------------------------------------+
; Number of entity instances            ; 6                                           ;
; Entity Instance                       ; fir8:u_fir8|fir_pe:u_fir_pe7|lpm_mult:Mult0 ;
;     -- LPM_WIDTHA                     ; 8                                           ;
;     -- LPM_WIDTHB                     ; 4                                           ;
;     -- LPM_WIDTHP                     ; 12                                          ;
;     -- LPM_REPRESENTATION             ; UNSIGNED                                    ;
;     -- INPUT_A_IS_CONSTANT            ; NO                                          ;
;     -- INPUT_B_IS_CONSTANT            ; YES                                         ;
;     -- USE_EAB                        ; OFF                                         ;
;     -- DEDICATED_MULTIPLIER_CIRCUITRY ; AUTO                                        ;
;     -- INPUT_A_FIXED_VALUE            ; Bx                                          ;
;     -- INPUT_B_FIXED_VALUE            ; Bx                                          ;
; Entity Instance                       ; fir8:u_fir8|fir_pe:u_fir_pe5|lpm_mult:Mult0 ;
;     -- LPM_WIDTHA                     ; 8                                           ;
;     -- LPM_WIDTHB                     ; 5                                           ;
;     -- LPM_WIDTHP                     ; 13                                          ;
;     -- LPM_REPRESENTATION             ; UNSIGNED                                    ;
;     -- INPUT_A_IS_CONSTANT            ; NO                                          ;
;     -- INPUT_B_IS_CONSTANT            ; YES                                         ;
;     -- USE_EAB                        ; OFF                                         ;
;     -- DEDICATED_MULTIPLIER_CIRCUITRY ; AUTO                                        ;
;     -- INPUT_A_FIXED_VALUE            ; Bx                                          ;
;     -- INPUT_B_FIXED_VALUE            ; Bx                                          ;
; Entity Instance                       ; fir8:u_fir8|fir_pe:u_fir_pe4|lpm_mult:Mult0 ;
;     -- LPM_WIDTHA                     ; 8                                           ;
;     -- LPM_WIDTHB                     ; 6                                           ;
;     -- LPM_WIDTHP                     ; 14                                          ;
;     -- LPM_REPRESENTATION             ; UNSIGNED                                    ;
;     -- INPUT_A_IS_CONSTANT            ; NO                                          ;
;     -- INPUT_B_IS_CONSTANT            ; YES                                         ;
;     -- USE_EAB                        ; OFF                                         ;
;     -- DEDICATED_MULTIPLIER_CIRCUITRY ; AUTO                                        ;
;     -- INPUT_A_FIXED_VALUE            ; Bx                                          ;
;     -- INPUT_B_FIXED_VALUE            ; Bx                                          ;
; Entity Instance                       ; fir8:u_fir8|fir_pe:u_fir_pe3|lpm_mult:Mult0 ;
;     -- LPM_WIDTHA                     ; 8                                           ;
;     -- LPM_WIDTHB                     ; 6                                           ;
;     -- LPM_WIDTHP                     ; 14                                          ;
;     -- LPM_REPRESENTATION             ; UNSIGNED                                    ;
;     -- INPUT_A_IS_CONSTANT            ; NO                                          ;
;     -- INPUT_B_IS_CONSTANT            ; YES                                         ;
;     -- USE_EAB                        ; OFF                                         ;
;     -- DEDICATED_MULTIPLIER_CIRCUITRY ; AUTO                                        ;
;     -- INPUT_A_FIXED_VALUE            ; Bx                                          ;
;     -- INPUT_B_FIXED_VALUE            ; Bx                                          ;
; Entity Instance                       ; fir8:u_fir8|fir_pe:u_fir_pe2|lpm_mult:Mult0 ;
;     -- LPM_WIDTHA                     ; 8                                           ;
;     -- LPM_WIDTHB                     ; 5                                           ;
;     -- LPM_WIDTHP                     ; 13                                          ;
;     -- LPM_REPRESENTATION             ; UNSIGNED                                    ;
;     -- INPUT_A_IS_CONSTANT            ; NO                                          ;
;     -- INPUT_B_IS_CONSTANT            ; YES                                         ;
;     -- USE_EAB                        ; OFF                                         ;
;     -- DEDICATED_MULTIPLIER_CIRCUITRY ; AUTO                                        ;
;     -- INPUT_A_FIXED_VALUE            ; Bx                                          ;
;     -- INPUT_B_FIXED_VALUE            ; Bx                                          ;
; Entity Instance                       ; fir8:u_fir8|fir_pe:u_fir_pe1|lpm_mult:Mult0 ;
;     -- LPM_WIDTHA                     ; 8                                           ;
;     -- LPM_WIDTHB                     ; 4                                           ;
;     -- LPM_WIDTHP                     ; 12                                          ;
;     -- LPM_REPRESENTATION             ; UNSIGNED                                    ;
;     -- INPUT_A_IS_CONSTANT            ; NO                                          ;
;     -- INPUT_B_IS_CONSTANT            ; YES                                         ;
;     -- USE_EAB                        ; OFF                                         ;
;     -- DEDICATED_MULTIPLIER_CIRCUITRY ; AUTO                                        ;
;     -- INPUT_A_FIXED_VALUE            ; Bx                                          ;
;     -- INPUT_B_FIXED_VALUE            ; Bx                                          ;
+---------------------------------------+---------------------------------------------+


+----------------------------------------------------------+
; Port Connectivity Checks: "fir8:u_fir8|fir_pe:u_fir_pe6" ;
+-----------+-------+----------+---------------------------+
; Port      ; Type  ; Severity ; Details                   ;
+-----------+-------+----------+---------------------------+
; Cin[7..3] ; Input ; Info     ; Stuck at GND              ;
; Cin[1..0] ; Input ; Info     ; Stuck at GND              ;
; Cin[2]    ; Input ; Info     ; Stuck at VCC              ;
+-----------+-------+----------+---------------------------+


+----------------------------------------------------------+
; Port Connectivity Checks: "fir8:u_fir8|fir_pe:u_fir_pe7" ;
+-----------+-------+----------+---------------------------+
; Port      ; Type  ; Severity ; Details                   ;
+-----------+-------+----------+---------------------------+
; Cin[3..2] ; Input ; Info     ; Stuck at VCC              ;
; Cin[7..4] ; Input ; Info     ; Stuck at GND              ;
; Cin[1..0] ; Input ; Info     ; Stuck at GND              ;
+-----------+-------+----------+---------------------------+


+----------------------------------------------------------+
; Port Connectivity Checks: "fir8:u_fir8|fir_pe:u_fir_pe5" ;
+-----------+-------+----------+---------------------------+
; Port      ; Type  ; Severity ; Details                   ;
+-----------+-------+----------+---------------------------+
; Cin[4..3] ; Input ; Info     ; Stuck at VCC              ;
; Cin[7..5] ; Input ; Info     ; Stuck at GND              ;
; Cin[2..1] ; Input ; Info     ; Stuck at GND              ;
; Cin[0]    ; Input ; Info     ; Stuck at VCC              ;
+-----------+-------+----------+---------------------------+


+----------------------------------------------------------+
; Port Connectivity Checks: "fir8:u_fir8|fir_pe:u_fir_pe4" ;
+-----------+-------+----------+---------------------------+
; Port      ; Type  ; Severity ; Details                   ;
+-----------+-------+----------+---------------------------+
; Cin[7..6] ; Input ; Info     ; Stuck at GND              ;
; Cin[4..2] ; Input ; Info     ; Stuck at GND              ;
; Cin[5]    ; Input ; Info     ; Stuck at VCC              ;
; Cin[1]    ; Input ; Info     ; Stuck at VCC              ;
; Cin[0]    ; Input ; Info     ; Stuck at GND              ;
+-----------+-------+----------+---------------------------+


+----------------------------------------------------------+
; Port Connectivity Checks: "fir8:u_fir8|fir_pe:u_fir_pe3" ;
+-----------+-------+----------+---------------------------+
; Port      ; Type  ; Severity ; Details                   ;
+-----------+-------+----------+---------------------------+
; Cin[7..6] ; Input ; Info     ; Stuck at GND              ;
; Cin[4..2] ; Input ; Info     ; Stuck at GND              ;
; Cin[5]    ; Input ; Info     ; Stuck at VCC              ;
; Cin[1]    ; Input ; Info     ; Stuck at VCC              ;
; Cin[0]    ; Input ; Info     ; Stuck at GND              ;
+-----------+-------+----------+---------------------------+


+----------------------------------------------------------+
; Port Connectivity Checks: "fir8:u_fir8|fir_pe:u_fir_pe2" ;
+-----------+-------+----------+---------------------------+
; Port      ; Type  ; Severity ; Details                   ;
+-----------+-------+----------+---------------------------+
; Cin[4..3] ; Input ; Info     ; Stuck at VCC              ;
; Cin[7..5] ; Input ; Info     ; Stuck at GND              ;
; Cin[2..1] ; Input ; Info     ; Stuck at GND              ;
; Cin[0]    ; Input ; Info     ; Stuck at VCC              ;
+-----------+-------+----------+---------------------------+


+----------------------------------------------------------+
; Port Connectivity Checks: "fir8:u_fir8|fir_pe:u_fir_pe1" ;
+-----------+-------+----------+---------------------------+
; Port      ; Type  ; Severity ; Details                   ;
+-----------+-------+----------+---------------------------+
; Cin[3..2] ; Input ; Info     ; Stuck at VCC              ;
; Cin[7..4] ; Input ; Info     ; Stuck at GND              ;
; Cin[1..0] ; Input ; Info     ; Stuck at GND              ;
+-----------+-------+----------+---------------------------+


+----------------------------------------------------------+
; Port Connectivity Checks: "fir8:u_fir8|fir_pe:u_fir_pe0" ;
+-----------+-------+----------+---------------------------+
; Port      ; Type  ; Severity ; Details                   ;
+-----------+-------+----------+---------------------------+
; Cin[7..3] ; Input ; Info     ; Stuck at GND              ;
; Cin[1..0] ; Input ; Info     ; Stuck at GND              ;
; Cin[2]    ; Input ; Info     ; Stuck at VCC              ;
+-----------+-------+----------+---------------------------+


+-----------------------------------------------------+
; Post-Synthesis Netlist Statistics for Top Partition ;
+-----------------------+-----------------------------+
; Type                  ; Count                       ;
+-----------------------+-----------------------------+
; boundary_port         ; 23                          ;
; cycloneiii_ff         ; 456                         ;
;     ENA               ; 72                          ;
;     ENA SLD           ; 8                           ;
;     plain             ; 376                         ;
; cycloneiii_lcell_comb ; 223                         ;
;     arith             ; 152                         ;
;         2 data inputs ; 42                          ;
;         3 data inputs ; 110                         ;
;     normal            ; 71                          ;
;         0 data inputs ; 2                           ;
;         1 data inputs ; 12                          ;
;         2 data inputs ; 10                          ;
;         3 data inputs ; 16                          ;
;         4 data inputs ; 31                          ;
;                       ;                             ;
; Max LUT depth         ; 2.80                        ;
; Average LUT depth     ; 1.43                        ;
+-----------------------+-----------------------------+


+-------------------------------+
; Elapsed Time Per Partition    ;
+----------------+--------------+
; Partition Name ; Elapsed Time ;
+----------------+--------------+
; Top            ; 00:00:02     ;
+----------------+--------------+


+-------------------------------+
; Analysis & Synthesis Messages ;
+-------------------------------+
Info: *******************************************************************
Info: Running Quartus Prime Analysis & Synthesis
    Info: Version 24.1std.0 Build 1077 03/04/2025 SC Standard Edition
    Info: Processing started: Fri Apr 25 15:57:33 2025
Info: Command: quartus_map --read_settings_files=on --write_settings_files=off fir8_wrapper -c fir8_wrapper
Warning (18236): Number of processors has not been specified which may cause overloading on shared machines.  Set the global assignment NUM_PARALLEL_PROCESSORS in your QSF to an appropriate value for best performance.
Info (20030): Parallel compilation is enabled and will use 4 of the 4 processors detected
Info (12021): Found 1 design units, including 1 entities, in source file /home/goodkook/ETRI050_DesignKit/devel/Tutorials/2-5_Lab3_FIR8/rtl_verilog/fir_pe.v
    Info (12023): Found entity 1: fir_pe File: /home/goodkook/ETRI050_DesignKit/devel/Tutorials/2-5_Lab3_FIR8/rtl_verilog/fir_pe.v Line: 11
Info (12021): Found 1 design units, including 1 entities, in source file /home/goodkook/ETRI050_DesignKit/devel/Tutorials/2-6_Lab4_FIR8_Emulation/source/fir8.v
    Info (12023): Found entity 1: fir8 File: /home/goodkook/ETRI050_DesignKit/devel/Tutorials/2-6_Lab4_FIR8_Emulation/source/fir8.v Line: 11
Info (12021): Found 1 design units, including 1 entities, in source file /home/goodkook/ETRI050_DesignKit/devel/Tutorials/2-6_Lab4_FIR8_Emulation/emulation/fir8_wrapper.v
    Info (12023): Found entity 1: fir8_wrapper File: /home/goodkook/ETRI050_DesignKit/devel/Tutorials/2-6_Lab4_FIR8_Emulation/emulation/fir8_wrapper.v Line: 6
Info (12127): Elaborating entity "fir8_wrapper" for the top level hierarchy
Info (12128): Elaborating entity "fir8" for hierarchy "fir8:u_fir8" File: ../../fir8_wrapper.v Line: 55
Info (12128): Elaborating entity "fir_pe" for hierarchy "fir8:u_fir8|fir_pe:u_fir_pe0" File: /home/goodkook/ETRI050_DesignKit/devel/Tutorials/2-6_Lab4_FIR8_Emulation/source/fir8.v Line: 48
Info (278001): Inferred 6 megafunctions from design logic
    Info (278003): Inferred multiplier megafunction ("lpm_mult") from the following logic: "fir8:u_fir8|fir_pe:u_fir_pe7|Mult0" File: ../../../../2-5_Lab3_FIR8/rtl_verilog/fir_pe.v Line: 26
    Info (278003): Inferred multiplier megafunction ("lpm_mult") from the following logic: "fir8:u_fir8|fir_pe:u_fir_pe5|Mult0" File: ../../../../2-5_Lab3_FIR8/rtl_verilog/fir_pe.v Line: 26
    Info (278003): Inferred multiplier megafunction ("lpm_mult") from the following logic: "fir8:u_fir8|fir_pe:u_fir_pe4|Mult0" File: ../../../../2-5_Lab3_FIR8/rtl_verilog/fir_pe.v Line: 26
    Info (278003): Inferred multiplier megafunction ("lpm_mult") from the following logic: "fir8:u_fir8|fir_pe:u_fir_pe3|Mult0" File: ../../../../2-5_Lab3_FIR8/rtl_verilog/fir_pe.v Line: 26
    Info (278003): Inferred multiplier megafunction ("lpm_mult") from the following logic: "fir8:u_fir8|fir_pe:u_fir_pe2|Mult0" File: ../../../../2-5_Lab3_FIR8/rtl_verilog/fir_pe.v Line: 26
    Info (278003): Inferred multiplier megafunction ("lpm_mult") from the following logic: "fir8:u_fir8|fir_pe:u_fir_pe1|Mult0" File: ../../../../2-5_Lab3_FIR8/rtl_verilog/fir_pe.v Line: 26
Info (12130): Elaborated megafunction instantiation "fir8:u_fir8|fir_pe:u_fir_pe7|lpm_mult:Mult0" File: ../../../../2-5_Lab3_FIR8/rtl_verilog/fir_pe.v Line: 26
Info (12133): Instantiated megafunction "fir8:u_fir8|fir_pe:u_fir_pe7|lpm_mult:Mult0" with the following parameter: File: ../../../../2-5_Lab3_FIR8/rtl_verilog/fir_pe.v Line: 26
    Info (12134): Parameter "LPM_WIDTHA" = "8"
    Info (12134): Parameter "LPM_WIDTHB" = "4"
    Info (12134): Parameter "LPM_WIDTHP" = "12"
    Info (12134): Parameter "LPM_WIDTHR" = "12"
    Info (12134): Parameter "LPM_WIDTHS" = "1"
    Info (12134): Parameter "LPM_REPRESENTATION" = "UNSIGNED"
    Info (12134): Parameter "INPUT_A_IS_CONSTANT" = "NO"
    Info (12134): Parameter "INPUT_B_IS_CONSTANT" = "YES"
    Info (12134): Parameter "MAXIMIZE_SPEED" = "5"
Info (12131): Elaborated megafunction instantiation "fir8:u_fir8|fir_pe:u_fir_pe7|lpm_mult:Mult0|multcore:mult_core", which is child of megafunction instantiation "fir8:u_fir8|fir_pe:u_fir_pe7|lpm_mult:Mult0" File: /opt/intelFPGA_standard/24.1std/quartus/libraries/megafunctions/lpm_mult.tdf Line: 309
Info (12131): Elaborated megafunction instantiation "fir8:u_fir8|fir_pe:u_fir_pe7|lpm_mult:Mult0|multcore:mult_core|mpar_add:padder", which is child of megafunction instantiation "fir8:u_fir8|fir_pe:u_fir_pe7|lpm_mult:Mult0" File: /opt/intelFPGA_standard/24.1std/quartus/libraries/megafunctions/multcore.tdf Line: 229
Info (12131): Elaborated megafunction instantiation "fir8:u_fir8|fir_pe:u_fir_pe7|lpm_mult:Mult0|multcore:mult_core|mpar_add:padder|lpm_add_sub:adder[0]", which is child of megafunction instantiation "fir8:u_fir8|fir_pe:u_fir_pe7|lpm_mult:Mult0" File: /opt/intelFPGA_standard/24.1std/quartus/libraries/megafunctions/mpar_add.tdf Line: 78
Info (12021): Found 1 design units, including 1 entities, in source file db/add_sub_afh.tdf
    Info (12023): Found entity 1: add_sub_afh File: /home/goodkook/ETRI050_DesignKit/devel/Tutorials/2-6_Lab4_FIR8_Emulation/emulation/PSCE-TRANS/Altera/fir8_wrapper/db/add_sub_afh.tdf Line: 23
Info (12131): Elaborated megafunction instantiation "fir8:u_fir8|fir_pe:u_fir_pe7|lpm_mult:Mult0|altshift:external_latency_ffs", which is child of megafunction instantiation "fir8:u_fir8|fir_pe:u_fir_pe7|lpm_mult:Mult0" File: /opt/intelFPGA_standard/24.1std/quartus/libraries/megafunctions/lpm_mult.tdf Line: 352
Info (12130): Elaborated megafunction instantiation "fir8:u_fir8|fir_pe:u_fir_pe5|lpm_mult:Mult0" File: ../../../../2-5_Lab3_FIR8/rtl_verilog/fir_pe.v Line: 26
Info (12133): Instantiated megafunction "fir8:u_fir8|fir_pe:u_fir_pe5|lpm_mult:Mult0" with the following parameter: File: ../../../../2-5_Lab3_FIR8/rtl_verilog/fir_pe.v Line: 26
    Info (12134): Parameter "LPM_WIDTHA" = "8"
    Info (12134): Parameter "LPM_WIDTHB" = "5"
    Info (12134): Parameter "LPM_WIDTHP" = "13"
    Info (12134): Parameter "LPM_WIDTHR" = "13"
    Info (12134): Parameter "LPM_WIDTHS" = "1"
    Info (12134): Parameter "LPM_REPRESENTATION" = "UNSIGNED"
    Info (12134): Parameter "INPUT_A_IS_CONSTANT" = "NO"
    Info (12134): Parameter "INPUT_B_IS_CONSTANT" = "YES"
    Info (12134): Parameter "MAXIMIZE_SPEED" = "5"
Info (12131): Elaborated megafunction instantiation "fir8:u_fir8|fir_pe:u_fir_pe5|lpm_mult:Mult0|multcore:mult_core", which is child of megafunction instantiation "fir8:u_fir8|fir_pe:u_fir_pe5|lpm_mult:Mult0" File: /opt/intelFPGA_standard/24.1std/quartus/libraries/megafunctions/lpm_mult.tdf Line: 309
Info (12131): Elaborated megafunction instantiation "fir8:u_fir8|fir_pe:u_fir_pe5|lpm_mult:Mult0|multcore:mult_core|mpar_add:padder", which is child of megafunction instantiation "fir8:u_fir8|fir_pe:u_fir_pe5|lpm_mult:Mult0" File: /opt/intelFPGA_standard/24.1std/quartus/libraries/megafunctions/multcore.tdf Line: 229
Info (12131): Elaborated megafunction instantiation "fir8:u_fir8|fir_pe:u_fir_pe5|lpm_mult:Mult0|multcore:mult_core|mpar_add:padder|lpm_add_sub:adder[0]", which is child of megafunction instantiation "fir8:u_fir8|fir_pe:u_fir_pe5|lpm_mult:Mult0" File: /opt/intelFPGA_standard/24.1std/quartus/libraries/megafunctions/mpar_add.tdf Line: 78
Info (12021): Found 1 design units, including 1 entities, in source file db/add_sub_bfh.tdf
    Info (12023): Found entity 1: add_sub_bfh File: /home/goodkook/ETRI050_DesignKit/devel/Tutorials/2-6_Lab4_FIR8_Emulation/emulation/PSCE-TRANS/Altera/fir8_wrapper/db/add_sub_bfh.tdf Line: 23
Info (12131): Elaborated megafunction instantiation "fir8:u_fir8|fir_pe:u_fir_pe5|lpm_mult:Mult0|altshift:external_latency_ffs", which is child of megafunction instantiation "fir8:u_fir8|fir_pe:u_fir_pe5|lpm_mult:Mult0" File: /opt/intelFPGA_standard/24.1std/quartus/libraries/megafunctions/lpm_mult.tdf Line: 352
Info (12130): Elaborated megafunction instantiation "fir8:u_fir8|fir_pe:u_fir_pe4|lpm_mult:Mult0" File: ../../../../2-5_Lab3_FIR8/rtl_verilog/fir_pe.v Line: 26
Info (12133): Instantiated megafunction "fir8:u_fir8|fir_pe:u_fir_pe4|lpm_mult:Mult0" with the following parameter: File: ../../../../2-5_Lab3_FIR8/rtl_verilog/fir_pe.v Line: 26
    Info (12134): Parameter "LPM_WIDTHA" = "8"
    Info (12134): Parameter "LPM_WIDTHB" = "6"
    Info (12134): Parameter "LPM_WIDTHP" = "14"
    Info (12134): Parameter "LPM_WIDTHR" = "14"
    Info (12134): Parameter "LPM_WIDTHS" = "1"
    Info (12134): Parameter "LPM_REPRESENTATION" = "UNSIGNED"
    Info (12134): Parameter "INPUT_A_IS_CONSTANT" = "NO"
    Info (12134): Parameter "INPUT_B_IS_CONSTANT" = "YES"
    Info (12134): Parameter "MAXIMIZE_SPEED" = "5"
Info (12131): Elaborated megafunction instantiation "fir8:u_fir8|fir_pe:u_fir_pe4|lpm_mult:Mult0|multcore:mult_core", which is child of megafunction instantiation "fir8:u_fir8|fir_pe:u_fir_pe4|lpm_mult:Mult0" File: /opt/intelFPGA_standard/24.1std/quartus/libraries/megafunctions/lpm_mult.tdf Line: 309
Info (12131): Elaborated megafunction instantiation "fir8:u_fir8|fir_pe:u_fir_pe4|lpm_mult:Mult0|multcore:mult_core|mpar_add:padder", which is child of megafunction instantiation "fir8:u_fir8|fir_pe:u_fir_pe4|lpm_mult:Mult0" File: /opt/intelFPGA_standard/24.1std/quartus/libraries/megafunctions/multcore.tdf Line: 229
Info (12131): Elaborated megafunction instantiation "fir8:u_fir8|fir_pe:u_fir_pe4|lpm_mult:Mult0|multcore:mult_core|mpar_add:padder|lpm_add_sub:adder[0]", which is child of megafunction instantiation "fir8:u_fir8|fir_pe:u_fir_pe4|lpm_mult:Mult0" File: /opt/intelFPGA_standard/24.1std/quartus/libraries/megafunctions/mpar_add.tdf Line: 78
Info (12021): Found 1 design units, including 1 entities, in source file db/add_sub_jgh.tdf
    Info (12023): Found entity 1: add_sub_jgh File: /home/goodkook/ETRI050_DesignKit/devel/Tutorials/2-6_Lab4_FIR8_Emulation/emulation/PSCE-TRANS/Altera/fir8_wrapper/db/add_sub_jgh.tdf Line: 23
Info (12131): Elaborated megafunction instantiation "fir8:u_fir8|fir_pe:u_fir_pe4|lpm_mult:Mult0|altshift:external_latency_ffs", which is child of megafunction instantiation "fir8:u_fir8|fir_pe:u_fir_pe4|lpm_mult:Mult0" File: /opt/intelFPGA_standard/24.1std/quartus/libraries/megafunctions/lpm_mult.tdf Line: 352
Info (286030): Timing-Driven Synthesis is running
Info (16010): Generating hard_block partition "hard_block:auto_generated_inst"
    Info (16011): Adding 0 node(s), including 0 DDIO, 0 PLL, 0 transceiver and 0 LCELL
Info (21057): Implemented 520 device resources after synthesis - the final resource count might be different
    Info (21058): Implemented 15 input pins
    Info (21059): Implemented 8 output pins
    Info (21061): Implemented 497 logic cells
Info: Quartus Prime Analysis & Synthesis was successful. 0 errors, 1 warning
    Info: Peak virtual memory: 419 megabytes
    Info: Processing ended: Fri Apr 25 15:57:45 2025
    Info: Elapsed time: 00:00:12
    Info: Total CPU time (on all processors): 00:00:21


