GowinSynthesis start
Running parser ...
Analyzing Verilog file '/home/goodkook/ETRI050_DesignKit/devel/Tutorials/2-6_Lab4_FIR8_Emulation/emulation/PSCE-TRANS/Gowin/synthesis/fir8_wrapper.v'
Compiling module 'fir8_wrapper'("/home/goodkook/ETRI050_DesignKit/devel/Tutorials/2-6_Lab4_FIR8_Emulation/emulation/PSCE-TRANS/Gowin/synthesis/fir8_wrapper.v":5)
NOTE  (EX0101) : Current top module is "fir8_wrapper"
[5%] Running netlist conversion ...
WARN  (CV0016) : Input Addr_emu[2] is unused("/home/goodkook/ETRI050_DesignKit/devel/Tutorials/2-6_Lab4_FIR8_Emulation/emulation/PSCE-TRANS/Gowin/synthesis/fir8_wrapper.v":16)
Running device independent optimization ...
[10%] Optimizing Phase 0 completed
[15%] Optimizing Phase 1 completed
[25%] Optimizing Phase 2 completed
Running inference ...
[30%] Inferring Phase 0 completed
[40%] Inferring Phase 1 completed
[50%] Inferring Phase 2 completed
[55%] Inferring Phase 3 completed
Running technical mapping ...
[60%] Tech-Mapping Phase 0 completed
[65%] Tech-Mapping Phase 1 completed
[75%] Tech-Mapping Phase 2 completed
[80%] Tech-Mapping Phase 3 completed
[90%] Tech-Mapping Phase 4 completed
[95%] Generate netlist file "/home/goodkook/ETRI050_DesignKit/devel/Tutorials/2-6_Lab4_FIR8_Emulation/emulation/PSCE-TRANS/Gowin/fir8_wrapper/impl/gwsynthesis/fir8_wrapper.vg" completed
[100%] Generate report file "/home/goodkook/ETRI050_DesignKit/devel/Tutorials/2-6_Lab4_FIR8_Emulation/emulation/PSCE-TRANS/Gowin/fir8_wrapper/impl/gwsynthesis/fir8_wrapper_syn.rpt.html" completed
GowinSynthesis finish
