
Subcircuit summary:
Circuit 1: AND2X1                          |Circuit 2: AND2X1_sch.spice                
-------------------------------------------|-------------------------------------------
nfet (3)                                   |nfet (3)                                   
pfet (3)                                   |pfet (3)                                   
Number of devices: 6                       |Number of devices: 6                       
Number of nets: 7                          |Number of nets: 7                          
---------------------------------------------------------------------------------------
Netlists match uniquely with port errors.

Subcircuit pins:
Circuit 1: AND2X1                          |Circuit 2: AND2X1_sch.spice                
-------------------------------------------|-------------------------------------------
vdd                                        |(no matching pin)                          
A                                          |(no matching pin)                          
B                                          |(no matching pin)                          
Y                                          |(no matching pin)                          
gnd                                        |(no matching pin)                          
A                                          |(no matching pin)                          
B                                          |(no matching pin)                          
Y                                          |(no matching pin)                          
vdd                                        |(no matching pin)                          
gnd                                        |(no matching pin)                          
---------------------------------------------------------------------------------------
Cell pin lists for AND2X1 and AND2X1_sch.spice altered to match.
Device classes AND2X1 and AND2X1_sch.spice are equivalent.

Final result: Top level cell failed pin matching.
