
Subcircuit summary:
Circuit 1: DFFSR                           |Circuit 2: DFFSR_sch.spice                 
-------------------------------------------|-------------------------------------------
nfet (16)                                  |nfet (16)                                  
pfet (16)                                  |pfet (16)                                  
Number of devices: 32                      |Number of devices: 32                      
Number of nets: 20                         |Number of nets: 20                         
---------------------------------------------------------------------------------------
Netlists match uniquely with port errors.

Subcircuit pins:
Circuit 1: DFFSR                           |Circuit 2: DFFSR_sch.spice                 
-------------------------------------------|-------------------------------------------
R                                          |(no matching pin)                          
S                                          |(no matching pin)                          
vdd                                        |(no matching pin)                          
gnd                                        |(no matching pin)                          
D                                          |(no matching pin)                          
CLK                                        |(no matching pin)                          
Q                                          |(no matching pin)                          
D                                          |(no matching pin)                          
S                                          |(no matching pin)                          
R                                          |(no matching pin)                          
CLK                                        |(no matching pin)                          
Q                                          |(no matching pin)                          
vdd                                        |(no matching pin)                          
gnd                                        |(no matching pin)                          
---------------------------------------------------------------------------------------
Cell pin lists for DFFSR and DFFSR_sch.spice altered to match.
Device classes DFFSR and DFFSR_sch.spice are equivalent.

Final result: Top level cell failed pin matching.
