
Subcircuit summary:
Circuit 1: MUX2X1                          |Circuit 2: MUX2X1_sch.spice                
-------------------------------------------|-------------------------------------------
nfet (5)                                   |nfet (5)                                   
pfet (5)                                   |pfet (5)                                   
Number of devices: 10                      |Number of devices: 10                      
Number of nets: 11                         |Number of nets: 11                         
---------------------------------------------------------------------------------------
Netlists match uniquely with port errors.

Subcircuit pins:
Circuit 1: MUX2X1                          |Circuit 2: MUX2X1_sch.spice                
-------------------------------------------|-------------------------------------------
S                                          |(no matching pin)                          
Y                                          |(no matching pin)                          
gnd                                        |(no matching pin)                          
vdd                                        |(no matching pin)                          
B                                          |(no matching pin)                          
A                                          |(no matching pin)                          
A                                          |(no matching pin)                          
B                                          |(no matching pin)                          
S                                          |(no matching pin)                          
Y                                          |(no matching pin)                          
vdd                                        |(no matching pin)                          
gnd                                        |(no matching pin)                          
---------------------------------------------------------------------------------------
Cell pin lists for MUX2X1 and MUX2X1_sch.spice altered to match.
Device classes MUX2X1 and MUX2X1_sch.spice are equivalent.

Final result: Top level cell failed pin matching.
