
Magic 8.3 revision 489 - Compiled on Thu 22 Aug 2024 08:13:09 AM KST.
Starting magic under Tcl interpreter
Using the terminal as the console.
Using NULL graphics device.
Processing system .magicrc file
Input style lambda=0.30(p): scaleFactor=30, multiplier=1
Contact size value ignored (using GDS generation rules).
Contact size value ignored (using GDS generation rules).
Contact size value ignored (using GDS generation rules).
Contact size value ignored (using GDS generation rules).
Contact size value ignored (using GDS generation rules).
Contact size value ignored (using GDS generation rules).
The following types are not handled by extraction and will be treated as non-electrical types:
    n_field_implant p_field_implant nselect pselect glass filln filla fillb xp m1p m2p m3p comment bb 
2 Magic internal units = 1 Lambda
Using technology "scmos", version 2001a
Root cell box:
           width x height  (   llx,  lly  ), (   urx,  ury  )

microns:   0.000 x 0.000   ( 0.000,  0.000), ( 0.000,  0.000)
lambda:     0.00 x 0.00    (  0.00,  0.00 ), (  0.00,  0.00 )
internal:      0 x 0       (     0,  0    ), (     0,  0    )
Cell ALU_wrapper_Core read from current working directory
ALU_wrapper_Core: 10000 rects
ALU_wrapper_Core: 20000 rects
Cell FILL read from path /home/goodkook/ETRI050_DesignKit/digital_ETRI
Scaled magic input cell FILL geometry by factor of 2
Cell AOI21X1 read from path /home/goodkook/ETRI050_DesignKit/digital_ETRI
Cell NAND3X1 read from path /home/goodkook/ETRI050_DesignKit/digital_ETRI
Cell INVX1 read from path /home/goodkook/ETRI050_DesignKit/digital_ETRI
Cell OAI21X1 read from path /home/goodkook/ETRI050_DesignKit/digital_ETRI
Cell XNOR2X1 read from path /home/goodkook/ETRI050_DesignKit/digital_ETRI
Cell NAND2X1 read from path /home/goodkook/ETRI050_DesignKit/digital_ETRI
Cell AOI22X1 read from path /home/goodkook/ETRI050_DesignKit/digital_ETRI
Cell NOR3X1 read from path /home/goodkook/ETRI050_DesignKit/digital_ETRI
Cell NOR2X1 read from path /home/goodkook/ETRI050_DesignKit/digital_ETRI
Cell BUFX2 read from path /home/goodkook/ETRI050_DesignKit/digital_ETRI
Cell DFFPOSX1 read from path /home/goodkook/ETRI050_DesignKit/digital_ETRI
Cell AND2X2 read from path /home/goodkook/ETRI050_DesignKit/digital_ETRI
Cell INVX4 read from path /home/goodkook/ETRI050_DesignKit/digital_ETRI
Cell CLKBUF1 read from path /home/goodkook/ETRI050_DesignKit/digital_ETRI
Cell INVX2 read from path /home/goodkook/ETRI050_DesignKit/digital_ETRI
Cell DFFSR read from path /home/goodkook/ETRI050_DesignKit/digital_ETRI
Cell OR2X2 read from path /home/goodkook/ETRI050_DesignKit/digital_ETRI
Cell XOR2X1 read from path /home/goodkook/ETRI050_DesignKit/digital_ETRI
Cell OAI22X1 read from path /home/goodkook/ETRI050_DesignKit/digital_ETRI
Cell MUX2X1 read from path /home/goodkook/ETRI050_DesignKit/digital_ETRI
Cell ALU_wrapper_Core_DRC has 25 error tiles.
Total DRC errors found: 0
This layer can't abut or partially overlap between subcells
Design-rule checker statistics (recent/total):
    Squares processed: 165/165
    Tiles processed: 561235/561235
    Edges pieces processed: 1144181/1144181
    Constraint areas checked: 5564565/5564565
    Multi-tile constraints: 4022880/4022880
    Interaction areas processed: 162/162
    Tiles processed for interactions: 561235/561235
    Tiles processed for arrays: 0/0
Root cell box:
           width x height  (   llx,  lly  ), (   urx,  ury  )  area (units^2)

microns:  940.050 x 949.200  (-9.450, -3.600), ( 930.600,  945.600)  892295.500
lambda:   3133.50 x 3164.00  (-31.50, -12.00), ( 3102.00,  3152.00)  9914394.00
internal:   6267 x 6328    (   -63, -24   ), (  6204,  6304 )  39657576  
