Flow report for fir_wrapper
Fri Apr 25 17:13:21 2025
Quartus Prime Version 24.1std.0 Build 1077 03/04/2025 SC Standard Edition


---------------------
; Table of Contents ;
---------------------
  1. Legal Notice
  2. Flow Summary
  3. Flow Settings
  4. Flow Non-Default Global Settings
  5. Flow Elapsed Time
  6. Flow OS Summary
  7. Flow Log
  8. Flow Messages
  9. Flow Suppressed Messages



----------------
; Legal Notice ;
----------------
Copyright (C) 2025  Altera Corporation. All rights reserved.
Your use of Altera Corporation's design tools, logic functions 
and other software and tools, and any partner logic 
functions, and any output files from any of the foregoing 
(including device programming or simulation files), and any 
associated documentation or information are expressly subject 
to the terms and conditions of the Altera Program License 
Subscription Agreement, the Altera Quartus Prime License Agreement,
the Altera IP License Agreement, or other applicable license
agreement, including, without limitation, that your use is for
the sole purpose of programming logic devices manufactured by
Altera and sold by Altera or its authorized distributors.  Please
refer to the Altera Software License Subscription Agreements 
on the Quartus Prime software download page.



+------------------------------------------------------------------------------------------+
; Flow Summary                                                                             ;
+------------------------------------+-----------------------------------------------------+
; Flow Status                        ; Successful - Fri Apr 25 17:13:21 2025               ;
; Quartus Prime Version              ; 24.1std.0 Build 1077 03/04/2025 SC Standard Edition ;
; Revision Name                      ; fir_wrapper                                         ;
; Top-level Entity Name              ; fir_wrapper                                         ;
; Family                             ; Cyclone IV E                                        ;
; Device                             ; EP4CE6E22C8                                         ;
; Timing Models                      ; Final                                               ;
; Total logic elements               ; 334 / 6,272 ( 5 % )                                 ;
;     Total combinational functions  ; 274 / 6,272 ( 4 % )                                 ;
;     Dedicated logic registers      ; 201 / 6,272 ( 3 % )                                 ;
; Total registers                    ; 201                                                 ;
; Total pins                         ; 23 / 92 ( 25 % )                                    ;
; Total virtual pins                 ; 0                                                   ;
; Total memory bits                  ; 0 / 276,480 ( 0 % )                                 ;
; Embedded Multiplier 9-bit elements ; 1 / 30 ( 3 % )                                      ;
; Total PLLs                         ; 0 / 2 ( 0 % )                                       ;
+------------------------------------+-----------------------------------------------------+


+-----------------------------------------+
; Flow Settings                           ;
+-------------------+---------------------+
; Option            ; Setting             ;
+-------------------+---------------------+
; Start date & time ; 04/25/2025 17:12:56 ;
; Main task         ; Compilation         ;
; Revision Name     ; fir_wrapper         ;
+-------------------+---------------------+


+------------------------------------------------------------------------------------------------------------------------------------------------+
; Flow Non-Default Global Settings                                                                                                               ;
+-------------------------------------+----------------------------------------+---------------+-------------+-----------------------------------+
; Assignment Name                     ; Value                                  ; Default Value ; Entity Name ; Section Id                        ;
+-------------------------------------+----------------------------------------+---------------+-------------+-----------------------------------+
; COMPILER_SIGNATURE_ID               ; 8796761407749.174556877603581          ; --            ; --          ; --                                ;
; EDA_GENERATE_FUNCTIONAL_NETLIST     ; Off                                    ; --            ; --          ; eda_board_design_timing           ;
; EDA_GENERATE_FUNCTIONAL_NETLIST     ; Off                                    ; --            ; --          ; eda_board_design_boundary_scan    ;
; EDA_GENERATE_FUNCTIONAL_NETLIST     ; Off                                    ; --            ; --          ; eda_board_design_signal_integrity ;
; EDA_GENERATE_FUNCTIONAL_NETLIST     ; Off                                    ; --            ; --          ; eda_board_design_symbol           ;
; MAX_CORE_JUNCTION_TEMP              ; 85                                     ; --            ; --          ; --                                ;
; MIN_CORE_JUNCTION_TEMP              ; 0                                      ; --            ; --          ; --                                ;
; NOMINAL_CORE_SUPPLY_VOLTAGE         ; 1.2V                                   ; --            ; --          ; --                                ;
; PARTITION_COLOR                     ; -- (Not supported for targeted family) ; --            ; --          ; Top                               ;
; PARTITION_FITTER_PRESERVATION_LEVEL ; -- (Not supported for targeted family) ; --            ; --          ; Top                               ;
; PARTITION_NETLIST_TYPE              ; -- (Not supported for targeted family) ; --            ; --          ; Top                               ;
; PROJECT_OUTPUT_DIRECTORY            ; output_files                           ; --            ; --          ; --                                ;
+-------------------------------------+----------------------------------------+---------------+-------------+-----------------------------------+


+--------------------------------------------------------------------------------------------------------------------------+
; Flow Elapsed Time                                                                                                        ;
+----------------------+--------------+-------------------------+---------------------+------------------------------------+
; Module Name          ; Elapsed Time ; Average Processors Used ; Peak Virtual Memory ; Total CPU Time (on all processors) ;
+----------------------+--------------+-------------------------+---------------------+------------------------------------+
; Analysis & Synthesis ; 00:00:11     ; 1.0                     ; 407 MB              ; 00:00:21                           ;
; Fitter               ; 00:00:08     ; 1.0                     ; 947 MB              ; 00:00:09                           ;
; Assembler            ; 00:00:02     ; 1.0                     ; 346 MB              ; 00:00:01                           ;
; Total                ; 00:00:21     ; --                      ; --                  ; 00:00:31                           ;
+----------------------+--------------+-------------------------+---------------------+------------------------------------+


+------------------------------------------------------------------------------------+
; Flow OS Summary                                                                    ;
+----------------------+---------------------+---------+------------+----------------+
; Module Name          ; Machine Hostname    ; OS Name ; OS Version ; Processor type ;
+----------------------+---------------------+---------+------------+----------------+
; Analysis & Synthesis ; goodkook-VirtualBox ; Ubuntu  ; 24         ; x86_64         ;
; Fitter               ; goodkook-VirtualBox ; Ubuntu  ; 24         ; x86_64         ;
; Assembler            ; goodkook-VirtualBox ; Ubuntu  ; 24         ; x86_64         ;
+----------------------+---------------------+---------+------------+----------------+


------------
; Flow Log ;
------------
quartus_map --read_settings_files=on --write_settings_files=off fir_wrapper -c fir_wrapper
quartus_fit --read_settings_files=off --write_settings_files=off fir_wrapper -c fir_wrapper
quartus_asm --read_settings_files=off --write_settings_files=off fir_wrapper -c fir_wrapper



