
Magic 8.3 revision 528 - Compiled on Fri Jun 13 07:51:57 AM KST 2025.
Starting magic under Tcl interpreter
Using the terminal as the console.
Using NULL graphics device.
Processing system .magicrc file
Input style lambda=0.30(p): scaleFactor=30, multiplier=1
Contact size value ignored (using GDS generation rules).
Contact size value ignored (using GDS generation rules).
Contact size value ignored (using GDS generation rules).
Contact size value ignored (using GDS generation rules).
Contact size value ignored (using GDS generation rules).
Contact size value ignored (using GDS generation rules).
The following types are not handled by extraction and will be treated as non-electrical types:
    n_field_implant p_field_implant nselect pselect glass filln filla fillb xp m1p m2p m3p comment bb 
2 Magic internal units = 1 Lambda
Using technology "scmos", version 2001a
Root cell box:
           width x height  (   llx,  lly  ), (   urx,  ury  )

microns:   0.000 x 0.000   ( 0.000,  0.000), ( 0.000,  0.000)
lambda:     0.00 x 0.00    (  0.00,  0.00 ), (  0.00,  0.00 )
internal:      0 x 0       (     0,  0    ), (     0,  0    )
Cell pong_pt1 read from current working directory
pong_pt1: 10000 rects
Processing timestamp mismatches.
Cell FILL read from path /home/goodkook/ETRI050_DesignKit/digital_ETRI
Scaled magic input cell FILL geometry by factor of 2
Cell CLKBUF1 read from path /home/goodkook/ETRI050_DesignKit/digital_ETRI
Cell BUFX2 read from path /home/goodkook/ETRI050_DesignKit/digital_ETRI
Cell DFFSR read from path /home/goodkook/ETRI050_DesignKit/digital_ETRI
Cell OAI21X1 read from path /home/goodkook/ETRI050_DesignKit/digital_ETRI
Cell NAND2X1 read from path /home/goodkook/ETRI050_DesignKit/digital_ETRI
Cell NOR2X1 read from path /home/goodkook/ETRI050_DesignKit/digital_ETRI
Cell NAND3X1 read from path /home/goodkook/ETRI050_DesignKit/digital_ETRI
Cell OR2X2 read from path /home/goodkook/ETRI050_DesignKit/digital_ETRI
Cell OAI22X1 read from path /home/goodkook/ETRI050_DesignKit/digital_ETRI
Cell NOR3X1 read from path /home/goodkook/ETRI050_DesignKit/digital_ETRI
Cell AOI21X1 read from path /home/goodkook/ETRI050_DesignKit/digital_ETRI
Cell INVX1 read from path /home/goodkook/ETRI050_DesignKit/digital_ETRI
Cell AND2X2 read from path /home/goodkook/ETRI050_DesignKit/digital_ETRI
Cell INVX2 read from path /home/goodkook/ETRI050_DesignKit/digital_ETRI
Cell AOI22X1 read from path /home/goodkook/ETRI050_DesignKit/digital_ETRI
Cell INVX8 read from path /home/goodkook/ETRI050_DesignKit/digital_ETRI
Cell INVX4 read from path /home/goodkook/ETRI050_DesignKit/digital_ETRI
Timestamp mismatches found in these cells: INVX4, INVX8, AOI22X1, INVX2, AND2X2, INVX1, AOI21X1, NOR3X1, OAI22X1, OR2X2, NAND3X1, NOR2X1, NAND2X1, OAI21X1, DFFSR, BUFX2, CLKBUF1, FILL.
Cell pong_pt1_DRC has 24 error tiles.
Total DRC errors found: 0
This layer can't abut or partially overlap between subcells
Design-rule checker statistics (recent/total):
    Squares processed: 153/153
    Tiles processed: 579746/579746
    Edges pieces processed: 1188870/1188870
    Constraint areas checked: 6009188/6009188
    Multi-tile constraints: 4331390/4331390
    Interaction areas processed: 144/144
    Tiles processed for interactions: 579746/579746
    Tiles processed for arrays: 0/0
Root cell box:
           width x height  (   llx,  lly  ), (   urx,  ury  )  area (units^2)

microns:  882.600 x 841.050  (-9.300, -3.600), ( 873.300,  837.450)  742310.812
lambda:   2942.00 x 2803.50  (-31.00, -12.00), ( 2911.00,  2791.50)  8247897.00
internal:   5884 x 5607    (   -62, -24   ), (  5822,  5583 )  32991588  
