/home/goodkook/ETRI050_DesignKit/devel/Projects/HLS/FIR8/FIR8/hls_component/.autopilot/db/FIR8.pp.0.cpp:3260:5: warning: Added loop label VITIS_LOOP_676_1:   [xilinx-label-all-loops]
    for (unsigned i = low; i != high+1; ++i) {
    ^~~
    VITIS_LOOP_676_1: 
/home/goodkook/ETRI050_DesignKit/devel/Projects/HLS/FIR8/FIR8/hls_component/.autopilot/db/FIR8.pp.0.cpp:3260:5: note: FIX-IT applied suggested code changes
/home/goodkook/ETRI050_DesignKit/devel/Projects/HLS/FIR8/FIR8/hls_component/.autopilot/db/FIR8.pp.0.cpp:3274:5: warning: Added loop label VITIS_LOOP_690_1:   [xilinx-label-all-loops]
    for (unsigned i = low; i != high+1; ++i) {
    ^~~
    VITIS_LOOP_690_1: 
/home/goodkook/ETRI050_DesignKit/devel/Projects/HLS/FIR8/FIR8/hls_component/.autopilot/db/FIR8.pp.0.cpp:3274:5: note: FIX-IT applied suggested code changes
/home/goodkook/ETRI050_DesignKit/devel/Projects/HLS/FIR8/FIR8/hls_component/.autopilot/db/FIR8.pp.0.cpp:3288:5: warning: Added loop label VITIS_LOOP_704_1:   [xilinx-label-all-loops]
    for (unsigned i = low; i != high+1; ++i) {
    ^~~
    VITIS_LOOP_704_1: 
/home/goodkook/ETRI050_DesignKit/devel/Projects/HLS/FIR8/FIR8/hls_component/.autopilot/db/FIR8.pp.0.cpp:3288:5: note: FIX-IT applied suggested code changes
/home/goodkook/ETRI050_DesignKit/devel/Projects/HLS/FIR8/FIR8/hls_component/.autopilot/db/FIR8.pp.0.cpp:5244:7: warning: Added loop label VITIS_LOOP_1248_1:   [xilinx-label-all-loops]
      for (i = 0; i < __N - 1; ++i) {
      ^~~
      VITIS_LOOP_1248_1: 
/home/goodkook/ETRI050_DesignKit/devel/Projects/HLS/FIR8/FIR8/hls_component/.autopilot/db/FIR8.pp.0.cpp:5244:7: note: FIX-IT applied suggested code changes
