
Magic 8.3 revision 659 - Compiled on Mon Jun  8 02:00:58 PM KST 2026.
Starting magic under Tcl interpreter
Using the terminal as the console.
Using NULL graphics device.
Processing system .magicrc file
Switching to WIRING tool.
Switching to NETLIST tool.
Switching to PICK tool.
Switching to BOX tool.
Input style lambda=0.30(p): scaleFactor=30, multiplier=1
Contact size value ignored (using GDS generation rules).
Contact size value ignored (using GDS generation rules).
Contact size value ignored (using GDS generation rules).
Contact size value ignored (using GDS generation rules).
Contact size value ignored (using GDS generation rules).
Contact size value ignored (using GDS generation rules).
The following types are not handled by extraction and will be treated as non-electrical types:
    n_field_implant p_field_implant nselect pselect glass filln filla fillb xp m1p m2p m3p comment bb 
2 Magic internal units = 1 Lambda
Using technology "scmos", version 2001a
Root cell box:
           width x height  (   llx,  lly  ), (   urx,  ury  )

microns:   0.000 x 0.000   ( 0.000,  0.000), ( 0.000,  0.000)
lambda:     0.00 x 0.00    (  0.00,  0.00 ), (  0.00,  0.00 )
internal:      0 x 0       (     0,  0    ), (     0,  0    )
Cell apple_1_WozMon_PIA read from current working directory
apple_1_WozMon_PIA: 10000 rects
apple_1_WozMon_PIA: 20000 rects
apple_1_WozMon_PIA: 30000 rects
apple_1_WozMon_PIA: 40000 rects
Cell FILL read from path /home/mychip/ETRI050_DesignKit/digital_ETRI
Scaled magic input cell FILL geometry by factor of 2
Cell CLKBUF1 read from path /home/mychip/ETRI050_DesignKit/digital_ETRI
Cell BUFX2 read from path /home/mychip/ETRI050_DesignKit/digital_ETRI
Cell DFFSR read from path /home/mychip/ETRI050_DesignKit/digital_ETRI
Cell DFFPOSX1 read from path /home/mychip/ETRI050_DesignKit/digital_ETRI
Cell AOI22X1 read from path /home/mychip/ETRI050_DesignKit/digital_ETRI
Cell INVX1 read from path /home/mychip/ETRI050_DesignKit/digital_ETRI
Cell NAND3X1 read from path /home/mychip/ETRI050_DesignKit/digital_ETRI
Cell NAND2X1 read from path /home/mychip/ETRI050_DesignKit/digital_ETRI
Cell NOR2X1 read from path /home/mychip/ETRI050_DesignKit/digital_ETRI
Cell AOI21X1 read from path /home/mychip/ETRI050_DesignKit/digital_ETRI
Cell AND2X2 read from path /home/mychip/ETRI050_DesignKit/digital_ETRI
Cell NOR3X1 read from path /home/mychip/ETRI050_DesignKit/digital_ETRI
Cell OAI21X1 read from path /home/mychip/ETRI050_DesignKit/digital_ETRI
Cell INVX4 read from path /home/mychip/ETRI050_DesignKit/digital_ETRI
Cell OR2X2 read from path /home/mychip/ETRI050_DesignKit/digital_ETRI
Cell MUX2X1 read from path /home/mychip/ETRI050_DesignKit/digital_ETRI
Cell INVX2 read from path /home/mychip/ETRI050_DesignKit/digital_ETRI
Cell INVX8 read from path /home/mychip/ETRI050_DesignKit/digital_ETRI
Cell OAI22X1 read from path /home/mychip/ETRI050_DesignKit/digital_ETRI
Extracting FILL into /home/mychip/ETRI050_DesignKit/digital_ETRI/FILL.ext:
Processing FILL
Extracting CLKBUF1 into /home/mychip/ETRI050_DesignKit/digital_ETRI/CLKBUF1.ext:
Processing CLKBUF1
Extracting BUFX2 into /home/mychip/ETRI050_DesignKit/digital_ETRI/BUFX2.ext:
Processing BUFX2
Extracting DFFSR into /home/mychip/ETRI050_DesignKit/digital_ETRI/DFFSR.ext:
Processing DFFSR
Extracting DFFPOSX1 into /home/mychip/ETRI050_DesignKit/digital_ETRI/DFFPOSX1.ext:
Processing DFFPOSX1
Extracting AOI22X1 into /home/mychip/ETRI050_DesignKit/digital_ETRI/AOI22X1.ext:
Processing AOI22X1
Extracting INVX1 into /home/mychip/ETRI050_DesignKit/digital_ETRI/INVX1.ext:
Processing INVX1
Extracting NAND3X1 into /home/mychip/ETRI050_DesignKit/digital_ETRI/NAND3X1.ext:
Processing NAND3X1
Extracting NAND2X1 into /home/mychip/ETRI050_DesignKit/digital_ETRI/NAND2X1.ext:
Processing NAND2X1
Extracting NOR2X1 into /home/mychip/ETRI050_DesignKit/digital_ETRI/NOR2X1.ext:
Processing NOR2X1
Extracting AOI21X1 into /home/mychip/ETRI050_DesignKit/digital_ETRI/AOI21X1.ext:
Processing AOI21X1
Extracting AND2X2 into /home/mychip/ETRI050_DesignKit/digital_ETRI/AND2X2.ext:
Processing AND2X2
Extracting NOR3X1 into /home/mychip/ETRI050_DesignKit/digital_ETRI/NOR3X1.ext:
Processing NOR3X1
Extracting OAI21X1 into /home/mychip/ETRI050_DesignKit/digital_ETRI/OAI21X1.ext:
Processing OAI21X1
Extracting INVX4 into /home/mychip/ETRI050_DesignKit/digital_ETRI/INVX4.ext:
Processing INVX4
Extracting OR2X2 into /home/mychip/ETRI050_DesignKit/digital_ETRI/OR2X2.ext:
Processing OR2X2
Extracting MUX2X1 into /home/mychip/ETRI050_DesignKit/digital_ETRI/MUX2X1.ext:
Processing MUX2X1
Extracting INVX2 into /home/mychip/ETRI050_DesignKit/digital_ETRI/INVX2.ext:
Processing INVX2
Extracting INVX8 into /home/mychip/ETRI050_DesignKit/digital_ETRI/INVX8.ext:
Processing INVX8
Extracting OAI22X1 into /home/mychip/ETRI050_DesignKit/digital_ETRI/OAI22X1.ext:
Processing OAI22X1
Extracting apple_1_WozMon_PIA into apple_1_WozMon_PIA.ext:
Processing apple_1_WozMon_PIA
exttospice finished.
Netgen 1.5.320 compiled on Mon Jun  8 02:01:02 PM KST 2026
Warning: netgen command 'format' use fully-qualified name '::netgen::format'
Warning: netgen command 'global' use fully-qualified name '::netgen::global'
Reading netlist file apple_1_WozMon_PIA.spice for apple_1_WozMon_PIA.spice apple_1_WozMon_PIA
Reading netlist file ../synthesis/apple_1_WozMon_PIA.spc for ../synthesis/apple_1_WozMon_PIA.spc apple_1_WozMon_PIA
Call to undefined subcircuit FILL
Creating placeholder cell definition.

Reading setup file /home/mychip/ETRI050_DesignKit/tech/etri050_setup.tcl

No property ad found for device nfet
No property pd found for device nfet
No property as found for device nfet
No property ps found for device nfet
No property ad found for device pfet
No property pd found for device pfet
No property as found for device pfet
No property ps found for device pfet
Warning:  There were errors reading the setup file
Comparison output logged to file LVS_apple_1_WozMon_PIA.txt
Logging to file "LVS_apple_1_WozMon_PIA.txt" enabled

Contents of circuit 1:  Circuit: 'DFFPOSX1'
Circuit DFFPOSX1 contains 22 device instances.
  Class: nfet                  instances:  11
  Class: pfet                  instances:  11
Circuit contains 17 nets.
Contents of circuit 2:  Circuit: 'DFFPOSX1'
Circuit DFFPOSX1 contains 22 device instances.
  Class: nfet                  instances:  11
  Class: pfet                  instances:  11
Circuit contains 17 nets.

Circuit 1 contains 22 devices, Circuit 2 contains 22 devices.
Circuit 1 contains 17 nets,    Circuit 2 contains 17 nets.


Contents of circuit 1:  Circuit: 'DFFSR'
Circuit DFFSR contains 32 device instances.
  Class: nfet                  instances:  16
  Class: pfet                  instances:  16
Circuit contains 20 nets.
Contents of circuit 2:  Circuit: 'DFFSR'
Circuit DFFSR contains 32 device instances.
  Class: nfet                  instances:  16
  Class: pfet                  instances:  16
Circuit contains 20 nets.

Circuit 1 contains 32 devices, Circuit 2 contains 32 devices.
Circuit 1 contains 20 nets,    Circuit 2 contains 20 nets.


Contents of circuit 1:  Circuit: 'OAI21X1'
Circuit OAI21X1 contains 6 device instances.
  Class: nfet                  instances:   3
  Class: pfet                  instances:   3
Circuit contains 8 nets.
Contents of circuit 2:  Circuit: 'OAI21X1'
Circuit OAI21X1 contains 6 device instances.
  Class: nfet                  instances:   3
  Class: pfet                  instances:   3
Circuit contains 8 nets.

Circuit 1 contains 6 devices, Circuit 2 contains 6 devices.
Circuit 1 contains 8 nets,    Circuit 2 contains 8 nets.


Contents of circuit 1:  Circuit: 'NOR2X1'
Circuit NOR2X1 contains 4 device instances.
  Class: nfet                  instances:   2
  Class: pfet                  instances:   2
Circuit contains 6 nets.
Contents of circuit 2:  Circuit: 'NOR2X1'
Circuit NOR2X1 contains 4 device instances.
  Class: nfet                  instances:   2
  Class: pfet                  instances:   2
Circuit contains 6 nets.

Circuit 1 contains 4 devices, Circuit 2 contains 4 devices.
Circuit 1 contains 6 nets,    Circuit 2 contains 6 nets.


Contents of circuit 1:  Circuit: 'NAND2X1'
Circuit NAND2X1 contains 4 device instances.
  Class: nfet                  instances:   2
  Class: pfet                  instances:   2
Circuit contains 6 nets.
Contents of circuit 2:  Circuit: 'NAND2X1'
Circuit NAND2X1 contains 4 device instances.
  Class: nfet                  instances:   2
  Class: pfet                  instances:   2
Circuit contains 6 nets.

Circuit 1 contains 4 devices, Circuit 2 contains 4 devices.
Circuit 1 contains 6 nets,    Circuit 2 contains 6 nets.


Contents of circuit 1:  Circuit: 'INVX1'
Circuit INVX1 contains 2 device instances.
  Class: nfet                  instances:   1
  Class: pfet                  instances:   1
Circuit contains 4 nets.
Contents of circuit 2:  Circuit: 'INVX1'
Circuit INVX1 contains 2 device instances.
  Class: nfet                  instances:   1
  Class: pfet                  instances:   1
Circuit contains 4 nets.

Circuit 1 contains 2 devices, Circuit 2 contains 2 devices.
Circuit 1 contains 4 nets,    Circuit 2 contains 4 nets.


Contents of circuit 1:  Circuit: 'NAND3X1'
Circuit NAND3X1 contains 6 device instances.
  Class: nfet                  instances:   3
  Class: pfet                  instances:   3
Circuit contains 8 nets.
Contents of circuit 2:  Circuit: 'NAND3X1'
Circuit NAND3X1 contains 6 device instances.
  Class: nfet                  instances:   3
  Class: pfet                  instances:   3
Circuit contains 8 nets.

Circuit 1 contains 6 devices, Circuit 2 contains 6 devices.
Circuit 1 contains 8 nets,    Circuit 2 contains 8 nets.


Contents of circuit 1:  Circuit: 'AOI21X1'
Circuit AOI21X1 contains 6 device instances.
  Class: nfet                  instances:   3
  Class: pfet                  instances:   3
Circuit contains 8 nets.
Contents of circuit 2:  Circuit: 'AOI21X1'
Circuit AOI21X1 contains 6 device instances.
  Class: nfet                  instances:   3
  Class: pfet                  instances:   3
Circuit contains 8 nets.

Circuit 1 contains 6 devices, Circuit 2 contains 6 devices.
Circuit 1 contains 8 nets,    Circuit 2 contains 8 nets.


Contents of circuit 1:  Circuit: 'INVX2'
Circuit INVX2 contains 2 device instances.
  Class: nfet                  instances:   1
  Class: pfet                  instances:   1
Circuit contains 4 nets.
Contents of circuit 2:  Circuit: 'INVX2'
Circuit INVX2 contains 2 device instances.
  Class: nfet                  instances:   1
  Class: pfet                  instances:   1
Circuit contains 4 nets.

Circuit 1 contains 2 devices, Circuit 2 contains 2 devices.
Circuit 1 contains 4 nets,    Circuit 2 contains 4 nets.


Contents of circuit 1:  Circuit: 'BUFX2'
Circuit BUFX2 contains 4 device instances.
  Class: nfet                  instances:   2
  Class: pfet                  instances:   2
Circuit contains 5 nets.
Contents of circuit 2:  Circuit: 'BUFX2'
Circuit BUFX2 contains 4 device instances.
  Class: nfet                  instances:   2
  Class: pfet                  instances:   2
Circuit contains 5 nets.

Circuit 1 contains 4 devices, Circuit 2 contains 4 devices.
Circuit 1 contains 5 nets,    Circuit 2 contains 5 nets.


Contents of circuit 1:  Circuit: 'AND2X2'
Circuit AND2X2 contains 6 device instances.
  Class: nfet                  instances:   3
  Class: pfet                  instances:   3
Circuit contains 7 nets.
Contents of circuit 2:  Circuit: 'AND2X2'
Circuit AND2X2 contains 6 device instances.
  Class: nfet                  instances:   3
  Class: pfet                  instances:   3
Circuit contains 7 nets.

Circuit 1 contains 6 devices, Circuit 2 contains 6 devices.
Circuit 1 contains 7 nets,    Circuit 2 contains 7 nets.


Contents of circuit 1:  Circuit: 'AOI22X1'
Circuit AOI22X1 contains 8 device instances.
  Class: nfet                  instances:   4
  Class: pfet                  instances:   4
Circuit contains 10 nets.
Contents of circuit 2:  Circuit: 'AOI22X1'
Circuit AOI22X1 contains 8 device instances.
  Class: nfet                  instances:   4
  Class: pfet                  instances:   4
Circuit contains 10 nets.

Circuit 1 contains 8 devices, Circuit 2 contains 8 devices.
Circuit 1 contains 10 nets,    Circuit 2 contains 10 nets.


Contents of circuit 1:  Circuit: 'NOR3X1'
Circuit NOR3X1 contains 9 device instances.
  Class: nfet                  instances:   3
  Class: pfet                  instances:   6
Circuit contains 8 nets.
Contents of circuit 2:  Circuit: 'NOR3X1'
Circuit NOR3X1 contains 9 device instances.
  Class: nfet                  instances:   3
  Class: pfet                  instances:   6
Circuit contains 8 nets.

Circuit was modified by parallel/series device merging.
New circuit summary:

Contents of circuit 1:  Circuit: 'NOR3X1'
Circuit NOR3X1 contains 6 device instances.
  Class: nfet                  instances:   3
  Class: pfet                  instances:   3
Circuit contains 8 nets.
Contents of circuit 2:  Circuit: 'NOR3X1'
Circuit NOR3X1 contains 6 device instances.
  Class: nfet                  instances:   3
  Class: pfet                  instances:   3
Circuit contains 8 nets.

Circuit 1 contains 6 devices, Circuit 2 contains 6 devices.
Circuit 1 contains 8 nets,    Circuit 2 contains 8 nets.


Contents of circuit 1:  Circuit: 'INVX8'
Circuit INVX8 contains 8 device instances.
  Class: nfet                  instances:   4
  Class: pfet                  instances:   4
Circuit contains 4 nets.
Contents of circuit 2:  Circuit: 'INVX8'
Circuit INVX8 contains 8 device instances.
  Class: nfet                  instances:   4
  Class: pfet                  instances:   4
Circuit contains 4 nets.

Circuit was modified by parallel/series device merging.
New circuit summary:

Contents of circuit 1:  Circuit: 'INVX8'
Circuit INVX8 contains 2 device instances.
  Class: nfet                  instances:   1
  Class: pfet                  instances:   1
Circuit contains 4 nets.
Contents of circuit 2:  Circuit: 'INVX8'
Circuit INVX8 contains 2 device instances.
  Class: nfet                  instances:   1
  Class: pfet                  instances:   1
Circuit contains 4 nets.

Circuit 1 contains 2 devices, Circuit 2 contains 2 devices.
Circuit 1 contains 4 nets,    Circuit 2 contains 4 nets.


Contents of circuit 1:  Circuit: 'CLKBUF1'
Circuit CLKBUF1 contains 16 device instances.
  Class: nfet                  instances:   8
  Class: pfet                  instances:   8
Circuit contains 7 nets.
Contents of circuit 2:  Circuit: 'CLKBUF1'
Circuit CLKBUF1 contains 16 device instances.
  Class: nfet                  instances:   8
  Class: pfet                  instances:   8
Circuit contains 7 nets.

Circuit was modified by parallel/series device merging.
New circuit summary:

Contents of circuit 1:  Circuit: 'CLKBUF1'
Circuit CLKBUF1 contains 8 device instances.
  Class: nfet                  instances:   4
  Class: pfet                  instances:   4
Circuit contains 7 nets.
Contents of circuit 2:  Circuit: 'CLKBUF1'
Circuit CLKBUF1 contains 8 device instances.
  Class: nfet                  instances:   4
  Class: pfet                  instances:   4
Circuit contains 7 nets.

Circuit 1 contains 8 devices, Circuit 2 contains 8 devices.
Circuit 1 contains 7 nets,    Circuit 2 contains 7 nets.


Contents of circuit 1:  Circuit: 'OAI22X1'
Circuit OAI22X1 contains 8 device instances.
  Class: nfet                  instances:   4
  Class: pfet                  instances:   4
Circuit contains 10 nets.
Contents of circuit 2:  Circuit: 'OAI22X1'
Circuit OAI22X1 contains 8 device instances.
  Class: nfet                  instances:   4
  Class: pfet                  instances:   4
Circuit contains 10 nets.

Circuit 1 contains 8 devices, Circuit 2 contains 8 devices.
Circuit 1 contains 10 nets,    Circuit 2 contains 10 nets.


Contents of circuit 1:  Circuit: 'OR2X2'
Circuit OR2X2 contains 6 device instances.
  Class: nfet                  instances:   3
  Class: pfet                  instances:   3
Circuit contains 7 nets.
Contents of circuit 2:  Circuit: 'OR2X2'
Circuit OR2X2 contains 6 device instances.
  Class: nfet                  instances:   3
  Class: pfet                  instances:   3
Circuit contains 7 nets.

Circuit 1 contains 6 devices, Circuit 2 contains 6 devices.
Circuit 1 contains 7 nets,    Circuit 2 contains 7 nets.


Contents of circuit 1:  Circuit: 'INVX4'
Circuit INVX4 contains 4 device instances.
  Class: nfet                  instances:   2
  Class: pfet                  instances:   2
Circuit contains 4 nets.
Contents of circuit 2:  Circuit: 'INVX4'
Circuit INVX4 contains 4 device instances.
  Class: nfet                  instances:   2
  Class: pfet                  instances:   2
Circuit contains 4 nets.

Circuit was modified by parallel/series device merging.
New circuit summary:

Contents of circuit 1:  Circuit: 'INVX4'
Circuit INVX4 contains 2 device instances.
  Class: nfet                  instances:   1
  Class: pfet                  instances:   1
Circuit contains 4 nets.
Contents of circuit 2:  Circuit: 'INVX4'
Circuit INVX4 contains 2 device instances.
  Class: nfet                  instances:   1
  Class: pfet                  instances:   1
Circuit contains 4 nets.

Circuit 1 contains 2 devices, Circuit 2 contains 2 devices.
Circuit 1 contains 4 nets,    Circuit 2 contains 4 nets.


Contents of circuit 1:  Circuit: 'MUX2X1'
Circuit MUX2X1 contains 10 device instances.
  Class: nfet                  instances:   5
  Class: pfet                  instances:   5
Circuit contains 11 nets.
Contents of circuit 2:  Circuit: 'MUX2X1'
Circuit MUX2X1 contains 10 device instances.
  Class: nfet                  instances:   5
  Class: pfet                  instances:   5
Circuit contains 11 nets.

Circuit 1 contains 10 devices, Circuit 2 contains 10 devices.
Circuit 1 contains 11 nets,    Circuit 2 contains 11 nets.


Contents of circuit 1:  Circuit: 'apple_1_WozMon_PIA'
Circuit apple_1_WozMon_PIA contains 2818 device instances.
  Class: AND2X2                instances:  62
  Class: DFFPOSX1              instances:  33
  Class: MUX2X1                instances:  12
  Class: INVX2                 instances:  41
  Class: CLKBUF1               instances:  13
  Class: OR2X2                 instances:  22
  Class: INVX4                 instances:  11
  Class: AOI22X1               instances:  89
  Class: DFFSR                 instances: 159
  Class: INVX1                 instances: 327
  Class: OAI22X1               instances:  35
  Class: OAI21X1               instances: 716
  Class: NOR3X1                instances:  14
  Class: AOI21X1               instances: 209
  Class: NAND3X1               instances: 201
  Class: NOR2X1                instances: 300
  Class: NAND2X1               instances: 371
  Class: BUFX2                 instances: 189
  Class: INVX8                 instances:  14
Circuit contains 2842 nets.
Contents of circuit 2:  Circuit: 'apple_1_WozMon_PIA'
Circuit apple_1_WozMon_PIA contains 2818 device instances.
  Class: AND2X2                instances:  62
  Class: DFFPOSX1              instances:  33
  Class: MUX2X1                instances:  12
  Class: INVX2                 instances:  41
  Class: CLKBUF1               instances:  13
  Class: OR2X2                 instances:  22
  Class: INVX4                 instances:  11
  Class: AOI22X1               instances:  89
  Class: DFFSR                 instances: 159
  Class: INVX1                 instances: 327
  Class: OAI22X1               instances:  35
  Class: OAI21X1               instances: 716
  Class: NOR3X1                instances:  14
  Class: AOI21X1               instances: 209
  Class: NAND3X1               instances: 201
  Class: NOR2X1                instances: 300
  Class: NAND2X1               instances: 371
  Class: BUFX2                 instances: 189
  Class: INVX8                 instances:  14
Circuit contains 2842 nets.

Circuit 1 contains 2818 devices, Circuit 2 contains 2818 devices.
Circuit 1 contains 2842 nets,    Circuit 2 contains 2842 nets.


Final result: 
Circuits match uniquely.
.
Logging to file "LVS_apple_1_WozMon_PIA.txt" disabled
LVS Done.
