
Magic 8.3 revision 659 - Compiled on Mon Jun  8 02:00:58 PM KST 2026.
Starting magic under Tcl interpreter
Using the terminal as the console.
Using NULL graphics device.
Processing system .magicrc file
Switching to WIRING tool.
Switching to NETLIST tool.
Switching to PICK tool.
Switching to BOX tool.
Input style lambda=0.30(p): scaleFactor=30, multiplier=1
Contact size value ignored (using GDS generation rules).
Contact size value ignored (using GDS generation rules).
Contact size value ignored (using GDS generation rules).
Contact size value ignored (using GDS generation rules).
Contact size value ignored (using GDS generation rules).
Contact size value ignored (using GDS generation rules).
The following types are not handled by extraction and will be treated as non-electrical types:
    n_field_implant p_field_implant nselect pselect glass filln filla fillb xp m1p m2p m3p comment bb 
2 Magic internal units = 1 Lambda
Using technology "scmos", version 2001a
Root cell box:
           width x height  (   llx,  lly  ), (   urx,  ury  )

microns:   0.000 x 0.000   ( 0.000,  0.000), ( 0.000,  0.000)
lambda:     0.00 x 0.00    (  0.00,  0.00 ), (  0.00,  0.00 )
internal:      0 x 0       (     0,  0    ), (     0,  0    )
Cell apple_1_WozMon_PIA read from current working directory
apple_1_WozMon_PIA: 10000 rects
apple_1_WozMon_PIA: 20000 rects
apple_1_WozMon_PIA: 30000 rects
apple_1_WozMon_PIA: 40000 rects
Cell DFFSR read from path /home/mychip/ETRI050_DesignKit/digital_ETRI
Cell FILL read from path /home/mychip/ETRI050_DesignKit/digital_ETRI
Scaled magic input cell FILL geometry by factor of 2
Cell BUFX2 read from path /home/mychip/ETRI050_DesignKit/digital_ETRI
Cell INVX1 read from path /home/mychip/ETRI050_DesignKit/digital_ETRI
Cell OAI21X1 read from path /home/mychip/ETRI050_DesignKit/digital_ETRI
Cell NOR2X1 read from path /home/mychip/ETRI050_DesignKit/digital_ETRI
Cell NAND2X1 read from path /home/mychip/ETRI050_DesignKit/digital_ETRI
Cell NAND3X1 read from path /home/mychip/ETRI050_DesignKit/digital_ETRI
Cell INVX2 read from path /home/mychip/ETRI050_DesignKit/digital_ETRI
Cell CLKBUF1 read from path /home/mychip/ETRI050_DesignKit/digital_ETRI
Cell INVX8 read from path /home/mychip/ETRI050_DesignKit/digital_ETRI
Cell AOI22X1 read from path /home/mychip/ETRI050_DesignKit/digital_ETRI
Cell AOI21X1 read from path /home/mychip/ETRI050_DesignKit/digital_ETRI
Cell DFFPOSX1 read from path /home/mychip/ETRI050_DesignKit/digital_ETRI
Cell AND2X2 read from path /home/mychip/ETRI050_DesignKit/digital_ETRI
Cell OAI22X1 read from path /home/mychip/ETRI050_DesignKit/digital_ETRI
Cell NOR3X1 read from path /home/mychip/ETRI050_DesignKit/digital_ETRI
Cell OR2X2 read from path /home/mychip/ETRI050_DesignKit/digital_ETRI
Cell INVX4 read from path /home/mychip/ETRI050_DesignKit/digital_ETRI
Cell MUX2X1 read from path /home/mychip/ETRI050_DesignKit/digital_ETRI
Cell apple_1_WozMon_PIA_DRC has 39 error tiles.
Total DRC errors found: 0
This layer can't abut or partially overlap between subcells
Metal3 spacing < 3 (Mosis #15.2)
Design-rule checker statistics (recent/total):
    Squares processed: 355/355
    Tiles processed: 1944642/1944642
    Edges pieces processed: 3873388/3873388
    Constraint areas checked: 19599982/19599982
    Multi-tile constraints: 14168747/14168747
    Interaction areas processed: 1251/1251
    Tiles processed for interactions: 1944642/1944642
    Tiles processed for arrays: 0/0
Root cell box:
           width x height  (   llx,  lly  ), (   urx,  ury  )  area (units^2)

microns:  2763.600 x 1165.050  (-9.300, -3.600), ( 2754.300,  1161.450)  3219732.250
lambda:   9212.00 x 3883.50  (-31.00, -12.00), ( 9181.00,  3871.50)  35774800.00
internal:  18424 x 7767    (   -62, -24   ), ( 18362,  7743 )  143099208 
