

Subcircuit pins:
Circuit 1: DFFPOSX1                        |Circuit 2: DFFPOSX1                        
-------------------------------------------|-------------------------------------------
D                                          |D                                          
CLK                                        |CLK                                        
Q                                          |Q                                          
vdd                                        |vdd                                        
gnd                                        |gnd                                        
---------------------------------------------------------------------------------------
Cell pin lists are equivalent.
Device classes DFFPOSX1 and DFFPOSX1 are equivalent.


Subcircuit pins:
Circuit 1: DFFSR                           |Circuit 2: DFFSR                           
-------------------------------------------|-------------------------------------------
R                                          |R                                          
S                                          |S                                          
D                                          |D                                          
CLK                                        |CLK                                        
Q                                          |Q                                          
vdd                                        |vdd                                        
gnd                                        |gnd                                        
---------------------------------------------------------------------------------------
Cell pin lists are equivalent.
Device classes DFFSR and DFFSR are equivalent.


Subcircuit pins:
Circuit 1: OAI21X1                         |Circuit 2: OAI21X1                         
-------------------------------------------|-------------------------------------------
A                                          |A                                          
B                                          |B                                          
C                                          |C                                          
Y                                          |Y                                          
vdd                                        |vdd                                        
gnd                                        |gnd                                        
---------------------------------------------------------------------------------------
Cell pin lists are equivalent.
Device classes OAI21X1 and OAI21X1 are equivalent.


Subcircuit pins:
Circuit 1: NOR2X1                          |Circuit 2: NOR2X1                          
-------------------------------------------|-------------------------------------------
A                                          |A                                          
B                                          |B                                          
Y                                          |Y                                          
vdd                                        |vdd                                        
gnd                                        |gnd                                        
---------------------------------------------------------------------------------------
Cell pin lists are equivalent.
Device classes NOR2X1 and NOR2X1 are equivalent.


Subcircuit pins:
Circuit 1: NAND2X1                         |Circuit 2: NAND2X1                         
-------------------------------------------|-------------------------------------------
A                                          |A                                          
B                                          |B                                          
Y                                          |Y                                          
vdd                                        |vdd                                        
gnd                                        |gnd                                        
---------------------------------------------------------------------------------------
Cell pin lists are equivalent.
Device classes NAND2X1 and NAND2X1 are equivalent.


Subcircuit pins:
Circuit 1: INVX1                           |Circuit 2: INVX1                           
-------------------------------------------|-------------------------------------------
A                                          |A                                          
Y                                          |Y                                          
vdd                                        |vdd                                        
gnd                                        |gnd                                        
---------------------------------------------------------------------------------------
Cell pin lists are equivalent.
Device classes INVX1 and INVX1 are equivalent.


Subcircuit pins:
Circuit 1: NAND3X1                         |Circuit 2: NAND3X1                         
-------------------------------------------|-------------------------------------------
A                                          |A                                          
B                                          |B                                          
C                                          |C                                          
Y                                          |Y                                          
vdd                                        |vdd                                        
gnd                                        |gnd                                        
---------------------------------------------------------------------------------------
Cell pin lists are equivalent.
Device classes NAND3X1 and NAND3X1 are equivalent.


Subcircuit pins:
Circuit 1: AOI21X1                         |Circuit 2: AOI21X1                         
-------------------------------------------|-------------------------------------------
A                                          |A                                          
B                                          |B                                          
C                                          |C                                          
Y                                          |Y                                          
vdd                                        |vdd                                        
gnd                                        |gnd                                        
---------------------------------------------------------------------------------------
Cell pin lists are equivalent.
Device classes AOI21X1 and AOI21X1 are equivalent.


Subcircuit pins:
Circuit 1: INVX2                           |Circuit 2: INVX2                           
-------------------------------------------|-------------------------------------------
A                                          |A                                          
Y                                          |Y                                          
vdd                                        |vdd                                        
gnd                                        |gnd                                        
---------------------------------------------------------------------------------------
Cell pin lists are equivalent.
Device classes INVX2 and INVX2 are equivalent.


Subcircuit pins:
Circuit 1: BUFX2                           |Circuit 2: BUFX2                           
-------------------------------------------|-------------------------------------------
A                                          |A                                          
Y                                          |Y                                          
vdd                                        |vdd                                        
gnd                                        |gnd                                        
---------------------------------------------------------------------------------------
Cell pin lists are equivalent.
Device classes BUFX2 and BUFX2 are equivalent.


Subcircuit pins:
Circuit 1: AND2X2                          |Circuit 2: AND2X2                          
-------------------------------------------|-------------------------------------------
A                                          |A                                          
B                                          |B                                          
Y                                          |Y                                          
vdd                                        |vdd                                        
gnd                                        |gnd                                        
---------------------------------------------------------------------------------------
Cell pin lists are equivalent.
Device classes AND2X2 and AND2X2 are equivalent.


Subcircuit pins:
Circuit 1: AOI22X1                         |Circuit 2: AOI22X1                         
-------------------------------------------|-------------------------------------------
A                                          |A                                          
B                                          |B                                          
C                                          |C                                          
D                                          |D                                          
Y                                          |Y                                          
vdd                                        |vdd                                        
gnd                                        |gnd                                        
---------------------------------------------------------------------------------------
Cell pin lists are equivalent.
Device classes AOI22X1 and AOI22X1 are equivalent.


Subcircuit pins:
Circuit 1: NOR3X1                          |Circuit 2: NOR3X1                          
-------------------------------------------|-------------------------------------------
A                                          |A                                          
B                                          |B                                          
C                                          |C                                          
Y                                          |Y                                          
vdd                                        |vdd                                        
gnd                                        |gnd                                        
---------------------------------------------------------------------------------------
Cell pin lists are equivalent.
Device classes NOR3X1 and NOR3X1 are equivalent.


Subcircuit pins:
Circuit 1: INVX8                           |Circuit 2: INVX8                           
-------------------------------------------|-------------------------------------------
A                                          |A                                          
Y                                          |Y                                          
vdd                                        |vdd                                        
gnd                                        |gnd                                        
---------------------------------------------------------------------------------------
Cell pin lists are equivalent.
Device classes INVX8 and INVX8 are equivalent.


Subcircuit pins:
Circuit 1: CLKBUF1                         |Circuit 2: CLKBUF1                         
-------------------------------------------|-------------------------------------------
A                                          |A                                          
Y                                          |Y                                          
vdd                                        |vdd                                        
gnd                                        |gnd                                        
---------------------------------------------------------------------------------------
Cell pin lists are equivalent.
Device classes CLKBUF1 and CLKBUF1 are equivalent.


Subcircuit pins:
Circuit 1: OAI22X1                         |Circuit 2: OAI22X1                         
-------------------------------------------|-------------------------------------------
A                                          |A                                          
B                                          |B                                          
C                                          |C                                          
D                                          |D                                          
Y                                          |Y                                          
vdd                                        |vdd                                        
gnd                                        |gnd                                        
---------------------------------------------------------------------------------------
Cell pin lists are equivalent.
Device classes OAI22X1 and OAI22X1 are equivalent.


Subcircuit pins:
Circuit 1: OR2X2                           |Circuit 2: OR2X2                           
-------------------------------------------|-------------------------------------------
A                                          |A                                          
B                                          |B                                          
Y                                          |Y                                          
vdd                                        |vdd                                        
gnd                                        |gnd                                        
---------------------------------------------------------------------------------------
Cell pin lists are equivalent.
Device classes OR2X2 and OR2X2 are equivalent.


Subcircuit pins:
Circuit 1: INVX4                           |Circuit 2: INVX4                           
-------------------------------------------|-------------------------------------------
A                                          |A                                          
Y                                          |Y                                          
vdd                                        |vdd                                        
gnd                                        |gnd                                        
---------------------------------------------------------------------------------------
Cell pin lists are equivalent.
Device classes INVX4 and INVX4 are equivalent.


Subcircuit pins:
Circuit 1: MUX2X1                          |Circuit 2: MUX2X1                          
-------------------------------------------|-------------------------------------------
A                                          |A                                          
B                                          |B                                          
S                                          |S                                          
Y                                          |Y                                          
vdd                                        |vdd                                        
gnd                                        |gnd                                        
---------------------------------------------------------------------------------------
Cell pin lists are equivalent.
Device classes MUX2X1 and MUX2X1 are equivalent.

Subcircuit summary:
Circuit 1: apple_1_WozMon_PIA              |Circuit 2: apple_1_WozMon_PIA              
-------------------------------------------|-------------------------------------------
DFFPOSX1 (33)                              |DFFPOSX1 (33)                              
DFFSR (159)                                |DFFSR (159)                                
OAI21X1 (716)                              |OAI21X1 (716)                              
NOR2X1 (300)                               |NOR2X1 (300)                               
NAND2X1 (371)                              |NAND2X1 (371)                              
INVX1 (327)                                |INVX1 (327)                                
NAND3X1 (201)                              |NAND3X1 (201)                              
AOI21X1 (209)                              |AOI21X1 (209)                              
INVX2 (41)                                 |INVX2 (41)                                 
BUFX2 (189)                                |BUFX2 (189)                                
AND2X2 (62)                                |AND2X2 (62)                                
AOI22X1 (89)                               |AOI22X1 (89)                               
NOR3X1 (14)                                |NOR3X1 (14)                                
INVX8 (14)                                 |INVX8 (14)                                 
CLKBUF1 (13)                               |CLKBUF1 (13)                               
OAI22X1 (35)                               |OAI22X1 (35)                               
OR2X2 (22)                                 |OR2X2 (22)                                 
INVX4 (11)                                 |INVX4 (11)                                 
MUX2X1 (12)                                |MUX2X1 (12)                                
Number of devices: 2818                    |Number of devices: 2818                    
Number of nets: 2842                       |Number of nets: 2842                       
---------------------------------------------------------------------------------------
Netlists match uniquely.

Subcircuit pins:
Circuit 1: apple_1_WozMon_PIA              |Circuit 2: apple_1_WozMon_PIA              
-------------------------------------------|-------------------------------------------
reset                                      |reset                                      
clk                                        |clk                                        
DO[7]                                      |DO[7]                                      
AB[15]                                     |AB[15]                                     
AB[13]                                     |AB[13]                                     
AB[11]                                     |AB[11]                                     
AB[10]                                     |AB[10]                                     
AB[8]                                      |AB[8]                                      
AB[7]                                      |AB[7]                                      
AB[14]                                     |AB[14]                                     
AB[12]                                     |AB[12]                                     
AB[9]                                      |AB[9]                                      
AB[6]                                      |AB[6]                                      
AB[5]                                      |AB[5]                                      
kbd_data[2]                                |kbd_data[2]                                
kbd_data[5]                                |kbd_data[5]                                
kbd_data[4]                                |kbd_data[4]                                
kbd_data[3]                                |kbd_data[3]                                
kbd_data[0]                                |kbd_data[0]                                
kbd_data[1]                                |kbd_data[1]                                
kbd_data[6]                                |kbd_data[6]                                
DI[7]                                      |DI[7]                                      
DI[5]                                      |DI[5]                                      
DI[0]                                      |DI[0]                                      
DI[4]                                      |DI[4]                                      
DI[3]                                      |DI[3]                                      
DI[2]                                      |DI[2]                                      
DI[1]                                      |DI[1]                                      
DI[6]                                      |DI[6]                                      
dsp_data[5]                                |dsp_data[5]                                
dsp_data[4]                                |dsp_data[4]                                
dsp_data[2]                                |dsp_data[2]                                
dsp_data[3]                                |dsp_data[3]                                
dsp_data[1]                                |dsp_data[1]                                
dsp_data[0]                                |dsp_data[0]                                
dsp_data[6]                                |dsp_data[6]                                
DO[6]                                      |DO[6]                                      
DO[5]                                      |DO[5]                                      
DO[1]                                      |DO[1]                                      
DO[4]                                      |DO[4]                                      
DO[2]                                      |DO[2]                                      
DO[0]                                      |DO[0]                                      
DO[3]                                      |DO[3]                                      
kbd_ack                                    |kbd_ack                                    
dsp_rdy                                    |dsp_rdy                                    
IRQ                                        |IRQ                                        
WE                                         |WE                                         
AB[4]                                      |AB[4]                                      
AB[0]                                      |AB[0]                                      
AB[3]                                      |AB[3]                                      
AB[2]                                      |AB[2]                                      
AB[1]                                      |AB[1]                                      
RDY                                        |RDY                                        
NMI                                        |NMI                                        
dsp_ack                                    |dsp_ack                                    
kbd_rdy                                    |kbd_rdy                                    
gnd                                        |gnd                                        
vdd                                        |vdd                                        
---------------------------------------------------------------------------------------
Cell pin lists are equivalent.
Device classes apple_1_WozMon_PIA and apple_1_WozMon_PIA are equivalent.

Final result: Circuits match uniquely.
.
