Reading netlist file: "/home/goodkook/ETRI050_DesignKit/devel/Ref_Design/CPU_6502/emulation/Gowin/cpu_wrapper_RT/impl/gwsynthesis/cpu_wrapper_RT.vg"
Parsing netlist file "/home/goodkook/ETRI050_DesignKit/devel/Ref_Design/CPU_6502/emulation/Gowin/cpu_wrapper_RT/impl/gwsynthesis/cpu_wrapper_RT.vg" completed
Processing netlist completed
Reading constraint file: "/home/goodkook/ETRI050_DesignKit/devel/Ref_Design/CPU_6502/emulation/Gowin/cpu_wrapper_RT/src/cpu_wrapper.cst"
Physical Constraint parsed completed
Running placement......
[10%] Placement Phase 0 completed
[20%] Placement Phase 1 completed
[30%] Placement Phase 2 completed
[50%] Placement Phase 3 completed
Running routing......
[60%] Routing Phase 0 completed
[70%] Routing Phase 1 completed
[80%] Routing Phase 2 completed
[90%] Routing Phase 3 completed
Running timing analysis......
[95%] Timing analysis completed
Placement and routing completed
Bitstream generation in progress......
Bitstream generation completed
Generate file "/home/goodkook/ETRI050_DesignKit/devel/Ref_Design/CPU_6502/emulation/Gowin/cpu_wrapper_RT/impl/pnr/cpu_wrapper_RT.pin.html" completed
Generate file "/home/goodkook/ETRI050_DesignKit/devel/Ref_Design/CPU_6502/emulation/Gowin/cpu_wrapper_RT/impl/pnr/cpu_wrapper_RT.rpt.html" completed
Generate file "/home/goodkook/ETRI050_DesignKit/devel/Ref_Design/CPU_6502/emulation/Gowin/cpu_wrapper_RT/impl/pnr/cpu_wrapper_RT.rpt.txt" completed
Generate file "/home/goodkook/ETRI050_DesignKit/devel/Ref_Design/CPU_6502/emulation/Gowin/cpu_wrapper_RT/impl/pnr/cpu_wrapper_RT.tr.html" completed
Wed Jun 12 00:12:07 2024

