29 nets failed to route:
 _920_
 _1103_
 _997_
 \shift_reg_U.ram[2]\[2]
 _1107_
 \shift_reg_U.ram[2]\[0]
 ap_clk_bF$buf10
 _1320_
 \grp_fir_Pipeline_SHIFTER_LOOP_fu_51.shift_reg_d0\[2]
 _1065_
 _1288_
 _1005_
 _1142_
 _999_
 \grp_fir_Pipeline_SHIFTER_LOOP_fu_51.shift_reg_d0\[3]
 _992_
 _1151_
 \grp_fir_Pipeline_SHIFTER_LOOP_fu_51.shift_reg_d1\[5]
 \grp_fir_Pipeline_SHIFTER_LOOP_fu_51.shift_reg_d1\[7]
 \grp_fir_Pipeline_SHIFTER_LOOP_fu_51.shift_reg_address1\[0]
 _1068_
 _1004_
 _1318_
 _1037_
 _1099_
 \shift_reg_U.address0\[2]
 _1354_
 \shift_reg_U.ram[0]\[1]
 _1322_
