
Subcircuit summary:
Circuit 1: BUFX2                           |Circuit 2: BUFX2                           
-------------------------------------------|-------------------------------------------
pfet (2)                                   |pfet (2)                                   
nfet (2)                                   |nfet (2)                                   
Number of devices: 4                       |Number of devices: 4                       
Number of nets: 5                          |Number of nets: 5                          
---------------------------------------------------------------------------------------
Circuits match uniquely.
Property errors were found.
Netlists match uniquely.
There were property errors.
nfet1002 vs. nfet2:
 ps circuit1: 6e-06   circuit2: 0   
 as circuit1: 2e-12   circuit2: 0   
 pd circuit1: 1.04e-05   circuit2: 0   
 ad circuit1: 4.4e-12   circuit2: 0   
nfet1003 vs. nfet3:
 pd circuit1: 1e-05   circuit2: 0   
 ad circuit1: 4e-12   circuit2: 0   
pfet1000 vs. pfet0:
 ps circuit1: 1e-05   circuit2: 0   
 as circuit1: 4e-12   circuit2: 0   
 pd circuit1: 1.84e-05   circuit2: 0   
 ad circuit1: 8.8e-12   circuit2: 0   
pfet1001 vs. pfet1:
 pd circuit1: 1.8e-05   circuit2: 0   
 ad circuit1: 8e-12   circuit2: 0   

Subcircuit pins:
Circuit 1: BUFX2                           |Circuit 2: BUFX2                           
-------------------------------------------|-------------------------------------------
A                                          |A                                          
Y                                          |Y                                          
vdd                                        |vdd                                        
gnd                                        |gnd                                        
---------------------------------------------------------------------------------------
Cell pin lists are equivalent.
Device classes BUFX2 and BUFX2 are equivalent.

Subcircuit summary:
Circuit 1: DFFPOSX1                        |Circuit 2: DFFPOSX1                        
-------------------------------------------|-------------------------------------------
pfet (11)                                  |pfet (11)                                  
nfet (11)                                  |nfet (11)                                  
Number of devices: 22                      |Number of devices: 22                      
Number of nets: 17                         |Number of nets: 17                         
---------------------------------------------------------------------------------------
Circuits match uniquely.
Property errors were found.
Netlists match uniquely.
There were property errors.
nfet1012 vs. nfet12:
 pd circuit1: 5.2e-06   circuit2: 0   
 ad circuit1: 1.2e-12   circuit2: 0   
nfet1016 vs. nfet16:
 pd circuit1: 6e-06   circuit2: 0   
 ad circuit1: 2e-12   circuit2: 0   
nfet1010 vs. nfet10:
 ps circuit1: 1e-05   circuit2: 0   
 as circuit1: 4e-12   circuit2: 0   
 pd circuit1: 3.36e-05   circuit2: 0   
 ad circuit1: 1.36e-11   circuit2: 0   
nfet1017 vs. nfet17:
 pd circuit1: 5.2e-06   circuit2: 0   
 ad circuit1: 1.2e-12   circuit2: 0   
nfet1019 vs. nfet19:
 pd circuit1: 5.2e-06   circuit2: 0   
 ad circuit1: 1.2e-12   circuit2: 0   
nfet1018 vs. nfet18:
 pd circuit1: 7.2e-06   circuit2: 0   
 ad circuit1: 3.2e-12   circuit2: 0   
nfet1014 vs. nfet14:
 pd circuit1: 5.2e-06   circuit2: 0   
 ad circuit1: 1.2e-12   circuit2: 0   
nfet1013 vs. nfet13:
 pd circuit1: 6.8e-06   circuit2: 0   
 ad circuit1: 2.8e-12   circuit2: 0   
nfet1021 vs. nfet21:
 pd circuit1: 1e-05   circuit2: 0   
 ad circuit1: 4e-12   circuit2: 0   
pfet1001 vs. pfet1:
 pd circuit1: 9.6e-06   circuit2: 0   
 ad circuit1: 3.2e-12   circuit2: 0   
pfet1005 vs. pfet5:
 pd circuit1: 1e-05   circuit2: 0   
 ad circuit1: 4e-12   circuit2: 0   
pfet1000 vs. pfet0:
 ps circuit1: 1.8e-05   circuit2: 0   
 as circuit1: 8e-12   circuit2: 0   
 pd circuit1: 5.72e-05   circuit2: 0   
 ad circuit1: 2.6e-11   circuit2: 0   
pfet1006 vs. pfet6:
 pd circuit1: 9.2e-06   circuit2: 0   
 ad circuit1: 2.4e-12   circuit2: 0   
pfet1008 vs. pfet8:
 pd circuit1: 5.2e-06   circuit2: 0   
 ad circuit1: 1.2e-12   circuit2: 0   
pfet1007 vs. pfet7:
 pd circuit1: 1.12e-05   circuit2: 0   
 ad circuit1: 6e-12   circuit2: 0   
pfet1003 vs. pfet3:
 pd circuit1: 9.6e-06   circuit2: 0   
 ad circuit1: 3.2e-12   circuit2: 0   
pfet1002 vs. pfet2:
 pd circuit1: 1.04e-05   circuit2: 0   
 ad circuit1: 4.8e-12   circuit2: 0   
pfet1011 vs. pfet11:
 pd circuit1: 1.8e-05   circuit2: 0   
 ad circuit1: 8e-12   circuit2: 0   

Subcircuit pins:
Circuit 1: DFFPOSX1                        |Circuit 2: DFFPOSX1                        
-------------------------------------------|-------------------------------------------
Q                                          |Q                                          
D                                          |D                                          
CLK                                        |CLK                                        
vdd                                        |vdd                                        
gnd                                        |gnd                                        
---------------------------------------------------------------------------------------
Cell pin lists are equivalent.
Device classes DFFPOSX1 and DFFPOSX1 are equivalent.

Subcircuit summary:
Circuit 1: INVX1                           |Circuit 2: INVX1                           
-------------------------------------------|-------------------------------------------
pfet (1)                                   |pfet (1)                                   
nfet (1)                                   |nfet (1)                                   
Number of devices: 2                       |Number of devices: 2                       
Number of nets: 4                          |Number of nets: 4                          
---------------------------------------------------------------------------------------
Circuits match uniquely.
Property errors were found.
Netlists match uniquely.
There were property errors.
nfet1001 vs. nfet1:
 ps circuit1: 6e-06   circuit2: 0   
 as circuit1: 2e-12   circuit2: 0   
 pd circuit1: 6e-06   circuit2: 0   
 ad circuit1: 2e-12   circuit2: 0   
pfet1000 vs. pfet0:
 ps circuit1: 1e-05   circuit2: 0   
 as circuit1: 4e-12   circuit2: 0   
 pd circuit1: 1e-05   circuit2: 0   
 ad circuit1: 4e-12   circuit2: 0   

Subcircuit pins:
Circuit 1: INVX1                           |Circuit 2: INVX1                           
-------------------------------------------|-------------------------------------------
Y                                          |Y                                          
A                                          |A                                          
vdd                                        |vdd                                        
gnd                                        |gnd                                        
---------------------------------------------------------------------------------------
Cell pin lists are equivalent.
Device classes INVX1 and INVX1 are equivalent.

Subcircuit summary:
Circuit 1: NAND2X1                         |Circuit 2: NAND2X1                         
-------------------------------------------|-------------------------------------------
pfet (2)                                   |pfet (2)                                   
nfet (2)                                   |nfet (2)                                   
Number of devices: 4                       |Number of devices: 4                       
Number of nets: 6                          |Number of nets: 6                          
---------------------------------------------------------------------------------------
Circuits match uniquely.
Property errors were found.
Netlists match uniquely.
There were property errors.
nfet1003 vs. nfet3:
 pd circuit1: 1e-05   circuit2: 0   
 ad circuit1: 4e-12   circuit2: 0   
nfet1002 vs. nfet2:
 ps circuit1: 1e-05   circuit2: 0   
 as circuit1: 4e-12   circuit2: 0   
 pd circuit1: 9.2e-06   circuit2: 0   
 ad circuit1: 2.4e-12   circuit2: 0   
pfet1000 vs. pfet0:
 ps circuit1: 2e-05   circuit2: 0   
 as circuit1: 8e-12   circuit2: 0   
 pd circuit1: 1.04e-05   circuit2: 0   
 ad circuit1: 4.8e-12   circuit2: 0   

Subcircuit pins:
Circuit 1: NAND2X1                         |Circuit 2: NAND2X1                         
-------------------------------------------|-------------------------------------------
vdd                                        |vdd                                        
B                                          |B                                          
A                                          |A                                          
Y                                          |Y                                          
gnd                                        |gnd                                        
---------------------------------------------------------------------------------------
Cell pin lists are equivalent.
Device classes NAND2X1 and NAND2X1 are equivalent.

Subcircuit summary:
Circuit 1: OAI21X1                         |Circuit 2: OAI21X1                         
-------------------------------------------|-------------------------------------------
pfet (3)                                   |pfet (3)                                   
nfet (3)                                   |nfet (3)                                   
Number of devices: 6                       |Number of devices: 6                       
Number of nets: 8                          |Number of nets: 8                          
---------------------------------------------------------------------------------------
Circuits match uniquely.
Property errors were found.
Netlists match uniquely.
There were property errors.
nfet1003 vs. nfet3:
 ps circuit1: 2.04e-05   circuit2: 0   
 as circuit1: 8.8e-12   circuit2: 0   
 pd circuit1: 1.04e-05   circuit2: 0   
 ad circuit1: 4.8e-12   circuit2: 0   
nfet1005 vs. nfet5:
 pd circuit1: 1e-05   circuit2: 0   
 ad circuit1: 4e-12   circuit2: 0   
pfet1000 vs. pfet0:
 ps circuit1: 2.8e-05   circuit2: 0   
 as circuit1: 1.2e-11   circuit2: 0   
 pd circuit1: 1.72e-05   circuit2: 0   
 ad circuit1: 4.8e-12   circuit2: 0   
pfet1001 vs. pfet1:
 pd circuit1: 1.84e-05   circuit2: 0   
 ad circuit1: 8.8e-12   circuit2: 0   

Subcircuit pins:
Circuit 1: OAI21X1                         |Circuit 2: OAI21X1                         
-------------------------------------------|-------------------------------------------
Y                                          |Y                                          
vdd                                        |vdd                                        
gnd                                        |gnd                                        
A                                          |A                                          
B                                          |B                                          
C                                          |C                                          
---------------------------------------------------------------------------------------
Cell pin lists are equivalent.
Device classes OAI21X1 and OAI21X1 are equivalent.

Subcircuit summary:
Circuit 1: AOI21X1                         |Circuit 2: AOI21X1                         
-------------------------------------------|-------------------------------------------
pfet (3)                                   |pfet (3)                                   
nfet (3)                                   |nfet (3)                                   
Number of devices: 6                       |Number of devices: 6                       
Number of nets: 8                          |Number of nets: 8                          
---------------------------------------------------------------------------------------
Circuits match uniquely.
Property errors were found.
Netlists match uniquely.
There were property errors.
nfet1003 vs. nfet3:
 ps circuit1: 1.6e-05   circuit2: 0   
 as circuit1: 6e-12   circuit2: 0   
 pd circuit1: 9.2e-06   circuit2: 0   
 ad circuit1: 2.4e-12   circuit2: 0   
nfet1004 vs. nfet4:
 pd circuit1: 1.04e-05   circuit2: 0   
 ad circuit1: 4.4e-12   circuit2: 0   
pfet1000 vs. pfet0:
 ps circuit1: 3.64e-05   circuit2: 0   
 as circuit1: 1.76e-11   circuit2: 0   
 pd circuit1: 1.84e-05   circuit2: 0   
 ad circuit1: 9.6e-12   circuit2: 0   
pfet1002 vs. pfet2:
 pd circuit1: 1.8e-05   circuit2: 0   
 ad circuit1: 8e-12   circuit2: 0   

Subcircuit pins:
Circuit 1: AOI21X1                         |Circuit 2: AOI21X1                         
-------------------------------------------|-------------------------------------------
Y                                          |Y                                          
A                                          |A                                          
B                                          |B                                          
C                                          |C                                          
vdd                                        |vdd                                        
gnd                                        |gnd                                        
---------------------------------------------------------------------------------------
Cell pin lists are equivalent.
Device classes AOI21X1 and AOI21X1 are equivalent.

Subcircuit summary:
Circuit 1: OAI22X1                         |Circuit 2: OAI22X1                         
-------------------------------------------|-------------------------------------------
pfet (4)                                   |pfet (4)                                   
nfet (4)                                   |nfet (4)                                   
Number of devices: 8                       |Number of devices: 8                       
Number of nets: 10                         |Number of nets: 10                         
---------------------------------------------------------------------------------------
Circuits match uniquely.
Property errors were found.
Netlists match uniquely.
There were property errors.
nfet1004 vs. nfet4:
 ps circuit1: 3.04e-05   circuit2: 0   
 as circuit1: 1.28e-11   circuit2: 0   
 pd circuit1: 1.04e-05   circuit2: 0   
 ad circuit1: 4.8e-12   circuit2: 0   
nfet1006 vs. nfet6:
 pd circuit1: 1.04e-05   circuit2: 0   
 ad circuit1: 4.8e-12   circuit2: 0   
pfet1002 vs. pfet2:
 pd circuit1: 1.72e-05   circuit2: 0   
 ad circuit1: 4.8e-12   circuit2: 0   
pfet1001 vs. pfet1:
 pd circuit1: 2.08e-05   circuit2: 0   
 ad circuit1: 1.92e-11   circuit2: 0   
pfet1000 vs. pfet0:
 ps circuit1: 3.6e-05   circuit2: 0   
 as circuit1: 1.6e-11   circuit2: 0   
 pd circuit1: 1.72e-05   circuit2: 0   
 ad circuit1: 4.8e-12   circuit2: 0   

Subcircuit pins:
Circuit 1: OAI22X1                         |Circuit 2: OAI22X1                         
-------------------------------------------|-------------------------------------------
Y                                          |Y                                          
vdd                                        |vdd                                        
gnd                                        |gnd                                        
A                                          |A                                          
B                                          |B                                          
D                                          |D                                          
C                                          |C                                          
---------------------------------------------------------------------------------------
Cell pin lists are equivalent.
Device classes OAI22X1 and OAI22X1 are equivalent.

Subcircuit summary:
Circuit 1: MUX2X1                          |Circuit 2: MUX2X1                          
-------------------------------------------|-------------------------------------------
pfet (5)                                   |pfet (5)                                   
nfet (5)                                   |nfet (5)                                   
Number of devices: 10                      |Number of devices: 10                      
Number of nets: 11                         |Number of nets: 11                         
---------------------------------------------------------------------------------------
Circuits match uniquely.
Property errors were found.
Netlists match uniquely.
There were property errors.
nfet1005 vs. nfet5:
 ps circuit1: 6e-06   circuit2: 0   
 as circuit1: 2e-12   circuit2: 0   
 pd circuit1: 2.04e-05   circuit2: 0   
 ad circuit1: 8.24e-12   circuit2: 0   
nfet1008 vs. nfet8:
 pd circuit1: 9.2e-06   circuit2: 0   
 ad circuit1: 2.4e-12   circuit2: 0   
nfet1007 vs. nfet7:
 pd circuit1: 1.04e-05   circuit2: 0   
 ad circuit1: 4.8e-12   circuit2: 0   
nfet1006 vs. nfet6:
 pd circuit1: 9.2e-06   circuit2: 0   
 ad circuit1: 2.4e-12   circuit2: 0   
pfet1000 vs. pfet0:
 ps circuit1: 1e-05   circuit2: 0   
 as circuit1: 4e-12   circuit2: 0   
 pd circuit1: 3.64e-05   circuit2: 0   
 ad circuit1: 1.632e-11   circuit2: 0   
pfet1003 vs. pfet3:
 pd circuit1: 1.72e-05   circuit2: 0   
 ad circuit1: 4.8e-12   circuit2: 0   
pfet1002 vs. pfet2:
 pd circuit1: 2e-05   circuit2: 0   
 ad circuit1: 9.92e-12   circuit2: 0   
pfet1001 vs. pfet1:
 pd circuit1: 1.72e-05   circuit2: 0   
 ad circuit1: 4.8e-12   circuit2: 0   

Subcircuit pins:
Circuit 1: MUX2X1                          |Circuit 2: MUX2X1                          
-------------------------------------------|-------------------------------------------
B                                          |B                                          
A                                          |A                                          
S                                          |S                                          
Y                                          |Y                                          
vdd                                        |vdd                                        
gnd                                        |gnd                                        
---------------------------------------------------------------------------------------
Cell pin lists are equivalent.
Device classes MUX2X1 and MUX2X1 are equivalent.

Subcircuit summary:
Circuit 1: AOI22X1                         |Circuit 2: AOI22X1                         
-------------------------------------------|-------------------------------------------
pfet (4)                                   |pfet (4)                                   
nfet (4)                                   |nfet (4)                                   
Number of devices: 8                       |Number of devices: 8                       
Number of nets: 10                         |Number of nets: 10                         
---------------------------------------------------------------------------------------
Circuits match uniquely.
Property errors were found.
Netlists match uniquely.
There were property errors.
nfet1006 vs. nfet6:
 pd circuit1: 9.2e-06   circuit2: 0   
 ad circuit1: 2.4e-12   circuit2: 0   
nfet1005 vs. nfet5:
 pd circuit1: 1.2e-05   circuit2: 0   
 ad circuit1: 8e-12   circuit2: 0   
nfet1004 vs. nfet4:
 ps circuit1: 2e-05   circuit2: 0   
 as circuit1: 8e-12   circuit2: 0   
 pd circuit1: 9.2e-06   circuit2: 0   
 ad circuit1: 2.4e-12   circuit2: 0   
pfet1000 vs. pfet0:
 ps circuit1: 5.44e-05   circuit2: 0   
 as circuit1: 2.56e-11   circuit2: 0   
 pd circuit1: 1.84e-05   circuit2: 0   
 ad circuit1: 9.6e-12   circuit2: 0   
pfet1002 vs. pfet2:
 pd circuit1: 1.84e-05   circuit2: 0   
 ad circuit1: 9.6e-12   circuit2: 0   

Subcircuit pins:
Circuit 1: AOI22X1                         |Circuit 2: AOI22X1                         
-------------------------------------------|-------------------------------------------
Y                                          |Y                                          
A                                          |A                                          
B                                          |B                                          
D                                          |D                                          
C                                          |C                                          
vdd                                        |vdd                                        
gnd                                        |gnd                                        
---------------------------------------------------------------------------------------
Cell pin lists are equivalent.
Device classes AOI22X1 and AOI22X1 are equivalent.

Subcircuit summary:
Circuit 1: OR2X1                           |Circuit 2: OR2X1                           
-------------------------------------------|-------------------------------------------
pfet (3)                                   |pfet (3)                                   
nfet (3)                                   |nfet (3)                                   
Number of devices: 6                       |Number of devices: 6                       
Number of nets: 7                          |Number of nets: 7                          
---------------------------------------------------------------------------------------
Circuits match uniquely.
Property errors were found.
Netlists match uniquely.
There were property errors.
nfet1003 vs. nfet3:
 ps circuit1: 1.24e-05   circuit2: 0   
 as circuit1: 4.4e-12   circuit2: 0   
 pd circuit1: 6.4e-06   circuit2: 0   
 ad circuit1: 2.4e-12   circuit2: 0   
nfet1005 vs. nfet5:
 pd circuit1: 6e-06   circuit2: 0   
 ad circuit1: 2e-12   circuit2: 0   
pfet1001 vs. pfet1:
 pd circuit1: 1.84e-05   circuit2: 0   
 ad circuit1: 8.8e-12   circuit2: 0   
pfet1000 vs. pfet0:
 ps circuit1: 1.8e-05   circuit2: 0   
 as circuit1: 8e-12   circuit2: 0   
 pd circuit1: 1.72e-05   circuit2: 0   
 ad circuit1: 4.8e-12   circuit2: 0   
pfet1002 vs. pfet2:
 pd circuit1: 1e-05   circuit2: 0   
 ad circuit1: 4e-12   circuit2: 0   

Subcircuit pins:
Circuit 1: OR2X1                           |Circuit 2: OR2X1                           
-------------------------------------------|-------------------------------------------
gnd                                        |gnd                                        
vdd                                        |vdd                                        
B                                          |B                                          
A                                          |A                                          
Y                                          |Y                                          
---------------------------------------------------------------------------------------
Cell pin lists are equivalent.
Device classes OR2X1 and OR2X1 are equivalent.

Subcircuit summary:
Circuit 1: NAND3X1                         |Circuit 2: NAND3X1                         
-------------------------------------------|-------------------------------------------
pfet (3)                                   |pfet (3)                                   
nfet (3)                                   |nfet (3)                                   
Number of devices: 6                       |Number of devices: 6                       
Number of nets: 8                          |Number of nets: 8                          
---------------------------------------------------------------------------------------
Circuits match uniquely.
Property errors were found.
Netlists match uniquely.
There were property errors.
nfet1004 vs. nfet4:
 pd circuit1: 1.32e-05   circuit2: 0   
 ad circuit1: 3.6e-12   circuit2: 0   
nfet1005 vs. nfet5:
 pd circuit1: 1.4e-05   circuit2: 0   
 ad circuit1: 6e-12   circuit2: 0   
nfet1003 vs. nfet3:
 ps circuit1: 1.4e-05   circuit2: 0   
 as circuit1: 6e-12   circuit2: 0   
 pd circuit1: 1.32e-05   circuit2: 0   
 ad circuit1: 3.6e-12   circuit2: 0   
pfet1000 vs. pfet0:
 ps circuit1: 2.04e-05   circuit2: 0   
 as circuit1: 8.8e-12   circuit2: 0   
 pd circuit1: 2.04e-05   circuit2: 0   
 ad circuit1: 8.8e-12   circuit2: 0   

Subcircuit pins:
Circuit 1: NAND3X1                         |Circuit 2: NAND3X1                         
-------------------------------------------|-------------------------------------------
vdd                                        |vdd                                        
B                                          |B                                          
C                                          |C                                          
A                                          |A                                          
Y                                          |Y                                          
gnd                                        |gnd                                        
---------------------------------------------------------------------------------------
Cell pin lists are equivalent.
Device classes NAND3X1 and NAND3X1 are equivalent.

Subcircuit summary:
Circuit 1: NOR2X1                          |Circuit 2: NOR2X1                          
-------------------------------------------|-------------------------------------------
pfet (2)                                   |pfet (2)                                   
nfet (2)                                   |nfet (2)                                   
Number of devices: 4                       |Number of devices: 4                       
Number of nets: 6                          |Number of nets: 6                          
---------------------------------------------------------------------------------------
Circuits match uniquely.
Property errors were found.
Netlists match uniquely.
There were property errors.
nfet1002 vs. nfet2:
 ps circuit1: 1.2e-05   circuit2: 0   
 as circuit1: 4e-12   circuit2: 0   
 pd circuit1: 6.4e-06   circuit2: 0   
 ad circuit1: 2.4e-12   circuit2: 0   
pfet1001 vs. pfet1:
 pd circuit1: 1.8e-05   circuit2: 0   
 ad circuit1: 8e-12   circuit2: 0   
pfet1000 vs. pfet0:
 ps circuit1: 1.8e-05   circuit2: 0   
 as circuit1: 8e-12   circuit2: 0   
 pd circuit1: 1.72e-05   circuit2: 0   
 ad circuit1: 4.8e-12   circuit2: 0   

Subcircuit pins:
Circuit 1: NOR2X1                          |Circuit 2: NOR2X1                          
-------------------------------------------|-------------------------------------------
gnd                                        |gnd                                        
vdd                                        |vdd                                        
Y                                          |Y                                          
B                                          |B                                          
A                                          |A                                          
---------------------------------------------------------------------------------------
Cell pin lists are equivalent.
Device classes NOR2X1 and NOR2X1 are equivalent.
Equate pins:  cell map9v3.spice and/or map9v3_synth.spice has no elements.
Verify:  cell map9v3_synth.spice has no elements and/or nodes.  Not checked.
