
Magic 8.3 revision 489 - Compiled on Thu 22 Aug 2024 08:13:09 AM KST.
Starting magic under Tcl interpreter
Using the terminal as the console.
Using NULL graphics device.
Processing system .magicrc file
Input style lambda=0.30(p): scaleFactor=30, multiplier=1
Contact size value ignored (using GDS generation rules).
Contact size value ignored (using GDS generation rules).
Contact size value ignored (using GDS generation rules).
Contact size value ignored (using GDS generation rules).
Contact size value ignored (using GDS generation rules).
Contact size value ignored (using GDS generation rules).
The following types are not handled by extraction and will be treated as non-electrical types:
    n_field_implant p_field_implant nselect pselect glass filln filla fillb xp m1p m2p m3p comment bb 
2 Magic internal units = 1 Lambda
Using technology "scmos", version 2001a
Root cell box:
           width x height  (   llx,  lly  ), (   urx,  ury  )

microns:   0.000 x 0.000   ( 0.000,  0.000), ( 0.000,  0.000)
lambda:     0.00 x 0.00    (  0.00,  0.00 ), (  0.00,  0.00 )
internal:      0 x 0       (     0,  0    ), (     0,  0    )
Cell ALU_wrapper_Core read from current working directory
Input cell ALU_wrapper_Core scales magic internal geometry by factor of 15
ALU_wrapper_Core: 10000 rects
ALU_wrapper_Core: 20000 rects
Cell FILL read from path /home/goodkook/ETRI050_DesignKit/digital_ETRI
Scaled magic input cell FILL geometry by factor of 30
Cell AOI21X1 read from path /home/goodkook/ETRI050_DesignKit/digital_ETRI
Scaled magic input cell AOI21X1 geometry by factor of 15
Cell NAND3X1 read from path /home/goodkook/ETRI050_DesignKit/digital_ETRI
Scaled magic input cell NAND3X1 geometry by factor of 15
Cell INVX1 read from path /home/goodkook/ETRI050_DesignKit/digital_ETRI
Scaled magic input cell INVX1 geometry by factor of 15
Cell OAI21X1 read from path /home/goodkook/ETRI050_DesignKit/digital_ETRI
Scaled magic input cell OAI21X1 geometry by factor of 15
Cell XNOR2X1 read from path /home/goodkook/ETRI050_DesignKit/digital_ETRI
Scaled magic input cell XNOR2X1 geometry by factor of 15
Cell NAND2X1 read from path /home/goodkook/ETRI050_DesignKit/digital_ETRI
Scaled magic input cell NAND2X1 geometry by factor of 15
Cell AOI22X1 read from path /home/goodkook/ETRI050_DesignKit/digital_ETRI
Scaled magic input cell AOI22X1 geometry by factor of 15
Cell NOR3X1 read from path /home/goodkook/ETRI050_DesignKit/digital_ETRI
Scaled magic input cell NOR3X1 geometry by factor of 15
Cell NOR2X1 read from path /home/goodkook/ETRI050_DesignKit/digital_ETRI
Scaled magic input cell NOR2X1 geometry by factor of 15
Cell BUFX2 read from path /home/goodkook/ETRI050_DesignKit/digital_ETRI
Scaled magic input cell BUFX2 geometry by factor of 15
Cell DFFPOSX1 read from path /home/goodkook/ETRI050_DesignKit/digital_ETRI
Scaled magic input cell DFFPOSX1 geometry by factor of 15
Cell AND2X2 read from path /home/goodkook/ETRI050_DesignKit/digital_ETRI
Scaled magic input cell AND2X2 geometry by factor of 15
Cell INVX4 read from path /home/goodkook/ETRI050_DesignKit/digital_ETRI
Scaled magic input cell INVX4 geometry by factor of 15
Cell CLKBUF1 read from path /home/goodkook/ETRI050_DesignKit/digital_ETRI
Scaled magic input cell CLKBUF1 geometry by factor of 15
Cell INVX2 read from path /home/goodkook/ETRI050_DesignKit/digital_ETRI
Scaled magic input cell INVX2 geometry by factor of 15
Cell DFFSR read from path /home/goodkook/ETRI050_DesignKit/digital_ETRI
Scaled magic input cell DFFSR geometry by factor of 15
Cell OR2X2 read from path /home/goodkook/ETRI050_DesignKit/digital_ETRI
Scaled magic input cell OR2X2 geometry by factor of 15
Cell XOR2X1 read from path /home/goodkook/ETRI050_DesignKit/digital_ETRI
Scaled magic input cell XOR2X1 geometry by factor of 15
Cell OAI22X1 read from path /home/goodkook/ETRI050_DesignKit/digital_ETRI
Scaled magic input cell OAI22X1 geometry by factor of 15
Cell MUX2X1 read from path /home/goodkook/ETRI050_DesignKit/digital_ETRI
Scaled magic input cell MUX2X1 geometry by factor of 15
Cell ALU_wrapper_Core_DRC has 25 error tiles.
Total DRC errors found: 0
This layer can't abut or partially overlap between subcells
Design-rule checker statistics (recent/total):
    Squares processed: 165/165
    Tiles processed: 561139/561139
    Edges pieces processed: 1143951/1143951
    Constraint areas checked: 5563829/5563829
    Multi-tile constraints: 4022336/4022336
    Interaction areas processed: 162/162
    Tiles processed for interactions: 561139/561139
    Tiles processed for arrays: 0/0
Root cell box:
           width x height  (   llx,  lly  ), (   urx,  ury  )  area (units^2)

microns:  941.100 x 949.200  (-9.450, -3.600), ( 931.650,  945.600)  893292.062
lambda:   3137.00 x 3164.00  (-31.50, -12.00), ( 3105.50,  3152.00)  9925469.00
internal:  94110 x 94920   (  -945, -360  ), ( 93165,  94560)  8932921200
