Qflow migration logfile created on Mon Jun 29 04:36:19 PM KST 2026
magic -dnull -noconsole  migrate_apple_1_WozMon_PIA.tcl

Magic 8.3 revision 659 - Compiled on Mon Jun  8 02:00:58 PM KST 2026.
Starting magic under Tcl interpreter
Using the terminal as the console.
Using NULL graphics device.
Processing system .magicrc file
Switching to WIRING tool.
Switching to NETLIST tool.
Switching to PICK tool.
Switching to BOX tool.
Input style lambda=0.30(p): scaleFactor=30, multiplier=1
Contact size value ignored (using GDS generation rules).
Contact size value ignored (using GDS generation rules).
Contact size value ignored (using GDS generation rules).
Contact size value ignored (using GDS generation rules).
Contact size value ignored (using GDS generation rules).
Contact size value ignored (using GDS generation rules).
The following types are not handled by extraction and will be treated as non-electrical types:
    n_field_implant p_field_implant nselect pselect glass filln filla fillb xp m1p m2p m3p comment bb 
2 Magic internal units = 1 Lambda
Loading "migrate_apple_1_WozMon_PIA.tcl" from command line.
Root cell box:
           width x height  (   llx,  lly  ), (   urx,  ury  )

microns:   0.000 x 0.000   ( 0.000,  0.000), ( 0.000,  0.000)
lambda:     0.00 x 0.00    (  0.00,  0.00 ), (  0.00,  0.00 )
internal:      0 x 0       (     0,  0    ), (     0,  0    )
Warning:  snap setting is also changing units.  This usage is deprecated
and may be removed in the future.  Use "units" to change units, and
change units before setting snap to keep this message from appearing.
Reading LEF data from file /usr/local/share/qflow/tech/etri050/etri050_stdcells.lef.
This action cannot be undone.
LEF read: Processed 3266 lines.
Reading DEF data from file apple_1_WozMon_PIA.def.
This action cannot be undone.
DEF read, Line 13 (Error): END statement out of context.
  Processed 16060 subcell instances total.
  Processed 58 pins total.
  Processed 2841 nets total.
DEF read, Line 51395 (Warning): Number of nets read (3) does not match the number declared (4).
DEF read: Processed 51397 lines.
DEF Read: encountered 1 error total.
DEF Read: encountered 1 warning total.
Generating LEF output apple_1_WozMon_PIA.lef for cell INVX8:
Diagnostic:  Writing LEF output for cell INVX8
Diagnostic:  Scale value is 0.150000
Extracting DFFSR into DFFSR.ext:
Extracting FILL into FILL.ext:
Extracting BUFX2 into BUFX2.ext:
Extracting INVX1 into INVX1.ext:
Extracting OAI21X1 into OAI21X1.ext:
Extracting NOR2X1 into NOR2X1.ext:
Extracting NAND2X1 into NAND2X1.ext:
Extracting NAND3X1 into NAND3X1.ext:
Extracting INVX2 into INVX2.ext:
Extracting CLKBUF1 into CLKBUF1.ext:
Extracting INVX8 into INVX8.ext:
Extracting AOI22X1 into AOI22X1.ext:
Extracting AOI21X1 into AOI21X1.ext:
Extracting DFFPOSX1 into DFFPOSX1.ext:
Extracting AND2X2 into AND2X2.ext:
Extracting OAI22X1 into OAI22X1.ext:
Extracting NOR3X1 into NOR3X1.ext:
Extracting OR2X2 into OR2X2.ext:
Extracting INVX4 into INVX4.ext:
Extracting MUX2X1 into MUX2X1.ext:
Extracting apple_1_WozMon_PIA into apple_1_WozMon_PIA.ext:
Processing apple_1_WozMon_PIA
exttospice finished.
Migration script ended on Mon Jun 29 04:36:22 PM KST 2026
