Qflow placement logfile created on Wed Jul 1 12:31:03 PM KST 2026
Restoring apple_1_WozMon_PIA.rtl.v, apple_1_WozMon_PIA.rtlnopwr.v, and apple_1_WozMon_PIA.rtlbb.v from pre-placement backups
Running vlog2Cel to generate input files for graywolf
vlog2Cel  -l  /usr/local/share/qflow/tech/etri050/etri050_stdcells.lef -u 100 -o /home/mychip/MyChip_Work/Projects/RTL/apple_1_WozMon_PIA/ETRI050/layout/apple_1_WozMon_PIA.cel /home/mychip/MyChip_Work/Projects/RTL/apple_1_WozMon_PIA/ETRI050/synthesis/apple_1_WozMon_PIA.rtlnopwr.v
No apple_1_WozMon_PIA.cel1 file found for project. . . no partial blockages to apply to layout.
Running decongest to set initial density of 0.55
decongest.tcl apple_1_WozMon_PIA  /usr/local/share/qflow/tech/etri050/etri050_stdcells.lef FILL,,, 0.55 --units=100 --lib=/usr/local/share/qflow/tech/etri050/etri05_stdcells.lib
Reading FILL {} {} {} macros from LEF file.
Unexpected input in LEF file:  Only macro defs were expected!
Line is:   NOWIREEXTENSIONATPIN ON ;
decongest.tcl:
Fixed density planning, density = 0.55
Number of cells = 2818, total width = 4801800
Width of fill = 3928745
Width of decap = 0
Width of antenna = 0
Width of body ties = 0

Done!
Preparing pin placement hints from apple_1_WozMon_PIA.cel2
Running GrayWolf placement
graywolf  apple_1_WozMon_PIA

twflow version:2.1 date:Mon May 25 21:15:08 EDT 1992
Authors: Bill Swartz, Carl Sechen
         Yale University

syntax version:v1.1 date:Mon May 25 21:11:10 EDT 1992
TimberWolf System Syntax Checker
Authors: Carl Sechen, Kai-Win Lee, Bill Swartz,
         Dahe Chen, and Jimmy Lam
         Yale University

Read   50 objects so far...
Read  100 objects so far...
Read  150 objects so far...
Read  200 objects so far...
Read  250 objects so far...
Read  300 objects so far...
Read  350 objects so far...
Read  400 objects so far...
Read  450 objects so far...
Read  500 objects so far...
Read  550 objects so far...
Read  600 objects so far...
Read  650 objects so far...
Read  700 objects so far...
Read  750 objects so far...
Read  800 objects so far...
Read  850 objects so far...
Read  900 objects so far...
Read  950 objects so far...
Read 1000 objects so far...
Read 1050 objects so far...
Read 1100 objects so far...
Read 1150 objects so far...
Read 1200 objects so far...
Read 1250 objects so far...
Read 1300 objects so far...
Read 1350 objects so far...
Read 1400 objects so far...
Read 1450 objects so far...
Read 1500 objects so far...
Read 1550 objects so far...
Read 1600 objects so far...
Read 1650 objects so far...
Read 1700 objects so far...
Read 1750 objects so far...
Read 1800 objects so far...
Read 1850 objects so far...
Read 1900 objects so far...
Read 1950 objects so far...
Read 2000 objects so far...
Read 2050 objects so far...
Read 2100 objects so far...
Read 2150 objects so far...
Read 2200 objects so far...
Read 2250 objects so far...
Read 2300 objects so far...
Read 2350 objects so far...
Read 2400 objects so far...
Read 2450 objects so far...
Read 2500 objects so far...
Read 2550 objects so far...
Read 2600 objects so far...
Read 2650 objects so far...
Read 2700 objects so far...
Read 2750 objects so far...
Read 2800 objects so far...
Read 2850 objects so far...
Read 2900 objects so far...
No syntax errors were found

syntax terminated normally with no errors and 0 warning[s]


----------------------------
Total stdcells     :2818
Total cell width   :8.73e+06
Total cell height  :1.01e+07
Total cell area    :3.14e+10
Total core area    :3.14e+10
Average cell height:3.60e+03


nocut - replacement for Mincut version:v1.0 date:Mon May 25 21:09:40 EDT 1992
TimberWolf System Floorplan Setup Program
Authors: Carl Sechen, Bill Swartz,
         Yale University

Read   50 objects so far...
Read  100 objects so far...
Read  150 objects so far...
Read  200 objects so far...
Read  250 objects so far...
Read  300 objects so far...
Read  350 objects so far...
Read  400 objects so far...
Read  450 objects so far...
Read  500 objects so far...
Read  550 objects so far...
Read  600 objects so far...
Read  650 objects so far...
Read  700 objects so far...
Read  750 objects so far...
Read  800 objects so far...
Read  850 objects so far...
Read  900 objects so far...
Read  950 objects so far...
Read 1000 objects so far...
Read 1050 objects so far...
Read 1100 objects so far...
Read 1150 objects so far...
Read 1200 objects so far...
Read 1250 objects so far...
Read 1300 objects so far...
Read 1350 objects so far...
Read 1400 objects so far...
Read 1450 objects so far...
Read 1500 objects so far...
Read 1550 objects so far...
Read 1600 objects so far...
Read 1650 objects so far...
Read 1700 objects so far...
Read 1750 objects so far...
Read 1800 objects so far...
Read 1850 objects so far...
Read 1900 objects so far...
Read 1950 objects so far...
Read 2000 objects so far...
Read 2050 objects so far...
Read 2100 objects so far...
Read 2150 objects so far...
Read 2200 objects so far...
Read 2250 objects so far...
Read 2300 objects so far...
Read 2350 objects so far...
Read 2400 objects so far...
Read 2450 objects so far...
Read 2500 objects so far...
Read 2550 objects so far...
Read 2600 objects so far...
Read 2650 objects so far...
Read 2700 objects so far...
Read 2750 objects so far...
Read 2800 objects so far...
Read 2850 objects so far...
Read 2900 objects so far...
Splitting apple_1_WozMon_PIA.cel into apple_1_WozMon_PIA.scel and apple_1_WozMon_PIA.mcel...
	done!


nocut - replacement for Mincut terminated normally with no errors and 0 warning[s]


TimberWolfMC version:v2.2 date:Mon May 25 21:18:34 EDT 1992
Authors: Carl Sechen, Bill Swartz, Kai-Win Lee
         Dahe Chen, and Jimmy Lam
         Yale University

config version:v1.0 date:Mon May 25 20:57:18 EDT 1992
Row configuration program
    Yale University


config switches:
	Graphics mode on
	config will inherit window



config terminated normally with no errors and 0 warning[s]


TimberWolfMC terminated normally with no errors and 0 warning[s]

WARNING[findcost]:Net <vdd> has 159 pins


TimberWolfSC switches:
	Graphics mode on
	TimberWolfSC will inherit window

TimberWolfSC version:v6.0 date:Mon May 25 21:19:07 EDT 1992
Row-Based Placement and Global Routing Program
Authors: Carl Sechen, Kai-Win Lee, and Bill Swartz,
         Yale University
  0 
  1   2   3   4   5   6   7   8   9  10  11  12  13  14  15 
 16  17  18  19  20  21  22  23  24  25  26  27  28  29  30 
 31  32  33  34  35  36  37  38  39  40  41  42  43  44  45 
 46  47  48  49  50  51  52  53  54  55  56  57  58  59  60 
 61  62  63  64  65  66  67  68  69  70  71  72  73  74  75 
 76  77  78  79  80  81  82  83  84  85  86  87  88  89  90 
 91  92  93  94  95  96  97  98  99 100 101 102 103 104 105 
106 107 108 109 110 111 112 113 114 115 116 117 118 119 120 
121 122 123 124 125 126 127 128 129 130 131 132 133 134 135 
136 137 138 139 140 141 142 143 144 145 146 147 148 149 150 
151 152 153 154 155 156 157 158 
 block left edge is at -299
 the longest block length is 283200
 building the steiner trees
 rebuilding the steiner tree

----start doing coarse global routing ------ 
 ITERATION  1
 ITERATION  2
 ITERATION  3
 ITERATION  4
 ITERATION  5
 ITERATION  6

  longest Row is:14   Its length is:282600
 doing feed-through pins assignment
 building the net-tree now !
 set up the global routing grids
 the starting value of tracks =  911
 tracks = 897 at attempts =  1000
 tracks = 884 at attempts =  2000
 tracks = 877 at attempts =  3000
 tracks = 875 at attempts =  4000
 tracks = 871 at attempts =  5000
 tracks = 869 at attempts =  6000
 tracks = 867 at attempts =  7000
 tracks = 864 at attempts =  8000
 tracks = 863 at attempts =  9000
 tracks = 861 at attempts = 10000
 tracks = 859 at attempts = 11000
 tracks = 859 at attempts = 12000
 tracks = 859 at attempts = 13000
 tracks = 858 at attempts = 14000
 tracks = 858 at attempts = 15000
 tracks = 858 at attempts = 16000
 tracks = 858 at attempts = 17000
 tracks = 858 at attempts = 18000
 tracks = 858 at attempts = 19000
 tracks = 858 at attempts = 20000
 tracks = 858 at attempts = 21000
 tracks = 858 at attempts = 22000
 tracks = 857 at attempts = 23000
 tracks = 857 at attempts = 24000
 tracks = 857 at attempts = 25000
 tracks = 857 at attempts = 26000
 tracks = 857 at attempts = 27000
 tracks = 857 at attempts = 28000
 tracks = 857 at attempts = 29000
 tracks = 857 at attempts = 30000
 tracks = 857 at attempts = 31000
 tracks = 857 at attempts = 32000
 tracks = 857 at attempts = 33000
 tracks = 857 at attempts = 34000
 tracks = 857 at attempts = 35000
 tracks = 857 at attempts = 36000
 tracks = 857 at attempts = 37000
 tracks = 857 at attempts = 38000
 tracks = 857 at attempts = 39000
 tracks = 857 at attempts = 40000
 tracks = 857 at attempts = 41000
 tracks = 857 at attempts = 42000
 tracks = 857 at attempts = 43000
 tracks = 857 at attempts = 44000
 tracks = 857 at attempts = 45000
 tracks = 857 at attempts = 46000
 tracks = 857 at attempts = 47000
 tracks = 857 at attempts = 48000
 tracks = 857 at attempts = 49000
 tracks = 857 at attempts = 50000
 tracks = 857 at attempts = 51000
 tracks = 857 at attempts = 52000
 tracks = 857 at attempts = 53000
 tracks = 857 at attempts = 54000
 tracks = 857 at attempts = 55000
 tracks = 857 at attempts = 56000
 tracks = 857 at attempts = 57000
 tracks = 857 at attempts = 58000
 tracks = 857 at attempts = 59000
 tracks = 857 at attempts = 60000
 tracks = 857 at attempts = 61000
 tracks = 857 at attempts = 62000
 tracks = 857 at attempts = 63000
 tracks = 857 at attempts = 64000
 tracks = 857 at attempts = 65000
 tracks = 857 at attempts = 66000
 tracks = 857 at attempts = 67000
 tracks = 857 at attempts = 68000
 tracks = 857 at attempts = 69000
 tracks = 857 at attempts = 70000
 tracks = 857 at attempts = 71000
 removing redundant feed-through pins
 the connectivity of all the nets is verified

 block left edge is at -299
 the longest block length is 283200
 building the steiner trees
 rebuilding the steiner tree

----start doing coarse global routing ------ 
 ITERATION  1
 ITERATION  2
 ITERATION  3
 ITERATION  4
 ITERATION  5
 ITERATION  6
 ITERATION  7
 ITERATION  8
 ITERATION  9

  longest Row is:12   Its length is:282900
 doing feed-through pins assignment
 building the net-tree now !
 set up the global routing grids
 the starting value of tracks =  962
 tracks = 954 at attempts =  1000
 tracks = 937 at attempts =  2000
 tracks = 928 at attempts =  3000
 tracks = 919 at attempts =  4000
 tracks = 916 at attempts =  5000
 tracks = 915 at attempts =  6000
 tracks = 915 at attempts =  7000
 tracks = 913 at attempts =  8000
 tracks = 912 at attempts =  9000
 tracks = 912 at attempts = 10000
 tracks = 912 at attempts = 11000
 tracks = 911 at attempts = 12000
 tracks = 910 at attempts = 13000
 tracks = 910 at attempts = 14000
 tracks = 910 at attempts = 15000
 tracks = 910 at attempts = 16000
 tracks = 909 at attempts = 17000
 tracks = 908 at attempts = 18000
 tracks = 908 at attempts = 19000
 tracks = 908 at attempts = 20000
 tracks = 908 at attempts = 21000
 tracks = 908 at attempts = 22000
 tracks = 908 at attempts = 23000
 tracks = 908 at attempts = 24000
 tracks = 908 at attempts = 25000
 tracks = 908 at attempts = 26000
 tracks = 908 at attempts = 27000
 tracks = 908 at attempts = 28000
 tracks = 908 at attempts = 29000
 tracks = 908 at attempts = 30000
 tracks = 908 at attempts = 31000
 tracks = 908 at attempts = 32000
 tracks = 908 at attempts = 33000
 tracks = 908 at attempts = 34000
 tracks = 908 at attempts = 35000
 tracks = 908 at attempts = 36000
 tracks = 908 at attempts = 37000
 tracks = 908 at attempts = 38000
 tracks = 908 at attempts = 39000
 tracks = 908 at attempts = 40000
 tracks = 908 at attempts = 41000
 tracks = 908 at attempts = 42000
 tracks = 908 at attempts = 43000
 tracks = 908 at attempts = 44000
 tracks = 908 at attempts = 45000
 tracks = 908 at attempts = 46000
 tracks = 908 at attempts = 47000
 tracks = 908 at attempts = 48000
 tracks = 908 at attempts = 49000
 tracks = 908 at attempts = 50000
 tracks = 908 at attempts = 51000
 tracks = 908 at attempts = 52000
 tracks = 908 at attempts = 53000
 tracks = 908 at attempts = 54000
 tracks = 908 at attempts = 55000
 tracks = 908 at attempts = 56000
 tracks = 908 at attempts = 57000
 tracks = 908 at attempts = 58000
 tracks = 908 at attempts = 59000
 tracks = 908 at attempts = 60000
 tracks = 908 at attempts = 61000
 tracks = 908 at attempts = 62000
 tracks = 908 at attempts = 63000
 tracks = 908 at attempts = 64000
 tracks = 908 at attempts = 65000
 tracks = 908 at attempts = 66000
 tracks = 908 at attempts = 67000
 tracks = 908 at attempts = 68000
 tracks = 908 at attempts = 69000
 tracks = 908 at attempts = 70000
 tracks = 908 at attempts = 71000
 removing redundant feed-through pins
 the connectivity of all the nets is verified

 block left edge is at -299
 the longest block length is 283200
 building the steiner trees
 rebuilding the steiner tree

----start doing coarse global routing ------ 
 ITERATION  1
 ITERATION  2
 ITERATION  3
 ITERATION  4
 ITERATION  5
 ITERATION  6
 ITERATION  7
 ITERATION  8
 ITERATION  9

  longest Row is:12   Its length is:283200
 doing feed-through pins assignment
 building the net-tree now !
 set up the global routing grids
 the starting value of tracks =  921
 tracks = 907 at attempts =  1000
 tracks = 891 at attempts =  2000
 tracks = 877 at attempts =  3000
 tracks = 874 at attempts =  4000
 tracks = 870 at attempts =  5000
 tracks = 866 at attempts =  6000
 tracks = 865 at attempts =  7000
 tracks = 863 at attempts =  8000
 tracks = 860 at attempts =  9000
 tracks = 859 at attempts = 10000
 tracks = 859 at attempts = 11000
 tracks = 859 at attempts = 12000
 tracks = 859 at attempts = 13000
 tracks = 859 at attempts = 14000
 tracks = 859 at attempts = 15000
 tracks = 859 at attempts = 16000
 tracks = 859 at attempts = 17000
 tracks = 859 at attempts = 18000
 tracks = 859 at attempts = 19000
 tracks = 859 at attempts = 20000
 tracks = 859 at attempts = 21000
 tracks = 859 at attempts = 22000
 tracks = 859 at attempts = 23000
 tracks = 859 at attempts = 24000
 tracks = 859 at attempts = 25000
 tracks = 859 at attempts = 26000
 tracks = 859 at attempts = 27000
 tracks = 859 at attempts = 28000
 tracks = 859 at attempts = 29000
 tracks = 859 at attempts = 30000
 tracks = 859 at attempts = 31000
 tracks = 859 at attempts = 32000
 tracks = 859 at attempts = 33000
 tracks = 859 at attempts = 34000
 tracks = 859 at attempts = 35000
 tracks = 859 at attempts = 36000
 tracks = 859 at attempts = 37000
 tracks = 859 at attempts = 38000
 tracks = 859 at attempts = 39000
 tracks = 859 at attempts = 40000
 tracks = 859 at attempts = 41000
 tracks = 859 at attempts = 42000
 tracks = 859 at attempts = 43000
 tracks = 859 at attempts = 44000
 tracks = 859 at attempts = 45000
 tracks = 859 at attempts = 46000
 tracks = 859 at attempts = 47000
 tracks = 859 at attempts = 48000
 tracks = 859 at attempts = 49000
 tracks = 859 at attempts = 50000
 tracks = 859 at attempts = 51000
 tracks = 859 at attempts = 52000
 tracks = 859 at attempts = 53000
 tracks = 859 at attempts = 54000
 tracks = 859 at attempts = 55000
 tracks = 859 at attempts = 56000
 tracks = 859 at attempts = 57000
 tracks = 859 at attempts = 58000
 tracks = 859 at attempts = 59000
 tracks = 859 at attempts = 60000
 tracks = 859 at attempts = 61000
 tracks = 859 at attempts = 62000
 tracks = 859 at attempts = 63000
 tracks = 859 at attempts = 64000
 tracks = 859 at attempts = 65000
 tracks = 859 at attempts = 66000
 tracks = 859 at attempts = 67000
 tracks = 859 at attempts = 68000
 tracks = 859 at attempts = 69000
 tracks = 859 at attempts = 70000
 tracks = 859 at attempts = 71000
 removing redundant feed-through pins
 the connectivity of all the nets is verified

 block left edge is at -299
 the longest block length is 283200
 building the steiner trees
 rebuilding the steiner tree

----start doing coarse global routing ------ 
 ITERATION  1

  longest Row is:24   Its length is:274200
 doing feed-through pins assignment
 building the net-tree now !
 set up the global routing grids
 the starting value of tracks =  579
 tracks = 579 at attempts =  1000
 tracks = 579 at attempts =  2000
 tracks = 579 at attempts =  3000
 tracks = 579 at attempts =  4000
 tracks = 579 at attempts =  5000
 tracks = 579 at attempts =  6000
 tracks = 579 at attempts =  7000
 tracks = 579 at attempts =  8000
 tracks = 579 at attempts =  9000
 tracks = 579 at attempts = 10000
 tracks = 579 at attempts = 11000
 tracks = 579 at attempts = 12000
 tracks = 579 at attempts = 13000
 tracks = 579 at attempts = 14000
 tracks = 579 at attempts = 15000
 tracks = 579 at attempts = 16000
 tracks = 579 at attempts = 17000
 tracks = 579 at attempts = 18000
 tracks = 579 at attempts = 19000
 tracks = 579 at attempts = 20000
 tracks = 579 at attempts = 21000
 tracks = 579 at attempts = 22000
 tracks = 579 at attempts = 23000
 tracks = 579 at attempts = 24000
 tracks = 579 at attempts = 25000
 tracks = 579 at attempts = 26000
 tracks = 579 at attempts = 27000
 tracks = 579 at attempts = 28000
 tracks = 579 at attempts = 29000
 tracks = 579 at attempts = 30000
 tracks = 579 at attempts = 31000
 tracks = 579 at attempts = 32000
 tracks = 579 at attempts = 33000
 tracks = 579 at attempts = 34000
 tracks = 579 at attempts = 35000
 tracks = 579 at attempts = 36000
 tracks = 579 at attempts = 37000
 tracks = 579 at attempts = 38000
 tracks = 579 at attempts = 39000
 tracks = 579 at attempts = 40000
 tracks = 579 at attempts = 41000
 tracks = 579 at attempts = 42000
 tracks = 579 at attempts = 43000
 tracks = 579 at attempts = 44000
 tracks = 579 at attempts = 45000
 tracks = 579 at attempts = 46000
 tracks = 579 at attempts = 47000
 tracks = 579 at attempts = 48000
 tracks = 579 at attempts = 49000
 tracks = 579 at attempts = 50000
 tracks = 579 at attempts = 51000
 tracks = 579 at attempts = 52000
 tracks = 579 at attempts = 53000
 tracks = 579 at attempts = 54000
 tracks = 579 at attempts = 55000
 tracks = 579 at attempts = 56000
 tracks = 579 at attempts = 57000
 tracks = 579 at attempts = 58000
 tracks = 579 at attempts = 59000
 tracks = 579 at attempts = 60000
 tracks = 579 at attempts = 61000
 tracks = 579 at attempts = 62000
 tracks = 579 at attempts = 63000
 tracks = 579 at attempts = 64000
 tracks = 579 at attempts = 65000
 tracks = 579 at attempts = 66000
 tracks = 579 at attempts = 67000
 tracks = 579 at attempts = 68000
 tracks = 579 at attempts = 69000
 tracks = 579 at attempts = 70000
 tracks = 579 at attempts = 71000
 removing redundant feed-through pins
 the connectivity of all the nets is verified

 block left edge is at -299
 the longest block length is 283200
 building the steiner trees
 rebuilding the steiner tree

----start doing coarse global routing ------ 
 ITERATION  1
 ITERATION  2
 ITERATION  3
 ITERATION  4
 ITERATION  5
 ITERATION  6
 ITERATION  7

  longest Row is:12   Its length is:283800
 doing feed-through pins assignment
 building the net-tree now !
 set up the global routing grids
 the starting value of tracks =  918
 tracks = 902 at attempts =  1000
 tracks = 890 at attempts =  2000
 tracks = 881 at attempts =  3000
 tracks = 877 at attempts =  4000
 tracks = 874 at attempts =  5000
 tracks = 871 at attempts =  6000
 tracks = 869 at attempts =  7000
 tracks = 867 at attempts =  8000
 tracks = 864 at attempts =  9000
 tracks = 864 at attempts = 10000
 tracks = 864 at attempts = 11000
 tracks = 864 at attempts = 12000
 tracks = 864 at attempts = 13000
 tracks = 864 at attempts = 14000
 tracks = 864 at attempts = 15000
 tracks = 864 at attempts = 16000
 tracks = 864 at attempts = 17000
 tracks = 864 at attempts = 18000
 tracks = 864 at attempts = 19000
 tracks = 864 at attempts = 20000
 tracks = 864 at attempts = 21000
 tracks = 864 at attempts = 22000
 tracks = 863 at attempts = 23000
 tracks = 863 at attempts = 24000
 tracks = 863 at attempts = 25000
 tracks = 863 at attempts = 26000
 tracks = 863 at attempts = 27000
 tracks = 863 at attempts = 28000
 tracks = 863 at attempts = 29000
 tracks = 863 at attempts = 30000
 tracks = 863 at attempts = 31000
 tracks = 863 at attempts = 32000
 tracks = 863 at attempts = 33000
 tracks = 863 at attempts = 34000
 tracks = 863 at attempts = 35000
 tracks = 863 at attempts = 36000
 tracks = 863 at attempts = 37000
 tracks = 863 at attempts = 38000
 tracks = 863 at attempts = 39000
 tracks = 863 at attempts = 40000
 tracks = 863 at attempts = 41000
 tracks = 863 at attempts = 42000
 tracks = 863 at attempts = 43000
 tracks = 863 at attempts = 44000
 tracks = 863 at attempts = 45000
 tracks = 863 at attempts = 46000
 tracks = 863 at attempts = 47000
 tracks = 863 at attempts = 48000
 tracks = 863 at attempts = 49000
 tracks = 863 at attempts = 50000
 tracks = 863 at attempts = 51000
 tracks = 863 at attempts = 52000
 tracks = 863 at attempts = 53000
 tracks = 863 at attempts = 54000
 tracks = 863 at attempts = 55000
 tracks = 863 at attempts = 56000
 tracks = 863 at attempts = 57000
 tracks = 863 at attempts = 58000
 tracks = 863 at attempts = 59000
 tracks = 863 at attempts = 60000
 tracks = 863 at attempts = 61000
 tracks = 863 at attempts = 62000
 tracks = 863 at attempts = 63000
 tracks = 863 at attempts = 64000
 tracks = 863 at attempts = 65000
 tracks = 863 at attempts = 66000
 tracks = 863 at attempts = 67000
 tracks = 863 at attempts = 68000
 tracks = 863 at attempts = 69000
 tracks = 863 at attempts = 70000
 tracks = 863 at attempts = 71000
 removing redundant feed-through pins
 the connectivity of all the nets is verified

 block left edge is at -299
 the longest block length is 283200
 building the steiner trees
 rebuilding the steiner tree

----start doing coarse global routing ------ 
 ITERATION  1
 ITERATION  2
 ITERATION  3
 ITERATION  4
 ITERATION  5
 ITERATION  6
 ITERATION  7
 ITERATION  8
 ITERATION  9
 ITERATION 10

  longest Row is:17   Its length is:284100
 doing feed-through pins assignment
 building the net-tree now !
 set up the global routing grids
 the starting value of tracks =  903
 tracks = 893 at attempts =  1000
 tracks = 884 at attempts =  2000
 tracks = 879 at attempts =  3000
 tracks = 872 at attempts =  4000
 tracks = 869 at attempts =  5000
 tracks = 865 at attempts =  6000
 tracks = 863 at attempts =  7000
 tracks = 863 at attempts =  8000
 tracks = 862 at attempts =  9000
 tracks = 861 at attempts = 10000
 tracks = 860 at attempts = 11000
 tracks = 859 at attempts = 12000
 tracks = 859 at attempts = 13000
 tracks = 859 at attempts = 14000
 tracks = 859 at attempts = 15000
 tracks = 859 at attempts = 16000
 tracks = 859 at attempts = 17000
 tracks = 859 at attempts = 18000
 tracks = 859 at attempts = 19000
 tracks = 859 at attempts = 20000
 tracks = 859 at attempts = 21000
 tracks = 859 at attempts = 22000
 tracks = 859 at attempts = 23000
 tracks = 859 at attempts = 24000
 tracks = 859 at attempts = 25000
 tracks = 859 at attempts = 26000
 tracks = 859 at attempts = 27000
 tracks = 859 at attempts = 28000
 tracks = 859 at attempts = 29000
 tracks = 859 at attempts = 30000
 tracks = 859 at attempts = 31000
 tracks = 858 at attempts = 32000
 tracks = 858 at attempts = 33000
 tracks = 858 at attempts = 34000
 tracks = 858 at attempts = 35000
 tracks = 858 at attempts = 36000
 tracks = 858 at attempts = 37000
 tracks = 858 at attempts = 38000
 tracks = 858 at attempts = 39000
 tracks = 858 at attempts = 40000
 tracks = 858 at attempts = 41000
 tracks = 858 at attempts = 42000
 tracks = 858 at attempts = 43000
 tracks = 858 at attempts = 44000
 tracks = 858 at attempts = 45000
 tracks = 858 at attempts = 46000
 tracks = 858 at attempts = 47000
 tracks = 858 at attempts = 48000
 tracks = 858 at attempts = 49000
 tracks = 858 at attempts = 50000
 tracks = 858 at attempts = 51000
 tracks = 858 at attempts = 52000
 tracks = 858 at attempts = 53000
 tracks = 858 at attempts = 54000
 tracks = 858 at attempts = 55000
 tracks = 858 at attempts = 56000
 tracks = 858 at attempts = 57000
 tracks = 858 at attempts = 58000
 tracks = 858 at attempts = 59000
 tracks = 858 at attempts = 60000
 tracks = 858 at attempts = 61000
 tracks = 858 at attempts = 62000
 tracks = 858 at attempts = 63000
 tracks = 858 at attempts = 64000
 tracks = 858 at attempts = 65000
 tracks = 858 at attempts = 66000
 tracks = 858 at attempts = 67000
 tracks = 858 at attempts = 68000
 tracks = 858 at attempts = 69000
 tracks = 858 at attempts = 70000
 tracks = 858 at attempts = 71000
 removing redundant feed-through pins
 the connectivity of all the nets is verified

 block left edge is at -299
 the longest block length is 283200
 building the steiner trees
 rebuilding the steiner tree

----start doing coarse global routing ------ 
 ITERATION  1
 ITERATION  2
 ITERATION  3
 ITERATION  4
 ITERATION  5
 ITERATION  6

  longest Row is:17   Its length is:283200
 doing feed-through pins assignment
 building the net-tree now !
 set up the global routing grids
 the starting value of tracks =  931
 tracks = 911 at attempts =  1000
 tracks = 896 at attempts =  2000
 tracks = 888 at attempts =  3000
 tracks = 879 at attempts =  4000
 tracks = 874 at attempts =  5000
 tracks = 871 at attempts =  6000
 tracks = 870 at attempts =  7000
 tracks = 870 at attempts =  8000
 tracks = 869 at attempts =  9000
 tracks = 868 at attempts = 10000
 tracks = 868 at attempts = 11000
 tracks = 864 at attempts = 12000
 tracks = 864 at attempts = 13000
 tracks = 863 at attempts = 14000
 tracks = 863 at attempts = 15000
 tracks = 863 at attempts = 16000
 tracks = 863 at attempts = 17000
 tracks = 863 at attempts = 18000
 tracks = 863 at attempts = 19000
 tracks = 863 at attempts = 20000
 tracks = 863 at attempts = 21000
 tracks = 863 at attempts = 22000
 tracks = 862 at attempts = 23000
 tracks = 861 at attempts = 24000
 tracks = 861 at attempts = 25000
 tracks = 861 at attempts = 26000
 tracks = 861 at attempts = 27000
 tracks = 861 at attempts = 28000
 tracks = 861 at attempts = 29000
 tracks = 861 at attempts = 30000
 tracks = 861 at attempts = 31000
 tracks = 861 at attempts = 32000
 tracks = 861 at attempts = 33000
 tracks = 861 at attempts = 34000
 tracks = 861 at attempts = 35000
 tracks = 861 at attempts = 36000
 tracks = 861 at attempts = 37000
 tracks = 861 at attempts = 38000
 tracks = 861 at attempts = 39000
 tracks = 861 at attempts = 40000
 tracks = 861 at attempts = 41000
 tracks = 861 at attempts = 42000
 tracks = 861 at attempts = 43000
 tracks = 861 at attempts = 44000
 tracks = 861 at attempts = 45000
 tracks = 861 at attempts = 46000
 tracks = 861 at attempts = 47000
 tracks = 861 at attempts = 48000
 tracks = 861 at attempts = 49000
 tracks = 861 at attempts = 50000
 tracks = 861 at attempts = 51000
 tracks = 861 at attempts = 52000
 tracks = 861 at attempts = 53000
 tracks = 861 at attempts = 54000
 tracks = 861 at attempts = 55000
 tracks = 861 at attempts = 56000
 tracks = 861 at attempts = 57000
 tracks = 861 at attempts = 58000
 tracks = 861 at attempts = 59000
 tracks = 861 at attempts = 60000
 tracks = 861 at attempts = 61000
 tracks = 861 at attempts = 62000
 tracks = 861 at attempts = 63000
 tracks = 861 at attempts = 64000
 tracks = 861 at attempts = 65000
 tracks = 861 at attempts = 66000
 tracks = 861 at attempts = 67000
 tracks = 861 at attempts = 68000
 tracks = 861 at attempts = 69000
 tracks = 861 at attempts = 70000
 tracks = 861 at attempts = 71000
 removing redundant feed-through pins
 the connectivity of all the nets is verified

 block left edge is at -299
 the longest block length is 283200
 building the steiner trees
 rebuilding the steiner tree

----start doing coarse global routing ------ 
 ITERATION  1

  longest Row is:24   Its length is:274200
 doing feed-through pins assignment
 building the net-tree now !
 set up the global routing grids
 the starting value of tracks =  582
 tracks = 581 at attempts =  1000
 tracks = 581 at attempts =  2000
 tracks = 581 at attempts =  3000
 tracks = 580 at attempts =  4000
 tracks = 580 at attempts =  5000
 tracks = 580 at attempts =  6000
 tracks = 580 at attempts =  7000
 tracks = 580 at attempts =  8000
 tracks = 580 at attempts =  9000
 tracks = 580 at attempts = 10000
 tracks = 580 at attempts = 11000
 tracks = 580 at attempts = 12000
 tracks = 580 at attempts = 13000
 tracks = 580 at attempts = 14000
 tracks = 580 at attempts = 15000
 tracks = 580 at attempts = 16000
 tracks = 580 at attempts = 17000
 tracks = 580 at attempts = 18000
 tracks = 580 at attempts = 19000
 tracks = 580 at attempts = 20000
 tracks = 580 at attempts = 21000
 tracks = 580 at attempts = 22000
 tracks = 580 at attempts = 23000
 tracks = 580 at attempts = 24000
 tracks = 580 at attempts = 25000
 tracks = 580 at attempts = 26000
 tracks = 580 at attempts = 27000
 tracks = 580 at attempts = 28000
 tracks = 580 at attempts = 29000
 tracks = 580 at attempts = 30000
 tracks = 580 at attempts = 31000
 tracks = 580 at attempts = 32000
 tracks = 580 at attempts = 33000
 tracks = 580 at attempts = 34000
 tracks = 580 at attempts = 35000
 tracks = 580 at attempts = 36000
 tracks = 580 at attempts = 37000
 tracks = 580 at attempts = 38000
 tracks = 580 at attempts = 39000
 tracks = 580 at attempts = 40000
 tracks = 580 at attempts = 41000
 tracks = 580 at attempts = 42000
 tracks = 580 at attempts = 43000
 tracks = 580 at attempts = 44000
 tracks = 580 at attempts = 45000
 tracks = 580 at attempts = 46000
 tracks = 580 at attempts = 47000
 tracks = 580 at attempts = 48000
 tracks = 580 at attempts = 49000
 tracks = 580 at attempts = 50000
 tracks = 580 at attempts = 51000
 tracks = 580 at attempts = 52000
 tracks = 580 at attempts = 53000
 tracks = 580 at attempts = 54000
 tracks = 580 at attempts = 55000
 tracks = 580 at attempts = 56000
 tracks = 580 at attempts = 57000
 tracks = 580 at attempts = 58000
 tracks = 580 at attempts = 59000
 tracks = 580 at attempts = 60000
 tracks = 580 at attempts = 61000
 tracks = 580 at attempts = 62000
 tracks = 580 at attempts = 63000
 tracks = 580 at attempts = 64000
 tracks = 580 at attempts = 65000
 tracks = 580 at attempts = 66000
 tracks = 580 at attempts = 67000
 tracks = 580 at attempts = 68000
 tracks = 580 at attempts = 69000
 tracks = 580 at attempts = 70000
 tracks = 580 at attempts = 71000
 removing redundant feed-through pins
 the connectivity of all the nets is verified


***********************************************
*ACTUAL* FINAL NUMBER OF ROUTING TRACKS: 579
***********************************************


TimberWolfSC terminated normally with no errors and 1 warning[s]


twflow terminated normally with no errors and 0 warning[s]

Running getantennacell to determine cell to use for antenna anchors.
getantennacell.tcl apple_1_WozMon_PIA  /usr/local/share/qflow/tech/etri050/etri050_stdcells.lef 
Running getfillcell to determine cell to use for fill.
getfillcell.tcl apple_1_WozMon_PIA  /usr/local/share/qflow/tech/etri050/etri050_stdcells.lef FILL
Using cell FILL for fill
Running place2def to translate graywolf output to DEF format.
place2def.tcl apple_1_WozMon_PIA FILL 
Running place2def.tcl
DEF database: 100 units per micron
Limits: xbot = -299 ybot = -795.0 xtop = 273901 ytop = 115695.0
Core values: 150 150 274350 115350
Offsets: 150 150
3 routing layers
389 horizontal tracks from -600.0 to 116100.0 step 300 (M1, M3, ...)
915 vertical tracks from 0.0 to 274500.0 step 300 (M2, M4, ...)
Summary: Total components = 15914
  Fill cells  = 13096
  Other cells = 2818
Done with place2def.tcl
Running addspacers to generate power stripes and align cell right edge
addspacers -stripe 8 225 PG  -p vdd -g gnd -f FILL -O   -l  /usr/local/share/qflow/tech/etri050/etri050_stdcells.lef -o apple_1_WozMon_PIA_filled.def apple_1_WozMon_PIA
Warning:  Stretching requested, but not applicable.
Stripe width requested = 8, stripe width used = 9
Will not generate over-cell power stripes due to lack of route layers
Generating comb structures instead.
Initial core layout: (150 150) to (274350 115350) (scale um * 100)
Running arrangepins to adjust pin positions for optimal routing.
arrangepins.tcl  apple_1_WozMon_PIA
Reading info file apple_1_WozMon_PIA.info. . .
Reading DEF file apple_1_WozMon_PIA.def. . .
Recalculating pin positions
Writing DEF file apple_1_WozMon_PIA_mod.def. . .
Done with arrangepins.tcl
DEF2Verilog -v /home/mychip/MyChip_Work/Projects/RTL/apple_1_WozMon_PIA/ETRI050/synthesis/apple_1_WozMon_PIA.rtlnopwr.v -o /home/mychip/MyChip_Work/Projects/RTL/apple_1_WozMon_PIA/ETRI050/synthesis/apple_1_WozMon_PIA_anno.v
-p vdd -g gnd  -l  /usr/local/share/qflow/tech/etri050/etri050_stdcells.lef apple_1_WozMon_PIA.def

Generating RTL verilog and SPICE netlist file in directory
   /home/mychip/MyChip_Work/Projects/RTL/apple_1_WozMon_PIA/ETRI050/synthesis
Files:
   Verilog: /home/mychip/MyChip_Work/Projects/RTL/apple_1_WozMon_PIA/ETRI050/synthesis/apple_1_WozMon_PIA.rtl.v
   Verilog: /home/mychip/MyChip_Work/Projects/RTL/apple_1_WozMon_PIA/ETRI050/synthesis/apple_1_WozMon_PIA.rtlnopwr.v
   Verilog: /home/mychip/MyChip_Work/Projects/RTL/apple_1_WozMon_PIA/ETRI050/synthesis/apple_1_WozMon_PIA.rtlbb.v
   Spice:   /home/mychip/MyChip_Work/Projects/RTL/apple_1_WozMon_PIA/ETRI050/synthesis/apple_1_WozMon_PIA.spc

Running vlog2Verilog.
vlog2Verilog -c -v vdd -g gnd -o apple_1_WozMon_PIA.rtl.v apple_1_WozMon_PIA_anno.v
vlog2Verilog -c -p -v vdd -g gnd -o apple_1_WozMon_PIA.rtlnopwr.v apple_1_WozMon_PIA_anno.v
vlog2Verilog -c -b -p -n -v vdd -g gnd -o apple_1_WozMon_PIA.rtlbb.v apple_1_WozMon_PIA_anno.v
Running vlog2Spice.
vlog2Spice -i -l  /usr/local/share/qflow/tech/etri050/etri050_stdcells.sp -o apple_1_WozMon_PIA.spc apple_1_WozMon_PIA.rtl.v
Warning:  No SPICE subcircuit for FILL.  Pin order will be arbitrary.
Placement script ended on Wed Jul 1 12:31:47 PM KST 2026
