26 nets failed to route:
 _1290_
 \u_fir.grp_fir_Pipeline_SHIFTER_LOOP_fu_63.shift_reg_address1\[2]
 _1238_
 vdd
 _336_
 _583_
 \u_fir.grp_fir_Pipeline_MACC_LOOP_fu_71.mac_muladd_8ns_6ns_16ns_16_4_1_U3.fir_mac_muladd_8ns_6ns_16ns_16_4_1_DSP48_0_U.a_reg\[5]
 _571_
 _509_
 _608_
 clk_bF$buf12
 \u_fir.grp_fir_Pipeline_SHIFTER_LOOP_fu_63.shift_reg_d1\[4]
 \u_fir.shift_reg_U.ram[1]\[4]
 \u_fir.shift_reg_U.we1\
 \u_fir.shift_reg_U.ce1\
 _1159_
 _1113_
 _1082_
 _1359_
 _1076_
 _1143_
 \u_fir.grp_fir_Pipeline_SHIFTER_LOOP_fu_63.shift_reg_d1\[0]
 _1205_
 _1175_
 _1262_
 _1160_
