Qflow placement logfile created on Mon 23 Sep 2024 07:55:46 AM KST
Restoring cpu.rtl.v, cpu.rtlnopwr.v, and cpu.rtlbb.v from pre-placement backups
Running vlog2Cel to generate input files for graywolf
vlog2Cel  -l  /usr/local/share/qflow/tech/etri050/etri050_stdcells.lef -u 100 -o /home/goodkook/ETRI050_DesignKit/Ref_Design/CPU_6502/layout/cpu.cel /home/goodkook/ETRI050_DesignKit/Ref_Design/CPU_6502/synthesis/cpu.rtlnopwr.v
No cpu.cel1 file found for project. . . no partial blockages to apply to layout.
Running decongest to set initial density of 0.41
decongest.tcl cpu  /usr/local/share/qflow/tech/etri050/etri050_stdcells.lef FILL,,, 0.41 --units=100 --lib=/usr/local/share/qflow/tech/etri050/etri05_stdcells.lib
Reading FILL {} {} {} macros from LEF file.
Unexpected input in LEF file:  Only macro defs were expected!
Line is:   NOWIREEXTENSIONATPIN ON ;
decongest.tcl:
Fixed density planning, density = 0.41
Number of cells = 2014, total width = 3537000
Width of fill = 5089829
Width of decap = 0
Width of antenna = 0
Width of body ties = 0

Done!
Preparing pin placement hints from cpu.cel2
Running GrayWolf placement
graywolf  cpu

twflow version:2.1 date:Mon May 25 21:15:08 EDT 1992
Authors: Bill Swartz, Carl Sechen
         Yale University

syntax version:v1.1 date:Mon May 25 21:11:10 EDT 1992
TimberWolf System Syntax Checker
Authors: Carl Sechen, Kai-Win Lee, Bill Swartz,
         Dahe Chen, and Jimmy Lam
         Yale University

Read   50 objects so far...
Read  100 objects so far...
Read  150 objects so far...
Read  200 objects so far...
Read  250 objects so far...
Read  300 objects so far...
Read  350 objects so far...
Read  400 objects so far...
Read  450 objects so far...
Read  500 objects so far...
Read  550 objects so far...
Read  600 objects so far...
Read  650 objects so far...
Read  700 objects so far...
Read  750 objects so far...
Read  800 objects so far...
Read  850 objects so far...
Read  900 objects so far...
Read  950 objects so far...
Read 1000 objects so far...
Read 1050 objects so far...
Read 1100 objects so far...
Read 1150 objects so far...
Read 1200 objects so far...
Read 1250 objects so far...
Read 1300 objects so far...
Read 1350 objects so far...
Read 1400 objects so far...
Read 1450 objects so far...
Read 1500 objects so far...
Read 1550 objects so far...
Read 1600 objects so far...
Read 1650 objects so far...
Read 1700 objects so far...
Read 1750 objects so far...
Read 1800 objects so far...
Read 1850 objects so far...
Read 1900 objects so far...
Read 1950 objects so far...
Read 2000 objects so far...
Read 2050 objects so far...
No syntax errors were found

syntax terminated normally with no errors and 0 warning[s]


----------------------------
Total stdcells     :2014
Total cell width   :8.63e+06
Total cell height  :7.85e+06
Total cell area    :3.36e+10
Total core area    :3.36e+10
Average cell height:3.90e+03


nocut - replacement for Mincut version:v1.0 date:Mon May 25 21:09:40 EDT 1992
TimberWolf System Floorplan Setup Program
Authors: Carl Sechen, Bill Swartz,
         Yale University

Read   50 objects so far...
Read  100 objects so far...
Read  150 objects so far...
Read  200 objects so far...
Read  250 objects so far...
Read  300 objects so far...
Read  350 objects so far...
Read  400 objects so far...
Read  450 objects so far...
Read  500 objects so far...
Read  550 objects so far...
Read  600 objects so far...
Read  650 objects so far...
Read  700 objects so far...
Read  750 objects so far...
Read  800 objects so far...
Read  850 objects so far...
Read  900 objects so far...
Read  950 objects so far...
Read 1000 objects so far...
Read 1050 objects so far...
Read 1100 objects so far...
Read 1150 objects so far...
Read 1200 objects so far...
Read 1250 objects so far...
Read 1300 objects so far...
Read 1350 objects so far...
Read 1400 objects so far...
Read 1450 objects so far...
Read 1500 objects so far...
Read 1550 objects so far...
Read 1600 objects so far...
Read 1650 objects so far...
Read 1700 objects so far...
Read 1750 objects so far...
Read 1800 objects so far...
Read 1850 objects so far...
Read 1900 objects so far...
Read 1950 objects so far...
Read 2000 objects so far...
Read 2050 objects so far...
Splitting cpu.cel into cpu.scel and cpu.mcel...
	done!


nocut - replacement for Mincut terminated normally with no errors and 0 warning[s]


TimberWolfMC version:v2.2 date:Mon May 25 21:18:34 EDT 1992
Authors: Carl Sechen, Bill Swartz, Kai-Win Lee
         Dahe Chen, and Jimmy Lam
         Yale University

config version:v1.0 date:Mon May 25 20:57:18 EDT 1992
Row configuration program
    Yale University


config switches:
	Graphics mode on
	config will inherit window



config terminated normally with no errors and 0 warning[s]


TimberWolfMC terminated normally with no errors and 0 warning[s]

WARNING[findcost]:Net <vdd> has 135 pins


TimberWolfSC switches:
	Graphics mode on
	TimberWolfSC will inherit window

TimberWolfSC version:v6.0 date:Mon May 25 21:19:07 EDT 1992
Row-Based Placement and Global Routing Program
Authors: Carl Sechen, Kai-Win Lee, and Bill Swartz,
         Yale University
  0 
  1   2   3   4   5   6   7   8   9  10  11  12  13  14  15 
 16  17  18  19  20  21  22  23  24  25  26  27  28  29  30 
 31  32  33  34  35  36  37  38  39  40  41  42  43  44  45 
 46  47  48  49  50  51  52  53  54  55  56  57  58  59  60 
 61  62  63  64  65  66  67  68  69  70  71  72  73  74  75 
 76  77  78  79  80  81  82  83  84  85  86  87  88  89  90 
 91  92  93  94  95  96  97  98  99 100 101 102 103 104 105 
106 107 108 109 110 111 112 113 114 115 116 117 118 119 120 
121 122 123 124 125 126 127 128 129 130 131 132 133 134 135 
136 137 138 139 140 141 142 143 144 145 146 147 148 149 150 
151 152 153 154 155 156 157 158 
 block left edge is at -299
 the longest block length is 187800
 building the steiner trees
 rebuilding the steiner tree

----start doing coarse global routing ------ 
 ITERATION  1
 ITERATION  2
 ITERATION  3
 ITERATION  4
 ITERATION  5
 ITERATION  6
 ITERATION  7
 ITERATION  8
 ITERATION  9
 ITERATION 10
 ITERATION 11

  longest Row is:14   Its length is:205500
 doing feed-through pins assignment
 building the net-tree now !
 set up the global routing grids
 the starting value of tracks = 1178
 tracks = 1164 at attempts =  1000
 tracks = 1148 at attempts =  2000
 tracks = 1141 at attempts =  3000
 tracks = 1138 at attempts =  4000
 tracks = 1135 at attempts =  5000
 tracks = 1135 at attempts =  6000
 tracks = 1128 at attempts =  7000
 tracks = 1127 at attempts =  8000
 tracks = 1127 at attempts =  9000
 tracks = 1127 at attempts = 10000
 tracks = 1127 at attempts = 11000
 tracks = 1127 at attempts = 12000
 tracks = 1127 at attempts = 13000
 tracks = 1127 at attempts = 14000
 tracks = 1127 at attempts = 15000
 tracks = 1127 at attempts = 16000
 tracks = 1127 at attempts = 17000
 tracks = 1127 at attempts = 18000
 tracks = 1127 at attempts = 19000
 tracks = 1127 at attempts = 20000
 tracks = 1127 at attempts = 21000
 tracks = 1127 at attempts = 22000
 tracks = 1127 at attempts = 23000
 tracks = 1127 at attempts = 24000
 tracks = 1127 at attempts = 25000
 tracks = 1127 at attempts = 26000
 tracks = 1127 at attempts = 27000
 tracks = 1127 at attempts = 28000
 tracks = 1127 at attempts = 29000
 tracks = 1127 at attempts = 30000
 tracks = 1127 at attempts = 31000
 tracks = 1127 at attempts = 32000
 tracks = 1127 at attempts = 33000
 tracks = 1127 at attempts = 34000
 tracks = 1127 at attempts = 35000
 tracks = 1127 at attempts = 36000
 tracks = 1127 at attempts = 37000
 tracks = 1127 at attempts = 38000
 tracks = 1127 at attempts = 39000
 tracks = 1127 at attempts = 40000
 tracks = 1127 at attempts = 41000
 tracks = 1127 at attempts = 42000
 tracks = 1127 at attempts = 43000
 tracks = 1127 at attempts = 44000
 tracks = 1127 at attempts = 45000
 tracks = 1127 at attempts = 46000
 tracks = 1127 at attempts = 47000
 tracks = 1127 at attempts = 48000
 tracks = 1127 at attempts = 49000
 tracks = 1127 at attempts = 50000
 removing redundant feed-through pins
 the connectivity of all the nets is verified

 block left edge is at -299
 the longest block length is 187800
 building the steiner trees
 rebuilding the steiner tree

----start doing coarse global routing ------ 
 ITERATION  1
 ITERATION  2
 ITERATION  3
 ITERATION  4
 ITERATION  5
 ITERATION  6
 ITERATION  7

  longest Row is:14   Its length is:206700
 doing feed-through pins assignment
 building the net-tree now !
 set up the global routing grids
 the starting value of tracks = 1189
 tracks = 1174 at attempts =  1000
 tracks = 1160 at attempts =  2000
 tracks = 1154 at attempts =  3000
 tracks = 1151 at attempts =  4000
 tracks = 1149 at attempts =  5000
 tracks = 1147 at attempts =  6000
 tracks = 1147 at attempts =  7000
 tracks = 1146 at attempts =  8000
 tracks = 1145 at attempts =  9000
 tracks = 1145 at attempts = 10000
 tracks = 1145 at attempts = 11000
 tracks = 1145 at attempts = 12000
 tracks = 1145 at attempts = 13000
 tracks = 1145 at attempts = 14000
 tracks = 1145 at attempts = 15000
 tracks = 1145 at attempts = 16000
 tracks = 1145 at attempts = 17000
 tracks = 1145 at attempts = 18000
 tracks = 1145 at attempts = 19000
 tracks = 1145 at attempts = 20000
 tracks = 1145 at attempts = 21000
 tracks = 1145 at attempts = 22000
 tracks = 1145 at attempts = 23000
 tracks = 1145 at attempts = 24000
 tracks = 1145 at attempts = 25000
 tracks = 1145 at attempts = 26000
 tracks = 1145 at attempts = 27000
 tracks = 1145 at attempts = 28000
 tracks = 1145 at attempts = 29000
 tracks = 1145 at attempts = 30000
 tracks = 1145 at attempts = 31000
 tracks = 1145 at attempts = 32000
 tracks = 1145 at attempts = 33000
 tracks = 1145 at attempts = 34000
 tracks = 1145 at attempts = 35000
 tracks = 1145 at attempts = 36000
 tracks = 1145 at attempts = 37000
 tracks = 1145 at attempts = 38000
 tracks = 1145 at attempts = 39000
 tracks = 1145 at attempts = 40000
 tracks = 1145 at attempts = 41000
 tracks = 1145 at attempts = 42000
 tracks = 1145 at attempts = 43000
 tracks = 1145 at attempts = 44000
 tracks = 1145 at attempts = 45000
 tracks = 1145 at attempts = 46000
 tracks = 1145 at attempts = 47000
 tracks = 1145 at attempts = 48000
 tracks = 1145 at attempts = 49000
 tracks = 1145 at attempts = 50000
 removing redundant feed-through pins
 the connectivity of all the nets is verified

 block left edge is at -299
 the longest block length is 187800
 building the steiner trees
 rebuilding the steiner tree

----start doing coarse global routing ------ 
 ITERATION  1
 ITERATION  2
 ITERATION  3
 ITERATION  4
 ITERATION  5
 ITERATION  6
 ITERATION  7
 ITERATION  8
 ITERATION  9

  longest Row is:14   Its length is:206400
 doing feed-through pins assignment
 building the net-tree now !
 set up the global routing grids
 the starting value of tracks = 1216
 tracks = 1187 at attempts =  1000
 tracks = 1182 at attempts =  2000
 tracks = 1177 at attempts =  3000
 tracks = 1172 at attempts =  4000
 tracks = 1170 at attempts =  5000
 tracks = 1169 at attempts =  6000
 tracks = 1169 at attempts =  7000
 tracks = 1168 at attempts =  8000
 tracks = 1167 at attempts =  9000
 tracks = 1167 at attempts = 10000
 tracks = 1167 at attempts = 11000
 tracks = 1166 at attempts = 12000
 tracks = 1166 at attempts = 13000
 tracks = 1166 at attempts = 14000
 tracks = 1166 at attempts = 15000
 tracks = 1166 at attempts = 16000
 tracks = 1166 at attempts = 17000
 tracks = 1166 at attempts = 18000
 tracks = 1166 at attempts = 19000
 tracks = 1166 at attempts = 20000
 tracks = 1166 at attempts = 21000
 tracks = 1166 at attempts = 22000
 tracks = 1166 at attempts = 23000
 tracks = 1166 at attempts = 24000
 tracks = 1166 at attempts = 25000
 tracks = 1166 at attempts = 26000
 tracks = 1166 at attempts = 27000
 tracks = 1166 at attempts = 28000
 tracks = 1166 at attempts = 29000
 tracks = 1166 at attempts = 30000
 tracks = 1166 at attempts = 31000
 tracks = 1166 at attempts = 32000
 tracks = 1166 at attempts = 33000
 tracks = 1166 at attempts = 34000
 tracks = 1166 at attempts = 35000
 tracks = 1166 at attempts = 36000
 tracks = 1166 at attempts = 37000
 tracks = 1166 at attempts = 38000
 tracks = 1166 at attempts = 39000
 tracks = 1166 at attempts = 40000
 tracks = 1166 at attempts = 41000
 tracks = 1166 at attempts = 42000
 tracks = 1166 at attempts = 43000
 tracks = 1166 at attempts = 44000
 tracks = 1166 at attempts = 45000
 tracks = 1166 at attempts = 46000
 tracks = 1166 at attempts = 47000
 tracks = 1166 at attempts = 48000
 tracks = 1166 at attempts = 49000
 tracks = 1166 at attempts = 50000
 removing redundant feed-through pins
 the connectivity of all the nets is verified

 block left edge is at -299
 the longest block length is 187800
 building the steiner trees
 rebuilding the steiner tree

----start doing coarse global routing ------ 
 ITERATION  1
 ITERATION  2

  longest Row is:14   Its length is:197700
 doing feed-through pins assignment
 building the net-tree now !
 set up the global routing grids
 the starting value of tracks = 1071
 tracks = 1071 at attempts =  1000
 tracks = 1070 at attempts =  2000
 tracks = 1070 at attempts =  3000
 tracks = 1070 at attempts =  4000
 tracks = 1070 at attempts =  5000
 tracks = 1070 at attempts =  6000
 tracks = 1070 at attempts =  7000
 tracks = 1070 at attempts =  8000
 tracks = 1070 at attempts =  9000
 tracks = 1070 at attempts = 10000
 tracks = 1070 at attempts = 11000
 tracks = 1070 at attempts = 12000
 tracks = 1070 at attempts = 13000
 tracks = 1070 at attempts = 14000
 tracks = 1070 at attempts = 15000
 tracks = 1070 at attempts = 16000
 tracks = 1070 at attempts = 17000
 tracks = 1070 at attempts = 18000
 tracks = 1070 at attempts = 19000
 tracks = 1070 at attempts = 20000
 tracks = 1070 at attempts = 21000
 tracks = 1070 at attempts = 22000
 tracks = 1070 at attempts = 23000
 tracks = 1070 at attempts = 24000
 tracks = 1070 at attempts = 25000
 tracks = 1070 at attempts = 26000
 tracks = 1070 at attempts = 27000
 tracks = 1070 at attempts = 28000
 tracks = 1070 at attempts = 29000
 tracks = 1070 at attempts = 30000
 tracks = 1070 at attempts = 31000
 tracks = 1070 at attempts = 32000
 tracks = 1070 at attempts = 33000
 tracks = 1070 at attempts = 34000
 tracks = 1070 at attempts = 35000
 tracks = 1070 at attempts = 36000
 tracks = 1070 at attempts = 37000
 tracks = 1070 at attempts = 38000
 tracks = 1070 at attempts = 39000
 tracks = 1070 at attempts = 40000
 tracks = 1070 at attempts = 41000
 tracks = 1070 at attempts = 42000
 tracks = 1070 at attempts = 43000
 tracks = 1070 at attempts = 44000
 tracks = 1070 at attempts = 45000
 tracks = 1070 at attempts = 46000
 tracks = 1070 at attempts = 47000
 tracks = 1070 at attempts = 48000
 tracks = 1070 at attempts = 49000
 tracks = 1070 at attempts = 50000
 removing redundant feed-through pins
 the connectivity of all the nets is verified

 block left edge is at -299
 the longest block length is 187800
 building the steiner trees
 rebuilding the steiner tree

----start doing coarse global routing ------ 
 ITERATION  1
 ITERATION  2
 ITERATION  3
 ITERATION  4
 ITERATION  5
 ITERATION  6

  longest Row is:14   Its length is:206400
 doing feed-through pins assignment
 building the net-tree now !
 set up the global routing grids
 the starting value of tracks = 1210
 tracks = 1194 at attempts =  1000
 tracks = 1181 at attempts =  2000
 tracks = 1177 at attempts =  3000
 tracks = 1174 at attempts =  4000
 tracks = 1173 at attempts =  5000
 tracks = 1167 at attempts =  6000
 tracks = 1167 at attempts =  7000
 tracks = 1167 at attempts =  8000
 tracks = 1167 at attempts =  9000
 tracks = 1167 at attempts = 10000
 tracks = 1167 at attempts = 11000
 tracks = 1167 at attempts = 12000
 tracks = 1167 at attempts = 13000
 tracks = 1166 at attempts = 14000
 tracks = 1166 at attempts = 15000
 tracks = 1166 at attempts = 16000
 tracks = 1165 at attempts = 17000
 tracks = 1164 at attempts = 18000
 tracks = 1164 at attempts = 19000
 tracks = 1164 at attempts = 20000
 tracks = 1164 at attempts = 21000
 tracks = 1164 at attempts = 22000
 tracks = 1164 at attempts = 23000
 tracks = 1164 at attempts = 24000
 tracks = 1164 at attempts = 25000
 tracks = 1164 at attempts = 26000
 tracks = 1164 at attempts = 27000
 tracks = 1164 at attempts = 28000
 tracks = 1164 at attempts = 29000
 tracks = 1164 at attempts = 30000
 tracks = 1164 at attempts = 31000
 tracks = 1164 at attempts = 32000
 tracks = 1164 at attempts = 33000
 tracks = 1164 at attempts = 34000
 tracks = 1164 at attempts = 35000
 tracks = 1164 at attempts = 36000
 tracks = 1164 at attempts = 37000
 tracks = 1164 at attempts = 38000
 tracks = 1164 at attempts = 39000
 tracks = 1164 at attempts = 40000
 tracks = 1164 at attempts = 41000
 tracks = 1164 at attempts = 42000
 tracks = 1164 at attempts = 43000
 tracks = 1164 at attempts = 44000
 tracks = 1164 at attempts = 45000
 tracks = 1164 at attempts = 46000
 tracks = 1164 at attempts = 47000
 tracks = 1164 at attempts = 48000
 tracks = 1164 at attempts = 49000
 tracks = 1164 at attempts = 50000
 removing redundant feed-through pins
 the connectivity of all the nets is verified

 block left edge is at -299
 the longest block length is 187800
 building the steiner trees
 rebuilding the steiner tree

----start doing coarse global routing ------ 
 ITERATION  1
 ITERATION  2
 ITERATION  3
 ITERATION  4
 ITERATION  5
 ITERATION  6
 ITERATION  7
 ITERATION  8
 ITERATION  9
 ITERATION 10
 ITERATION 11
 ITERATION 12
 ITERATION 13

  longest Row is:14   Its length is:204900
 doing feed-through pins assignment
 building the net-tree now !
 set up the global routing grids
 the starting value of tracks = 1172
 tracks = 1147 at attempts =  1000
 tracks = 1136 at attempts =  2000
 tracks = 1131 at attempts =  3000
 tracks = 1124 at attempts =  4000
 tracks = 1123 at attempts =  5000
 tracks = 1122 at attempts =  6000
 tracks = 1120 at attempts =  7000
 tracks = 1120 at attempts =  8000
 tracks = 1119 at attempts =  9000
 tracks = 1119 at attempts = 10000
 tracks = 1119 at attempts = 11000
 tracks = 1119 at attempts = 12000
 tracks = 1119 at attempts = 13000
 tracks = 1119 at attempts = 14000
 tracks = 1119 at attempts = 15000
 tracks = 1119 at attempts = 16000
 tracks = 1119 at attempts = 17000
 tracks = 1119 at attempts = 18000
 tracks = 1119 at attempts = 19000
 tracks = 1119 at attempts = 20000
 tracks = 1119 at attempts = 21000
 tracks = 1119 at attempts = 22000
 tracks = 1119 at attempts = 23000
 tracks = 1119 at attempts = 24000
 tracks = 1119 at attempts = 25000
 tracks = 1119 at attempts = 26000
 tracks = 1119 at attempts = 27000
 tracks = 1119 at attempts = 28000
 tracks = 1119 at attempts = 29000
 tracks = 1119 at attempts = 30000
 tracks = 1119 at attempts = 31000
 tracks = 1119 at attempts = 32000
 tracks = 1119 at attempts = 33000
 tracks = 1119 at attempts = 34000
 tracks = 1119 at attempts = 35000
 tracks = 1119 at attempts = 36000
 tracks = 1119 at attempts = 37000
 tracks = 1119 at attempts = 38000
 tracks = 1119 at attempts = 39000
 tracks = 1119 at attempts = 40000
 tracks = 1119 at attempts = 41000
 tracks = 1119 at attempts = 42000
 tracks = 1119 at attempts = 43000
 tracks = 1119 at attempts = 44000
 tracks = 1119 at attempts = 45000
 tracks = 1119 at attempts = 46000
 tracks = 1119 at attempts = 47000
 tracks = 1119 at attempts = 48000
 tracks = 1119 at attempts = 49000
 tracks = 1119 at attempts = 50000
 removing redundant feed-through pins
 the connectivity of all the nets is verified

 block left edge is at -299
 the longest block length is 187800
 building the steiner trees
 rebuilding the steiner tree

----start doing coarse global routing ------ 
 ITERATION  1
 ITERATION  2
 ITERATION  3
 ITERATION  4
 ITERATION  5
 ITERATION  6

  longest Row is:14   Its length is:206400
 doing feed-through pins assignment
 building the net-tree now !
 set up the global routing grids
 the starting value of tracks = 1224
 tracks = 1202 at attempts =  1000
 tracks = 1192 at attempts =  2000
 tracks = 1189 at attempts =  3000
 tracks = 1185 at attempts =  4000
 tracks = 1184 at attempts =  5000
 tracks = 1180 at attempts =  6000
 tracks = 1178 at attempts =  7000
 tracks = 1178 at attempts =  8000
 tracks = 1178 at attempts =  9000
 tracks = 1178 at attempts = 10000
 tracks = 1177 at attempts = 11000
 tracks = 1177 at attempts = 12000
 tracks = 1177 at attempts = 13000
 tracks = 1177 at attempts = 14000
 tracks = 1177 at attempts = 15000
 tracks = 1177 at attempts = 16000
 tracks = 1177 at attempts = 17000
 tracks = 1177 at attempts = 18000
 tracks = 1177 at attempts = 19000
 tracks = 1177 at attempts = 20000
 tracks = 1177 at attempts = 21000
 tracks = 1177 at attempts = 22000
 tracks = 1177 at attempts = 23000
 tracks = 1177 at attempts = 24000
 tracks = 1177 at attempts = 25000
 tracks = 1177 at attempts = 26000
 tracks = 1177 at attempts = 27000
 tracks = 1177 at attempts = 28000
 tracks = 1177 at attempts = 29000
 tracks = 1177 at attempts = 30000
 tracks = 1177 at attempts = 31000
 tracks = 1177 at attempts = 32000
 tracks = 1177 at attempts = 33000
 tracks = 1177 at attempts = 34000
 tracks = 1177 at attempts = 35000
 tracks = 1177 at attempts = 36000
 tracks = 1177 at attempts = 37000
 tracks = 1177 at attempts = 38000
 tracks = 1177 at attempts = 39000
 tracks = 1177 at attempts = 40000
 tracks = 1177 at attempts = 41000
 tracks = 1177 at attempts = 42000
 tracks = 1177 at attempts = 43000
 tracks = 1177 at attempts = 44000
 tracks = 1177 at attempts = 45000
 tracks = 1177 at attempts = 46000
 tracks = 1177 at attempts = 47000
 tracks = 1177 at attempts = 48000
 tracks = 1177 at attempts = 49000
 tracks = 1177 at attempts = 50000
 removing redundant feed-through pins
 the connectivity of all the nets is verified

 block left edge is at -299
 the longest block length is 187800
 building the steiner trees
 rebuilding the steiner tree

----start doing coarse global routing ------ 
 ITERATION  1
 ITERATION  2

  longest Row is:14   Its length is:197700
 doing feed-through pins assignment
 building the net-tree now !
 set up the global routing grids
 the starting value of tracks = 1075
 tracks = 1075 at attempts =  1000
 tracks = 1074 at attempts =  2000
 tracks = 1074 at attempts =  3000
 tracks = 1074 at attempts =  4000
 tracks = 1074 at attempts =  5000
 tracks = 1074 at attempts =  6000
 tracks = 1074 at attempts =  7000
 tracks = 1074 at attempts =  8000
 tracks = 1074 at attempts =  9000
 tracks = 1074 at attempts = 10000
 tracks = 1074 at attempts = 11000
 tracks = 1074 at attempts = 12000
 tracks = 1074 at attempts = 13000
 tracks = 1074 at attempts = 14000
 tracks = 1074 at attempts = 15000
 tracks = 1074 at attempts = 16000
 tracks = 1074 at attempts = 17000
 tracks = 1074 at attempts = 18000
 tracks = 1074 at attempts = 19000
 tracks = 1074 at attempts = 20000
 tracks = 1074 at attempts = 21000
 tracks = 1074 at attempts = 22000
 tracks = 1074 at attempts = 23000
 tracks = 1074 at attempts = 24000
 tracks = 1074 at attempts = 25000
 tracks = 1074 at attempts = 26000
 tracks = 1074 at attempts = 27000
 tracks = 1074 at attempts = 28000
 tracks = 1074 at attempts = 29000
 tracks = 1074 at attempts = 30000
 tracks = 1074 at attempts = 31000
 tracks = 1074 at attempts = 32000
 tracks = 1074 at attempts = 33000
 tracks = 1074 at attempts = 34000
 tracks = 1074 at attempts = 35000
 tracks = 1074 at attempts = 36000
 tracks = 1074 at attempts = 37000
 tracks = 1074 at attempts = 38000
 tracks = 1074 at attempts = 39000
 tracks = 1074 at attempts = 40000
 tracks = 1074 at attempts = 41000
 tracks = 1074 at attempts = 42000
 tracks = 1074 at attempts = 43000
 tracks = 1074 at attempts = 44000
 tracks = 1074 at attempts = 45000
 tracks = 1074 at attempts = 46000
 tracks = 1074 at attempts = 47000
 tracks = 1074 at attempts = 48000
 tracks = 1074 at attempts = 49000
 tracks = 1074 at attempts = 50000
 removing redundant feed-through pins
 the connectivity of all the nets is verified


***********************************************
*ACTUAL* FINAL NUMBER OF ROUTING TRACKS: 1070
***********************************************


TimberWolfSC terminated normally with no errors and 1 warning[s]


twflow terminated normally with no errors and 0 warning[s]

Running getantennacell to determine cell to use for antenna anchors.
getantennacell.tcl cpu  /usr/local/share/qflow/tech/etri050/etri050_stdcells.lef 
Running getfillcell to determine cell to use for fill.
getfillcell.tcl cpu  /usr/local/share/qflow/tech/etri050/etri050_stdcells.lef FILL
Using cell FILL for fill
Running place2def to translate graywolf output to DEF format.
place2def.tcl cpu FILL 
Running place2def.tcl
DEF database: 100 units per micron
Limits: xbot = -802.0 ybot = -795.0 xtop = 185302.0 ytop = 183795.0
Core values: 150 150 184950 183450
Offsets: 150 150
3 routing layers
616 horizontal tracks from -600.0 to 184200.0 step 300 (M1, M3, ...)
621 vertical tracks from -600.0 to 185700.0 step 300 (M2, M4, ...)
Summary: Total components = 18981
  Fill cells  = 16967
  Other cells = 2014
Done with place2def.tcl
Running addspacers to generate power stripes and align cell right edge
addspacers -stripe 8 225 PG  -p vdd -g gnd -f FILL -O   -l  /usr/local/share/qflow/tech/etri050/etri050_stdcells.lef -o cpu_filled.def cpu
Warning:  Stretching requested, but not applicable.
Stripe width requested = 8, stripe width used = 9
Will not generate over-cell power stripes due to lack of route layers
Generating comb structures instead.
Initial core layout: (150 150) to (184950 183450) (scale um * 100)
Running arrangepins to adjust pin positions for optimal routing.
arrangepins.tcl  cpu
Reading info file cpu.info. . .
Reading DEF file cpu.def. . .
Recalculating pin positions
Writing DEF file cpu_mod.def. . .
Done with arrangepins.tcl
DEF2Verilog -v /home/goodkook/ETRI050_DesignKit/Ref_Design/CPU_6502/synthesis/cpu.rtlnopwr.v -o /home/goodkook/ETRI050_DesignKit/Ref_Design/CPU_6502/synthesis/cpu_anno.v
-p vdd -g gnd  -l  /usr/local/share/qflow/tech/etri050/etri050_stdcells.lef cpu.def

Generating RTL verilog and SPICE netlist file in directory
   /home/goodkook/ETRI050_DesignKit/Ref_Design/CPU_6502/synthesis
Files:
   Verilog: /home/goodkook/ETRI050_DesignKit/Ref_Design/CPU_6502/synthesis/cpu.rtl.v
   Verilog: /home/goodkook/ETRI050_DesignKit/Ref_Design/CPU_6502/synthesis/cpu.rtlnopwr.v
   Verilog: /home/goodkook/ETRI050_DesignKit/Ref_Design/CPU_6502/synthesis/cpu.rtlbb.v
   Spice:   /home/goodkook/ETRI050_DesignKit/Ref_Design/CPU_6502/synthesis/cpu.spc

Running vlog2Verilog.
vlog2Verilog -c -v vdd -g gnd -o cpu.rtl.v cpu_anno.v
vlog2Verilog -c -p -v vdd -g gnd -o cpu.rtlnopwr.v cpu_anno.v
vlog2Verilog -c -b -p -n -v vdd -g gnd -o cpu.rtlbb.v cpu_anno.v
Running vlog2Spice.
vlog2Spice -i -l  /usr/local/share/qflow/tech/etri050/etri050_stdcells.sp -o cpu.spc cpu.rtl.v
Warning:  No SPICE subcircuit for FILL.  Pin order will be arbitrary.
Placement script ended on Mon 23 Sep 2024 07:56:59 AM KST
