Thu Mar 27 22:44:20 2025: Running xcd server. This server was built by gradle.
Thu Mar 27 22:44:20 2025: Server was asked to start on port: '45217'
Thu Mar 27 22:44:20 2025: Server is using token UUID: '1bd16898-d0cd-4d96-9854-fa572d767b56'
Thu Mar 27 22:44:20 2025: SESSION_MGR: creating session with session uuid: '6d04a3e9-ade5-4ab9-8d63-1f78fcd2ec76' and name 'default'
Thu Mar 27 22:44:20 2025: Attempting to start server on port '45217'
Thu Mar 27 22:44:20 2025: XCD main fifo: created main fifo '/tmp/xcdmain1bd16898-d0cd-4d96-9854-fa572d767b56', fd read = 13
Thu Mar 27 22:44:20 2025: Running Dispatch Server
Thu Mar 27 22:44:20 2025: Version 2.2.0
Thu Mar 27 22:44:21 2025: Dispatch Server: Accepted socket connection from client
Thu Mar 27 22:44:21 2025: Starting Socket connection
Thu Mar 27 22:44:21 2025: EXCHANGE_TOKEN received, server token: 1bd16898-d0cd-4d96-9854-fa572d767b56, passed token: 1bd16898-d0cd-4d96-9854-fa572d767b56
Thu Mar 27 22:44:22 2025: DISPATCH_HANDLER: Adding handler from function makeHandler in library libxv_system_diagram
Thu Mar 27 22:44:22 2025: SESSION_MGR: creating session with session uuid: 'c075fa19-908d-4611-a4e3-7d90db6d55a3' and name 'v++_compile_fxp_sqrt_top'
Thu Mar 27 22:44:22 2025: KERNEL_SVC: creating session with uuid: 'c075fa19-908d-4611-a4e3-7d90db6d55a3' and name 'v++_compile_fxp_sqrt_top'
Thu Mar 27 22:44:22 2025: GUIDANCE_SMGR: creating guidance session with uuid: 'c075fa19-908d-4611-a4e3-7d90db6d55a3' and name 'v++_compile_fxp_sqrt_top'
Thu Mar 27 22:44:22 2025: SYSTEM_DIAGRAM: creating session with uuid: 'c075fa19-908d-4611-a4e3-7d90db6d55a3' and name 'v++_compile_fxp_sqrt_top'
Thu Mar 27 22:44:28 2025: Dispatch Server: Accepted socket connection from client
Thu Mar 27 22:44:28 2025: Starting Socket connection
Thu Mar 27 22:44:42 2025: SESSION_MGR: closing session for UUID 'c075fa19-908d-4611-a4e3-7d90db6d55a3' with name 'v++_compile_fxp_sqrt_top'
Thu Mar 27 22:44:42 2025: KERNEL_SVC: closing session for UUID 'c075fa19-908d-4611-a4e3-7d90db6d55a3' with name 'v++_compile_fxp_sqrt_top'
Thu Mar 27 22:44:42 2025: GUIDANCE_SMGR: closing session for UUID 'c075fa19-908d-4611-a4e3-7d90db6d55a3' with name 'v++_compile_fxp_sqrt_top'
Thu Mar 27 22:44:43 2025: SYSTEM_DIAGRAM: closing session for UUID 'c075fa19-908d-4611-a4e3-7d90db6d55a3' with name 'v++_compile_fxp_sqrt_top'
Thu Mar 27 22:44:43 2025: STOP_SERVER received, server token: 1bd16898-d0cd-4d96-9854-fa572d767b56, passed token: 1bd16898-d0cd-4d96-9854-fa572d767b56
Thu Mar 27 22:44:43 2025: Socket received request to stop server.
Thu Mar 27 22:44:43 2025: Dispatch Server: do_await_stop
Thu Mar 27 22:44:43 2025: Dispatch Server: stopping mainFifo_
Thu Mar 27 22:44:43 2025: XCD main fifo: Stopping
Thu Mar 27 22:44:43 2025: XCD main fifo: do_read error code: Operation canceled
Thu Mar 27 22:44:43 2025: XCD main fifo: bytes_transferred: 0
Thu Mar 27 22:44:43 2025: SERVER: destructor for server bound to port 45217
Thu Mar 27 22:44:43 2025: XCD main fifo: Good unlink of /tmp/xcdmain1bd16898-d0cd-4d96-9854-fa572d767b56
Thu Mar 27 22:44:43 2025: Server exiting with status 0.
Thu Mar 27 22:44:43 2025: Closing log file.
