
Subcircuit summary:
Circuit 1: BUFX2                           |Circuit 2: bufxB                           
-------------------------------------------|-------------------------------------------
pfet (2)                                   |pfet (2)                                   
nfet (2)                                   |nfet (2)                                   
Number of devices: 4                       |Number of devices: 4                       
Number of nets: 5                          |Number of nets: 5                          
---------------------------------------------------------------------------------------
Circuits match uniquely.
Netlists match uniquely.

Subcircuit pins:
Circuit 1: BUFX2                           |Circuit 2: bufxB                           
-------------------------------------------|-------------------------------------------
A                                          |A                                          
Y                                          |Y                                          
vdd                                        |vdd                                        
gnd                                        |gnd                                        
---------------------------------------------------------------------------------------
Cell pin lists are equivalent.
Device classes BUFX2 and bufxB are equivalent.

Subcircuit summary:
Circuit 1: DFFPOSX1                        |Circuit 2: dffposxA                        
-------------------------------------------|-------------------------------------------
pfet (11)                                  |pfet (11)                                  
nfet (11)                                  |nfet (11)                                  
Number of devices: 22                      |Number of devices: 22                      
Number of nets: 17                         |Number of nets: 17                         
---------------------------------------------------------------------------------------
Circuits match uniquely.
Netlists match uniquely.

Subcircuit pins:
Circuit 1: DFFPOSX1                        |Circuit 2: dffposxA                        
-------------------------------------------|-------------------------------------------
Q                                          |Q                                          
D                                          |D                                          
CLK                                        |CLK                                        
vdd                                        |vdd                                        
gnd                                        |gnd                                        
---------------------------------------------------------------------------------------
Cell pin lists are equivalent.
Device classes DFFPOSX1 and dffposxA are equivalent.

Subcircuit summary:
Circuit 1: INVX1                           |Circuit 2: invxA                           
-------------------------------------------|-------------------------------------------
pfet (1)                                   |pfet (1)                                   
nfet (1)                                   |nfet (1)                                   
Number of devices: 2                       |Number of devices: 2                       
Number of nets: 4                          |Number of nets: 4                          
---------------------------------------------------------------------------------------
Circuits match uniquely.
Netlists match uniquely.

Subcircuit pins:
Circuit 1: INVX1                           |Circuit 2: invxA                           
-------------------------------------------|-------------------------------------------
Y                                          |Y                                          
A                                          |A                                          
vdd                                        |vdd                                        
gnd                                        |gnd                                        
---------------------------------------------------------------------------------------
Cell pin lists are equivalent.
Device classes INVX1 and invxA are equivalent.

Subcircuit summary:
Circuit 1: NAND2X1                         |Circuit 2: nand2xA                         
-------------------------------------------|-------------------------------------------
pfet (2)                                   |pfet (2)                                   
nfet (2)                                   |nfet (2)                                   
Number of devices: 4                       |Number of devices: 4                       
Number of nets: 6                          |Number of nets: 6                          
---------------------------------------------------------------------------------------
Circuits match uniquely.
Netlists match uniquely.

Subcircuit pins:
Circuit 1: NAND2X1                         |Circuit 2: nand2xA                         
-------------------------------------------|-------------------------------------------
vdd                                        |vdd                                        
A                                          |A                                          
B                                          |B                                          
Y                                          |Y                                          
gnd                                        |gnd                                        
---------------------------------------------------------------------------------------
Cell pin lists are equivalent.
Device classes NAND2X1 and nand2xA are equivalent.

Subcircuit summary:
Circuit 1: OAI21X1                         |Circuit 2: oai21xA                         
-------------------------------------------|-------------------------------------------
pfet (3)                                   |pfet (3)                                   
nfet (3)                                   |nfet (3)                                   
Number of devices: 6                       |Number of devices: 6                       
Number of nets: 8                          |Number of nets: 8                          
---------------------------------------------------------------------------------------
Circuits match uniquely.
Netlists match uniquely.

Subcircuit pins:
Circuit 1: OAI21X1                         |Circuit 2: oai21xA                         
-------------------------------------------|-------------------------------------------
Y                                          |Y                                          
vdd                                        |vdd                                        
gnd                                        |gnd                                        
A                                          |A                                          
B                                          |B                                          
C                                          |C                                          
---------------------------------------------------------------------------------------
Cell pin lists are equivalent.
Device classes OAI21X1 and oai21xA are equivalent.

Subcircuit summary:
Circuit 1: AOI21X1                         |Circuit 2: aoi21xA                         
-------------------------------------------|-------------------------------------------
pfet (3)                                   |pfet (3)                                   
nfet (3)                                   |nfet (3)                                   
Number of devices: 6                       |Number of devices: 6                       
Number of nets: 8                          |Number of nets: 8                          
---------------------------------------------------------------------------------------
Circuits match uniquely.
Netlists match uniquely.

Subcircuit pins:
Circuit 1: AOI21X1                         |Circuit 2: aoi21xA                         
-------------------------------------------|-------------------------------------------
Y                                          |Y                                          
A                                          |A                                          
B                                          |B                                          
C                                          |C                                          
vdd                                        |vdd                                        
gnd                                        |gnd                                        
---------------------------------------------------------------------------------------
Cell pin lists are equivalent.
Device classes AOI21X1 and aoi21xA are equivalent.

Subcircuit summary:
Circuit 1: OAI22X1                         |Circuit 2: oai22xA                         
-------------------------------------------|-------------------------------------------
pfet (4)                                   |pfet (4)                                   
nfet (4)                                   |nfet (4)                                   
Number of devices: 8                       |Number of devices: 8                       
Number of nets: 10                         |Number of nets: 10                         
---------------------------------------------------------------------------------------
Circuits match uniquely.
Netlists match uniquely.

Subcircuit pins:
Circuit 1: OAI22X1                         |Circuit 2: oai22xA                         
-------------------------------------------|-------------------------------------------
Y                                          |Y                                          
vdd                                        |vdd                                        
gnd                                        |gnd                                        
A                                          |A                                          
B                                          |B                                          
D                                          |D                                          
C                                          |C                                          
---------------------------------------------------------------------------------------
Cell pin lists are equivalent.
Device classes OAI22X1 and oai22xA are equivalent.

Subcircuit summary:
Circuit 1: MUX2X1                          |Circuit 2: mux2xA                          
-------------------------------------------|-------------------------------------------
pfet (5)                                   |pfet (5)                                   
nfet (5)                                   |nfet (5)                                   
Number of devices: 10                      |Number of devices: 10                      
Number of nets: 11                         |Number of nets: 11                         
---------------------------------------------------------------------------------------
Circuits match uniquely.
Netlists match uniquely.

Subcircuit pins:
Circuit 1: MUX2X1                          |Circuit 2: mux2xA                          
-------------------------------------------|-------------------------------------------
B                                          |B                                          
A                                          |A                                          
S                                          |S                                          
Y                                          |Y                                          
vdd                                        |vdd                                        
gnd                                        |gnd                                        
---------------------------------------------------------------------------------------
Cell pin lists are equivalent.
Device classes MUX2X1 and mux2xA are equivalent.

Subcircuit summary:
Circuit 1: AOI22X1                         |Circuit 2: aoi22xA                         
-------------------------------------------|-------------------------------------------
pfet (4)                                   |pfet (4)                                   
nfet (4)                                   |nfet (4)                                   
Number of devices: 8                       |Number of devices: 8                       
Number of nets: 10                         |Number of nets: 10                         
---------------------------------------------------------------------------------------
Circuits match uniquely.
Netlists match uniquely.

Subcircuit pins:
Circuit 1: AOI22X1                         |Circuit 2: aoi22xA                         
-------------------------------------------|-------------------------------------------
Y                                          |Y                                          
A                                          |A                                          
B                                          |B                                          
D                                          |D                                          
C                                          |C                                          
vdd                                        |vdd                                        
gnd                                        |gnd                                        
---------------------------------------------------------------------------------------
Cell pin lists are equivalent.
Device classes AOI22X1 and aoi22xA are equivalent.

Subcircuit summary:
Circuit 1: OR2X1                           |Circuit 2: or2xA                           
-------------------------------------------|-------------------------------------------
pfet (3)                                   |pfet (3)                                   
nfet (3)                                   |nfet (3)                                   
Number of devices: 6                       |Number of devices: 6                       
Number of nets: 7                          |Number of nets: 7                          
---------------------------------------------------------------------------------------
Circuits match uniquely.
Netlists match uniquely.

Subcircuit pins:
Circuit 1: OR2X1                           |Circuit 2: or2xA                           
-------------------------------------------|-------------------------------------------
gnd                                        |gnd                                        
vdd                                        |vdd                                        
A                                          |A                                          
B                                          |B                                          
Y                                          |Y                                          
---------------------------------------------------------------------------------------
Cell pin lists are equivalent.
Device classes OR2X1 and or2xA are equivalent.

Subcircuit summary:
Circuit 1: NAND3X1                         |Circuit 2: nand3xA                         
-------------------------------------------|-------------------------------------------
pfet (3)                                   |pfet (3)                                   
nfet (3)                                   |nfet (3)                                   
Number of devices: 6                       |Number of devices: 6                       
Number of nets: 8                          |Number of nets: 8                          
---------------------------------------------------------------------------------------
Circuits match uniquely.
Netlists match uniquely.

Subcircuit pins:
Circuit 1: NAND3X1                         |Circuit 2: nand3xA                         
-------------------------------------------|-------------------------------------------
vdd                                        |vdd                                        
A                                          |A                                          
B                                          |B                                          
C                                          |C                                          
Y                                          |Y                                          
gnd                                        |gnd                                        
---------------------------------------------------------------------------------------
Cell pin lists are equivalent.
Device classes NAND3X1 and nand3xA are equivalent.

Subcircuit summary:
Circuit 1: NOR2X1                          |Circuit 2: nor2xA                          
-------------------------------------------|-------------------------------------------
pfet (2)                                   |pfet (2)                                   
nfet (2)                                   |nfet (2)                                   
Number of devices: 4                       |Number of devices: 4                       
Number of nets: 6                          |Number of nets: 6                          
---------------------------------------------------------------------------------------
Circuits match uniquely.
Netlists match uniquely.

Subcircuit pins:
Circuit 1: NOR2X1                          |Circuit 2: nor2xA                          
-------------------------------------------|-------------------------------------------
gnd                                        |gnd                                        
vdd                                        |vdd                                        
Y                                          |Y                                          
A                                          |A                                          
B                                          |B                                          
---------------------------------------------------------------------------------------
Cell pin lists are equivalent.
Device classes NOR2X1 and nor2xA are equivalent.

Subcircuit summary:
Circuit 1: map9v3.spice                    |Circuit 2: map9v3_test2.spice              
-------------------------------------------|-------------------------------------------
BUFX2 (10)                                 |bufxB (10)                                 
DFFPOSX1 (30)                              |dffposxA (30)                              
INVX1 (39)                                 |invxA (39)                                 
NAND2X1 (25)                               |nand2xA (25)                               
OAI21X1 (21)                               |oai21xA (21)                               
AOI21X1 (7)                                |aoi21xA (7)                                
OAI22X1 (14)                               |oai22xA (14)                               
MUX2X1 (3)                                 |mux2xA (3)                                 
AOI22X1 (5)                                |aoi22xA (5)                                
OR2X1 (7)                                  |or2xA (7)                                  
NAND3X1 (7)                                |nand3xA (7)                                
NOR2X1 (6)                                 |nor2xA (6)                                 
Number of devices: 174                     |Number of devices: 174                     
Number of nets: 193 **Mismatch**           |Number of nets: 194 **Mismatch**           
---------------------------------------------------------------------------------------
NET mismatches: Class fragments follow (with fanout counts):
Circuit 1: map9v3.spice                    |Circuit 2: map9v3_test2.spice              

---------------------------------------------------------------------------------------
Net: OAI22X1_3/Y                           |Net: BADNODE                               
  DFFPOSX1/D = 1                           |  dffposxA/D = 1                           
  OAI22X1/Y = 1                            |                                           
                                           |                                           
(no matching net)                          |Net: oai22xA_3/Y                           
                                           |  oai22xA/Y = 1                            
---------------------------------------------------------------------------------------
Netlists do not match.
Netlists do not match.
