GowinSynthesis start
Running parser ...
Analyzing Verilog file '/home/goodkook/ETRI050_DesignKit/devel/Ref_Design/CPU_6502/emulation/Gowin/cpu_wrapper/synthesis/cpu_wrapper.v'
Compiling module 'cpu_wrapper'("/home/goodkook/ETRI050_DesignKit/devel/Ref_Design/CPU_6502/emulation/Gowin/cpu_wrapper/synthesis/cpu_wrapper.v":5)
WARN  (EX1998) : Net 'u_cpu.P[4]' does not have a driver("/home/goodkook/ETRI050_DesignKit/devel/Ref_Design/CPU_6502/emulation/Gowin/cpu_wrapper/synthesis/cpu_wrapper.v":2719)
NOTE  (EX0101) : Current top module is "cpu_wrapper"
[5%] Running netlist conversion ...
WARN  (CV0016) : Input Addr_emu[2] is unused("/home/goodkook/ETRI050_DesignKit/devel/Ref_Design/CPU_6502/emulation/Gowin/cpu_wrapper/synthesis/cpu_wrapper.v":1987)
Running device independent optimization ...
[10%] Optimizing Phase 0 completed
[15%] Optimizing Phase 1 completed
[25%] Optimizing Phase 2 completed
Running inference ...
[30%] Inferring Phase 0 completed
[40%] Inferring Phase 1 completed
[50%] Inferring Phase 2 completed
[55%] Inferring Phase 3 completed
Running technical mapping ...
[60%] Tech-Mapping Phase 0 completed
[65%] Tech-Mapping Phase 1 completed
[75%] Tech-Mapping Phase 2 completed
[80%] Tech-Mapping Phase 3 completed
[90%] Tech-Mapping Phase 4 completed
[95%] Generate netlist file "/home/goodkook/ETRI050_DesignKit/devel/Ref_Design/CPU_6502/emulation/Gowin/cpu_wrapper/impl/gwsynthesis/cpu_wrapper.vg" completed
[100%] Generate report file "/home/goodkook/ETRI050_DesignKit/devel/Ref_Design/CPU_6502/emulation/Gowin/cpu_wrapper/impl/gwsynthesis/cpu_wrapper_syn.rpt.html" completed
GowinSynthesis finish
