
*** Running vivado
    with args -log fir_pe_wrapper.vdi -applog -m64 -product Vivado -messageDb vivado.pb -mode batch -source fir_pe_wrapper.tcl -notrace


****** Vivado v2023.2.2 (64-bit)
  **** SW Build 4126759 on Thu Feb  8 23:52:05 MST 2024
  **** IP Build 4126054 on Fri Feb  9 11:39:09 MST 2024
  **** SharedData Build 4115275 on Tue Jan 30 00:40:57 MST 2024
    ** Copyright 1986-2022 Xilinx, Inc. All Rights Reserved.
    ** Copyright 2022-2024 Advanced Micro Devices, Inc. All Rights Reserved.

source fir_pe_wrapper.tcl -notrace
create_project: Time (s): cpu = 00:00:06 ; elapsed = 00:00:06 . Memory (MB): peak = 1321.887 ; gain = 0.023 ; free physical = 11398 ; free virtual = 17782
Command: link_design -top fir_pe_wrapper -part xc7a100tcsg324-1
Design is defaulting to srcset: sources_1
Design is defaulting to constrset: constrs_1
INFO: [Device 21-403] Loading part xc7a100tcsg324-1
Removing all libraries
analyzing package 'attributes'
WARNING: [HDL 9-3792] port 'ACOUT' remains unconnected for this instance [/home/goodkook/ETRI050_DesignKit/devel/Ref_Design/FIR8/1_Parallel_IO/emulation/Vivado/synthesis/fir_pe_wrapper.v:1650]
WARNING: [HDL 9-5183] port 'CARRYCASCIN' is not connected on this instance [/home/goodkook/ETRI050_DesignKit/devel/Ref_Design/FIR8/1_Parallel_IO/emulation/Vivado/synthesis/fir_pe_wrapper.v:1650]
WARNING: [HDL 9-3617] input port 'CARRYCASCIN' is not connected on this instance [/home/goodkook/ETRI050_DesignKit/devel/Ref_Design/FIR8/1_Parallel_IO/emulation/Vivado/synthesis/fir_pe_wrapper.v:1672]
CRITICAL WARNING: [Netlist 29-72] Incorrect value '1'bx' specified for property 'INIT'. Expecting type 'binary' with possible values of '1'b0,1'b1'. The system will either use the default value or the property value will be dropped. Please verify your source files. [/home/goodkook/ETRI050_DesignKit/devel/Ref_Design/FIR8/1_Parallel_IO/emulation/Vivado/synthesis/fir_pe_wrapper.v:290]
Resolution: Please check the value of the property and set to a correct value.
CRITICAL WARNING: [Netlist 29-72] Incorrect value '1'bx' specified for property 'INIT'. Expecting type 'binary' with possible values of '1'b0,1'b1'. The system will either use the default value or the property value will be dropped. Please verify your source files. [/home/goodkook/ETRI050_DesignKit/devel/Ref_Design/FIR8/1_Parallel_IO/emulation/Vivado/synthesis/fir_pe_wrapper.v:301]
Resolution: Please check the value of the property and set to a correct value.
CRITICAL WARNING: [Netlist 29-72] Incorrect value '1'bx' specified for property 'INIT'. Expecting type 'binary' with possible values of '1'b0,1'b1'. The system will either use the default value or the property value will be dropped. Please verify your source files. [/home/goodkook/ETRI050_DesignKit/devel/Ref_Design/FIR8/1_Parallel_IO/emulation/Vivado/synthesis/fir_pe_wrapper.v:312]
Resolution: Please check the value of the property and set to a correct value.
CRITICAL WARNING: [Netlist 29-72] Incorrect value '1'bx' specified for property 'INIT'. Expecting type 'binary' with possible values of '1'b0,1'b1'. The system will either use the default value or the property value will be dropped. Please verify your source files. [/home/goodkook/ETRI050_DesignKit/devel/Ref_Design/FIR8/1_Parallel_IO/emulation/Vivado/synthesis/fir_pe_wrapper.v:323]
Resolution: Please check the value of the property and set to a correct value.
CRITICAL WARNING: [Netlist 29-72] Incorrect value '1'bx' specified for property 'INIT'. Expecting type 'binary' with possible values of '1'b0,1'b1'. The system will either use the default value or the property value will be dropped. Please verify your source files. [/home/goodkook/ETRI050_DesignKit/devel/Ref_Design/FIR8/1_Parallel_IO/emulation/Vivado/synthesis/fir_pe_wrapper.v:334]
Resolution: Please check the value of the property and set to a correct value.
CRITICAL WARNING: [Netlist 29-72] Incorrect value '1'bx' specified for property 'INIT'. Expecting type 'binary' with possible values of '1'b0,1'b1'. The system will either use the default value or the property value will be dropped. Please verify your source files. [/home/goodkook/ETRI050_DesignKit/devel/Ref_Design/FIR8/1_Parallel_IO/emulation/Vivado/synthesis/fir_pe_wrapper.v:345]
Resolution: Please check the value of the property and set to a correct value.
CRITICAL WARNING: [Netlist 29-72] Incorrect value '1'bx' specified for property 'INIT'. Expecting type 'binary' with possible values of '1'b0,1'b1'. The system will either use the default value or the property value will be dropped. Please verify your source files. [/home/goodkook/ETRI050_DesignKit/devel/Ref_Design/FIR8/1_Parallel_IO/emulation/Vivado/synthesis/fir_pe_wrapper.v:356]
Resolution: Please check the value of the property and set to a correct value.
CRITICAL WARNING: [Netlist 29-72] Incorrect value '1'bx' specified for property 'INIT'. Expecting type 'binary' with possible values of '1'b0,1'b1'. The system will either use the default value or the property value will be dropped. Please verify your source files. [/home/goodkook/ETRI050_DesignKit/devel/Ref_Design/FIR8/1_Parallel_IO/emulation/Vivado/synthesis/fir_pe_wrapper.v:367]
Resolution: Please check the value of the property and set to a correct value.
CRITICAL WARNING: [Netlist 29-72] Incorrect value '1'bx' specified for property 'INIT'. Expecting type 'binary' with possible values of '1'b0,1'b1'. The system will either use the default value or the property value will be dropped. Please verify your source files. [/home/goodkook/ETRI050_DesignKit/devel/Ref_Design/FIR8/1_Parallel_IO/emulation/Vivado/synthesis/fir_pe_wrapper.v:378]
Resolution: Please check the value of the property and set to a correct value.
CRITICAL WARNING: [Netlist 29-72] Incorrect value '1'bx' specified for property 'INIT'. Expecting type 'binary' with possible values of '1'b0,1'b1'. The system will either use the default value or the property value will be dropped. Please verify your source files. [/home/goodkook/ETRI050_DesignKit/devel/Ref_Design/FIR8/1_Parallel_IO/emulation/Vivado/synthesis/fir_pe_wrapper.v:389]
Resolution: Please check the value of the property and set to a correct value.
CRITICAL WARNING: [Netlist 29-72] Incorrect value '1'bx' specified for property 'INIT'. Expecting type 'binary' with possible values of '1'b0,1'b1'. The system will either use the default value or the property value will be dropped. Please verify your source files. [/home/goodkook/ETRI050_DesignKit/devel/Ref_Design/FIR8/1_Parallel_IO/emulation/Vivado/synthesis/fir_pe_wrapper.v:400]
Resolution: Please check the value of the property and set to a correct value.
CRITICAL WARNING: [Netlist 29-72] Incorrect value '1'bx' specified for property 'INIT'. Expecting type 'binary' with possible values of '1'b0,1'b1'. The system will either use the default value or the property value will be dropped. Please verify your source files. [/home/goodkook/ETRI050_DesignKit/devel/Ref_Design/FIR8/1_Parallel_IO/emulation/Vivado/synthesis/fir_pe_wrapper.v:411]
Resolution: Please check the value of the property and set to a correct value.
CRITICAL WARNING: [Netlist 29-72] Incorrect value '1'bx' specified for property 'INIT'. Expecting type 'binary' with possible values of '1'b0,1'b1'. The system will either use the default value or the property value will be dropped. Please verify your source files. [/home/goodkook/ETRI050_DesignKit/devel/Ref_Design/FIR8/1_Parallel_IO/emulation/Vivado/synthesis/fir_pe_wrapper.v:422]
Resolution: Please check the value of the property and set to a correct value.
CRITICAL WARNING: [Netlist 29-72] Incorrect value '1'bx' specified for property 'INIT'. Expecting type 'binary' with possible values of '1'b0,1'b1'. The system will either use the default value or the property value will be dropped. Please verify your source files. [/home/goodkook/ETRI050_DesignKit/devel/Ref_Design/FIR8/1_Parallel_IO/emulation/Vivado/synthesis/fir_pe_wrapper.v:433]
Resolution: Please check the value of the property and set to a correct value.
CRITICAL WARNING: [Netlist 29-72] Incorrect value '1'bx' specified for property 'INIT'. Expecting type 'binary' with possible values of '1'b0,1'b1'. The system will either use the default value or the property value will be dropped. Please verify your source files. [/home/goodkook/ETRI050_DesignKit/devel/Ref_Design/FIR8/1_Parallel_IO/emulation/Vivado/synthesis/fir_pe_wrapper.v:444]
Resolution: Please check the value of the property and set to a correct value.
CRITICAL WARNING: [Netlist 29-72] Incorrect value '1'bx' specified for property 'INIT'. Expecting type 'binary' with possible values of '1'b0,1'b1'. The system will either use the default value or the property value will be dropped. Please verify your source files. [/home/goodkook/ETRI050_DesignKit/devel/Ref_Design/FIR8/1_Parallel_IO/emulation/Vivado/synthesis/fir_pe_wrapper.v:455]
Resolution: Please check the value of the property and set to a correct value.
CRITICAL WARNING: [Netlist 29-72] Incorrect value '1'bx' specified for property 'INIT'. Expecting type 'binary' with possible values of '1'b0,1'b1'. The system will either use the default value or the property value will be dropped. Please verify your source files. [/home/goodkook/ETRI050_DesignKit/devel/Ref_Design/FIR8/1_Parallel_IO/emulation/Vivado/synthesis/fir_pe_wrapper.v:466]
Resolution: Please check the value of the property and set to a correct value.
CRITICAL WARNING: [Netlist 29-72] Incorrect value '1'bx' specified for property 'INIT'. Expecting type 'binary' with possible values of '1'b0,1'b1'. The system will either use the default value or the property value will be dropped. Please verify your source files. [/home/goodkook/ETRI050_DesignKit/devel/Ref_Design/FIR8/1_Parallel_IO/emulation/Vivado/synthesis/fir_pe_wrapper.v:477]
Resolution: Please check the value of the property and set to a correct value.
CRITICAL WARNING: [Netlist 29-72] Incorrect value '1'bx' specified for property 'INIT'. Expecting type 'binary' with possible values of '1'b0,1'b1'. The system will either use the default value or the property value will be dropped. Please verify your source files. [/home/goodkook/ETRI050_DesignKit/devel/Ref_Design/FIR8/1_Parallel_IO/emulation/Vivado/synthesis/fir_pe_wrapper.v:488]
Resolution: Please check the value of the property and set to a correct value.
CRITICAL WARNING: [Netlist 29-72] Incorrect value '1'bx' specified for property 'INIT'. Expecting type 'binary' with possible values of '1'b0,1'b1'. The system will either use the default value or the property value will be dropped. Please verify your source files. [/home/goodkook/ETRI050_DesignKit/devel/Ref_Design/FIR8/1_Parallel_IO/emulation/Vivado/synthesis/fir_pe_wrapper.v:499]
Resolution: Please check the value of the property and set to a correct value.
CRITICAL WARNING: [Netlist 29-72] Incorrect value '1'bx' specified for property 'INIT'. Expecting type 'binary' with possible values of '1'b0,1'b1'. The system will either use the default value or the property value will be dropped. Please verify your source files. [/home/goodkook/ETRI050_DesignKit/devel/Ref_Design/FIR8/1_Parallel_IO/emulation/Vivado/synthesis/fir_pe_wrapper.v:510]
Resolution: Please check the value of the property and set to a correct value.
CRITICAL WARNING: [Netlist 29-72] Incorrect value '1'bx' specified for property 'INIT'. Expecting type 'binary' with possible values of '1'b0,1'b1'. The system will either use the default value or the property value will be dropped. Please verify your source files. [/home/goodkook/ETRI050_DesignKit/devel/Ref_Design/FIR8/1_Parallel_IO/emulation/Vivado/synthesis/fir_pe_wrapper.v:521]
Resolution: Please check the value of the property and set to a correct value.
CRITICAL WARNING: [Netlist 29-72] Incorrect value '1'bx' specified for property 'INIT'. Expecting type 'binary' with possible values of '1'b0,1'b1'. The system will either use the default value or the property value will be dropped. Please verify your source files. [/home/goodkook/ETRI050_DesignKit/devel/Ref_Design/FIR8/1_Parallel_IO/emulation/Vivado/synthesis/fir_pe_wrapper.v:532]
Resolution: Please check the value of the property and set to a correct value.
CRITICAL WARNING: [Netlist 29-72] Incorrect value '1'bx' specified for property 'INIT'. Expecting type 'binary' with possible values of '1'b0,1'b1'. The system will either use the default value or the property value will be dropped. Please verify your source files. [/home/goodkook/ETRI050_DesignKit/devel/Ref_Design/FIR8/1_Parallel_IO/emulation/Vivado/synthesis/fir_pe_wrapper.v:543]
Resolution: Please check the value of the property and set to a correct value.
CRITICAL WARNING: [Netlist 29-72] Incorrect value '1'bx' specified for property 'INIT'. Expecting type 'binary' with possible values of '1'b0,1'b1'. The system will either use the default value or the property value will be dropped. Please verify your source files. [/home/goodkook/ETRI050_DesignKit/devel/Ref_Design/FIR8/1_Parallel_IO/emulation/Vivado/synthesis/fir_pe_wrapper.v:554]
Resolution: Please check the value of the property and set to a correct value.
CRITICAL WARNING: [Netlist 29-72] Incorrect value '1'bx' specified for property 'INIT'. Expecting type 'binary' with possible values of '1'b0,1'b1'. The system will either use the default value or the property value will be dropped. Please verify your source files. [/home/goodkook/ETRI050_DesignKit/devel/Ref_Design/FIR8/1_Parallel_IO/emulation/Vivado/synthesis/fir_pe_wrapper.v:565]
Resolution: Please check the value of the property and set to a correct value.
CRITICAL WARNING: [Netlist 29-72] Incorrect value '1'bx' specified for property 'INIT'. Expecting type 'binary' with possible values of '1'b0,1'b1'. The system will either use the default value or the property value will be dropped. Please verify your source files. [/home/goodkook/ETRI050_DesignKit/devel/Ref_Design/FIR8/1_Parallel_IO/emulation/Vivado/synthesis/fir_pe_wrapper.v:576]
Resolution: Please check the value of the property and set to a correct value.
CRITICAL WARNING: [Netlist 29-72] Incorrect value '1'bx' specified for property 'INIT'. Expecting type 'binary' with possible values of '1'b0,1'b1'. The system will either use the default value or the property value will be dropped. Please verify your source files. [/home/goodkook/ETRI050_DesignKit/devel/Ref_Design/FIR8/1_Parallel_IO/emulation/Vivado/synthesis/fir_pe_wrapper.v:587]
Resolution: Please check the value of the property and set to a correct value.
CRITICAL WARNING: [Netlist 29-72] Incorrect value '1'bx' specified for property 'INIT'. Expecting type 'binary' with possible values of '1'b0,1'b1'. The system will either use the default value or the property value will be dropped. Please verify your source files. [/home/goodkook/ETRI050_DesignKit/devel/Ref_Design/FIR8/1_Parallel_IO/emulation/Vivado/synthesis/fir_pe_wrapper.v:598]
Resolution: Please check the value of the property and set to a correct value.
CRITICAL WARNING: [Netlist 29-72] Incorrect value '1'bx' specified for property 'INIT'. Expecting type 'binary' with possible values of '1'b0,1'b1'. The system will either use the default value or the property value will be dropped. Please verify your source files. [/home/goodkook/ETRI050_DesignKit/devel/Ref_Design/FIR8/1_Parallel_IO/emulation/Vivado/synthesis/fir_pe_wrapper.v:609]
Resolution: Please check the value of the property and set to a correct value.
CRITICAL WARNING: [Netlist 29-72] Incorrect value '1'bx' specified for property 'INIT'. Expecting type 'binary' with possible values of '1'b0,1'b1'. The system will either use the default value or the property value will be dropped. Please verify your source files. [/home/goodkook/ETRI050_DesignKit/devel/Ref_Design/FIR8/1_Parallel_IO/emulation/Vivado/synthesis/fir_pe_wrapper.v:620]
Resolution: Please check the value of the property and set to a correct value.
CRITICAL WARNING: [Netlist 29-72] Incorrect value '1'bx' specified for property 'INIT'. Expecting type 'binary' with possible values of '1'b0,1'b1'. The system will either use the default value or the property value will be dropped. Please verify your source files. [/home/goodkook/ETRI050_DesignKit/devel/Ref_Design/FIR8/1_Parallel_IO/emulation/Vivado/synthesis/fir_pe_wrapper.v:631]
Resolution: Please check the value of the property and set to a correct value.
CRITICAL WARNING: [Netlist 29-72] Incorrect value '1'bx' specified for property 'INIT'. Expecting type 'binary' with possible values of '1'b0,1'b1'. The system will either use the default value or the property value will be dropped. Please verify your source files. [/home/goodkook/ETRI050_DesignKit/devel/Ref_Design/FIR8/1_Parallel_IO/emulation/Vivado/synthesis/fir_pe_wrapper.v:642]
Resolution: Please check the value of the property and set to a correct value.
CRITICAL WARNING: [Netlist 29-72] Incorrect value '1'bx' specified for property 'INIT'. Expecting type 'binary' with possible values of '1'b0,1'b1'. The system will either use the default value or the property value will be dropped. Please verify your source files. [/home/goodkook/ETRI050_DesignKit/devel/Ref_Design/FIR8/1_Parallel_IO/emulation/Vivado/synthesis/fir_pe_wrapper.v:653]
Resolution: Please check the value of the property and set to a correct value.
CRITICAL WARNING: [Netlist 29-72] Incorrect value '1'bx' specified for property 'INIT'. Expecting type 'binary' with possible values of '1'b0,1'b1'. The system will either use the default value or the property value will be dropped. Please verify your source files. [/home/goodkook/ETRI050_DesignKit/devel/Ref_Design/FIR8/1_Parallel_IO/emulation/Vivado/synthesis/fir_pe_wrapper.v:664]
Resolution: Please check the value of the property and set to a correct value.
CRITICAL WARNING: [Netlist 29-72] Incorrect value '1'bx' specified for property 'INIT'. Expecting type 'binary' with possible values of '1'b0,1'b1'. The system will either use the default value or the property value will be dropped. Please verify your source files. [/home/goodkook/ETRI050_DesignKit/devel/Ref_Design/FIR8/1_Parallel_IO/emulation/Vivado/synthesis/fir_pe_wrapper.v:675]
Resolution: Please check the value of the property and set to a correct value.
CRITICAL WARNING: [Netlist 29-72] Incorrect value '1'bx' specified for property 'INIT'. Expecting type 'binary' with possible values of '1'b0,1'b1'. The system will either use the default value or the property value will be dropped. Please verify your source files. [/home/goodkook/ETRI050_DesignKit/devel/Ref_Design/FIR8/1_Parallel_IO/emulation/Vivado/synthesis/fir_pe_wrapper.v:686]
Resolution: Please check the value of the property and set to a correct value.
CRITICAL WARNING: [Netlist 29-72] Incorrect value '1'bx' specified for property 'INIT'. Expecting type 'binary' with possible values of '1'b0,1'b1'. The system will either use the default value or the property value will be dropped. Please verify your source files. [/home/goodkook/ETRI050_DesignKit/devel/Ref_Design/FIR8/1_Parallel_IO/emulation/Vivado/synthesis/fir_pe_wrapper.v:697]
Resolution: Please check the value of the property and set to a correct value.
CRITICAL WARNING: [Netlist 29-72] Incorrect value '1'bx' specified for property 'INIT'. Expecting type 'binary' with possible values of '1'b0,1'b1'. The system will either use the default value or the property value will be dropped. Please verify your source files. [/home/goodkook/ETRI050_DesignKit/devel/Ref_Design/FIR8/1_Parallel_IO/emulation/Vivado/synthesis/fir_pe_wrapper.v:708]
Resolution: Please check the value of the property and set to a correct value.
CRITICAL WARNING: [Netlist 29-72] Incorrect value '1'bx' specified for property 'INIT'. Expecting type 'binary' with possible values of '1'b0,1'b1'. The system will either use the default value or the property value will be dropped. Please verify your source files. [/home/goodkook/ETRI050_DesignKit/devel/Ref_Design/FIR8/1_Parallel_IO/emulation/Vivado/synthesis/fir_pe_wrapper.v:719]
Resolution: Please check the value of the property and set to a correct value.
CRITICAL WARNING: [Netlist 29-72] Incorrect value '1'bx' specified for property 'INIT'. Expecting type 'binary' with possible values of '1'b0,1'b1'. The system will either use the default value or the property value will be dropped. Please verify your source files. [/home/goodkook/ETRI050_DesignKit/devel/Ref_Design/FIR8/1_Parallel_IO/emulation/Vivado/synthesis/fir_pe_wrapper.v:730]
Resolution: Please check the value of the property and set to a correct value.
CRITICAL WARNING: [Netlist 29-72] Incorrect value '1'bx' specified for property 'INIT'. Expecting type 'binary' with possible values of '1'b0,1'b1'. The system will either use the default value or the property value will be dropped. Please verify your source files. [/home/goodkook/ETRI050_DesignKit/devel/Ref_Design/FIR8/1_Parallel_IO/emulation/Vivado/synthesis/fir_pe_wrapper.v:741]
Resolution: Please check the value of the property and set to a correct value.
CRITICAL WARNING: [Netlist 29-72] Incorrect value '1'bx' specified for property 'INIT'. Expecting type 'binary' with possible values of '1'b0,1'b1'. The system will either use the default value or the property value will be dropped. Please verify your source files. [/home/goodkook/ETRI050_DesignKit/devel/Ref_Design/FIR8/1_Parallel_IO/emulation/Vivado/synthesis/fir_pe_wrapper.v:752]
Resolution: Please check the value of the property and set to a correct value.
CRITICAL WARNING: [Netlist 29-72] Incorrect value '1'bx' specified for property 'INIT'. Expecting type 'binary' with possible values of '1'b0,1'b1'. The system will either use the default value or the property value will be dropped. Please verify your source files. [/home/goodkook/ETRI050_DesignKit/devel/Ref_Design/FIR8/1_Parallel_IO/emulation/Vivado/synthesis/fir_pe_wrapper.v:763]
Resolution: Please check the value of the property and set to a correct value.
CRITICAL WARNING: [Netlist 29-72] Incorrect value '1'bx' specified for property 'INIT'. Expecting type 'binary' with possible values of '1'b0,1'b1'. The system will either use the default value or the property value will be dropped. Please verify your source files. [/home/goodkook/ETRI050_DesignKit/devel/Ref_Design/FIR8/1_Parallel_IO/emulation/Vivado/synthesis/fir_pe_wrapper.v:774]
Resolution: Please check the value of the property and set to a correct value.
CRITICAL WARNING: [Netlist 29-72] Incorrect value '1'bx' specified for property 'INIT'. Expecting type 'binary' with possible values of '1'b0,1'b1'. The system will either use the default value or the property value will be dropped. Please verify your source files. [/home/goodkook/ETRI050_DesignKit/devel/Ref_Design/FIR8/1_Parallel_IO/emulation/Vivado/synthesis/fir_pe_wrapper.v:785]
Resolution: Please check the value of the property and set to a correct value.
CRITICAL WARNING: [Netlist 29-72] Incorrect value '1'bx' specified for property 'INIT'. Expecting type 'binary' with possible values of '1'b0,1'b1'. The system will either use the default value or the property value will be dropped. Please verify your source files. [/home/goodkook/ETRI050_DesignKit/devel/Ref_Design/FIR8/1_Parallel_IO/emulation/Vivado/synthesis/fir_pe_wrapper.v:796]
Resolution: Please check the value of the property and set to a correct value.
CRITICAL WARNING: [Netlist 29-72] Incorrect value '1'bx' specified for property 'INIT'. Expecting type 'binary' with possible values of '1'b0,1'b1'. The system will either use the default value or the property value will be dropped. Please verify your source files. [/home/goodkook/ETRI050_DesignKit/devel/Ref_Design/FIR8/1_Parallel_IO/emulation/Vivado/synthesis/fir_pe_wrapper.v:807]
Resolution: Please check the value of the property and set to a correct value.
CRITICAL WARNING: [Netlist 29-72] Incorrect value '1'bx' specified for property 'INIT'. Expecting type 'binary' with possible values of '1'b0,1'b1'. The system will either use the default value or the property value will be dropped. Please verify your source files. [/home/goodkook/ETRI050_DesignKit/devel/Ref_Design/FIR8/1_Parallel_IO/emulation/Vivado/synthesis/fir_pe_wrapper.v:818]
Resolution: Please check the value of the property and set to a correct value.
CRITICAL WARNING: [Netlist 29-72] Incorrect value '1'bx' specified for property 'INIT'. Expecting type 'binary' with possible values of '1'b0,1'b1'. The system will either use the default value or the property value will be dropped. Please verify your source files. [/home/goodkook/ETRI050_DesignKit/devel/Ref_Design/FIR8/1_Parallel_IO/emulation/Vivado/synthesis/fir_pe_wrapper.v:829]
Resolution: Please check the value of the property and set to a correct value.
CRITICAL WARNING: [Netlist 29-72] Incorrect value '1'bx' specified for property 'INIT'. Expecting type 'binary' with possible values of '1'b0,1'b1'. The system will either use the default value or the property value will be dropped. Please verify your source files. [/home/goodkook/ETRI050_DesignKit/devel/Ref_Design/FIR8/1_Parallel_IO/emulation/Vivado/synthesis/fir_pe_wrapper.v:840]
Resolution: Please check the value of the property and set to a correct value.
CRITICAL WARNING: [Netlist 29-72] Incorrect value '1'bx' specified for property 'INIT'. Expecting type 'binary' with possible values of '1'b0,1'b1'. The system will either use the default value or the property value will be dropped. Please verify your source files. [/home/goodkook/ETRI050_DesignKit/devel/Ref_Design/FIR8/1_Parallel_IO/emulation/Vivado/synthesis/fir_pe_wrapper.v:851]
Resolution: Please check the value of the property and set to a correct value.
CRITICAL WARNING: [Netlist 29-72] Incorrect value '1'bx' specified for property 'INIT'. Expecting type 'binary' with possible values of '1'b0,1'b1'. The system will either use the default value or the property value will be dropped. Please verify your source files. [/home/goodkook/ETRI050_DesignKit/devel/Ref_Design/FIR8/1_Parallel_IO/emulation/Vivado/synthesis/fir_pe_wrapper.v:862]
Resolution: Please check the value of the property and set to a correct value.
CRITICAL WARNING: [Netlist 29-72] Incorrect value '1'bx' specified for property 'INIT'. Expecting type 'binary' with possible values of '1'b0,1'b1'. The system will either use the default value or the property value will be dropped. Please verify your source files. [/home/goodkook/ETRI050_DesignKit/devel/Ref_Design/FIR8/1_Parallel_IO/emulation/Vivado/synthesis/fir_pe_wrapper.v:873]
Resolution: Please check the value of the property and set to a correct value.
CRITICAL WARNING: [Netlist 29-72] Incorrect value '1'bx' specified for property 'INIT'. Expecting type 'binary' with possible values of '1'b0,1'b1'. The system will either use the default value or the property value will be dropped. Please verify your source files. [/home/goodkook/ETRI050_DesignKit/devel/Ref_Design/FIR8/1_Parallel_IO/emulation/Vivado/synthesis/fir_pe_wrapper.v:884]
Resolution: Please check the value of the property and set to a correct value.
CRITICAL WARNING: [Netlist 29-72] Incorrect value '1'bx' specified for property 'INIT'. Expecting type 'binary' with possible values of '1'b0,1'b1'. The system will either use the default value or the property value will be dropped. Please verify your source files. [/home/goodkook/ETRI050_DesignKit/devel/Ref_Design/FIR8/1_Parallel_IO/emulation/Vivado/synthesis/fir_pe_wrapper.v:895]
Resolution: Please check the value of the property and set to a correct value.
CRITICAL WARNING: [Netlist 29-72] Incorrect value '1'bx' specified for property 'INIT'. Expecting type 'binary' with possible values of '1'b0,1'b1'. The system will either use the default value or the property value will be dropped. Please verify your source files. [/home/goodkook/ETRI050_DesignKit/devel/Ref_Design/FIR8/1_Parallel_IO/emulation/Vivado/synthesis/fir_pe_wrapper.v:906]
Resolution: Please check the value of the property and set to a correct value.
CRITICAL WARNING: [Netlist 29-72] Incorrect value '1'bx' specified for property 'INIT'. Expecting type 'binary' with possible values of '1'b0,1'b1'. The system will either use the default value or the property value will be dropped. Please verify your source files. [/home/goodkook/ETRI050_DesignKit/devel/Ref_Design/FIR8/1_Parallel_IO/emulation/Vivado/synthesis/fir_pe_wrapper.v:917]
Resolution: Please check the value of the property and set to a correct value.
CRITICAL WARNING: [Netlist 29-72] Incorrect value '1'bx' specified for property 'INIT'. Expecting type 'binary' with possible values of '1'b0,1'b1'. The system will either use the default value or the property value will be dropped. Please verify your source files. [/home/goodkook/ETRI050_DesignKit/devel/Ref_Design/FIR8/1_Parallel_IO/emulation/Vivado/synthesis/fir_pe_wrapper.v:928]
Resolution: Please check the value of the property and set to a correct value.
CRITICAL WARNING: [Netlist 29-72] Incorrect value '1'bx' specified for property 'INIT'. Expecting type 'binary' with possible values of '1'b0,1'b1'. The system will either use the default value or the property value will be dropped. Please verify your source files. [/home/goodkook/ETRI050_DesignKit/devel/Ref_Design/FIR8/1_Parallel_IO/emulation/Vivado/synthesis/fir_pe_wrapper.v:939]
Resolution: Please check the value of the property and set to a correct value.
CRITICAL WARNING: [Netlist 29-72] Incorrect value '1'bx' specified for property 'INIT'. Expecting type 'binary' with possible values of '1'b0,1'b1'. The system will either use the default value or the property value will be dropped. Please verify your source files. [/home/goodkook/ETRI050_DesignKit/devel/Ref_Design/FIR8/1_Parallel_IO/emulation/Vivado/synthesis/fir_pe_wrapper.v:950]
Resolution: Please check the value of the property and set to a correct value.
CRITICAL WARNING: [Netlist 29-72] Incorrect value '1'bx' specified for property 'INIT'. Expecting type 'binary' with possible values of '1'b0,1'b1'. The system will either use the default value or the property value will be dropped. Please verify your source files. [/home/goodkook/ETRI050_DesignKit/devel/Ref_Design/FIR8/1_Parallel_IO/emulation/Vivado/synthesis/fir_pe_wrapper.v:961]
Resolution: Please check the value of the property and set to a correct value.
CRITICAL WARNING: [Netlist 29-72] Incorrect value '1'bx' specified for property 'INIT'. Expecting type 'binary' with possible values of '1'b0,1'b1'. The system will either use the default value or the property value will be dropped. Please verify your source files. [/home/goodkook/ETRI050_DesignKit/devel/Ref_Design/FIR8/1_Parallel_IO/emulation/Vivado/synthesis/fir_pe_wrapper.v:972]
Resolution: Please check the value of the property and set to a correct value.
CRITICAL WARNING: [Netlist 29-72] Incorrect value '1'bx' specified for property 'INIT'. Expecting type 'binary' with possible values of '1'b0,1'b1'. The system will either use the default value or the property value will be dropped. Please verify your source files. [/home/goodkook/ETRI050_DesignKit/devel/Ref_Design/FIR8/1_Parallel_IO/emulation/Vivado/synthesis/fir_pe_wrapper.v:983]
Resolution: Please check the value of the property and set to a correct value.
CRITICAL WARNING: [Netlist 29-72] Incorrect value '1'bx' specified for property 'INIT'. Expecting type 'binary' with possible values of '1'b0,1'b1'. The system will either use the default value or the property value will be dropped. Please verify your source files. [/home/goodkook/ETRI050_DesignKit/devel/Ref_Design/FIR8/1_Parallel_IO/emulation/Vivado/synthesis/fir_pe_wrapper.v:994]
Resolution: Please check the value of the property and set to a correct value.
CRITICAL WARNING: [Netlist 29-72] Incorrect value '1'bx' specified for property 'INIT'. Expecting type 'binary' with possible values of '1'b0,1'b1'. The system will either use the default value or the property value will be dropped. Please verify your source files. [/home/goodkook/ETRI050_DesignKit/devel/Ref_Design/FIR8/1_Parallel_IO/emulation/Vivado/synthesis/fir_pe_wrapper.v:1005]
Resolution: Please check the value of the property and set to a correct value.
CRITICAL WARNING: [Netlist 29-72] Incorrect value '1'bx' specified for property 'INIT'. Expecting type 'binary' with possible values of '1'b0,1'b1'. The system will either use the default value or the property value will be dropped. Please verify your source files. [/home/goodkook/ETRI050_DesignKit/devel/Ref_Design/FIR8/1_Parallel_IO/emulation/Vivado/synthesis/fir_pe_wrapper.v:1016]
Resolution: Please check the value of the property and set to a correct value.
CRITICAL WARNING: [Netlist 29-72] Incorrect value '1'bx' specified for property 'INIT'. Expecting type 'binary' with possible values of '1'b0,1'b1'. The system will either use the default value or the property value will be dropped. Please verify your source files. [/home/goodkook/ETRI050_DesignKit/devel/Ref_Design/FIR8/1_Parallel_IO/emulation/Vivado/synthesis/fir_pe_wrapper.v:1027]
Resolution: Please check the value of the property and set to a correct value.
CRITICAL WARNING: [Netlist 29-72] Incorrect value '1'bx' specified for property 'INIT'. Expecting type 'binary' with possible values of '1'b0,1'b1'. The system will either use the default value or the property value will be dropped. Please verify your source files. [/home/goodkook/ETRI050_DesignKit/devel/Ref_Design/FIR8/1_Parallel_IO/emulation/Vivado/synthesis/fir_pe_wrapper.v:1038]
Resolution: Please check the value of the property and set to a correct value.
CRITICAL WARNING: [Netlist 29-72] Incorrect value '1'bx' specified for property 'INIT'. Expecting type 'binary' with possible values of '1'b0,1'b1'. The system will either use the default value or the property value will be dropped. Please verify your source files. [/home/goodkook/ETRI050_DesignKit/devel/Ref_Design/FIR8/1_Parallel_IO/emulation/Vivado/synthesis/fir_pe_wrapper.v:1049]
Resolution: Please check the value of the property and set to a correct value.
CRITICAL WARNING: [Netlist 29-72] Incorrect value '1'bx' specified for property 'INIT'. Expecting type 'binary' with possible values of '1'b0,1'b1'. The system will either use the default value or the property value will be dropped. Please verify your source files. [/home/goodkook/ETRI050_DesignKit/devel/Ref_Design/FIR8/1_Parallel_IO/emulation/Vivado/synthesis/fir_pe_wrapper.v:1060]
Resolution: Please check the value of the property and set to a correct value.
CRITICAL WARNING: [Netlist 29-72] Incorrect value '1'bx' specified for property 'INIT'. Expecting type 'binary' with possible values of '1'b0,1'b1'. The system will either use the default value or the property value will be dropped. Please verify your source files. [/home/goodkook/ETRI050_DesignKit/devel/Ref_Design/FIR8/1_Parallel_IO/emulation/Vivado/synthesis/fir_pe_wrapper.v:1071]
Resolution: Please check the value of the property and set to a correct value.
CRITICAL WARNING: [Netlist 29-72] Incorrect value '1'bx' specified for property 'INIT'. Expecting type 'binary' with possible values of '1'b0,1'b1'. The system will either use the default value or the property value will be dropped. Please verify your source files. [/home/goodkook/ETRI050_DesignKit/devel/Ref_Design/FIR8/1_Parallel_IO/emulation/Vivado/synthesis/fir_pe_wrapper.v:1082]
Resolution: Please check the value of the property and set to a correct value.
CRITICAL WARNING: [Netlist 29-72] Incorrect value '1'bx' specified for property 'INIT'. Expecting type 'binary' with possible values of '1'b0,1'b1'. The system will either use the default value or the property value will be dropped. Please verify your source files. [/home/goodkook/ETRI050_DesignKit/devel/Ref_Design/FIR8/1_Parallel_IO/emulation/Vivado/synthesis/fir_pe_wrapper.v:1093]
Resolution: Please check the value of the property and set to a correct value.
CRITICAL WARNING: [Netlist 29-72] Incorrect value '1'bx' specified for property 'INIT'. Expecting type 'binary' with possible values of '1'b0,1'b1'. The system will either use the default value or the property value will be dropped. Please verify your source files. [/home/goodkook/ETRI050_DesignKit/devel/Ref_Design/FIR8/1_Parallel_IO/emulation/Vivado/synthesis/fir_pe_wrapper.v:1104]
Resolution: Please check the value of the property and set to a correct value.
CRITICAL WARNING: [Netlist 29-72] Incorrect value '1'bx' specified for property 'INIT'. Expecting type 'binary' with possible values of '1'b0,1'b1'. The system will either use the default value or the property value will be dropped. Please verify your source files. [/home/goodkook/ETRI050_DesignKit/devel/Ref_Design/FIR8/1_Parallel_IO/emulation/Vivado/synthesis/fir_pe_wrapper.v:1115]
Resolution: Please check the value of the property and set to a correct value.
CRITICAL WARNING: [Netlist 29-72] Incorrect value '1'bx' specified for property 'INIT'. Expecting type 'binary' with possible values of '1'b0,1'b1'. The system will either use the default value or the property value will be dropped. Please verify your source files. [/home/goodkook/ETRI050_DesignKit/devel/Ref_Design/FIR8/1_Parallel_IO/emulation/Vivado/synthesis/fir_pe_wrapper.v:1126]
Resolution: Please check the value of the property and set to a correct value.
CRITICAL WARNING: [Netlist 29-72] Incorrect value '1'bx' specified for property 'INIT'. Expecting type 'binary' with possible values of '1'b0,1'b1'. The system will either use the default value or the property value will be dropped. Please verify your source files. [/home/goodkook/ETRI050_DesignKit/devel/Ref_Design/FIR8/1_Parallel_IO/emulation/Vivado/synthesis/fir_pe_wrapper.v:1137]
Resolution: Please check the value of the property and set to a correct value.
CRITICAL WARNING: [Netlist 29-72] Incorrect value '1'bx' specified for property 'INIT'. Expecting type 'binary' with possible values of '1'b0,1'b1'. The system will either use the default value or the property value will be dropped. Please verify your source files. [/home/goodkook/ETRI050_DesignKit/devel/Ref_Design/FIR8/1_Parallel_IO/emulation/Vivado/synthesis/fir_pe_wrapper.v:1148]
Resolution: Please check the value of the property and set to a correct value.
CRITICAL WARNING: [Netlist 29-72] Incorrect value '1'bx' specified for property 'INIT'. Expecting type 'binary' with possible values of '1'b0,1'b1'. The system will either use the default value or the property value will be dropped. Please verify your source files. [/home/goodkook/ETRI050_DesignKit/devel/Ref_Design/FIR8/1_Parallel_IO/emulation/Vivado/synthesis/fir_pe_wrapper.v:1159]
Resolution: Please check the value of the property and set to a correct value.
CRITICAL WARNING: [Netlist 29-72] Incorrect value '1'bx' specified for property 'INIT'. Expecting type 'binary' with possible values of '1'b0,1'b1'. The system will either use the default value or the property value will be dropped. Please verify your source files. [/home/goodkook/ETRI050_DesignKit/devel/Ref_Design/FIR8/1_Parallel_IO/emulation/Vivado/synthesis/fir_pe_wrapper.v:1170]
Resolution: Please check the value of the property and set to a correct value.
CRITICAL WARNING: [Netlist 29-72] Incorrect value '1'bx' specified for property 'INIT'. Expecting type 'binary' with possible values of '1'b0,1'b1'. The system will either use the default value or the property value will be dropped. Please verify your source files. [/home/goodkook/ETRI050_DesignKit/devel/Ref_Design/FIR8/1_Parallel_IO/emulation/Vivado/synthesis/fir_pe_wrapper.v:1181]
Resolution: Please check the value of the property and set to a correct value.
CRITICAL WARNING: [Netlist 29-72] Incorrect value '1'bx' specified for property 'INIT'. Expecting type 'binary' with possible values of '1'b0,1'b1'. The system will either use the default value or the property value will be dropped. Please verify your source files. [/home/goodkook/ETRI050_DesignKit/devel/Ref_Design/FIR8/1_Parallel_IO/emulation/Vivado/synthesis/fir_pe_wrapper.v:1192]
Resolution: Please check the value of the property and set to a correct value.
CRITICAL WARNING: [Netlist 29-72] Incorrect value '1'bx' specified for property 'INIT'. Expecting type 'binary' with possible values of '1'b0,1'b1'. The system will either use the default value or the property value will be dropped. Please verify your source files. [/home/goodkook/ETRI050_DesignKit/devel/Ref_Design/FIR8/1_Parallel_IO/emulation/Vivado/synthesis/fir_pe_wrapper.v:1203]
Resolution: Please check the value of the property and set to a correct value.
CRITICAL WARNING: [Netlist 29-72] Incorrect value '1'bx' specified for property 'INIT'. Expecting type 'binary' with possible values of '1'b0,1'b1'. The system will either use the default value or the property value will be dropped. Please verify your source files. [/home/goodkook/ETRI050_DesignKit/devel/Ref_Design/FIR8/1_Parallel_IO/emulation/Vivado/synthesis/fir_pe_wrapper.v:1214]
Resolution: Please check the value of the property and set to a correct value.
CRITICAL WARNING: [Netlist 29-72] Incorrect value '1'bx' specified for property 'INIT'. Expecting type 'binary' with possible values of '1'b0,1'b1'. The system will either use the default value or the property value will be dropped. Please verify your source files. [/home/goodkook/ETRI050_DesignKit/devel/Ref_Design/FIR8/1_Parallel_IO/emulation/Vivado/synthesis/fir_pe_wrapper.v:1225]
Resolution: Please check the value of the property and set to a correct value.
CRITICAL WARNING: [Netlist 29-72] Incorrect value '1'bx' specified for property 'INIT'. Expecting type 'binary' with possible values of '1'b0,1'b1'. The system will either use the default value or the property value will be dropped. Please verify your source files. [/home/goodkook/ETRI050_DesignKit/devel/Ref_Design/FIR8/1_Parallel_IO/emulation/Vivado/synthesis/fir_pe_wrapper.v:1236]
Resolution: Please check the value of the property and set to a correct value.
CRITICAL WARNING: [Netlist 29-72] Incorrect value '1'bx' specified for property 'INIT'. Expecting type 'binary' with possible values of '1'b0,1'b1'. The system will either use the default value or the property value will be dropped. Please verify your source files. [/home/goodkook/ETRI050_DesignKit/devel/Ref_Design/FIR8/1_Parallel_IO/emulation/Vivado/synthesis/fir_pe_wrapper.v:1247]
Resolution: Please check the value of the property and set to a correct value.
CRITICAL WARNING: [Netlist 29-72] Incorrect value '1'bx' specified for property 'INIT'. Expecting type 'binary' with possible values of '1'b0,1'b1'. The system will either use the default value or the property value will be dropped. Please verify your source files. [/home/goodkook/ETRI050_DesignKit/devel/Ref_Design/FIR8/1_Parallel_IO/emulation/Vivado/synthesis/fir_pe_wrapper.v:1258]
Resolution: Please check the value of the property and set to a correct value.
CRITICAL WARNING: [Netlist 29-72] Incorrect value '1'bx' specified for property 'INIT'. Expecting type 'binary' with possible values of '1'b0,1'b1'. The system will either use the default value or the property value will be dropped. Please verify your source files. [/home/goodkook/ETRI050_DesignKit/devel/Ref_Design/FIR8/1_Parallel_IO/emulation/Vivado/synthesis/fir_pe_wrapper.v:1269]
Resolution: Please check the value of the property and set to a correct value.
CRITICAL WARNING: [Netlist 29-72] Incorrect value '1'bx' specified for property 'INIT'. Expecting type 'binary' with possible values of '1'b0,1'b1'. The system will either use the default value or the property value will be dropped. Please verify your source files. [/home/goodkook/ETRI050_DesignKit/devel/Ref_Design/FIR8/1_Parallel_IO/emulation/Vivado/synthesis/fir_pe_wrapper.v:1280]
Resolution: Please check the value of the property and set to a correct value.
CRITICAL WARNING: [Netlist 29-72] Incorrect value '1'bx' specified for property 'INIT'. Expecting type 'binary' with possible values of '1'b0,1'b1'. The system will either use the default value or the property value will be dropped. Please verify your source files. [/home/goodkook/ETRI050_DesignKit/devel/Ref_Design/FIR8/1_Parallel_IO/emulation/Vivado/synthesis/fir_pe_wrapper.v:1291]
Resolution: Please check the value of the property and set to a correct value.
CRITICAL WARNING: [Netlist 29-72] Incorrect value '1'bx' specified for property 'INIT'. Expecting type 'binary' with possible values of '1'b0,1'b1'. The system will either use the default value or the property value will be dropped. Please verify your source files. [/home/goodkook/ETRI050_DesignKit/devel/Ref_Design/FIR8/1_Parallel_IO/emulation/Vivado/synthesis/fir_pe_wrapper.v:1302]
Resolution: Please check the value of the property and set to a correct value.
CRITICAL WARNING: [Netlist 29-72] Incorrect value '1'bx' specified for property 'INIT'. Expecting type 'binary' with possible values of '1'b0,1'b1'. The system will either use the default value or the property value will be dropped. Please verify your source files. [/home/goodkook/ETRI050_DesignKit/devel/Ref_Design/FIR8/1_Parallel_IO/emulation/Vivado/synthesis/fir_pe_wrapper.v:1313]
Resolution: Please check the value of the property and set to a correct value.
CRITICAL WARNING: [Netlist 29-72] Incorrect value '1'bx' specified for property 'INIT'. Expecting type 'binary' with possible values of '1'b0,1'b1'. The system will either use the default value or the property value will be dropped. Please verify your source files. [/home/goodkook/ETRI050_DesignKit/devel/Ref_Design/FIR8/1_Parallel_IO/emulation/Vivado/synthesis/fir_pe_wrapper.v:1324]
Resolution: Please check the value of the property and set to a correct value.
CRITICAL WARNING: [Netlist 29-72] Incorrect value '1'bx' specified for property 'INIT'. Expecting type 'binary' with possible values of '1'b0,1'b1'. The system will either use the default value or the property value will be dropped. Please verify your source files. [/home/goodkook/ETRI050_DesignKit/devel/Ref_Design/FIR8/1_Parallel_IO/emulation/Vivado/synthesis/fir_pe_wrapper.v:1335]
Resolution: Please check the value of the property and set to a correct value.
CRITICAL WARNING: [Netlist 29-72] Incorrect value '1'bx' specified for property 'INIT'. Expecting type 'binary' with possible values of '1'b0,1'b1'. The system will either use the default value or the property value will be dropped. Please verify your source files. [/home/goodkook/ETRI050_DesignKit/devel/Ref_Design/FIR8/1_Parallel_IO/emulation/Vivado/synthesis/fir_pe_wrapper.v:1346]
Resolution: Please check the value of the property and set to a correct value.
CRITICAL WARNING: [Netlist 29-72] Incorrect value '1'bx' specified for property 'INIT'. Expecting type 'binary' with possible values of '1'b0,1'b1'. The system will either use the default value or the property value will be dropped. Please verify your source files. [/home/goodkook/ETRI050_DesignKit/devel/Ref_Design/FIR8/1_Parallel_IO/emulation/Vivado/synthesis/fir_pe_wrapper.v:1357]
Resolution: Please check the value of the property and set to a correct value.
CRITICAL WARNING: [Netlist 29-72] Incorrect value '1'bx' specified for property 'INIT'. Expecting type 'binary' with possible values of '1'b0,1'b1'. The system will either use the default value or the property value will be dropped. Please verify your source files. [/home/goodkook/ETRI050_DesignKit/devel/Ref_Design/FIR8/1_Parallel_IO/emulation/Vivado/synthesis/fir_pe_wrapper.v:1368]
Resolution: Please check the value of the property and set to a correct value.
CRITICAL WARNING: [Netlist 29-72] Incorrect value '1'bx' specified for property 'INIT'. Expecting type 'binary' with possible values of '1'b0,1'b1'. The system will either use the default value or the property value will be dropped. Please verify your source files. [/home/goodkook/ETRI050_DesignKit/devel/Ref_Design/FIR8/1_Parallel_IO/emulation/Vivado/synthesis/fir_pe_wrapper.v:1379]
Resolution: Please check the value of the property and set to a correct value.
INFO: [Common 17-14] Message 'Netlist 29-72' appears 100 times and further instances of the messages will be disabled. Use the Tcl command set_msg_config to change the current settings.
Netlist sorting complete. Time (s): cpu = 00:00:00 ; elapsed = 00:00:00 . Memory (MB): peak = 1656.738 ; gain = 0.000 ; free physical = 11019 ; free virtual = 17403
INFO: [Netlist 29-17] Analyzing 3 Unisim elements for replacement
INFO: [Netlist 29-28] Unisim Transformation completed in 0 CPU seconds
INFO: [Project 1-570] Preparing netlist for logic optimization
Parsing XDC File [/home/goodkook/ETRI050_DesignKit/devel/Ref_Design/FIR8/1_Parallel_IO/emulation/Vivado/fir_pe_wrapper.srcs/constrs_1/imports/digilent-xdc-master/Arty-A7-100-Master.xdc]
Finished Parsing XDC File [/home/goodkook/ETRI050_DesignKit/devel/Ref_Design/FIR8/1_Parallel_IO/emulation/Vivado/fir_pe_wrapper.srcs/constrs_1/imports/digilent-xdc-master/Arty-A7-100-Master.xdc]
INFO: [Opt 31-138] Pushed 0 inverter(s) to 0 load pin(s).
Netlist sorting complete. Time (s): cpu = 00:00:00 ; elapsed = 00:00:00 . Memory (MB): peak = 1804.395 ; gain = 0.000 ; free physical = 10933 ; free virtual = 17318
INFO: [Project 1-111] Unisim Transformation Summary:
  A total of 1 instances were transformed.
  INV => LUT1: 1 instance 

7 Infos, 3 Warnings, 100 Critical Warnings and 0 Errors encountered.
link_design completed successfully
Command: opt_design
Attempting to get a license for feature 'Implementation' and/or device 'xc7a100t'
INFO: [Common 17-349] Got license for feature 'Implementation' and/or device 'xc7a100t'
Running DRC as a precondition to command opt_design

Starting DRC Task
INFO: [DRC 23-27] Running DRC with 8 threads
INFO: [Project 1-461] DRC finished with 0 Errors
INFO: [Project 1-462] Please refer to the DRC report (report_drc) for more information.

Time (s): cpu = 00:00:00.85 ; elapsed = 00:00:00.54 . Memory (MB): peak = 1894.176 ; gain = 89.746 ; free physical = 10912 ; free virtual = 17296

Starting Cache Timing Information Task
INFO: [Timing 38-35] Done setting XDC timing constraints.
Ending Cache Timing Information Task | Checksum: 1219c9682

Time (s): cpu = 00:00:05 ; elapsed = 00:00:05 . Memory (MB): peak = 2318.066 ; gain = 423.891 ; free physical = 10498 ; free virtual = 16882

Starting Logic Optimization Task

Phase 1 Initialization

Phase 1.1 Core Generation And Design Setup
Phase 1.1 Core Generation And Design Setup | Checksum: 1219c9682

Time (s): cpu = 00:00:00 ; elapsed = 00:00:00 . Memory (MB): peak = 2622.902 ; gain = 0.000 ; free physical = 10196 ; free virtual = 16580

Phase 1.2 Setup Constraints And Sort Netlist
Phase 1.2 Setup Constraints And Sort Netlist | Checksum: 1219c9682

Time (s): cpu = 00:00:00.01 ; elapsed = 00:00:00 . Memory (MB): peak = 2622.902 ; gain = 0.000 ; free physical = 10196 ; free virtual = 16580
Phase 1 Initialization | Checksum: 1219c9682

Time (s): cpu = 00:00:00.01 ; elapsed = 00:00:00 . Memory (MB): peak = 2622.902 ; gain = 0.000 ; free physical = 10196 ; free virtual = 16580

Phase 2 Timer Update And Timing Data Collection

Phase 2.1 Timer Update
Phase 2.1 Timer Update | Checksum: 1219c9682

Time (s): cpu = 00:00:00.02 ; elapsed = 00:00:00.01 . Memory (MB): peak = 2622.902 ; gain = 0.000 ; free physical = 10196 ; free virtual = 16580

Phase 2.2 Timing Data Collection
Phase 2.2 Timing Data Collection | Checksum: 1219c9682

Time (s): cpu = 00:00:00.02 ; elapsed = 00:00:00.02 . Memory (MB): peak = 2622.902 ; gain = 0.000 ; free physical = 10196 ; free virtual = 16580
Phase 2 Timer Update And Timing Data Collection | Checksum: 1219c9682

Time (s): cpu = 00:00:00.02 ; elapsed = 00:00:00.02 . Memory (MB): peak = 2622.902 ; gain = 0.000 ; free physical = 10196 ; free virtual = 16580

Phase 3 Retarget
INFO: [Opt 31-138] Pushed 0 inverter(s) to 0 load pin(s).
INFO: [Opt 31-49] Retargeted 0 cell(s).
Phase 3 Retarget | Checksum: 1219c9682

Time (s): cpu = 00:00:00.03 ; elapsed = 00:00:00.02 . Memory (MB): peak = 2622.902 ; gain = 0.000 ; free physical = 10196 ; free virtual = 16580
Retarget | Checksum: 1219c9682
INFO: [Opt 31-389] Phase Retarget created 0 cells and removed 0 cells

Phase 4 Constant propagation
INFO: [Opt 31-138] Pushed 0 inverter(s) to 0 load pin(s).
Phase 4 Constant propagation | Checksum: 1219c9682

Time (s): cpu = 00:00:00.03 ; elapsed = 00:00:00.03 . Memory (MB): peak = 2622.902 ; gain = 0.000 ; free physical = 10196 ; free virtual = 16580
Constant propagation | Checksum: 1219c9682
INFO: [Opt 31-389] Phase Constant propagation created 0 cells and removed 0 cells

Phase 5 Sweep
Phase 5 Sweep | Checksum: 1e406e94a

Time (s): cpu = 00:00:00.03 ; elapsed = 00:00:00.03 . Memory (MB): peak = 2622.902 ; gain = 0.000 ; free physical = 10196 ; free virtual = 16580
Sweep | Checksum: 1e406e94a
INFO: [Opt 31-389] Phase Sweep created 0 cells and removed 1 cells

Phase 6 BUFG optimization
Phase 6 BUFG optimization | Checksum: 1e406e94a

Time (s): cpu = 00:00:00.03 ; elapsed = 00:00:00.03 . Memory (MB): peak = 2654.918 ; gain = 32.016 ; free physical = 10196 ; free virtual = 16580
BUFG optimization | Checksum: 1e406e94a
INFO: [Opt 31-662] Phase BUFG optimization created 0 cells of which 0 are BUFGs and removed 0 cells.

Phase 7 Shift Register Optimization
INFO: [Opt 31-1064] SRL Remap converted 0 SRLs to 0 registers and converted 0 registers of register chains to 0 SRLs
Phase 7 Shift Register Optimization | Checksum: 1e406e94a

Time (s): cpu = 00:00:00.03 ; elapsed = 00:00:00.03 . Memory (MB): peak = 2654.918 ; gain = 32.016 ; free physical = 10196 ; free virtual = 16580
Shift Register Optimization | Checksum: 1e406e94a
INFO: [Opt 31-389] Phase Shift Register Optimization created 0 cells and removed 0 cells

Phase 8 Post Processing Netlist
Phase 8 Post Processing Netlist | Checksum: 1e406e94a

Time (s): cpu = 00:00:00.03 ; elapsed = 00:00:00.04 . Memory (MB): peak = 2654.918 ; gain = 32.016 ; free physical = 10196 ; free virtual = 16580
Post Processing Netlist | Checksum: 1e406e94a
INFO: [Opt 31-389] Phase Post Processing Netlist created 0 cells and removed 0 cells

Phase 9 Finalization

Phase 9.1 Finalizing Design Cores and Updating Shapes
Phase 9.1 Finalizing Design Cores and Updating Shapes | Checksum: 20d1b50e0

Time (s): cpu = 00:00:00.03 ; elapsed = 00:00:00.04 . Memory (MB): peak = 2654.918 ; gain = 32.016 ; free physical = 10196 ; free virtual = 16580

Phase 9.2 Verifying Netlist Connectivity

Starting Connectivity Check Task

Time (s): cpu = 00:00:00 ; elapsed = 00:00:00 . Memory (MB): peak = 2654.918 ; gain = 0.000 ; free physical = 10196 ; free virtual = 16580
Phase 9.2 Verifying Netlist Connectivity | Checksum: 20d1b50e0

Time (s): cpu = 00:00:00.04 ; elapsed = 00:00:00.04 . Memory (MB): peak = 2654.918 ; gain = 32.016 ; free physical = 10196 ; free virtual = 16580
Phase 9 Finalization | Checksum: 20d1b50e0

Time (s): cpu = 00:00:00.04 ; elapsed = 00:00:00.04 . Memory (MB): peak = 2654.918 ; gain = 32.016 ; free physical = 10196 ; free virtual = 16580
Opt_design Change Summary
=========================


-------------------------------------------------------------------------------------------------------------------------
|  Phase                        |  #Cells created  |  #Cells Removed  |  #Constrained objects preventing optimizations  |
-------------------------------------------------------------------------------------------------------------------------
|  Retarget                     |               0  |               0  |                                              0  |
|  Constant propagation         |               0  |               0  |                                              0  |
|  Sweep                        |               0  |               1  |                                              0  |
|  BUFG optimization            |               0  |               0  |                                              0  |
|  Shift Register Optimization  |               0  |               0  |                                              0  |
|  Post Processing Netlist      |               0  |               0  |                                              0  |
-------------------------------------------------------------------------------------------------------------------------


Ending Logic Optimization Task | Checksum: 20d1b50e0

Time (s): cpu = 00:00:00.04 ; elapsed = 00:00:00.04 . Memory (MB): peak = 2654.918 ; gain = 32.016 ; free physical = 10196 ; free virtual = 16580
INFO: [Constraints 18-11670] Building netlist checker database with flags, 0x8
Done building netlist checker database: Time (s): cpu = 00:00:00 ; elapsed = 00:00:00 . Memory (MB): peak = 2654.918 ; gain = 0.000 ; free physical = 10196 ; free virtual = 16580

Starting Power Optimization Task
INFO: [Pwropt 34-132] Skipping clock gating for clocks with a period < 2.00 ns.
Ending Power Optimization Task | Checksum: 20d1b50e0

Time (s): cpu = 00:00:00 ; elapsed = 00:00:00 . Memory (MB): peak = 2654.918 ; gain = 0.000 ; free physical = 10196 ; free virtual = 16580

Starting Final Cleanup Task
Ending Final Cleanup Task | Checksum: 20d1b50e0

Time (s): cpu = 00:00:00 ; elapsed = 00:00:00 . Memory (MB): peak = 2654.918 ; gain = 0.000 ; free physical = 10196 ; free virtual = 16580

Starting Netlist Obfuscation Task
Netlist sorting complete. Time (s): cpu = 00:00:00 ; elapsed = 00:00:00 . Memory (MB): peak = 2654.918 ; gain = 0.000 ; free physical = 10196 ; free virtual = 16580
Ending Netlist Obfuscation Task | Checksum: 20d1b50e0

Time (s): cpu = 00:00:00 ; elapsed = 00:00:00 . Memory (MB): peak = 2654.918 ; gain = 0.000 ; free physical = 10196 ; free virtual = 16580
INFO: [Common 17-83] Releasing license: Implementation
25 Infos, 3 Warnings, 100 Critical Warnings and 0 Errors encountered.
opt_design completed successfully
opt_design: Time (s): cpu = 00:00:07 ; elapsed = 00:00:07 . Memory (MB): peak = 2654.918 ; gain = 850.488 ; free physical = 10196 ; free virtual = 16580
INFO: [runtcl-4] Executing : report_drc -file fir_pe_wrapper_drc_opted.rpt -pb fir_pe_wrapper_drc_opted.pb -rpx fir_pe_wrapper_drc_opted.rpx
Command: report_drc -file fir_pe_wrapper_drc_opted.rpt -pb fir_pe_wrapper_drc_opted.pb -rpx fir_pe_wrapper_drc_opted.rpx
INFO: [IP_Flow 19-234] Refreshing IP repositories
INFO: [IP_Flow 19-1704] No user IP repositories specified
INFO: [IP_Flow 19-2313] Loaded Vivado IP repository '/opt/Xilinx/Vivado/2023.2/data/ip'.
INFO: [DRC 23-27] Running DRC with 8 threads
INFO: [Vivado_Tcl 2-168] The results of DRC are in file /home/goodkook/ETRI050_DesignKit/devel/Ref_Design/FIR8/1_Parallel_IO/emulation/Vivado/fir_pe_wrapper.runs/impl_1/fir_pe_wrapper_drc_opted.rpt.
report_drc completed successfully
INFO: [Timing 38-480] Writing timing data to binary archive.
Write ShapeDB Complete: Time (s): cpu = 00:00:00 ; elapsed = 00:00:00 . Memory (MB): peak = 2753.770 ; gain = 0.000 ; free physical = 10156 ; free virtual = 16540
Wrote PlaceDB: Time (s): cpu = 00:00:00 ; elapsed = 00:00:00 . Memory (MB): peak = 2753.770 ; gain = 0.000 ; free physical = 10156 ; free virtual = 16540
Wrote PulsedLatchDB: Time (s): cpu = 00:00:00 ; elapsed = 00:00:00 . Memory (MB): peak = 2753.770 ; gain = 0.000 ; free physical = 10156 ; free virtual = 16540
Writing XDEF routing.
Writing XDEF routing logical nets.
Writing XDEF routing special nets.
Wrote RouteStorage: Time (s): cpu = 00:00:00.03 ; elapsed = 00:00:00.01 . Memory (MB): peak = 2753.770 ; gain = 0.000 ; free physical = 10153 ; free virtual = 16537
Wrote Netlist Cache: Time (s): cpu = 00:00:00 ; elapsed = 00:00:00 . Memory (MB): peak = 2753.770 ; gain = 0.000 ; free physical = 10153 ; free virtual = 16537
Wrote Device Cache: Time (s): cpu = 00:00:00.01 ; elapsed = 00:00:00.01 . Memory (MB): peak = 2753.770 ; gain = 0.000 ; free physical = 10152 ; free virtual = 16537
Write Physdb Complete: Time (s): cpu = 00:00:00.04 ; elapsed = 00:00:00.02 . Memory (MB): peak = 2753.770 ; gain = 0.000 ; free physical = 10152 ; free virtual = 16537
INFO: [Common 17-1381] The checkpoint '/home/goodkook/ETRI050_DesignKit/devel/Ref_Design/FIR8/1_Parallel_IO/emulation/Vivado/fir_pe_wrapper.runs/impl_1/fir_pe_wrapper_opt.dcp' has been generated.
Command: place_design
Attempting to get a license for feature 'Implementation' and/or device 'xc7a100t'
INFO: [Common 17-349] Got license for feature 'Implementation' and/or device 'xc7a100t'
INFO: [Common 17-83] Releasing license: Implementation
INFO: [DRC 23-27] Running DRC with 8 threads
INFO: [Vivado_Tcl 4-198] DRC finished with 0 Errors
INFO: [Vivado_Tcl 4-199] Please refer to the DRC report (report_drc) for more information.
Running DRC as a precondition to command place_design
INFO: [DRC 23-27] Running DRC with 8 threads
INFO: [Vivado_Tcl 4-198] DRC finished with 0 Errors
INFO: [Vivado_Tcl 4-199] Please refer to the DRC report (report_drc) for more information.
INFO: [Place 30-611] Multithreading enabled for place_design using a maximum of 8 CPUs

Starting Placer Task

Phase 1 Placer Initialization

Phase 1.1 Placer Initialization Netlist Sorting
Netlist sorting complete. Time (s): cpu = 00:00:00 ; elapsed = 00:00:00 . Memory (MB): peak = 2761.773 ; gain = 0.000 ; free physical = 10154 ; free virtual = 16539
Phase 1.1 Placer Initialization Netlist Sorting | Checksum: 17c812b5e

Time (s): cpu = 00:00:00 ; elapsed = 00:00:00 . Memory (MB): peak = 2761.773 ; gain = 0.000 ; free physical = 10154 ; free virtual = 16539
Netlist sorting complete. Time (s): cpu = 00:00:00 ; elapsed = 00:00:00 . Memory (MB): peak = 2761.773 ; gain = 0.000 ; free physical = 10154 ; free virtual = 16539

Phase 1.2 IO Placement/ Clock Placement/ Build Placer Device
INFO: [Timing 38-35] Done setting XDC timing constraints.
Phase 1.2 IO Placement/ Clock Placement/ Build Placer Device | Checksum: 5b9f134e

Time (s): cpu = 00:00:00.4 ; elapsed = 00:00:00.29 . Memory (MB): peak = 2761.773 ; gain = 0.000 ; free physical = 10153 ; free virtual = 16538

Phase 1.3 Build Placer Netlist Model
Phase 1.3 Build Placer Netlist Model | Checksum: 1479ad706

Time (s): cpu = 00:00:00.47 ; elapsed = 00:00:00.33 . Memory (MB): peak = 2761.773 ; gain = 0.000 ; free physical = 10153 ; free virtual = 16538

Phase 1.4 Constrain Clocks/Macros
Phase 1.4 Constrain Clocks/Macros | Checksum: 1479ad706

Time (s): cpu = 00:00:00.48 ; elapsed = 00:00:00.34 . Memory (MB): peak = 2761.773 ; gain = 0.000 ; free physical = 10153 ; free virtual = 16538
Phase 1 Placer Initialization | Checksum: 1479ad706

Time (s): cpu = 00:00:00.48 ; elapsed = 00:00:00.34 . Memory (MB): peak = 2761.773 ; gain = 0.000 ; free physical = 10153 ; free virtual = 16538

Phase 2 Global Placement

Phase 2.1 Floorplanning
Phase 2.1 Floorplanning | Checksum: 6dc8d549

Time (s): cpu = 00:00:00.55 ; elapsed = 00:00:00.37 . Memory (MB): peak = 2761.773 ; gain = 0.000 ; free physical = 10153 ; free virtual = 16537

Phase 2.2 Update Timing before SLR Path Opt
Phase 2.2 Update Timing before SLR Path Opt | Checksum: a0e9206a

Time (s): cpu = 00:00:00.58 ; elapsed = 00:00:00.38 . Memory (MB): peak = 2761.773 ; gain = 0.000 ; free physical = 10152 ; free virtual = 16537

Phase 2.3 Post-Processing in Floorplanning
Phase 2.3 Post-Processing in Floorplanning | Checksum: a0e9206a

Time (s): cpu = 00:00:00.58 ; elapsed = 00:00:00.38 . Memory (MB): peak = 2761.773 ; gain = 0.000 ; free physical = 10152 ; free virtual = 16537

Phase 2.4 Global Placement Core

Phase 2.4.1 UpdateTiming Before Physical Synthesis
Phase 2.4.1 UpdateTiming Before Physical Synthesis | Checksum: 17a9178b3

Time (s): cpu = 00:00:02 ; elapsed = 00:00:00.73 . Memory (MB): peak = 2761.773 ; gain = 0.000 ; free physical = 10146 ; free virtual = 16531

Phase 2.4.2 Physical Synthesis In Placer
INFO: [Physopt 32-1035] Found 0 LUTNM shape to break, 6 LUT instances to create LUTNM shape
INFO: [Physopt 32-1044] Break lutnm for timing: one critical 0, two critical 0, total 0, new lutff created 0
INFO: [Physopt 32-1138] End 1 Pass. Optimized 3 nets or LUTs. Breaked 0 LUT, combined 3 existing LUTs and moved 0 existing LUT
INFO: [Physopt 32-65] No nets found for high-fanout optimization.
INFO: [Physopt 32-232] Optimized 0 net. Created 0 new instance.
INFO: [Physopt 32-775] End 1 Pass. Optimized 0 net or cell. Created 0 new cell, deleted 0 existing cell and moved 0 existing cell
INFO: [Physopt 32-670] No setup violation found.  DSP Register Optimization was not performed.
INFO: [Physopt 32-670] No setup violation found.  Shift Register to Pipeline Optimization was not performed.
INFO: [Physopt 32-670] No setup violation found.  Shift Register Optimization was not performed.
INFO: [Physopt 32-670] No setup violation found.  BRAM Register Optimization was not performed.
INFO: [Physopt 32-670] No setup violation found.  URAM Register Optimization was not performed.
INFO: [Physopt 32-949] No candidate nets found for dynamic/static region interface net replication
INFO: [Physopt 32-775] End 1 Pass. Optimized 0 net or cell. Created 0 new cell, deleted 0 existing cell and moved 0 existing cell
Netlist sorting complete. Time (s): cpu = 00:00:00 ; elapsed = 00:00:00 . Memory (MB): peak = 2761.773 ; gain = 0.000 ; free physical = 10145 ; free virtual = 16530

Summary of Physical Synthesis Optimizations
============================================


-----------------------------------------------------------------------------------------------------------------------------------------------------------
|  Optimization                                     |  Added Cells  |  Removed Cells  |  Optimized Cells/Nets  |  Dont Touch  |  Iterations  |  Elapsed   |
-----------------------------------------------------------------------------------------------------------------------------------------------------------
|  LUT Combining                                    |            0  |              3  |                     3  |           0  |           1  |  00:00:00  |
|  Retime                                           |            0  |              0  |                     0  |           0  |           1  |  00:00:00  |
|  Very High Fanout                                 |            0  |              0  |                     0  |           0  |           1  |  00:00:00  |
|  DSP Register                                     |            0  |              0  |                     0  |           0  |           0  |  00:00:00  |
|  Shift Register to Pipeline                       |            0  |              0  |                     0  |           0  |           0  |  00:00:00  |
|  Shift Register                                   |            0  |              0  |                     0  |           0  |           0  |  00:00:00  |
|  BRAM Register                                    |            0  |              0  |                     0  |           0  |           0  |  00:00:00  |
|  URAM Register                                    |            0  |              0  |                     0  |           0  |           0  |  00:00:00  |
|  Dynamic/Static Region Interface Net Replication  |            0  |              0  |                     0  |           0  |           1  |  00:00:00  |
|  Total                                            |            0  |              3  |                     3  |           0  |           4  |  00:00:00  |
-----------------------------------------------------------------------------------------------------------------------------------------------------------


Phase 2.4.2 Physical Synthesis In Placer | Checksum: 14ff9df89

Time (s): cpu = 00:00:02 ; elapsed = 00:00:00.96 . Memory (MB): peak = 2761.773 ; gain = 0.000 ; free physical = 10145 ; free virtual = 16530
Phase 2.4 Global Placement Core | Checksum: 12f3913c1

Time (s): cpu = 00:00:02 ; elapsed = 00:00:01 . Memory (MB): peak = 2761.773 ; gain = 0.000 ; free physical = 10145 ; free virtual = 16530
Phase 2 Global Placement | Checksum: 12f3913c1

Time (s): cpu = 00:00:02 ; elapsed = 00:00:01 . Memory (MB): peak = 2761.773 ; gain = 0.000 ; free physical = 10145 ; free virtual = 16530

Phase 3 Detail Placement

Phase 3.1 Commit Multi Column Macros
Phase 3.1 Commit Multi Column Macros | Checksum: 10ee5140a

Time (s): cpu = 00:00:02 ; elapsed = 00:00:01 . Memory (MB): peak = 2761.773 ; gain = 0.000 ; free physical = 10145 ; free virtual = 16530

Phase 3.2 Commit Most Macros & LUTRAMs
Phase 3.2 Commit Most Macros & LUTRAMs | Checksum: efa61fd7

Time (s): cpu = 00:00:02 ; elapsed = 00:00:01 . Memory (MB): peak = 2761.773 ; gain = 0.000 ; free physical = 10145 ; free virtual = 16530

Phase 3.3 Area Swap Optimization
Phase 3.3 Area Swap Optimization | Checksum: c4e5cf6a

Time (s): cpu = 00:00:02 ; elapsed = 00:00:01 . Memory (MB): peak = 2761.773 ; gain = 0.000 ; free physical = 10145 ; free virtual = 16530

Phase 3.4 Pipeline Register Optimization
Phase 3.4 Pipeline Register Optimization | Checksum: 136215cac

Time (s): cpu = 00:00:02 ; elapsed = 00:00:01 . Memory (MB): peak = 2761.773 ; gain = 0.000 ; free physical = 10145 ; free virtual = 16530

Phase 3.5 Small Shape Detail Placement
Phase 3.5 Small Shape Detail Placement | Checksum: 1272b77ef

Time (s): cpu = 00:00:02 ; elapsed = 00:00:01 . Memory (MB): peak = 2761.773 ; gain = 0.000 ; free physical = 10145 ; free virtual = 16530

Phase 3.6 Re-assign LUT pins
Phase 3.6 Re-assign LUT pins | Checksum: 1272b77ef

Time (s): cpu = 00:00:02 ; elapsed = 00:00:01 . Memory (MB): peak = 2761.773 ; gain = 0.000 ; free physical = 10145 ; free virtual = 16530

Phase 3.7 Pipeline Register Optimization
Phase 3.7 Pipeline Register Optimization | Checksum: 94670255

Time (s): cpu = 00:00:02 ; elapsed = 00:00:01 . Memory (MB): peak = 2761.773 ; gain = 0.000 ; free physical = 10145 ; free virtual = 16530
Phase 3 Detail Placement | Checksum: 94670255

Time (s): cpu = 00:00:02 ; elapsed = 00:00:01 . Memory (MB): peak = 2761.773 ; gain = 0.000 ; free physical = 10145 ; free virtual = 16530

Phase 4 Post Placement Optimization and Clean-Up

Phase 4.1 Post Commit Optimization
INFO: [Timing 38-35] Done setting XDC timing constraints.

Phase 4.1.1 Post Placement Optimization
Post Placement Optimization Initialization | Checksum: d03172f7

Phase 4.1.1.1 BUFG Insertion

Starting Physical Synthesis Task

Phase 1 Physical Synthesis Initialization
INFO: [Physopt 32-721] Multithreading enabled for phys_opt_design using a maximum of 8 CPUs
INFO: [Physopt 32-619] Estimated Timing Summary | WNS=494.680 | TNS=0.000 |
Phase 1 Physical Synthesis Initialization | Checksum: 100eff3c4

Time (s): cpu = 00:00:00.01 ; elapsed = 00:00:00.02 . Memory (MB): peak = 2761.773 ; gain = 0.000 ; free physical = 10141 ; free virtual = 16526
INFO: [Place 46-56] BUFG insertion identified 0 candidate nets. Inserted BUFG: 0, Replicated BUFG Driver: 0, Skipped due to Placement/Routing Conflicts: 0, Skipped due to Timing Degradation: 0, Skipped due to netlist editing failed: 0.
Ending Physical Synthesis Task | Checksum: 100eff3c4

Time (s): cpu = 00:00:00.01 ; elapsed = 00:00:00.02 . Memory (MB): peak = 2761.773 ; gain = 0.000 ; free physical = 10141 ; free virtual = 16526
Phase 4.1.1.1 BUFG Insertion | Checksum: d03172f7

Time (s): cpu = 00:00:02 ; elapsed = 00:00:01 . Memory (MB): peak = 2761.773 ; gain = 0.000 ; free physical = 10141 ; free virtual = 16526

Phase 4.1.1.2 Post Placement Timing Optimization
INFO: [Place 30-746] Post Placement Timing Summary WNS=494.680. For the most accurate timing information please run report_timing.
Phase 4.1.1.2 Post Placement Timing Optimization | Checksum: e9771e17

Time (s): cpu = 00:00:02 ; elapsed = 00:00:01 . Memory (MB): peak = 2761.773 ; gain = 0.000 ; free physical = 10141 ; free virtual = 16526

Time (s): cpu = 00:00:02 ; elapsed = 00:00:01 . Memory (MB): peak = 2761.773 ; gain = 0.000 ; free physical = 10141 ; free virtual = 16526
Phase 4.1 Post Commit Optimization | Checksum: e9771e17

Time (s): cpu = 00:00:02 ; elapsed = 00:00:01 . Memory (MB): peak = 2761.773 ; gain = 0.000 ; free physical = 10141 ; free virtual = 16526

Phase 4.2 Post Placement Cleanup
Phase 4.2 Post Placement Cleanup | Checksum: e9771e17

Time (s): cpu = 00:00:02 ; elapsed = 00:00:01 . Memory (MB): peak = 2761.773 ; gain = 0.000 ; free physical = 10141 ; free virtual = 16526

Phase 4.3 Placer Reporting

Phase 4.3.1 Print Estimated Congestion
INFO: [Place 30-612] Post-Placement Estimated Congestion 
 ____________________________________________________
|           | Global Congestion | Short Congestion  |
| Direction | Region Size       | Region Size       |
|___________|___________________|___________________|
|      North|                1x1|                1x1|
|___________|___________________|___________________|
|      South|                1x1|                1x1|
|___________|___________________|___________________|
|       East|                1x1|                1x1|
|___________|___________________|___________________|
|       West|                1x1|                1x1|
|___________|___________________|___________________|

Phase 4.3.1 Print Estimated Congestion | Checksum: e9771e17

Time (s): cpu = 00:00:02 ; elapsed = 00:00:01 . Memory (MB): peak = 2761.773 ; gain = 0.000 ; free physical = 10141 ; free virtual = 16526
Phase 4.3 Placer Reporting | Checksum: e9771e17

Time (s): cpu = 00:00:02 ; elapsed = 00:00:01 . Memory (MB): peak = 2761.773 ; gain = 0.000 ; free physical = 10141 ; free virtual = 16526

Phase 4.4 Final Placement Cleanup
Netlist sorting complete. Time (s): cpu = 00:00:00 ; elapsed = 00:00:00 . Memory (MB): peak = 2761.773 ; gain = 0.000 ; free physical = 10141 ; free virtual = 16526

Time (s): cpu = 00:00:02 ; elapsed = 00:00:01 . Memory (MB): peak = 2761.773 ; gain = 0.000 ; free physical = 10141 ; free virtual = 16526
Phase 4 Post Placement Optimization and Clean-Up | Checksum: 15b05371c

Time (s): cpu = 00:00:02 ; elapsed = 00:00:01 . Memory (MB): peak = 2761.773 ; gain = 0.000 ; free physical = 10141 ; free virtual = 16526
Ending Placer Task | Checksum: e1e3e747

Time (s): cpu = 00:00:02 ; elapsed = 00:00:01 . Memory (MB): peak = 2761.773 ; gain = 0.000 ; free physical = 10141 ; free virtual = 16526
62 Infos, 3 Warnings, 100 Critical Warnings and 0 Errors encountered.
place_design completed successfully
INFO: [runtcl-4] Executing : report_io -file fir_pe_wrapper_io_placed.rpt
report_io: Time (s): cpu = 00:00:00.1 ; elapsed = 00:00:00.11 . Memory (MB): peak = 2761.773 ; gain = 0.000 ; free physical = 10141 ; free virtual = 16526
INFO: [runtcl-4] Executing : report_utilization -file fir_pe_wrapper_utilization_placed.rpt -pb fir_pe_wrapper_utilization_placed.pb
INFO: [runtcl-4] Executing : report_control_sets -verbose -file fir_pe_wrapper_control_sets_placed.rpt
report_control_sets: Time (s): cpu = 00:00:00.05 ; elapsed = 00:00:00.08 . Memory (MB): peak = 2761.773 ; gain = 0.000 ; free physical = 10134 ; free virtual = 16519
INFO: [Timing 38-480] Writing timing data to binary archive.
Write ShapeDB Complete: Time (s): cpu = 00:00:00 ; elapsed = 00:00:00 . Memory (MB): peak = 2761.773 ; gain = 0.000 ; free physical = 10134 ; free virtual = 16519
Wrote PlaceDB: Time (s): cpu = 00:00:00 ; elapsed = 00:00:00 . Memory (MB): peak = 2761.773 ; gain = 0.000 ; free physical = 10134 ; free virtual = 16519
Wrote PulsedLatchDB: Time (s): cpu = 00:00:00 ; elapsed = 00:00:00 . Memory (MB): peak = 2761.773 ; gain = 0.000 ; free physical = 10134 ; free virtual = 16519
Writing XDEF routing.
Writing XDEF routing logical nets.
Writing XDEF routing special nets.
Wrote RouteStorage: Time (s): cpu = 00:00:00.02 ; elapsed = 00:00:00.01 . Memory (MB): peak = 2761.773 ; gain = 0.000 ; free physical = 10133 ; free virtual = 16518
Wrote Netlist Cache: Time (s): cpu = 00:00:00 ; elapsed = 00:00:00 . Memory (MB): peak = 2761.773 ; gain = 0.000 ; free physical = 10133 ; free virtual = 16518
Wrote Device Cache: Time (s): cpu = 00:00:00.01 ; elapsed = 00:00:00.01 . Memory (MB): peak = 2761.773 ; gain = 0.000 ; free physical = 10133 ; free virtual = 16519
Write Physdb Complete: Time (s): cpu = 00:00:00.03 ; elapsed = 00:00:00.02 . Memory (MB): peak = 2761.773 ; gain = 0.000 ; free physical = 10133 ; free virtual = 16519
INFO: [Common 17-1381] The checkpoint '/home/goodkook/ETRI050_DesignKit/devel/Ref_Design/FIR8/1_Parallel_IO/emulation/Vivado/fir_pe_wrapper.runs/impl_1/fir_pe_wrapper_placed.dcp' has been generated.
Command: phys_opt_design
Attempting to get a license for feature 'Implementation' and/or device 'xc7a100t'
INFO: [Common 17-349] Got license for feature 'Implementation' and/or device 'xc7a100t'

Starting Initial Update Timing Task

Time (s): cpu = 00:00:00.04 ; elapsed = 00:00:00.03 . Memory (MB): peak = 2767.648 ; gain = 0.000 ; free physical = 10132 ; free virtual = 16517
INFO: [Vivado_Tcl 4-383] Design worst setup slack (WNS) is greater than or equal to 0.000 ns. Skipping all physical synthesis optimizations.
INFO: [Vivado_Tcl 4-232] No setup violation found. The netlist was not modified.
INFO: [Common 17-83] Releasing license: Implementation
71 Infos, 3 Warnings, 100 Critical Warnings and 0 Errors encountered.
phys_opt_design completed successfully
INFO: [Timing 38-480] Writing timing data to binary archive.
Write ShapeDB Complete: Time (s): cpu = 00:00:00 ; elapsed = 00:00:00 . Memory (MB): peak = 2767.648 ; gain = 0.000 ; free physical = 10132 ; free virtual = 16517
Wrote PlaceDB: Time (s): cpu = 00:00:00.01 ; elapsed = 00:00:00 . Memory (MB): peak = 2767.648 ; gain = 0.000 ; free physical = 10128 ; free virtual = 16513
Wrote PulsedLatchDB: Time (s): cpu = 00:00:00 ; elapsed = 00:00:00 . Memory (MB): peak = 2767.648 ; gain = 0.000 ; free physical = 10128 ; free virtual = 16513
Writing XDEF routing.
Writing XDEF routing logical nets.
Writing XDEF routing special nets.
Wrote RouteStorage: Time (s): cpu = 00:00:00.03 ; elapsed = 00:00:00.02 . Memory (MB): peak = 2767.648 ; gain = 0.000 ; free physical = 10130 ; free virtual = 16515
Wrote Netlist Cache: Time (s): cpu = 00:00:00 ; elapsed = 00:00:00 . Memory (MB): peak = 2767.648 ; gain = 0.000 ; free physical = 10130 ; free virtual = 16515
Wrote Device Cache: Time (s): cpu = 00:00:00 ; elapsed = 00:00:00 . Memory (MB): peak = 2767.648 ; gain = 0.000 ; free physical = 10130 ; free virtual = 16515
Write Physdb Complete: Time (s): cpu = 00:00:00.04 ; elapsed = 00:00:00.02 . Memory (MB): peak = 2767.648 ; gain = 0.000 ; free physical = 10130 ; free virtual = 16515
INFO: [Common 17-1381] The checkpoint '/home/goodkook/ETRI050_DesignKit/devel/Ref_Design/FIR8/1_Parallel_IO/emulation/Vivado/fir_pe_wrapper.runs/impl_1/fir_pe_wrapper_physopt.dcp' has been generated.
Command: route_design
Attempting to get a license for feature 'Implementation' and/or device 'xc7a100t'
INFO: [Common 17-349] Got license for feature 'Implementation' and/or device 'xc7a100t'
Running DRC as a precondition to command route_design
INFO: [DRC 23-27] Running DRC with 8 threads
INFO: [Vivado_Tcl 4-198] DRC finished with 0 Errors
INFO: [Vivado_Tcl 4-199] Please refer to the DRC report (report_drc) for more information.


Starting Routing Task
INFO: [Route 35-254] Multithreading enabled for route_design using a maximum of 8 CPUs

Phase 1 Build RT Design
Checksum: PlaceDB: 310e55d5 ConstDB: 0 ShapeSum: b0d59172 RouteDB: 0
Post Restoration Checksum: NetGraph: a928ad9a | NumContArr: 41666c9b | Constraints: c2a8fa9d | Timing: c2a8fa9d
Phase 1 Build RT Design | Checksum: 26fe10f6f

Time (s): cpu = 00:00:22 ; elapsed = 00:00:19 . Memory (MB): peak = 2889.121 ; gain = 90.656 ; free physical = 9987 ; free virtual = 16373

Phase 2 Router Initialization

Phase 2.1 Fix Topology Constraints
Phase 2.1 Fix Topology Constraints | Checksum: 26fe10f6f

Time (s): cpu = 00:00:22 ; elapsed = 00:00:19 . Memory (MB): peak = 2889.121 ; gain = 90.656 ; free physical = 9987 ; free virtual = 16373

Phase 2.2 Pre Route Cleanup
Phase 2.2 Pre Route Cleanup | Checksum: 26fe10f6f

Time (s): cpu = 00:00:22 ; elapsed = 00:00:19 . Memory (MB): peak = 2889.121 ; gain = 90.656 ; free physical = 9987 ; free virtual = 16373
 Number of Nodes with overlaps = 0

Phase 2.3 Update Timing
Phase 2.3 Update Timing | Checksum: 1c13845a7

Time (s): cpu = 00:00:23 ; elapsed = 00:00:19 . Memory (MB): peak = 2920.324 ; gain = 121.859 ; free physical = 9954 ; free virtual = 16340
INFO: [Route 35-416] Intermediate Timing Summary | WNS=494.687| TNS=0.000  | WHS=-0.391 | THS=-12.145|


Router Utilization Summary
  Global Vertical Routing Utilization    = 0 %
  Global Horizontal Routing Utilization  = 0 %
  Routable Net Status*
  *Does not include unroutable nets such as driverless and loadless.
  Run report_route_status for detailed report.
  Number of Failed Nets               = 158
    (Failed Nets is the sum of unrouted and partially routed nets)
  Number of Unrouted Nets             = 158
  Number of Partially Routed Nets     = 0
  Number of Node Overlaps             = 0

Phase 2 Router Initialization | Checksum: 24337a911

Time (s): cpu = 00:00:23 ; elapsed = 00:00:19 . Memory (MB): peak = 2947.648 ; gain = 149.184 ; free physical = 9950 ; free virtual = 16335

Phase 3 Initial Routing

Phase 3.1 Global Routing
Phase 3.1 Global Routing | Checksum: 24337a911

Time (s): cpu = 00:00:23 ; elapsed = 00:00:19 . Memory (MB): peak = 2947.648 ; gain = 149.184 ; free physical = 9950 ; free virtual = 16335

Phase 3.2 Initial Net Routing
Phase 3.2 Initial Net Routing | Checksum: 1a24c676c

Time (s): cpu = 00:00:24 ; elapsed = 00:00:20 . Memory (MB): peak = 2947.648 ; gain = 149.184 ; free physical = 9950 ; free virtual = 16335
Phase 3 Initial Routing | Checksum: 1a24c676c

Time (s): cpu = 00:00:24 ; elapsed = 00:00:20 . Memory (MB): peak = 2947.648 ; gain = 149.184 ; free physical = 9950 ; free virtual = 16335

Phase 4 Rip-up And Reroute

Phase 4.1 Global Iteration 0
 Number of Nodes with overlaps = 0
INFO: [Route 35-416] Intermediate Timing Summary | WNS=493.401| TNS=0.000  | WHS=N/A    | THS=N/A    |

Phase 4.1 Global Iteration 0 | Checksum: 292c199d7

Time (s): cpu = 00:00:24 ; elapsed = 00:00:20 . Memory (MB): peak = 2947.648 ; gain = 149.184 ; free physical = 9950 ; free virtual = 16335
Phase 4 Rip-up And Reroute | Checksum: 292c199d7

Time (s): cpu = 00:00:24 ; elapsed = 00:00:20 . Memory (MB): peak = 2947.648 ; gain = 149.184 ; free physical = 9950 ; free virtual = 16335

Phase 5 Delay and Skew Optimization

Phase 5.1 Delay CleanUp
Phase 5.1 Delay CleanUp | Checksum: 292c199d7

Time (s): cpu = 00:00:24 ; elapsed = 00:00:20 . Memory (MB): peak = 2947.648 ; gain = 149.184 ; free physical = 9950 ; free virtual = 16335

Phase 5.2 Clock Skew Optimization
Phase 5.2 Clock Skew Optimization | Checksum: 292c199d7

Time (s): cpu = 00:00:24 ; elapsed = 00:00:20 . Memory (MB): peak = 2947.648 ; gain = 149.184 ; free physical = 9950 ; free virtual = 16335
Phase 5 Delay and Skew Optimization | Checksum: 292c199d7

Time (s): cpu = 00:00:24 ; elapsed = 00:00:20 . Memory (MB): peak = 2947.648 ; gain = 149.184 ; free physical = 9950 ; free virtual = 16335

Phase 6 Post Hold Fix

Phase 6.1 Hold Fix Iter

Phase 6.1.1 Update Timing
Phase 6.1.1 Update Timing | Checksum: 2daece9b7

Time (s): cpu = 00:00:24 ; elapsed = 00:00:20 . Memory (MB): peak = 2947.648 ; gain = 149.184 ; free physical = 9950 ; free virtual = 16335
INFO: [Route 35-416] Intermediate Timing Summary | WNS=493.401| TNS=0.000  | WHS=0.103  | THS=0.000  |

Phase 6.1 Hold Fix Iter | Checksum: 32eaabed0

Time (s): cpu = 00:00:24 ; elapsed = 00:00:20 . Memory (MB): peak = 2947.648 ; gain = 149.184 ; free physical = 9950 ; free virtual = 16335
Phase 6 Post Hold Fix | Checksum: 32eaabed0

Time (s): cpu = 00:00:24 ; elapsed = 00:00:20 . Memory (MB): peak = 2947.648 ; gain = 149.184 ; free physical = 9950 ; free virtual = 16335

Phase 7 Route finalize

Router Utilization Summary
  Global Vertical Routing Utilization    = 0.0705923 %
  Global Horizontal Routing Utilization  = 0.0635834 %
  Routable Net Status*
  *Does not include unroutable nets such as driverless and loadless.
  Run report_route_status for detailed report.
  Number of Failed Nets               = 0
    (Failed Nets is the sum of unrouted and partially routed nets)
  Number of Unrouted Nets             = 0
  Number of Partially Routed Nets     = 0
  Number of Node Overlaps             = 0

Phase 7 Route finalize | Checksum: 32eaabed0

Time (s): cpu = 00:00:24 ; elapsed = 00:00:20 . Memory (MB): peak = 2947.648 ; gain = 149.184 ; free physical = 9950 ; free virtual = 16335

Phase 8 Verifying routed nets

 Verification completed successfully
Phase 8 Verifying routed nets | Checksum: 32eaabed0

Time (s): cpu = 00:00:24 ; elapsed = 00:00:20 . Memory (MB): peak = 2947.648 ; gain = 149.184 ; free physical = 9950 ; free virtual = 16335

Phase 9 Depositing Routes
Phase 9 Depositing Routes | Checksum: 2adb5dfff

Time (s): cpu = 00:00:24 ; elapsed = 00:00:20 . Memory (MB): peak = 2947.648 ; gain = 149.184 ; free physical = 9950 ; free virtual = 16335

Phase 10 Post Router Timing
INFO: [Route 35-57] Estimated Timing Summary | WNS=493.401| TNS=0.000  | WHS=0.103  | THS=0.000  |

INFO: [Route 35-327] The final timing numbers are based on the router estimated timing analysis. For a complete and accurate timing signoff, please run report_timing_summary.
Phase 10 Post Router Timing | Checksum: 2adb5dfff

Time (s): cpu = 00:00:24 ; elapsed = 00:00:20 . Memory (MB): peak = 2947.648 ; gain = 149.184 ; free physical = 9950 ; free virtual = 16335
INFO: [Route 35-16] Router Completed Successfully

Phase 11 Post-Route Event Processing
Phase 11 Post-Route Event Processing | Checksum: 1fb0cb70c

Time (s): cpu = 00:00:24 ; elapsed = 00:00:20 . Memory (MB): peak = 2947.648 ; gain = 149.184 ; free physical = 9950 ; free virtual = 16335
Ending Routing Task | Checksum: 1fb0cb70c

Time (s): cpu = 00:00:24 ; elapsed = 00:00:20 . Memory (MB): peak = 2947.648 ; gain = 149.184 ; free physical = 9950 ; free virtual = 16335

Routing Is Done.
INFO: [Common 17-83] Releasing license: Implementation
85 Infos, 3 Warnings, 100 Critical Warnings and 0 Errors encountered.
route_design completed successfully
route_design: Time (s): cpu = 00:00:25 ; elapsed = 00:00:20 . Memory (MB): peak = 2947.648 ; gain = 180.000 ; free physical = 9950 ; free virtual = 16335
INFO: [runtcl-4] Executing : report_drc -file fir_pe_wrapper_drc_routed.rpt -pb fir_pe_wrapper_drc_routed.pb -rpx fir_pe_wrapper_drc_routed.rpx
Command: report_drc -file fir_pe_wrapper_drc_routed.rpt -pb fir_pe_wrapper_drc_routed.pb -rpx fir_pe_wrapper_drc_routed.rpx
INFO: [IP_Flow 19-1839] IP Catalog is up to date.
INFO: [DRC 23-27] Running DRC with 8 threads
INFO: [Vivado_Tcl 2-168] The results of DRC are in file /home/goodkook/ETRI050_DesignKit/devel/Ref_Design/FIR8/1_Parallel_IO/emulation/Vivado/fir_pe_wrapper.runs/impl_1/fir_pe_wrapper_drc_routed.rpt.
report_drc completed successfully
INFO: [runtcl-4] Executing : report_methodology -file fir_pe_wrapper_methodology_drc_routed.rpt -pb fir_pe_wrapper_methodology_drc_routed.pb -rpx fir_pe_wrapper_methodology_drc_routed.rpx
Command: report_methodology -file fir_pe_wrapper_methodology_drc_routed.rpt -pb fir_pe_wrapper_methodology_drc_routed.pb -rpx fir_pe_wrapper_methodology_drc_routed.rpx
INFO: [Timing 38-35] Done setting XDC timing constraints.
INFO: [DRC 23-133] Running Methodology with 8 threads
INFO: [Vivado_Tcl 2-1520] The results of Report Methodology are in file /home/goodkook/ETRI050_DesignKit/devel/Ref_Design/FIR8/1_Parallel_IO/emulation/Vivado/fir_pe_wrapper.runs/impl_1/fir_pe_wrapper_methodology_drc_routed.rpt.
report_methodology completed successfully
INFO: [runtcl-4] Executing : report_power -file fir_pe_wrapper_power_routed.rpt -pb fir_pe_wrapper_power_summary_routed.pb -rpx fir_pe_wrapper_power_routed.rpx
Command: report_power -file fir_pe_wrapper_power_routed.rpt -pb fir_pe_wrapper_power_summary_routed.pb -rpx fir_pe_wrapper_power_routed.rpx
INFO: [Timing 38-35] Done setting XDC timing constraints.
Running Vector-less Activity Propagation...

Finished Running Vector-less Activity Propagation
95 Infos, 3 Warnings, 100 Critical Warnings and 0 Errors encountered.
report_power completed successfully
INFO: [runtcl-4] Executing : report_route_status -file fir_pe_wrapper_route_status.rpt -pb fir_pe_wrapper_route_status.pb
INFO: [runtcl-4] Executing : report_timing_summary -max_paths 10 -report_unconstrained -file fir_pe_wrapper_timing_summary_routed.rpt -pb fir_pe_wrapper_timing_summary_routed.pb -rpx fir_pe_wrapper_timing_summary_routed.rpx -warn_on_violation 
INFO: [Timing 38-91] UpdateTimingParams: Speed grade: -1, Delay Type: min_max.
INFO: [Timing 38-191] Multithreading enabled for timing update using a maximum of 8 CPUs
INFO: [runtcl-4] Executing : report_incremental_reuse -file fir_pe_wrapper_incremental_reuse_routed.rpt
INFO: [Vivado_Tcl 4-1062] Incremental flow is disabled. No incremental reuse Info to report.
INFO: [runtcl-4] Executing : report_clock_utilization -file fir_pe_wrapper_clock_utilization_routed.rpt
INFO: [runtcl-4] Executing : report_bus_skew -warn_on_violation -file fir_pe_wrapper_bus_skew_routed.rpt -pb fir_pe_wrapper_bus_skew_routed.pb -rpx fir_pe_wrapper_bus_skew_routed.rpx
INFO: [Timing 38-91] UpdateTimingParams: Speed grade: -1, Delay Type: min_max.
INFO: [Timing 38-191] Multithreading enabled for timing update using a maximum of 8 CPUs
INFO: [Timing 38-480] Writing timing data to binary archive.
Write ShapeDB Complete: Time (s): cpu = 00:00:00 ; elapsed = 00:00:00 . Memory (MB): peak = 3073.645 ; gain = 0.000 ; free physical = 9924 ; free virtual = 16310
Wrote PlaceDB: Time (s): cpu = 00:00:00.02 ; elapsed = 00:00:00.01 . Memory (MB): peak = 3073.645 ; gain = 0.000 ; free physical = 9924 ; free virtual = 16310
Wrote PulsedLatchDB: Time (s): cpu = 00:00:00 ; elapsed = 00:00:00 . Memory (MB): peak = 3073.645 ; gain = 0.000 ; free physical = 9924 ; free virtual = 16310
Writing XDEF routing.
Writing XDEF routing logical nets.
Writing XDEF routing special nets.
Wrote RouteStorage: Time (s): cpu = 00:00:00.03 ; elapsed = 00:00:00.02 . Memory (MB): peak = 3073.645 ; gain = 0.000 ; free physical = 9924 ; free virtual = 16310
Wrote Netlist Cache: Time (s): cpu = 00:00:00.01 ; elapsed = 00:00:00 . Memory (MB): peak = 3073.645 ; gain = 0.000 ; free physical = 9924 ; free virtual = 16310
Wrote Device Cache: Time (s): cpu = 00:00:00 ; elapsed = 00:00:00 . Memory (MB): peak = 3073.645 ; gain = 0.000 ; free physical = 9924 ; free virtual = 16311
Write Physdb Complete: Time (s): cpu = 00:00:00.07 ; elapsed = 00:00:00.04 . Memory (MB): peak = 3073.645 ; gain = 0.000 ; free physical = 9924 ; free virtual = 16311
INFO: [Common 17-1381] The checkpoint '/home/goodkook/ETRI050_DesignKit/devel/Ref_Design/FIR8/1_Parallel_IO/emulation/Vivado/fir_pe_wrapper.runs/impl_1/fir_pe_wrapper_routed.dcp' has been generated.
Command: write_bitstream -force fir_pe_wrapper.bit
Attempting to get a license for feature 'Implementation' and/or device 'xc7a100t'
INFO: [Common 17-349] Got license for feature 'Implementation' and/or device 'xc7a100t'
Running DRC as a precondition to command write_bitstream
INFO: [IP_Flow 19-1839] IP Catalog is up to date.
INFO: [DRC 23-27] Running DRC with 8 threads
WARNING: [DRC CFGBVS-1] Missing CFGBVS and CONFIG_VOLTAGE Design Properties: Neither the CFGBVS nor CONFIG_VOLTAGE voltage property is set in the current_design.  Configuration bank voltage select (CFGBVS) must be set to VCCO or GND, and CONFIG_VOLTAGE must be set to the correct configuration voltage, in order to determine the I/O voltage support for the pins in bank 0.  It is suggested to specify these either using the 'Edit Device Properties' function in the GUI or directly in the XDC file using the following syntax:

 set_property CFGBVS value1 [current_design]
 #where value1 is either VCCO or GND

 set_property CONFIG_VOLTAGE value2 [current_design]
 #where value2 is the voltage provided to configuration bank 0

Refer to the device configuration user guide for more information.
WARNING: [DRC DPIP-1] Input pipelining: DSP _160_ input _160_/A[29:0] is not pipelined. Pipelining DSP48 input will improve performance.
WARNING: [DRC DPIP-1] Input pipelining: DSP _160_ input _160_/B[17:0] is not pipelined. Pipelining DSP48 input will improve performance.
WARNING: [DRC DPIP-1] Input pipelining: DSP _160_ input _160_/C[47:0] is not pipelined. Pipelining DSP48 input will improve performance.
WARNING: [DRC DPOP-2] MREG Output pipelining: DSP _160_ multiplier stage _160_/P[47:0] is not pipelined (MREG=0). Pipelining the multiplier function will improve performance and will save significant power so it is suggested whenever possible to fully pipeline this function.  If this multiplier was inferred, it is suggested to describe an additional register stage after this function.  If there is no registered adder/accumulator following the multiply function, two pipeline stages are suggested to allow both the MREG and PREG registers to be used.  If the DSP48 was instantiated in the design, it is suggested to set both the MREG and PREG attributes to 1 when performing multiply functions.
INFO: [DRC AVAL-4] enum_USE_DPORT_FALSE_enum_DREG_ADREG_0_connects_CED_CEAD_RSTD_GND: _160_: DSP48E1 is not using the D port (USE_DPORT = FALSE). For improved power characteristics, set DREG and ADREG to '1', tie CED, CEAD, and RSTD to logic '0'.
INFO: [Vivado 12-3199] DRC finished with 0 Errors, 5 Warnings, 1 Advisories
INFO: [Vivado 12-3200] Please refer to the DRC report (report_drc) for more information.
INFO: [Designutils 20-2272] Running write_bitstream with 8 threads.
Loading data files...
Loading site data...
Loading route data...
Processing options...
Creating bitmap...
Creating bitstream...
Writing bitstream ./fir_pe_wrapper.bit...
INFO: [Vivado 12-1842] Bitgen Completed Successfully.
INFO: [Project 1-1876] WebTalk data collection is mandatory when using a ULT device. To see the specific WebTalk data collected for your design, open the usage_statistics_webtalk.html or usage_statistics_webtalk.xml file in the implementation directory.
INFO: [Common 17-83] Releasing license: Implementation
15 Infos, 5 Warnings, 0 Critical Warnings and 0 Errors encountered.
write_bitstream completed successfully
write_bitstream: Time (s): cpu = 00:00:11 ; elapsed = 00:00:18 . Memory (MB): peak = 3307.609 ; gain = 233.965 ; free physical = 9623 ; free virtual = 16014
INFO: [Common 17-206] Exiting Vivado at Tue Jun  4 21:54:43 2024...
