
Magic 8.3 revision 489 - Compiled on Thu 22 Aug 2024 08:13:09 AM KST.
Starting magic under Tcl interpreter
Using the terminal as the console.
Using NULL graphics device.
Processing system .magicrc file
Input style lambda=0.30(p): scaleFactor=30, multiplier=1
Contact size value ignored (using GDS generation rules).
Contact size value ignored (using GDS generation rules).
Contact size value ignored (using GDS generation rules).
Contact size value ignored (using GDS generation rules).
Contact size value ignored (using GDS generation rules).
Contact size value ignored (using GDS generation rules).
The following types are not handled by extraction and will be treated as non-electrical types:
    n_field_implant p_field_implant nselect pselect glass filln filla fillb xp m1p m2p m3p comment bb 
2 Magic internal units = 1 Lambda
Using technology "scmos", version 2001a
Root cell box:
           width x height  (   llx,  lly  ), (   urx,  ury  )

microns:   0.000 x 0.000   ( 0.000,  0.000), ( 0.000,  0.000)
lambda:     0.00 x 0.00    (  0.00,  0.00 ), (  0.00,  0.00 )
internal:      0 x 0       (     0,  0    ), (     0,  0    )
Cell fir_pe_Core read from current working directory
fir_pe_Core: 10000 rects
Cell INVX1 read from path /home/goodkook/ETRI050_DesignKit/digital_ETRI
Cell DFFPOSX1 read from path /home/goodkook/ETRI050_DesignKit/digital_ETRI
Cell FILL read from path /home/goodkook/ETRI050_DesignKit/digital_ETRI
Scaled magic input cell FILL geometry by factor of 2
Cell OAI21X1 read from path /home/goodkook/ETRI050_DesignKit/digital_ETRI
Cell NAND2X1 read from path /home/goodkook/ETRI050_DesignKit/digital_ETRI
Cell NOR2X1 read from path /home/goodkook/ETRI050_DesignKit/digital_ETRI
Cell AOI21X1 read from path /home/goodkook/ETRI050_DesignKit/digital_ETRI
Cell NAND3X1 read from path /home/goodkook/ETRI050_DesignKit/digital_ETRI
Cell OAI22X1 read from path /home/goodkook/ETRI050_DesignKit/digital_ETRI
Cell BUFX2 read from path /home/goodkook/ETRI050_DesignKit/digital_ETRI
Cell AND2X2 read from path /home/goodkook/ETRI050_DesignKit/digital_ETRI
Cell OR2X2 read from path /home/goodkook/ETRI050_DesignKit/digital_ETRI
Cell AOI22X1 read from path /home/goodkook/ETRI050_DesignKit/digital_ETRI
Cell XOR2X1 read from path /home/goodkook/ETRI050_DesignKit/digital_ETRI
Cell XNOR2X1 read from path /home/goodkook/ETRI050_DesignKit/digital_ETRI
Cell INVX2 read from path /home/goodkook/ETRI050_DesignKit/digital_ETRI
Cell CLKBUF1 read from path /home/goodkook/ETRI050_DesignKit/digital_ETRI
Cell INVX8 read from path /home/goodkook/ETRI050_DesignKit/digital_ETRI
Total DRC errors found: 0
This layer can't abut or partially overlap between subcells
Design-rule checker statistics (recent/total):
    Squares processed: 0/0
    Tiles processed: 252522/252522
    Edges pieces processed: 517260/517260
    Constraint areas checked: 2537862/2537862
    Multi-tile constraints: 1835477/1835477
    Interaction areas processed: 72/72
    Tiles processed for interactions: 252522/252522
    Tiles processed for arrays: 0/0
Root cell box:
           width x height  (   llx,  lly  ), (   urx,  ury  )  area (units^2)

microns:  882.900 x 832.050  (-9.450, -3.600), ( 873.450,  828.450)  734617.000
lambda:   2943.00 x 2773.50  (-31.50, -12.00), ( 2911.50,  2761.50)  8162410.50
internal:   5886 x 5547    (   -63, -24   ), (  5823,  5523 )  32649642  
