

================================================================
== Vitis HLS Report for 'basic_loops'
================================================================
* Date:           Mon Oct 13 15:50:43 2025

* Version:        2025.1 (Build 6135595 on May 21 2025)
* Project:        basic_loops
* Solution:       hls_component (Vivado IP Flow Target)
* Product family: aartix7
* Target device:  xa7a100t-csg324-2I


================================================================
== Performance Estimates
================================================================
+ Timing: 
    * Summary: 
    +--------+---------+----------+------------+
    |  Clock |  Target | Estimated| Uncertainty|
    +--------+---------+----------+------------+
    |ap_clk  |  1.00 us|  4.859 ns|     0.27 us|
    +--------+---------+----------+------------+

+ Latency: 
    * Summary: 
    +---------+---------+-----------+-----------+-----+-----+------------------------------------------------+
    |  Latency (cycles) |   Latency (absolute)  |  Interval |                    Pipeline                    |
    |   min   |   max   |    min    |    max    | min | max |                      Type                      |
    +---------+---------+-----------+-----------+-----+-----+------------------------------------------------+
    |       12|       12|  12.000 us|  12.000 us|   10|   10|  loop auto-rewind stp (delay=0 clock cycles(s))|
    +---------+---------+-----------+-----------+-----+-----+------------------------------------------------+

    + Detail: 
        * Instance: 
        N/A

        * Loop: 
        +----------+---------+---------+----------+-----------+-----------+------+----------+
        |          |  Latency (cycles) | Iteration|  Initiation Interval  | Trip |          |
        | Loop Name|   min   |   max   |  Latency |  achieved |   target  | Count| Pipelined|
        +----------+---------+---------+----------+-----------+-----------+------+----------+
        |- LOOP_1  |       10|       10|         2|          1|          1|    10|       yes|
        +----------+---------+---------+----------+-----------+-----------+------+----------+

============================================================
+ Verbose Summary: Synthesis Manager
============================================================
InlineROM: 1
ExposeGlobal: 0
============================================================
+ Verbose Summary: CDFG Model
============================================================
IsTopModel: 1
ResetActiveHigh: 1
IsCombinational: 0
IsDatapathOnly: 0
HasWiredReturn: 1
HasMFsm: 2
HasVarLatency: 1
IsPipeline: 0
IsRtlPipelined: 0
IsInstanceOverlapped: 0
IsDontTouch: 0
HasImplIP: 0
IsGatedGlobalClock: 0

+ Individual pipeline summary: 
  * Pipeline-0: initiation interval (II) = 1, depth = 2


============================================================
+ Verbose Summary: Schedule
============================================================
* Number of FSM states : 2
* Pipeline : 1
  Pipeline-0 : II = 1, D = 2, States = { 1 2 }
* Dataflow Pipeline: 0

* FSM state transitions: 
1 --> 2 
2 --> 

* FSM state operations: 

State 1 <SV = 0> <Delay = 4.13>
ST_1 : Operation 5 [1/1] (0.00ns)   --->   "%x1 = alloca i32 1"   --->   Operation 5 'alloca' 'x1' <Predicate = true> <Delay = 0.00>
ST_1 : Operation 6 [1/1] (0.00ns)   --->   "%out_accum2 = alloca i32 1"   --->   Operation 6 'alloca' 'out_accum2' <Predicate = true> <Delay = 0.00>
ST_1 : Operation 7 [1/1] (0.00ns)   --->   "%specbitsmap_ln0 = specbitsmap void @_ssdm_op_SpecBitsMap, i13 0"   --->   Operation 7 'specbitsmap' 'specbitsmap_ln0' <Predicate = true> <Delay = 0.00>
ST_1 : Operation 8 [1/1] (0.00ns)   --->   "%spectopmodule_ln20 = spectopmodule void @_ssdm_op_SpecTopModule, void @empty_1" [c_untimed/basic_loops.cpp:20]   --->   Operation 8 'spectopmodule' 'spectopmodule_ln20' <Predicate = true> <Delay = 0.00>
ST_1 : Operation 9 [1/1] (0.00ns)   --->   "%specinterface_ln0 = specinterface void @_ssdm_op_SpecInterface, i8 %A, void @empty, i32 0, i32 0, void @empty_0, i32 4294967295, i32 0, void @empty_0, void @empty_0, void @empty_0, i32 0, i32 0, i32 0, i32 0, void @empty_0, void @empty_0, i32 4294967295, i32 0, i32 0"   --->   Operation 9 'specinterface' 'specinterface_ln0' <Predicate = true> <Delay = 0.00>
ST_1 : Operation 10 [1/1] (0.00ns)   --->   "%specbitsmap_ln0 = specbitsmap void @_ssdm_op_SpecBitsMap, i8 %A"   --->   Operation 10 'specbitsmap' 'specbitsmap_ln0' <Predicate = true> <Delay = 0.00>
ST_1 : Operation 11 [1/1] (1.32ns)   --->   "%store_ln0 = store i12 0, i12 %out_accum2"   --->   Operation 11 'store' 'store_ln0' <Predicate = true> <Delay = 1.32>
ST_1 : Operation 12 [1/1] (1.32ns)   --->   "%store_ln0 = store i4 0, i4 %x1"   --->   Operation 12 'store' 'store_ln0' <Predicate = true> <Delay = 1.32>
ST_1 : Operation 13 [1/1] (0.00ns)   --->   "%br_ln27 = br void %for.inc.split" [c_untimed/basic_loops.cpp:27]   --->   Operation 13 'br' 'br_ln27' <Predicate = true> <Delay = 0.00>
ST_1 : Operation 14 [1/1] (0.00ns)   --->   "%x1_load = load i4 %x1" [c_untimed/basic_loops.cpp:27]   --->   Operation 14 'load' 'x1_load' <Predicate = true> <Delay = 0.00>
ST_1 : Operation 15 [1/1] (0.00ns)   --->   "%zext_ln27 = zext i4 %x1_load" [c_untimed/basic_loops.cpp:27]   --->   Operation 15 'zext' 'zext_ln27' <Predicate = true> <Delay = 0.00>
ST_1 : Operation 16 [1/1] (0.00ns)   --->   "%A_addr = getelementptr i8 %A, i64 0, i64 %zext_ln27" [c_untimed/basic_loops.cpp:28]   --->   Operation 16 'getelementptr' 'A_addr' <Predicate = true> <Delay = 0.00>
ST_1 : Operation 17 [2/2] (1.75ns)   --->   "%A_load = load i4 %A_addr" [c_untimed/basic_loops.cpp:28]   --->   Operation 17 'load' 'A_load' <Predicate = true> <Delay = 1.75> <CoreInst = "RAM">   --->   Core 81 'RAM' <Latency = 1> <II = 1> <Delay = 1.75> <Storage> <Opcode : 'load' 'store'> <Ports = 2> <Width = 8> <Depth = 10> <RAM>
ST_1 : Operation 18 [1/1] (1.49ns)   --->   "%x = add i4 %x1_load, i4 1" [c_untimed/basic_loops.cpp:27]   --->   Operation 18 'add' 'x' <Predicate = true> <Delay = 1.49> <CoreInst = "Adder">   --->   Core 1 'Adder' <Latency = 0> <II = 1> <Delay = 1.49> <FuncUnit> <Opcode : 'add' 'sub'> <InPorts = 2> <OutPorts = 1>
ST_1 : Operation 19 [1/1] (1.49ns)   --->   "%icmp_ln27 = icmp_eq  i4 %x1_load, i4 9" [c_untimed/basic_loops.cpp:27]   --->   Operation 19 'icmp' 'icmp_ln27' <Predicate = true> <Delay = 1.49> <CoreInst = "Cmp">   --->   Core 9 'Cmp' <Latency = 0> <II = 1> <Delay = 1.49> <FuncUnit> <Opcode : 'seteq' 'setne' 'setle' 'setge' 'setlt' 'setgt'> <InPorts = 2> <OutPorts = 1>
ST_1 : Operation 20 [1/1] (1.32ns)   --->   "%store_ln27 = store i4 %x, i4 %x1" [c_untimed/basic_loops.cpp:27]   --->   Operation 20 'store' 'store_ln27' <Predicate = true> <Delay = 1.32>
ST_1 : Operation 21 [1/1] (0.00ns)   --->   "%br_ln27 = br i1 %icmp_ln27, void %for.inc.split, void %for.end" [c_untimed/basic_loops.cpp:27]   --->   Operation 21 'br' 'br_ln27' <Predicate = true> <Delay = 0.00>

State 2 <SV = 1> <Delay = 4.85>
ST_2 : Operation 22 [1/1] (0.00ns)   --->   "%out_accum2_load = load i12 %out_accum2" [c_untimed/basic_loops.cpp:28]   --->   Operation 22 'load' 'out_accum2_load' <Predicate = true> <Delay = 0.00>
ST_2 : Operation 23 [1/1] (0.00ns)   --->   "%specpipeline_ln24 = specpipeline void @_ssdm_op_SpecPipeline, i32 4294967295, i32 0, i32 0, i32 0, void @empty_0" [c_untimed/basic_loops.cpp:24]   --->   Operation 23 'specpipeline' 'specpipeline_ln24' <Predicate = true> <Delay = 0.00>
ST_2 : Operation 24 [1/1] (0.00ns)   --->   "%speclooptripcount_ln24 = speclooptripcount void @_ssdm_op_SpecLoopTripCount, i64 10, i64 10, i64 10" [c_untimed/basic_loops.cpp:24]   --->   Operation 24 'speclooptripcount' 'speclooptripcount_ln24' <Predicate = true> <Delay = 0.00>
ST_2 : Operation 25 [1/1] (0.00ns)   --->   "%specloopname_ln27 = specloopname void @_ssdm_op_SpecLoopName, void @empty_2" [c_untimed/basic_loops.cpp:27]   --->   Operation 25 'specloopname' 'specloopname_ln27' <Predicate = true> <Delay = 0.00>
ST_2 : Operation 26 [1/2] ( I:1.75ns O:1.75ns )   --->   "%A_load = load i4 %A_addr" [c_untimed/basic_loops.cpp:28]   --->   Operation 26 'load' 'A_load' <Predicate = true> <Delay = 1.75> <CoreInst = "RAM">   --->   Core 81 'RAM' <Latency = 1> <II = 1> <Delay = 1.75> <Storage> <Opcode : 'load' 'store'> <Ports = 2> <Width = 8> <Depth = 10> <RAM>
ST_2 : Operation 27 [1/1] (0.00ns)   --->   "%sext_ln28 = sext i8 %A_load" [c_untimed/basic_loops.cpp:28]   --->   Operation 27 'sext' 'sext_ln28' <Predicate = true> <Delay = 0.00>
ST_2 : Operation 28 [1/1] (1.77ns)   --->   "%out_accum = add i12 %sext_ln28, i12 %out_accum2_load" [c_untimed/basic_loops.cpp:28]   --->   Operation 28 'add' 'out_accum' <Predicate = true> <Delay = 1.77> <CoreInst = "Adder">   --->   Core 1 'Adder' <Latency = 0> <II = 1> <Delay = 1.77> <FuncUnit> <Opcode : 'add' 'sub'> <InPorts = 2> <OutPorts = 1>
ST_2 : Operation 29 [1/1] (1.32ns)   --->   "%store_ln28 = store i12 %out_accum, i12 %out_accum2" [c_untimed/basic_loops.cpp:28]   --->   Operation 29 'store' 'store_ln28' <Predicate = true> <Delay = 1.32>
ST_2 : Operation 30 [1/1] (0.00ns)   --->   "%sext_ln27 = sext i12 %out_accum" [c_untimed/basic_loops.cpp:27]   --->   Operation 30 'sext' 'sext_ln27' <Predicate = (icmp_ln27)> <Delay = 0.00>
ST_2 : Operation 31 [1/1] (1.32ns)   --->   "%ret_ln31 = ret i13 %sext_ln27" [c_untimed/basic_loops.cpp:31]   --->   Operation 31 'ret' 'ret_ln31' <Predicate = (icmp_ln27)> <Delay = 1.32>


============================================================
+ Verbose Summary: Binding
============================================================
STG Binding: 
---------------- STG Properties BEGIN ----------------
- Is combinational: 0
- Is one-state seq: 0
- Is datapath-only: 0
- Is pipelined: 0
- Is top level: 1
Port [ Return ] is wired: 1; IO mode=ap_ctrl_hs:ce=0
Port [ A]:  wired=1; compound=1; hidden=0; nouse=0; global=0; static=0; extern=0; dir=0; type=1; pingpong=0; private_global=0; MemPort=[13]; IO mode=ap_memory:ce=0
---------------- STG Properties END ------------------

---------------- Datapath Model BEGIN ----------------

<LifeTime>
<method=bitvector/>
x1                     (alloca           ) [ 010]
out_accum2             (alloca           ) [ 011]
specbitsmap_ln0        (specbitsmap      ) [ 000]
spectopmodule_ln20     (spectopmodule    ) [ 000]
specinterface_ln0      (specinterface    ) [ 000]
specbitsmap_ln0        (specbitsmap      ) [ 000]
store_ln0              (store            ) [ 000]
store_ln0              (store            ) [ 000]
br_ln27                (br               ) [ 000]
x1_load                (load             ) [ 000]
zext_ln27              (zext             ) [ 000]
A_addr                 (getelementptr    ) [ 011]
x                      (add              ) [ 000]
icmp_ln27              (icmp             ) [ 011]
store_ln27             (store            ) [ 000]
br_ln27                (br               ) [ 000]
out_accum2_load        (load             ) [ 000]
specpipeline_ln24      (specpipeline     ) [ 000]
speclooptripcount_ln24 (speclooptripcount) [ 000]
specloopname_ln27      (specloopname     ) [ 000]
A_load                 (load             ) [ 000]
sext_ln28              (sext             ) [ 000]
out_accum              (add              ) [ 000]
store_ln28             (store            ) [ 000]
sext_ln27              (sext             ) [ 000]
ret_ln31               (ret              ) [ 000]
</LifeTime>

<model>

<comp_list>
<comp id="0" class="1000" name="A">
<pin_list>
<pin id="1" dir="1" index="0" bw="1" slack="0"/>
</pin_list>
<bind>
<StgValue><ssdm name="A"/><MemPortTyVec>1 3 </MemPortTyVec>
</StgValue>
</bind>
</comp>

<comp id="2" class="1001" name="const_2">
<pin_list>
<pin id="3" dir="1" index="0" bw="1" slack="0"/>
</pin_list>
<bind>
<StgValue><ssdm name=""/></StgValue>
</bind>
</comp>

<comp id="4" class="1001" name="const_4">
<pin_list>
<pin id="5" dir="1" index="0" bw="1" slack="2147483647"/>
</pin_list>
<bind>
<StgValue><ssdm name="_ssdm_op_SpecBitsMap"/></StgValue>
</bind>
</comp>

<comp id="6" class="1001" name="const_6">
<pin_list>
<pin id="7" dir="1" index="0" bw="1" slack="2147483647"/>
</pin_list>
<bind>
<StgValue><ssdm name=""/></StgValue>
</bind>
</comp>

<comp id="8" class="1001" name="const_8">
<pin_list>
<pin id="9" dir="1" index="0" bw="1" slack="2147483647"/>
</pin_list>
<bind>
<StgValue><ssdm name="_ssdm_op_SpecTopModule"/></StgValue>
</bind>
</comp>

<comp id="10" class="1001" name="const_10">
<pin_list>
<pin id="11" dir="1" index="0" bw="1" slack="2147483647"/>
</pin_list>
<bind>
<StgValue><ssdm name="empty_1"/></StgValue>
</bind>
</comp>

<comp id="12" class="1001" name="const_12">
<pin_list>
<pin id="13" dir="1" index="0" bw="1" slack="2147483647"/>
</pin_list>
<bind>
<StgValue><ssdm name="_ssdm_op_SpecInterface"/></StgValue>
</bind>
</comp>

<comp id="14" class="1001" name="const_14">
<pin_list>
<pin id="15" dir="1" index="0" bw="1" slack="2147483647"/>
</pin_list>
<bind>
<StgValue><ssdm name="empty"/></StgValue>
</bind>
</comp>

<comp id="16" class="1001" name="const_16">
<pin_list>
<pin id="17" dir="1" index="0" bw="1" slack="2147483647"/>
</pin_list>
<bind>
<StgValue><ssdm name=""/></StgValue>
</bind>
</comp>

<comp id="18" class="1001" name="const_18">
<pin_list>
<pin id="19" dir="1" index="0" bw="1" slack="2147483647"/>
</pin_list>
<bind>
<StgValue><ssdm name="empty_0"/></StgValue>
</bind>
</comp>

<comp id="20" class="1001" name="const_20">
<pin_list>
<pin id="21" dir="1" index="0" bw="1" slack="2147483647"/>
</pin_list>
<bind>
<StgValue><ssdm name=""/></StgValue>
</bind>
</comp>

<comp id="22" class="1001" name="const_22">
<pin_list>
<pin id="23" dir="1" index="0" bw="1" slack="0"/>
</pin_list>
<bind>
<StgValue><ssdm name=""/></StgValue>
</bind>
</comp>

<comp id="24" class="1001" name="const_24">
<pin_list>
<pin id="25" dir="1" index="0" bw="1" slack="0"/>
</pin_list>
<bind>
<StgValue><ssdm name=""/></StgValue>
</bind>
</comp>

<comp id="26" class="1001" name="const_26">
<pin_list>
<pin id="27" dir="1" index="0" bw="1" slack="0"/>
</pin_list>
<bind>
<StgValue><ssdm name=""/></StgValue>
</bind>
</comp>

<comp id="28" class="1001" name="const_28">
<pin_list>
<pin id="29" dir="1" index="0" bw="1" slack="0"/>
</pin_list>
<bind>
<StgValue><ssdm name=""/></StgValue>
</bind>
</comp>

<comp id="30" class="1001" name="const_30">
<pin_list>
<pin id="31" dir="1" index="0" bw="1" slack="0"/>
</pin_list>
<bind>
<StgValue><ssdm name=""/></StgValue>
</bind>
</comp>

<comp id="32" class="1001" name="const_32">
<pin_list>
<pin id="33" dir="1" index="0" bw="1" slack="2147483647"/>
</pin_list>
<bind>
<StgValue><ssdm name="_ssdm_op_SpecPipeline"/></StgValue>
</bind>
</comp>

<comp id="34" class="1001" name="const_34">
<pin_list>
<pin id="35" dir="1" index="0" bw="1" slack="2147483647"/>
</pin_list>
<bind>
<StgValue><ssdm name="_ssdm_op_SpecLoopTripCount"/></StgValue>
</bind>
</comp>

<comp id="36" class="1001" name="const_36">
<pin_list>
<pin id="37" dir="1" index="0" bw="1" slack="2147483647"/>
</pin_list>
<bind>
<StgValue><ssdm name=""/></StgValue>
</bind>
</comp>

<comp id="38" class="1001" name="const_38">
<pin_list>
<pin id="39" dir="1" index="0" bw="1" slack="2147483647"/>
</pin_list>
<bind>
<StgValue><ssdm name="_ssdm_op_SpecLoopName"/></StgValue>
</bind>
</comp>

<comp id="40" class="1001" name="const_40">
<pin_list>
<pin id="41" dir="1" index="0" bw="1" slack="2147483647"/>
</pin_list>
<bind>
<StgValue><ssdm name="empty_2"/></StgValue>
</bind>
</comp>

<comp id="42" class="1004" name="x1_fu_42">
<pin_list>
<pin id="43" dir="0" index="0" bw="1" slack="0"/>
<pin id="44" dir="1" index="1" bw="4" slack="0"/>
</pin_list>
<bind>
<opcode="alloca(26) " fcode="alloca"/>
<opset="x1/1 "/>
</bind>
</comp>

<comp id="46" class="1004" name="out_accum2_fu_46">
<pin_list>
<pin id="47" dir="0" index="0" bw="1" slack="0"/>
<pin id="48" dir="1" index="1" bw="12" slack="0"/>
</pin_list>
<bind>
<opcode="alloca(26) " fcode="alloca"/>
<opset="out_accum2/1 "/>
</bind>
</comp>

<comp id="50" class="1004" name="A_addr_gep_fu_50">
<pin_list>
<pin id="51" dir="0" index="0" bw="8" slack="0"/>
<pin id="52" dir="0" index="1" bw="1" slack="0"/>
<pin id="53" dir="0" index="2" bw="4" slack="0"/>
<pin id="54" dir="1" index="3" bw="4" slack="0"/>
</pin_list>
<bind>
<opcode="getelementptr(29) " fcode="getelementptr"/>
<opset="A_addr/1 "/>
</bind>
</comp>

<comp id="57" class="1004" name="grp_access_fu_57">
<pin_list>
<pin id="58" dir="0" index="0" bw="4" slack="0"/>
<pin id="59" dir="0" index="1" bw="8" slack="2147483647"/>
<pin id="60" dir="0" index="2" bw="0" slack="2147483647"/>
<pin id="61" dir="1" index="3" bw="8" slack="0"/>
</pin_list>
<bind>
<opcode="load(27) " fcode="load"/>
<opset="A_load/1 "/>
</bind>
</comp>

<comp id="63" class="1004" name="store_ln0_store_fu_63">
<pin_list>
<pin id="64" dir="0" index="0" bw="1" slack="0"/>
<pin id="65" dir="0" index="1" bw="12" slack="0"/>
<pin id="66" dir="1" index="2" bw="0" slack="2147483647"/>
</pin_list>
<bind>
<opcode="store(28) " fcode="store"/>
<opset="store_ln0/1 "/>
</bind>
</comp>

<comp id="68" class="1004" name="store_ln0_store_fu_68">
<pin_list>
<pin id="69" dir="0" index="0" bw="1" slack="0"/>
<pin id="70" dir="0" index="1" bw="4" slack="0"/>
<pin id="71" dir="1" index="2" bw="0" slack="2147483647"/>
</pin_list>
<bind>
<opcode="store(28) " fcode="store"/>
<opset="store_ln0/1 "/>
</bind>
</comp>

<comp id="73" class="1004" name="x1_load_load_fu_73">
<pin_list>
<pin id="74" dir="0" index="0" bw="4" slack="0"/>
<pin id="75" dir="1" index="1" bw="4" slack="0"/>
</pin_list>
<bind>
<opcode="load(27) " fcode="load"/>
<opset="x1_load/1 "/>
</bind>
</comp>

<comp id="76" class="1004" name="zext_ln27_fu_76">
<pin_list>
<pin id="77" dir="0" index="0" bw="4" slack="0"/>
<pin id="78" dir="1" index="1" bw="64" slack="0"/>
</pin_list>
<bind>
<opcode="zext(34) " fcode="zext"/>
<opset="zext_ln27/1 "/>
</bind>
</comp>

<comp id="81" class="1004" name="x_fu_81">
<pin_list>
<pin id="82" dir="0" index="0" bw="4" slack="0"/>
<pin id="83" dir="0" index="1" bw="1" slack="0"/>
<pin id="84" dir="1" index="2" bw="4" slack="0"/>
</pin_list>
<bind>
<opcode="add(8) " fcode="add"/>
<opset="x/1 "/>
</bind>
</comp>

<comp id="87" class="1004" name="icmp_ln27_fu_87">
<pin_list>
<pin id="88" dir="0" index="0" bw="4" slack="0"/>
<pin id="89" dir="0" index="1" bw="4" slack="0"/>
<pin id="90" dir="1" index="2" bw="1" slack="1"/>
</pin_list>
<bind>
<opcode="icmp(45) " fcode="icmp"/>
<opset="icmp_ln27/1 "/>
</bind>
</comp>

<comp id="93" class="1004" name="store_ln27_store_fu_93">
<pin_list>
<pin id="94" dir="0" index="0" bw="4" slack="0"/>
<pin id="95" dir="0" index="1" bw="4" slack="0"/>
<pin id="96" dir="1" index="2" bw="0" slack="2147483647"/>
</pin_list>
<bind>
<opcode="store(28) " fcode="store"/>
<opset="store_ln27/1 "/>
</bind>
</comp>

<comp id="98" class="1004" name="out_accum2_load_load_fu_98">
<pin_list>
<pin id="99" dir="0" index="0" bw="12" slack="1"/>
<pin id="100" dir="1" index="1" bw="12" slack="0"/>
</pin_list>
<bind>
<opcode="load(27) " fcode="load"/>
<opset="out_accum2_load/2 "/>
</bind>
</comp>

<comp id="101" class="1004" name="sext_ln28_fu_101">
<pin_list>
<pin id="102" dir="0" index="0" bw="8" slack="0"/>
<pin id="103" dir="1" index="1" bw="12" slack="0"/>
</pin_list>
<bind>
<opcode="sext(35) " fcode="sext"/>
<opset="sext_ln28/2 "/>
</bind>
</comp>

<comp id="105" class="1004" name="out_accum_fu_105">
<pin_list>
<pin id="106" dir="0" index="0" bw="8" slack="0"/>
<pin id="107" dir="0" index="1" bw="12" slack="0"/>
<pin id="108" dir="1" index="2" bw="12" slack="0"/>
</pin_list>
<bind>
<opcode="add(8) " fcode="add"/>
<opset="out_accum/2 "/>
</bind>
</comp>

<comp id="111" class="1004" name="store_ln28_store_fu_111">
<pin_list>
<pin id="112" dir="0" index="0" bw="12" slack="0"/>
<pin id="113" dir="0" index="1" bw="12" slack="1"/>
<pin id="114" dir="1" index="2" bw="0" slack="2147483647"/>
</pin_list>
<bind>
<opcode="store(28) " fcode="store"/>
<opset="store_ln28/2 "/>
</bind>
</comp>

<comp id="116" class="1004" name="sext_ln27_fu_116">
<pin_list>
<pin id="117" dir="0" index="0" bw="12" slack="0"/>
<pin id="118" dir="1" index="1" bw="13" slack="2147483647"/>
</pin_list>
<bind>
<opcode="sext(35) " fcode="sext"/>
<opset="sext_ln27/2 "/>
</bind>
</comp>

<comp id="120" class="1005" name="x1_reg_120">
<pin_list>
<pin id="121" dir="0" index="0" bw="4" slack="0"/>
<pin id="122" dir="1" index="1" bw="4" slack="0"/>
</pin_list>
<bind>
<opset="x1 "/>
</bind>
</comp>

<comp id="127" class="1005" name="out_accum2_reg_127">
<pin_list>
<pin id="128" dir="0" index="0" bw="12" slack="0"/>
<pin id="129" dir="1" index="1" bw="12" slack="0"/>
</pin_list>
<bind>
<opset="out_accum2 "/>
</bind>
</comp>

<comp id="134" class="1005" name="A_addr_reg_134">
<pin_list>
<pin id="135" dir="0" index="0" bw="4" slack="1"/>
<pin id="136" dir="1" index="1" bw="4" slack="1"/>
</pin_list>
<bind>
<opset="A_addr "/>
</bind>
</comp>

<comp id="139" class="1005" name="icmp_ln27_reg_139">
<pin_list>
<pin id="140" dir="0" index="0" bw="1" slack="1"/>
<pin id="141" dir="1" index="1" bw="1" slack="2147483647"/>
</pin_list>
<bind>
<opset="icmp_ln27 "/>
</bind>
</comp>

</comp_list>

<net_list>
<net id="45"><net_src comp="2" pin="0"/><net_sink comp="42" pin=0"/></net>

<net id="49"><net_src comp="2" pin="0"/><net_sink comp="46" pin=0"/></net>

<net id="55"><net_src comp="0" pin="0"/><net_sink comp="50" pin=0"/></net>

<net id="56"><net_src comp="26" pin="0"/><net_sink comp="50" pin=1"/></net>

<net id="62"><net_src comp="50" pin="3"/><net_sink comp="57" pin=0"/></net>

<net id="67"><net_src comp="22" pin="0"/><net_sink comp="63" pin=0"/></net>

<net id="72"><net_src comp="24" pin="0"/><net_sink comp="68" pin=0"/></net>

<net id="79"><net_src comp="73" pin="1"/><net_sink comp="76" pin=0"/></net>

<net id="80"><net_src comp="76" pin="1"/><net_sink comp="50" pin=2"/></net>

<net id="85"><net_src comp="73" pin="1"/><net_sink comp="81" pin=0"/></net>

<net id="86"><net_src comp="28" pin="0"/><net_sink comp="81" pin=1"/></net>

<net id="91"><net_src comp="73" pin="1"/><net_sink comp="87" pin=0"/></net>

<net id="92"><net_src comp="30" pin="0"/><net_sink comp="87" pin=1"/></net>

<net id="97"><net_src comp="81" pin="2"/><net_sink comp="93" pin=0"/></net>

<net id="104"><net_src comp="57" pin="3"/><net_sink comp="101" pin=0"/></net>

<net id="109"><net_src comp="101" pin="1"/><net_sink comp="105" pin=0"/></net>

<net id="110"><net_src comp="98" pin="1"/><net_sink comp="105" pin=1"/></net>

<net id="115"><net_src comp="105" pin="2"/><net_sink comp="111" pin=0"/></net>

<net id="119"><net_src comp="105" pin="2"/><net_sink comp="116" pin=0"/></net>

<net id="123"><net_src comp="42" pin="1"/><net_sink comp="120" pin=0"/></net>

<net id="124"><net_src comp="120" pin="1"/><net_sink comp="68" pin=1"/></net>

<net id="125"><net_src comp="120" pin="1"/><net_sink comp="73" pin=0"/></net>

<net id="126"><net_src comp="120" pin="1"/><net_sink comp="93" pin=1"/></net>

<net id="130"><net_src comp="46" pin="1"/><net_sink comp="127" pin=0"/></net>

<net id="131"><net_src comp="127" pin="1"/><net_sink comp="63" pin=1"/></net>

<net id="132"><net_src comp="127" pin="1"/><net_sink comp="98" pin=0"/></net>

<net id="133"><net_src comp="127" pin="1"/><net_sink comp="111" pin=1"/></net>

<net id="137"><net_src comp="50" pin="3"/><net_sink comp="134" pin=0"/></net>

<net id="138"><net_src comp="134" pin="1"/><net_sink comp="57" pin=0"/></net>

<net id="142"><net_src comp="87" pin="2"/><net_sink comp="139" pin=0"/></net>

</net_list>

</model> 
---------------- Datapath Model END ------------------

* FSMD analyzer results:
  - Output states:
 - Input state : 
	Port: basic_loops : A | {1 2 }
  - Chain level:
	State 1
		store_ln0 : 1
		store_ln0 : 1
		x1_load : 1
		zext_ln27 : 2
		A_addr : 3
		A_load : 4
		x : 2
		icmp_ln27 : 2
		store_ln27 : 3
		br_ln27 : 3
	State 2
		sext_ln28 : 1
		out_accum : 2
		store_ln28 : 3
		sext_ln27 : 3
		ret_ln31 : 4


============================================================
+ Verbose Summary: Datapath Resource usage 
============================================================

* Functional unit list:
|----------|------------------|---------|---------|
| Operation|  Functional Unit |    FF   |   LUT   |
|----------|------------------|---------|---------|
|    add   |      x_fu_81     |    0    |    13   |
|          | out_accum_fu_105 |    0    |    19   |
|----------|------------------|---------|---------|
|   icmp   |  icmp_ln27_fu_87 |    0    |    13   |
|----------|------------------|---------|---------|
|   zext   |  zext_ln27_fu_76 |    0    |    0    |
|----------|------------------|---------|---------|
|   sext   | sext_ln28_fu_101 |    0    |    0    |
|          | sext_ln27_fu_116 |    0    |    0    |
|----------|------------------|---------|---------|
|   Total  |                  |    0    |    45   |
|----------|------------------|---------|---------|

Memories:
N/A

* Register list:
+------------------+--------+
|                  |   FF   |
+------------------+--------+
|  A_addr_reg_134  |    4   |
| icmp_ln27_reg_139|    1   |
|out_accum2_reg_127|   12   |
|    x1_reg_120    |    4   |
+------------------+--------+
|       Total      |   21   |
+------------------+--------+

* Multiplexer (MUX) list: 
|------------------|------|------|------|--------||---------||---------||---------|
|       Comp       |  Pin | Size |  BW  | S x BW ||  Delay  ||    FF   ||   LUT   |
|------------------|------|------|------|--------||---------||---------||---------|
| grp_access_fu_57 |  p0  |   2  |   4  |    8   ||    0    ||    9    |
|------------------|------|------|------|--------||---------||---------||---------|
|       Total      |      |      |      |    8   ||  1.324  ||    0    ||    9    |
|------------------|------|------|------|--------||---------||---------||---------|



* Summary:
+-----------+--------+--------+--------+
|           |  Delay |   FF   |   LUT  |
+-----------+--------+--------+--------+
|  Function |    -   |    0   |   45   |
|   Memory  |    -   |    -   |    -   |
|Multiplexer|    1   |    0   |    9   |
|  Register |    -   |   21   |    -   |
+-----------+--------+--------+--------+
|   Total   |    1   |   21   |   54   |
+-----------+--------+--------+--------+
