
Magic 8.3 revision 529 - Compiled on Fri Jun 13 05:45:16 PM KST 2025.
Starting magic under Tcl interpreter
Using the terminal as the console.
Using NULL graphics device.
Processing system .magicrc file
Input style lambda=0.30(p): scaleFactor=30, multiplier=1
Contact size value ignored (using GDS generation rules).
Contact size value ignored (using GDS generation rules).
Contact size value ignored (using GDS generation rules).
Contact size value ignored (using GDS generation rules).
Contact size value ignored (using GDS generation rules).
Contact size value ignored (using GDS generation rules).
The following types are not handled by extraction and will be treated as non-electrical types:
    n_field_implant p_field_implant nselect pselect glass filln filla fillb xp m1p m2p m3p comment bb 
2 Magic internal units = 1 Lambda
Using technology "scmos", version 2001a
Root cell box:
           width x height  (   llx,  lly  ), (   urx,  ury  )

microns:   0.000 x 0.000   ( 0.000,  0.000), ( 0.000,  0.000)
lambda:     0.00 x 0.00    (  0.00,  0.00 ), (  0.00,  0.00 )
internal:      0 x 0       (     0,  0    ), (     0,  0    )
Cell fir_pe read from current working directory
fir_pe: 10000 rects
Processing timestamp mismatches.
Cell FILL read from path /home/goodkook/ETRI050_DesignKit/digital_ETRI
Scaled magic input cell FILL geometry by factor of 2
Cell CLKBUF1 read from path /home/goodkook/ETRI050_DesignKit/digital_ETRI
Cell BUFX2 read from path /home/goodkook/ETRI050_DesignKit/digital_ETRI
Cell DFFPOSX1 read from path /home/goodkook/ETRI050_DesignKit/digital_ETRI
Cell OAI21X1 read from path /home/goodkook/ETRI050_DesignKit/digital_ETRI
Cell NAND2X1 read from path /home/goodkook/ETRI050_DesignKit/digital_ETRI
Cell AOI21X1 read from path /home/goodkook/ETRI050_DesignKit/digital_ETRI
Cell NOR2X1 read from path /home/goodkook/ETRI050_DesignKit/digital_ETRI
Cell INVX1 read from path /home/goodkook/ETRI050_DesignKit/digital_ETRI
Cell NAND3X1 read from path /home/goodkook/ETRI050_DesignKit/digital_ETRI
Cell AOI22X1 read from path /home/goodkook/ETRI050_DesignKit/digital_ETRI
Cell OR2X2 read from path /home/goodkook/ETRI050_DesignKit/digital_ETRI
Cell AND2X2 read from path /home/goodkook/ETRI050_DesignKit/digital_ETRI
Cell OAI22X1 read from path /home/goodkook/ETRI050_DesignKit/digital_ETRI
Cell INVX8 read from path /home/goodkook/ETRI050_DesignKit/digital_ETRI
Cell INVX2 read from path /home/goodkook/ETRI050_DesignKit/digital_ETRI
Timestamp mismatches found in these cells: INVX2, INVX8, OAI22X1, AND2X2, OR2X2, AOI22X1, NAND3X1, INVX1, NOR2X1, AOI21X1, NAND2X1, OAI21X1, DFFPOSX1, BUFX2, CLKBUF1, FILL.
Cell fir_pe_DRC has 20 error tiles.
Total DRC errors found: 0
This layer can't abut or partially overlap between subcells
Design-rule checker statistics (recent/total):
    Squares processed: 120/120
    Tiles processed: 464553/464553
    Edges pieces processed: 955903/955903
    Constraint areas checked: 4848198/4848198
    Multi-tile constraints: 3484850/3484850
    Interaction areas processed: 112/112
    Tiles processed for interactions: 464553/464553
    Tiles processed for arrays: 0/0
Root cell box:
           width x height  (   llx,  lly  ), (   urx,  ury  )  area (units^2)

microns:  735.600 x 697.050  (-9.300, -3.600), ( 726.300,  693.450)  512750.000
lambda:   2452.00 x 2323.50  (-31.00, -12.00), ( 2421.00,  2311.50)  5697222.00
internal:   4904 x 4647    (   -62, -24   ), (  4842,  4623 )  22788888  
