GowinSynthesis start
Running parser ...
Analyzing Verilog file '/home/goodkook/ETRI050_DesignKit/devel/Tutorials/5-1_pong_pt1/emulation/Gowin/synthesis/pong_pt1_wrapper.v'
Compiling module 'pong_pt1_wrapper'("/home/goodkook/ETRI050_DesignKit/devel/Tutorials/5-1_pong_pt1/emulation/Gowin/synthesis/pong_pt1_wrapper.v":5)
NOTE  (EX0101) : Current top module is "pong_pt1_wrapper"
[5%] Running netlist conversion ...
WARN  (CV0016) : Input Din_emu[4] is unused("/home/goodkook/ETRI050_DesignKit/devel/Tutorials/5-1_pong_pt1/emulation/Gowin/synthesis/pong_pt1_wrapper.v":34)
WARN  (CV0016) : Input Din_emu[5] is unused("/home/goodkook/ETRI050_DesignKit/devel/Tutorials/5-1_pong_pt1/emulation/Gowin/synthesis/pong_pt1_wrapper.v":39)
WARN  (CV0016) : Input Din_emu[6] is unused("/home/goodkook/ETRI050_DesignKit/devel/Tutorials/5-1_pong_pt1/emulation/Gowin/synthesis/pong_pt1_wrapper.v":44)
WARN  (CV0016) : Input Din_emu[7] is unused("/home/goodkook/ETRI050_DesignKit/devel/Tutorials/5-1_pong_pt1/emulation/Gowin/synthesis/pong_pt1_wrapper.v":49)
WARN  (CV0016) : Input Addr_emu[1] is unused("/home/goodkook/ETRI050_DesignKit/devel/Tutorials/5-1_pong_pt1/emulation/Gowin/synthesis/pong_pt1_wrapper.v":12)
WARN  (CV0016) : Input Addr_emu[2] is unused("/home/goodkook/ETRI050_DesignKit/devel/Tutorials/5-1_pong_pt1/emulation/Gowin/synthesis/pong_pt1_wrapper.v":17)
Running device independent optimization ...
[10%] Optimizing Phase 0 completed
[15%] Optimizing Phase 1 completed
[25%] Optimizing Phase 2 completed
Running inference ...
[30%] Inferring Phase 0 completed
[40%] Inferring Phase 1 completed
[50%] Inferring Phase 2 completed
[55%] Inferring Phase 3 completed
Running technical mapping ...
[60%] Tech-Mapping Phase 0 completed
[65%] Tech-Mapping Phase 1 completed
[75%] Tech-Mapping Phase 2 completed
[80%] Tech-Mapping Phase 3 completed
[90%] Tech-Mapping Phase 4 completed
[95%] Generate netlist file "/home/goodkook/ETRI050_DesignKit/devel/Tutorials/5-1_pong_pt1/emulation/Gowin/pong_pt1_wrapper/impl/gwsynthesis/pong_pt1_wrapper.vg" completed
[100%] Generate report file "/home/goodkook/ETRI050_DesignKit/devel/Tutorials/5-1_pong_pt1/emulation/Gowin/pong_pt1_wrapper/impl/gwsynthesis/pong_pt1_wrapper_syn.rpt.html" completed
GowinSynthesis finish
