Reading netlist file: "/home/goodkook/ETRI050_DesignKit/devel/Ref_Design/FIR8/1_Parallel_IO/emulation/GoWin/fir_pe_wrapper/impl/gwsynthesis/fir_pe_wrapper.vg"
Parsing netlist file "/home/goodkook/ETRI050_DesignKit/devel/Ref_Design/FIR8/1_Parallel_IO/emulation/GoWin/fir_pe_wrapper/impl/gwsynthesis/fir_pe_wrapper.vg" completed
Processing netlist completed
Reading constraint file: "/home/goodkook/ETRI050_DesignKit/devel/Ref_Design/FIR8/1_Parallel_IO/emulation/GoWin/fir_pe_wrapper/src/fir_pe_wrapper.cst"
Physical Constraint parsed completed
Running placement......
[10%] Placement Phase 0 completed
[20%] Placement Phase 1 completed
[30%] Placement Phase 2 completed
[50%] Placement Phase 3 completed
Running routing......
[60%] Routing Phase 0 completed
[70%] Routing Phase 1 completed
[80%] Routing Phase 2 completed
[90%] Routing Phase 3 completed
Running timing analysis......
[95%] Timing analysis completed
Placement and routing completed
Bitstream generation in progress......
Bitstream generation completed
Generate file "/home/goodkook/ETRI050_DesignKit/devel/Ref_Design/FIR8/1_Parallel_IO/emulation/GoWin/fir_pe_wrapper/impl/pnr/fir_pe_wrapper.pin.html" completed
Generate file "/home/goodkook/ETRI050_DesignKit/devel/Ref_Design/FIR8/1_Parallel_IO/emulation/GoWin/fir_pe_wrapper/impl/pnr/fir_pe_wrapper.rpt.html" completed
Generate file "/home/goodkook/ETRI050_DesignKit/devel/Ref_Design/FIR8/1_Parallel_IO/emulation/GoWin/fir_pe_wrapper/impl/pnr/fir_pe_wrapper.rpt.txt" completed
Generate file "/home/goodkook/ETRI050_DesignKit/devel/Ref_Design/FIR8/1_Parallel_IO/emulation/GoWin/fir_pe_wrapper/impl/pnr/fir_pe_wrapper.tr.html" completed
Wed Jun  5 08:00:54 2024

