

================================================================
== Synthesis Summary Report of 'fxp_sqrt_top'
================================================================
+ General Information: 
    * Date:           Fri Mar 28 08:50:43 2025
    * Version:        2024.2.2 (Build 6049644 on Mar  5 2025)
    * Project:        fxp_sqrt_top
    * Solution:       hls (Vivado IP Flow Target)
    * Product family: aartix7
    * Target device:  xa7a100t-csg324-1I
    

+ Performance & Resource Estimates: 
    
    PS: '+' for module; 'o' for loop; '*' for dataflow
    +-------------------------------------------+------+------+---------+---------+----------+---------+------+----------+------+----+----------+-----------+-----+
    |                  Modules                  | Issue|      | Latency | Latency | Iteration|         | Trip |          |      |    |          |           |     |
    |                  & Loops                  | Type | Slack| (cycles)|   (ns)  |  Latency | Interval| Count| Pipelined| BRAM | DSP|    FF    |    LUT    | URAM|
    +-------------------------------------------+------+------+---------+---------+----------+---------+------+----------+------+----+----------+-----------+-----+
    |+ fxp_sqrt_top                             |     -|  0.16|       16|  160.000|         -|       17|     -|        no|     -|   -|  96 (~0%)|  307 (~0%)|    -|
    | + fxp_sqrt_top_Pipeline_VITIS_LOOP_106_1  |     -|  0.16|       14|  140.000|         -|       14|     -|        no|     -|   -|  47 (~0%)|  223 (~0%)|    -|
    |  o VITIS_LOOP_106_1                       |     -|  8.00|       12|  120.000|         2|        1|    12|       yes|     -|   -|         -|          -|    -|
    +-------------------------------------------+------+------+---------+---------+----------+---------+------+----------+------+----+----------+-----------+-----+


================================================================
== HW Interfaces
================================================================
* Other Ports
+-----------+---------+-----------+----------+
| Port      | Mode    | Direction | Bitwidth |
+-----------+---------+-----------+----------+
| ap_return |         | out       | 10       |
| in_val    | ap_none | in        | 12       |
+-----------+---------+-----------+----------+

* TOP LEVEL CONTROL
+-----------+------------+-----------------------------------+
| Interface | Type       | Ports                             |
+-----------+------------+-----------------------------------+
| ap_clk    | clock      | ap_clk                            |
| ap_rst    | reset      | ap_rst                            |
| ap_ctrl   | ap_ctrl_hs | ap_done ap_idle ap_ready ap_start |
+-----------+------------+-----------------------------------+


================================================================
== SW I/O Information
================================================================
* Top Function Arguments
+----------+-----------+---------------------------------------+
| Argument | Direction | Datatype                              |
+----------+-----------+---------------------------------------+
| in_val   | in        | ap_ufixed<12, 8, AP_TRN, AP_WRAP, 0>& |
| return   | out       | ap_ufixed<10, 4, AP_TRN, AP_WRAP, 0>  |
+----------+-----------+---------------------------------------+

* SW-to-HW Mapping
+----------+--------------+---------+
| Argument | HW Interface | HW Type |
+----------+--------------+---------+
| in_val   | in_val       | port    |
| return   | ap_return    | port    |
+----------+--------------+---------+


================================================================
== Bind Op Report
================================================================
+-------------------------------------------+-----+--------+------------+--------+-----------+---------+
| Name                                      | DSP | Pragma | Variable   | Op     | Impl      | Latency |
+-------------------------------------------+-----+--------+------------+--------+-----------+---------+
| + fxp_sqrt_top                            | 0   |        |            |        |           |         |
|   add_ln102_fu_82_p2                      |     |        | add_ln102  | add    | fabric    | 0       |
|   icmp_ln119_fu_108_p2                    |     |        | icmp_ln119 | setgt  | auto      | 0       |
|   add_ln120_fu_114_p2                     |     |        | add_ln120  | add    | fabric    | 0       |
|   ap_return                               |     |        | result     | select | auto_sel  | 0       |
|  + fxp_sqrt_top_Pipeline_VITIS_LOOP_106_1 | 0   |        |            |        |           |         |
|    sub_ln108_fu_130_p2                    |     |        | sub_ln108  | sub    | fabric    | 0       |
|    shl_ln108_fu_187_p2                    |     |        | shl_ln108  | shl    | auto_pipe | 0       |
|    s_1_fu_193_p2                          |     |        | s_1        | sub    | fabric    | 0       |
|    shl_ln112_fu_207_p2                    |     |        | shl_ln112  | shl    | auto_pipe | 0       |
|    s_2_fu_213_p2                          |     |        | s_2        | add    | fabric    | 0       |
|    s_fu_219_p3                            |     |        | s          | select | auto_sel  | 0       |
|    empty_10_fu_236_p3                     |     |        | empty_10   | select | auto_sel  | 0       |
|    i_fu_136_p2                            |     |        | i          | add    | fabric    | 0       |
|    icmp_ln106_fu_142_p2                   |     |        | icmp_ln106 | seteq  | auto      | 0       |
+-------------------------------------------+-----+--------+------------+--------+-----------+---------+


================================================================
== Storage Report
================================================================
  No bind storage info in design

================================================================
== Pragma Report
================================================================
  No pragmas found

