Reading netlist file: "/home/goodkook/ETRI050_DesignKit/devel/Ref_Design/booth_multiplier/emulation/Gowin/booth_multiplier_wrapper/impl/gwsynthesis/booth_multiplier_wrapper.vg"
Parsing netlist file "/home/goodkook/ETRI050_DesignKit/devel/Ref_Design/booth_multiplier/emulation/Gowin/booth_multiplier_wrapper/impl/gwsynthesis/booth_multiplier_wrapper.vg" completed
Processing netlist completed
Reading constraint file: "/home/goodkook/ETRI050_DesignKit/devel/Ref_Design/booth_multiplier/emulation/Gowin/booth_multiplier_wrapper/src/psce_wrapper.cst"
Physical Constraint parsed completed
Running placement......
[10%] Placement Phase 0 completed
[20%] Placement Phase 1 completed
[30%] Placement Phase 2 completed
[50%] Placement Phase 3 completed
Running routing......
[60%] Routing Phase 0 completed
[70%] Routing Phase 1 completed
[80%] Routing Phase 2 completed
[90%] Routing Phase 3 completed
Running timing analysis......
[95%] Timing analysis completed
Placement and routing completed
Bitstream generation in progress......
Bitstream generation completed
Generate file "/home/goodkook/ETRI050_DesignKit/devel/Ref_Design/booth_multiplier/emulation/Gowin/booth_multiplier_wrapper/impl/pnr/booth_multiplier_wrapper.pin.html" completed
Generate file "/home/goodkook/ETRI050_DesignKit/devel/Ref_Design/booth_multiplier/emulation/Gowin/booth_multiplier_wrapper/impl/pnr/booth_multiplier_wrapper.rpt.html" completed
Generate file "/home/goodkook/ETRI050_DesignKit/devel/Ref_Design/booth_multiplier/emulation/Gowin/booth_multiplier_wrapper/impl/pnr/booth_multiplier_wrapper.rpt.txt" completed
Generate file "/home/goodkook/ETRI050_DesignKit/devel/Ref_Design/booth_multiplier/emulation/Gowin/booth_multiplier_wrapper/impl/pnr/booth_multiplier_wrapper.tr.html" completed
Sun Jun  9 07:11:29 2024

