Flattening unmatched subcell invert in circuit buffer (2 instances)

Subcircuit summary:
Circuit 1: buffer                          |Circuit 2: buffer                          
-------------------------------------------|-------------------------------------------
pmos (2)                                   |pmos (2)                                   
nmos (2)                                   |nmos (2)                                   
Number of devices: 4                       |Number of devices: 4                       
Number of nets: 5                          |Number of nets: 5                          
---------------------------------------------------------------------------------------
Circuits match uniquely.
Netlists match uniquely.

Subcircuit pins:
Circuit 1: buffer                          |Circuit 2: buffer                          
-------------------------------------------|-------------------------------------------
Vdd                                        |Vdd                                        
Gnd                                        |Gnd                                        
in1                                        |in1                                        
out1                                       |out1                                       
---------------------------------------------------------------------------------------
Cell pin lists are equivalent.
Device classes buffer and buffer are equivalent.

Subcircuit summary:
Circuit 1: hier1.spice                     |Circuit 2: hier2.spice                     
-------------------------------------------|-------------------------------------------
buffer (1)                                 |buffer (1)                                 
Number of devices: 1                       |Number of devices: 1                       
Number of nets: 4                          |Number of nets: 4                          
---------------------------------------------------------------------------------------
Circuits match uniquely.
Netlists match uniquely.
Cell pin lists are equivalent.
Device classes hier1.spice and hier2.spice are equivalent.
Circuits match uniquely.
