

Subcircuit pins:
Circuit 1: OR2X2                           |Circuit 2: OR2X2                           
-------------------------------------------|-------------------------------------------
A                                          |A                                          
B                                          |B                                          
Y                                          |Y                                          
vdd                                        |vdd                                        
gnd                                        |gnd                                        
---------------------------------------------------------------------------------------
Cell pin lists are equivalent.
Device classes OR2X2 and OR2X2 are equivalent.


Subcircuit pins:
Circuit 1: NOR2X1                          |Circuit 2: NOR2X1                          
-------------------------------------------|-------------------------------------------
A                                          |A                                          
B                                          |B                                          
Y                                          |Y                                          
vdd                                        |vdd                                        
gnd                                        |gnd                                        
---------------------------------------------------------------------------------------
Cell pin lists are equivalent.
Device classes NOR2X1 and NOR2X1 are equivalent.


Subcircuit pins:
Circuit 1: OAI21X1                         |Circuit 2: OAI21X1                         
-------------------------------------------|-------------------------------------------
A                                          |A                                          
B                                          |B                                          
C                                          |C                                          
Y                                          |Y                                          
vdd                                        |vdd                                        
gnd                                        |gnd                                        
---------------------------------------------------------------------------------------
Cell pin lists are equivalent.
Device classes OAI21X1 and OAI21X1 are equivalent.


Subcircuit pins:
Circuit 1: NAND3X1                         |Circuit 2: NAND3X1                         
-------------------------------------------|-------------------------------------------
A                                          |A                                          
B                                          |B                                          
C                                          |C                                          
Y                                          |Y                                          
vdd                                        |vdd                                        
gnd                                        |gnd                                        
---------------------------------------------------------------------------------------
Cell pin lists are equivalent.
Device classes NAND3X1 and NAND3X1 are equivalent.


Subcircuit pins:
Circuit 1: NAND2X1                         |Circuit 2: NAND2X1                         
-------------------------------------------|-------------------------------------------
A                                          |A                                          
B                                          |B                                          
Y                                          |Y                                          
vdd                                        |vdd                                        
gnd                                        |gnd                                        
---------------------------------------------------------------------------------------
Cell pin lists are equivalent.
Device classes NAND2X1 and NAND2X1 are equivalent.


Subcircuit pins:
Circuit 1: AOI21X1                         |Circuit 2: AOI21X1                         
-------------------------------------------|-------------------------------------------
A                                          |A                                          
B                                          |B                                          
C                                          |C                                          
Y                                          |Y                                          
vdd                                        |vdd                                        
gnd                                        |gnd                                        
---------------------------------------------------------------------------------------
Cell pin lists are equivalent.
Device classes AOI21X1 and AOI21X1 are equivalent.


Subcircuit pins:
Circuit 1: AOI22X1                         |Circuit 2: AOI22X1                         
-------------------------------------------|-------------------------------------------
A                                          |A                                          
B                                          |B                                          
C                                          |C                                          
D                                          |D                                          
Y                                          |Y                                          
vdd                                        |vdd                                        
gnd                                        |gnd                                        
---------------------------------------------------------------------------------------
Cell pin lists are equivalent.
Device classes AOI22X1 and AOI22X1 are equivalent.


Subcircuit pins:
Circuit 1: DFFPOSX1                        |Circuit 2: DFFPOSX1                        
-------------------------------------------|-------------------------------------------
D                                          |D                                          
CLK                                        |CLK                                        
Q                                          |Q                                          
vdd                                        |vdd                                        
gnd                                        |gnd                                        
---------------------------------------------------------------------------------------
Cell pin lists are equivalent.
Device classes DFFPOSX1 and DFFPOSX1 are equivalent.


Subcircuit pins:
Circuit 1: INVX1                           |Circuit 2: INVX1                           
-------------------------------------------|-------------------------------------------
A                                          |A                                          
Y                                          |Y                                          
vdd                                        |vdd                                        
gnd                                        |gnd                                        
---------------------------------------------------------------------------------------
Cell pin lists are equivalent.
Device classes INVX1 and INVX1 are equivalent.


Subcircuit pins:
Circuit 1: AND2X2                          |Circuit 2: AND2X2                          
-------------------------------------------|-------------------------------------------
A                                          |A                                          
B                                          |B                                          
Y                                          |Y                                          
vdd                                        |vdd                                        
gnd                                        |gnd                                        
---------------------------------------------------------------------------------------
Cell pin lists are equivalent.
Device classes AND2X2 and AND2X2 are equivalent.


Subcircuit pins:
Circuit 1: OAI22X1                         |Circuit 2: OAI22X1                         
-------------------------------------------|-------------------------------------------
A                                          |A                                          
B                                          |B                                          
C                                          |C                                          
D                                          |D                                          
Y                                          |Y                                          
vdd                                        |vdd                                        
gnd                                        |gnd                                        
---------------------------------------------------------------------------------------
Cell pin lists are equivalent.
Device classes OAI22X1 and OAI22X1 are equivalent.


Subcircuit pins:
Circuit 1: BUFX2                           |Circuit 2: BUFX2                           
-------------------------------------------|-------------------------------------------
A                                          |A                                          
Y                                          |Y                                          
vdd                                        |vdd                                        
gnd                                        |gnd                                        
---------------------------------------------------------------------------------------
Cell pin lists are equivalent.
Device classes BUFX2 and BUFX2 are equivalent.


Subcircuit pins:
Circuit 1: INVX2                           |Circuit 2: INVX2                           
-------------------------------------------|-------------------------------------------
A                                          |A                                          
Y                                          |Y                                          
vdd                                        |vdd                                        
gnd                                        |gnd                                        
---------------------------------------------------------------------------------------
Cell pin lists are equivalent.
Device classes INVX2 and INVX2 are equivalent.


Subcircuit pins:
Circuit 1: CLKBUF1                         |Circuit 2: CLKBUF1                         
-------------------------------------------|-------------------------------------------
A                                          |A                                          
Y                                          |Y                                          
vdd                                        |vdd                                        
gnd                                        |gnd                                        
---------------------------------------------------------------------------------------
Cell pin lists are equivalent.
Device classes CLKBUF1 and CLKBUF1 are equivalent.


Subcircuit pins:
Circuit 1: NOR3X1                          |Circuit 2: NOR3X1                          
-------------------------------------------|-------------------------------------------
A                                          |A                                          
B                                          |B                                          
C                                          |C                                          
Y                                          |Y                                          
vdd                                        |vdd                                        
gnd                                        |gnd                                        
---------------------------------------------------------------------------------------
Cell pin lists are equivalent.
Device classes NOR3X1 and NOR3X1 are equivalent.

Subcircuit summary:
Circuit 1: fir8                            |Circuit 2: fir8                            
-------------------------------------------|-------------------------------------------
OR2X2 (160)                                |OR2X2 (160)                                
NOR2X1 (712)                               |NOR2X1 (712)                               
OAI21X1 (936)                              |OAI21X1 (936)                              
NAND3X1 (1088)                             |NAND3X1 (1088)                             
NAND2X1 (1296)                             |NAND2X1 (1296)                             
AOI21X1 (704)                              |AOI21X1 (704)                              
AOI22X1 (136)                              |AOI22X1 (136)                              
DFFPOSX1 (448)                             |DFFPOSX1 (448)                             
INVX1 (912)                                |INVX1 (912)                                
AND2X2 (456)                               |AND2X2 (456)                               
OAI22X1 (80)                               |OAI22X1 (80)                               
BUFX2 (56)                                 |BUFX2 (56)                                 
INVX2 (48)                                 |INVX2 (48)                                 
CLKBUF1 (65)                               |CLKBUF1 (65)                               
NOR3X1 (40)                                |NOR3X1 (40)                                
Number of devices: 7137                    |Number of devices: 7137                    
Number of nets: 7164                       |Number of nets: 7164                       
---------------------------------------------------------------------------------------
Netlists match uniquely.

Subcircuit pins:
Circuit 1: fir8                            |Circuit 2: fir8                            
-------------------------------------------|-------------------------------------------
Xin[0]                                     |Xin[0]                                     
Xin[4]                                     |Xin[4]                                     
Yin[10]                                    |Yin[10]                                    
Yin[0]                                     |Yin[0]                                     
Yin[2]                                     |Yin[2]                                     
Yin[3]                                     |Yin[3]                                     
Yin[5]                                     |Yin[5]                                     
Yin[1]                                     |Yin[1]                                     
Yin[4]                                     |Yin[4]                                     
Yin[6]                                     |Yin[6]                                     
Yin[7]                                     |Yin[7]                                     
Yin[8]                                     |Yin[8]                                     
Yin[9]                                     |Yin[9]                                     
Yin[11]                                    |Yin[11]                                    
Yin[12]                                    |Yin[12]                                    
Yin[13]                                    |Yin[13]                                    
Yin[14]                                    |Yin[14]                                    
Yin[15]                                    |Yin[15]                                    
Xout[6]                                    |Xout[6]                                    
Xout[7]                                    |Xout[7]                                    
Xout[0]                                    |Xout[0]                                    
Xout[2]                                    |Xout[2]                                    
Xout[1]                                    |Xout[1]                                    
Xout[3]                                    |Xout[3]                                    
Xout[4]                                    |Xout[4]                                    
Xout[5]                                    |Xout[5]                                    
Yout[2]                                    |Yout[2]                                    
Yout[13]                                   |Yout[13]                                   
Yout[15]                                   |Yout[15]                                   
Yout[1]                                    |Yout[1]                                    
Yout[12]                                   |Yout[12]                                   
Yout[6]                                    |Yout[6]                                    
Yout[3]                                    |Yout[3]                                    
Yout[14]                                   |Yout[14]                                   
Yout[11]                                   |Yout[11]                                   
Yout[0]                                    |Yout[0]                                    
Yout[8]                                    |Yout[8]                                    
Yout[9]                                    |Yout[9]                                    
Yout[7]                                    |Yout[7]                                    
Yout[4]                                    |Yout[4]                                    
Yout[5]                                    |Yout[5]                                    
Yout[10]                                   |Yout[10]                                   
Xin[7]                                     |Xin[7]                                     
Xin[1]                                     |Xin[1]                                     
Xin[2]                                     |Xin[2]                                     
Xin[6]                                     |Xin[6]                                     
Xin[3]                                     |Xin[3]                                     
clk                                        |clk                                        
Xin[5]                                     |Xin[5]                                     
gnd                                        |gnd                                        
vdd                                        |vdd                                        
---------------------------------------------------------------------------------------
Cell pin lists are equivalent.
Device classes fir8 and fir8 are equivalent.

Final result: Circuits match uniquely.
.
