60 nets failed to route:
 _4307_
 _1071_
 _4328_
 _1241_
 _1007_
 _942_
 _594_
 _970_
 _949_
 Xin_5_bF$buf1
 _4149_
 _940_
 _1009_
 \X[1]_5_bF$buf1\
 _141_
 _1076_
 _1166_
 _1073_
 _1060_
 _1044_
 _1006_
 \X[5]\[4]
 _4151_
 _4241_
 _4228_
 _4232_
 _1100_
 _1238_
 _1098_
 \X[1]\[0]
 _1575_
 _1063_
 _1043_
 _1011_
 Xin[5]
 _1050_
 _1017_
 _937_
 _4373_
 _4322_
 _4239_
 _1123_
 _4154_
 _888_
 _1147_
 \u_fir_pe0.rYin\[9]
 _4225_
 _4124_
 \X[5]\[3]
 Xin[7]
 _1105_
 _944_
 _1126_
 _617_
 \X[1]\[6]
 _4226_
 _1053_
 _1127_
 gnd
 vdd
