GowinSynthesis start
Running parser ...
Analyzing Verilog file '/home/goodkook/ETRI050_DesignKit/devel/Ref_Design/CPU_6502/emulation/Gowin/cpu_wrapper_RT/synthesis/cpu_wrapper.v'
Compiling module 'cpu_wrapper'("/home/goodkook/ETRI050_DesignKit/devel/Ref_Design/CPU_6502/emulation/Gowin/cpu_wrapper_RT/synthesis/cpu_wrapper.v":5)
NOTE  (EX0101) : Current top module is "cpu_wrapper"
WARN  (EX0346) : Instance "Memory.0.0" 's parameter value "1'b0" truncated to "2'b00" to fit 2 bits("/home/goodkook/ETRI050_DesignKit/devel/Ref_Design/CPU_6502/emulation/Gowin/cpu_wrapper_RT/synthesis/cpu_wrapper.v":21141)
WARN  (EX0346) : Instance "Memory.0.1" 's parameter value "1'b0" truncated to "2'b00" to fit 2 bits("/home/goodkook/ETRI050_DesignKit/devel/Ref_Design/CPU_6502/emulation/Gowin/cpu_wrapper_RT/synthesis/cpu_wrapper.v":21223)
WARN  (EX0346) : Instance "Memory.0.10" 's parameter value "1'b0" truncated to "2'b00" to fit 2 bits("/home/goodkook/ETRI050_DesignKit/devel/Ref_Design/CPU_6502/emulation/Gowin/cpu_wrapper_RT/synthesis/cpu_wrapper.v":21305)
WARN  (EX0346) : Instance "Memory.0.11" 's parameter value "1'b0" truncated to "2'b00" to fit 2 bits("/home/goodkook/ETRI050_DesignKit/devel/Ref_Design/CPU_6502/emulation/Gowin/cpu_wrapper_RT/synthesis/cpu_wrapper.v":21387)
WARN  (EX0346) : Instance "Memory.0.12" 's parameter value "1'b0" truncated to "2'b00" to fit 2 bits("/home/goodkook/ETRI050_DesignKit/devel/Ref_Design/CPU_6502/emulation/Gowin/cpu_wrapper_RT/synthesis/cpu_wrapper.v":21469)
WARN  (EX0346) : Instance "Memory.0.13" 's parameter value "1'b0" truncated to "2'b00" to fit 2 bits("/home/goodkook/ETRI050_DesignKit/devel/Ref_Design/CPU_6502/emulation/Gowin/cpu_wrapper_RT/synthesis/cpu_wrapper.v":21551)
WARN  (EX0346) : Instance "Memory.0.14" 's parameter value "1'b0" truncated to "2'b00" to fit 2 bits("/home/goodkook/ETRI050_DesignKit/devel/Ref_Design/CPU_6502/emulation/Gowin/cpu_wrapper_RT/synthesis/cpu_wrapper.v":21633)
WARN  (EX0346) : Instance "Memory.0.15" 's parameter value "1'b0" truncated to "2'b00" to fit 2 bits("/home/goodkook/ETRI050_DesignKit/devel/Ref_Design/CPU_6502/emulation/Gowin/cpu_wrapper_RT/synthesis/cpu_wrapper.v":21715)
WARN  (EX0346) : Instance "Memory.0.16" 's parameter value "1'b0" truncated to "2'b00" to fit 2 bits("/home/goodkook/ETRI050_DesignKit/devel/Ref_Design/CPU_6502/emulation/Gowin/cpu_wrapper_RT/synthesis/cpu_wrapper.v":21797)
WARN  (EX0346) : Instance "Memory.0.17" 's parameter value "1'b0" truncated to "2'b00" to fit 2 bits("/home/goodkook/ETRI050_DesignKit/devel/Ref_Design/CPU_6502/emulation/Gowin/cpu_wrapper_RT/synthesis/cpu_wrapper.v":21879)
WARN  (EX0346) : Instance "Memory.0.18" 's parameter value "1'b0" truncated to "2'b00" to fit 2 bits("/home/goodkook/ETRI050_DesignKit/devel/Ref_Design/CPU_6502/emulation/Gowin/cpu_wrapper_RT/synthesis/cpu_wrapper.v":21961)
WARN  (EX0346) : Instance "Memory.0.19" 's parameter value "1'b0" truncated to "2'b00" to fit 2 bits("/home/goodkook/ETRI050_DesignKit/devel/Ref_Design/CPU_6502/emulation/Gowin/cpu_wrapper_RT/synthesis/cpu_wrapper.v":22063)
WARN  (EX0346) : Instance "Memory.0.2" 's parameter value "1'b0" truncated to "2'b00" to fit 2 bits("/home/goodkook/ETRI050_DesignKit/devel/Ref_Design/CPU_6502/emulation/Gowin/cpu_wrapper_RT/synthesis/cpu_wrapper.v":22165)
WARN  (EX0346) : Instance "Memory.0.20" 's parameter value "1'b0" truncated to "2'b00" to fit 2 bits("/home/goodkook/ETRI050_DesignKit/devel/Ref_Design/CPU_6502/emulation/Gowin/cpu_wrapper_RT/synthesis/cpu_wrapper.v":22247)
WARN  (EX0346) : Instance "Memory.0.21" 's parameter value "1'b0" truncated to "2'b00" to fit 2 bits("/home/goodkook/ETRI050_DesignKit/devel/Ref_Design/CPU_6502/emulation/Gowin/cpu_wrapper_RT/synthesis/cpu_wrapper.v":22329)
WARN  (EX0346) : Instance "Memory.0.22" 's parameter value "1'b0" truncated to "2'b00" to fit 2 bits("/home/goodkook/ETRI050_DesignKit/devel/Ref_Design/CPU_6502/emulation/Gowin/cpu_wrapper_RT/synthesis/cpu_wrapper.v":22431)
WARN  (EX0346) : Instance "Memory.0.23" 's parameter value "1'b0" truncated to "2'b00" to fit 2 bits("/home/goodkook/ETRI050_DesignKit/devel/Ref_Design/CPU_6502/emulation/Gowin/cpu_wrapper_RT/synthesis/cpu_wrapper.v":22513)
WARN  (EX0346) : Instance "Memory.0.24" 's parameter value "1'b0" truncated to "2'b00" to fit 2 bits("/home/goodkook/ETRI050_DesignKit/devel/Ref_Design/CPU_6502/emulation/Gowin/cpu_wrapper_RT/synthesis/cpu_wrapper.v":22595)
WARN  (EX0346) : Instance "Memory.0.25" 's parameter value "1'b0" truncated to "2'b00" to fit 2 bits("/home/goodkook/ETRI050_DesignKit/devel/Ref_Design/CPU_6502/emulation/Gowin/cpu_wrapper_RT/synthesis/cpu_wrapper.v":22697)
WARN  (EX0346) : Instance "Memory.0.26" 's parameter value "1'b0" truncated to "2'b00" to fit 2 bits("/home/goodkook/ETRI050_DesignKit/devel/Ref_Design/CPU_6502/emulation/Gowin/cpu_wrapper_RT/synthesis/cpu_wrapper.v":22842)
WARN  (EX0346) : Instance "Memory.0.27" 's parameter value "1'b0" truncated to "2'b00" to fit 2 bits("/home/goodkook/ETRI050_DesignKit/devel/Ref_Design/CPU_6502/emulation/Gowin/cpu_wrapper_RT/synthesis/cpu_wrapper.v":22924)
WARN  (EX0346) : Instance "Memory.0.28" 's parameter value "1'b0" truncated to "2'b00" to fit 2 bits("/home/goodkook/ETRI050_DesignKit/devel/Ref_Design/CPU_6502/emulation/Gowin/cpu_wrapper_RT/synthesis/cpu_wrapper.v":23006)
WARN  (EX0346) : Instance "Memory.0.29" 's parameter value "1'b0" truncated to "2'b00" to fit 2 bits("/home/goodkook/ETRI050_DesignKit/devel/Ref_Design/CPU_6502/emulation/Gowin/cpu_wrapper_RT/synthesis/cpu_wrapper.v":23108)
WARN  (EX0346) : Instance "Memory.0.3" 's parameter value "1'b0" truncated to "2'b00" to fit 2 bits("/home/goodkook/ETRI050_DesignKit/devel/Ref_Design/CPU_6502/emulation/Gowin/cpu_wrapper_RT/synthesis/cpu_wrapper.v":23207)
WARN  (EX0346) : Instance "Memory.0.30" 's parameter value "1'b0" truncated to "2'b00" to fit 2 bits("/home/goodkook/ETRI050_DesignKit/devel/Ref_Design/CPU_6502/emulation/Gowin/cpu_wrapper_RT/synthesis/cpu_wrapper.v":23289)
WARN  (EX0346) : Instance "Memory.0.31" 's parameter value "1'b0" truncated to "2'b00" to fit 2 bits("/home/goodkook/ETRI050_DesignKit/devel/Ref_Design/CPU_6502/emulation/Gowin/cpu_wrapper_RT/synthesis/cpu_wrapper.v":23391)
WARN  (EX0346) : Instance "Memory.0.4" 's parameter value "1'b0" truncated to "2'b00" to fit 2 bits("/home/goodkook/ETRI050_DesignKit/devel/Ref_Design/CPU_6502/emulation/Gowin/cpu_wrapper_RT/synthesis/cpu_wrapper.v":23510)
WARN  (EX0346) : Instance "Memory.0.5" 's parameter value "1'b0" truncated to "2'b00" to fit 2 bits("/home/goodkook/ETRI050_DesignKit/devel/Ref_Design/CPU_6502/emulation/Gowin/cpu_wrapper_RT/synthesis/cpu_wrapper.v":23609)
WARN  (EX0346) : Instance "Memory.0.6" 's parameter value "1'b0" truncated to "2'b00" to fit 2 bits("/home/goodkook/ETRI050_DesignKit/devel/Ref_Design/CPU_6502/emulation/Gowin/cpu_wrapper_RT/synthesis/cpu_wrapper.v":23708)
WARN  (EX0346) : Instance "Memory.0.7" 's parameter value "1'b0" truncated to "2'b00" to fit 2 bits("/home/goodkook/ETRI050_DesignKit/devel/Ref_Design/CPU_6502/emulation/Gowin/cpu_wrapper_RT/synthesis/cpu_wrapper.v":23807)
WARN  (EX0346) : Instance "Memory.0.8" 's parameter value "1'b0" truncated to "2'b00" to fit 2 bits("/home/goodkook/ETRI050_DesignKit/devel/Ref_Design/CPU_6502/emulation/Gowin/cpu_wrapper_RT/synthesis/cpu_wrapper.v":23906)
WARN  (EX0346) : Instance "Memory.0.9" 's parameter value "1'b0" truncated to "2'b00" to fit 2 bits("/home/goodkook/ETRI050_DesignKit/devel/Ref_Design/CPU_6502/emulation/Gowin/cpu_wrapper_RT/synthesis/cpu_wrapper.v":24005)
[5%] Running netlist conversion ...
Running device independent optimization ...
[10%] Optimizing Phase 0 completed
[15%] Optimizing Phase 1 completed
[25%] Optimizing Phase 2 completed
Running inference ...
[30%] Inferring Phase 0 completed
[40%] Inferring Phase 1 completed
[50%] Inferring Phase 2 completed
[55%] Inferring Phase 3 completed
Running technical mapping ...
[60%] Tech-Mapping Phase 0 completed
[65%] Tech-Mapping Phase 1 completed
[75%] Tech-Mapping Phase 2 completed
[80%] Tech-Mapping Phase 3 completed
[90%] Tech-Mapping Phase 4 completed
[95%] Generate netlist file "/home/goodkook/ETRI050_DesignKit/devel/Ref_Design/CPU_6502/emulation/Gowin/cpu_wrapper_RT/impl/gwsynthesis/cpu_wrapper_RT.vg" completed
[100%] Generate report file "/home/goodkook/ETRI050_DesignKit/devel/Ref_Design/CPU_6502/emulation/Gowin/cpu_wrapper_RT/impl/gwsynthesis/cpu_wrapper_RT_syn.rpt.html" completed
GowinSynthesis finish
