Flattening unmatched subcell inverter_x1 in circuit buffer_x1 (0)(4 instances)
Flattening unmatched subcell inverter in circuit buffer (1)(4 instances)

Subcircuit summary:
Circuit 1: buffer_x1                       |Circuit 2: buffer                          
-------------------------------------------|-------------------------------------------
pfet (4)                                   |pfet (4)                                   
nfet (4)                                   |nfet (4)                                   
Number of devices: 8                       |Number of devices: 8                       
Number of nets: 7                          |Number of nets: 7                          
---------------------------------------------------------------------------------------
Netlists match uniquely.

Subcircuit pins:
Circuit 1: buffer_x1                       |Circuit 2: buffer                          
-------------------------------------------|-------------------------------------------
vdd                                        |VDD                                        
gnd                                        |GND                                        
A                                          |A                                          
Y                                          |Y                                          
---------------------------------------------------------------------------------------
Cell pin lists are equivalent.
Device classes buffer_x1 and buffer are equivalent.

Final result: Circuits match uniquely.
.
