  **** HLS Build v2024.2.2 6049644
INFO: [HLS 200-2005] Using work_dir /home/goodkook/ETRI050_DesignKit/devel/Tutorials/7-3_Vitis-HLS_fxp_sqrt_Lite/Vitis-HLS/hls_component/fxp_sqrt_top 
INFO: [HLS 200-1505] Using default flow_target 'vivado'
Resolution: For help on HLS 200-1505 see docs.xilinx.com/access/sources/dita/topic?Doc_Version=2024.2%20English&url=ug1448-hls-guidance&resourceid=200-1505.html
INFO: [HLS 200-1465] Applying ini 'syn.file=/home/goodkook/ETRI050_DesignKit/devel/Tutorials/7-3_Vitis-HLS_fxp_sqrt_Lite/Vitis-HLS/fxp_sqrt.h' from /home/goodkook/ETRI050_DesignKit/devel/Tutorials/7-3_Vitis-HLS_fxp_sqrt_Lite/Vitis-HLS/hls_component/hls_config.cfg(8)
INFO: [HLS 200-10] Adding design file '/home/goodkook/ETRI050_DesignKit/devel/Tutorials/7-3_Vitis-HLS_fxp_sqrt_Lite/Vitis-HLS/fxp_sqrt.h' to the project
INFO: [HLS 200-1465] Applying ini 'syn.file=/home/goodkook/ETRI050_DesignKit/devel/Tutorials/7-3_Vitis-HLS_fxp_sqrt_Lite/Vitis-HLS/fxp_sqrt_top.cpp' from /home/goodkook/ETRI050_DesignKit/devel/Tutorials/7-3_Vitis-HLS_fxp_sqrt_Lite/Vitis-HLS/hls_component/hls_config.cfg(9)
INFO: [HLS 200-10] Adding design file '/home/goodkook/ETRI050_DesignKit/devel/Tutorials/7-3_Vitis-HLS_fxp_sqrt_Lite/Vitis-HLS/fxp_sqrt_top.cpp' to the project
INFO: [HLS 200-1465] Applying ini 'syn.file=/home/goodkook/ETRI050_DesignKit/devel/Tutorials/7-3_Vitis-HLS_fxp_sqrt_Lite/Vitis-HLS/fxp_sqrt_top.h' from /home/goodkook/ETRI050_DesignKit/devel/Tutorials/7-3_Vitis-HLS_fxp_sqrt_Lite/Vitis-HLS/hls_component/hls_config.cfg(10)
INFO: [HLS 200-10] Adding design file '/home/goodkook/ETRI050_DesignKit/devel/Tutorials/7-3_Vitis-HLS_fxp_sqrt_Lite/Vitis-HLS/fxp_sqrt_top.h' to the project
INFO: [HLS 200-1465] Applying ini 'syn.top=fxp_sqrt_top' from /home/goodkook/ETRI050_DesignKit/devel/Tutorials/7-3_Vitis-HLS_fxp_sqrt_Lite/Vitis-HLS/hls_component/hls_config.cfg(7)
INFO: [HLS 200-1465] Applying ini 'flow_target=vivado' from /home/goodkook/ETRI050_DesignKit/devel/Tutorials/7-3_Vitis-HLS_fxp_sqrt_Lite/Vitis-HLS/hls_component/hls_config.cfg(4)
INFO: [HLS 200-1505] Using flow_target 'vivado'
Resolution: For help on HLS 200-1505 see docs.xilinx.com/access/sources/dita/topic?Doc_Version=2024.2%20English&url=ug1448-hls-guidance&resourceid=200-1505.html
INFO: [HLS 200-1465] Applying ini 'part=xa7a100tcsg324-1I' from /home/goodkook/ETRI050_DesignKit/devel/Tutorials/7-3_Vitis-HLS_fxp_sqrt_Lite/Vitis-HLS/hls_component/hls_config.cfg(1)
INFO: [HLS 200-1611] Setting target device to 'xa7a100t-csg324-1I'
INFO: [HLS 200-1465] Applying ini 'clock=100Mhz' from /home/goodkook/ETRI050_DesignKit/devel/Tutorials/7-3_Vitis-HLS_fxp_sqrt_Lite/Vitis-HLS/hls_component/hls_config.cfg(11)
INFO: [SYN 201-201] Setting up clock 'default' with a period of 10ns.
INFO: [HLS 200-1465] Applying ini 'clock_uncertainty=2ns' from /home/goodkook/ETRI050_DesignKit/devel/Tutorials/7-3_Vitis-HLS_fxp_sqrt_Lite/Vitis-HLS/hls_component/hls_config.cfg(12)
INFO: [SYN 201-201] Setting up clock 'default' with an uncertainty of 2ns.
INFO: [HLS 200-1465] Applying ini 'package.output.format=rtl' from /home/goodkook/ETRI050_DesignKit/devel/Tutorials/7-3_Vitis-HLS_fxp_sqrt_Lite/Vitis-HLS/hls_component/hls_config.cfg(5)
INFO: [HLS 200-1465] Applying ini 'syn.interface.default_slave_interface=none' from /home/goodkook/ETRI050_DesignKit/devel/Tutorials/7-3_Vitis-HLS_fxp_sqrt_Lite/Vitis-HLS/hls_component/hls_config.cfg(13)
INFO: [HLS 200-111] Finished File checks and directory preparation: CPU user time: 4.13 seconds. CPU system time: 0.43 seconds. Elapsed time: 4.73 seconds; current allocated memory: 324.012 MB.
INFO: [HLS 200-10] Analyzing design file '../fxp_sqrt_top.cpp' ... 
INFO: [HLS 200-111] Finished Source Code Analysis and Preprocessing: CPU user time: 3.71 seconds. CPU system time: 0.53 seconds. Elapsed time: 4.86 seconds; current allocated memory: 326.016 MB.
INFO: [HLS 200-777] Using interface defaults for 'Vivado' flow target.
INFO: [HLS 200-1995] There were 2,212 instructions in the design after the 'Compile/Link' phase of compilation. See the Design Size Report for more details: /home/goodkook/ETRI050_DesignKit/devel/Tutorials/7-3_Vitis-HLS_fxp_sqrt_Lite/Vitis-HLS/hls_component/fxp_sqrt_top/hls/syn/report/csynth_design_size.rpt
INFO: [HLS 200-1995] There were 89 instructions in the design after the 'Unroll/Inline (step 1)' phase of compilation. See the Design Size Report for more details: /home/goodkook/ETRI050_DesignKit/devel/Tutorials/7-3_Vitis-HLS_fxp_sqrt_Lite/Vitis-HLS/hls_component/fxp_sqrt_top/hls/syn/report/csynth_design_size.rpt
INFO: [HLS 200-1995] There were 71 instructions in the design after the 'Unroll/Inline (step 2)' phase of compilation. See the Design Size Report for more details: /home/goodkook/ETRI050_DesignKit/devel/Tutorials/7-3_Vitis-HLS_fxp_sqrt_Lite/Vitis-HLS/hls_component/fxp_sqrt_top/hls/syn/report/csynth_design_size.rpt
INFO: [HLS 200-1995] There were 61 instructions in the design after the 'Unroll/Inline (step 3)' phase of compilation. See the Design Size Report for more details: /home/goodkook/ETRI050_DesignKit/devel/Tutorials/7-3_Vitis-HLS_fxp_sqrt_Lite/Vitis-HLS/hls_component/fxp_sqrt_top/hls/syn/report/csynth_design_size.rpt
INFO: [HLS 200-1995] There were 56 instructions in the design after the 'Unroll/Inline (step 4)' phase of compilation. See the Design Size Report for more details: /home/goodkook/ETRI050_DesignKit/devel/Tutorials/7-3_Vitis-HLS_fxp_sqrt_Lite/Vitis-HLS/hls_component/fxp_sqrt_top/hls/syn/report/csynth_design_size.rpt
INFO: [HLS 200-1995] There were 56 instructions in the design after the 'Array/Struct (step 1)' phase of compilation. See the Design Size Report for more details: /home/goodkook/ETRI050_DesignKit/devel/Tutorials/7-3_Vitis-HLS_fxp_sqrt_Lite/Vitis-HLS/hls_component/fxp_sqrt_top/hls/syn/report/csynth_design_size.rpt
INFO: [HLS 200-1995] There were 56 instructions in the design after the 'Array/Struct (step 2)' phase of compilation. See the Design Size Report for more details: /home/goodkook/ETRI050_DesignKit/devel/Tutorials/7-3_Vitis-HLS_fxp_sqrt_Lite/Vitis-HLS/hls_component/fxp_sqrt_top/hls/syn/report/csynth_design_size.rpt
INFO: [HLS 200-1995] There were 56 instructions in the design after the 'Array/Struct (step 3)' phase of compilation. See the Design Size Report for more details: /home/goodkook/ETRI050_DesignKit/devel/Tutorials/7-3_Vitis-HLS_fxp_sqrt_Lite/Vitis-HLS/hls_component/fxp_sqrt_top/hls/syn/report/csynth_design_size.rpt
INFO: [HLS 200-1995] There were 56 instructions in the design after the 'Array/Struct (step 4)' phase of compilation. See the Design Size Report for more details: /home/goodkook/ETRI050_DesignKit/devel/Tutorials/7-3_Vitis-HLS_fxp_sqrt_Lite/Vitis-HLS/hls_component/fxp_sqrt_top/hls/syn/report/csynth_design_size.rpt
INFO: [HLS 200-1995] There were 58 instructions in the design after the 'Array/Struct (step 5)' phase of compilation. See the Design Size Report for more details: /home/goodkook/ETRI050_DesignKit/devel/Tutorials/7-3_Vitis-HLS_fxp_sqrt_Lite/Vitis-HLS/hls_component/fxp_sqrt_top/hls/syn/report/csynth_design_size.rpt
INFO: [HLS 200-1995] There were 58 instructions in the design after the 'Performance (step 1)' phase of compilation. See the Design Size Report for more details: /home/goodkook/ETRI050_DesignKit/devel/Tutorials/7-3_Vitis-HLS_fxp_sqrt_Lite/Vitis-HLS/hls_component/fxp_sqrt_top/hls/syn/report/csynth_design_size.rpt
INFO: [HLS 200-1995] There were 56 instructions in the design after the 'Performance (step 2)' phase of compilation. See the Design Size Report for more details: /home/goodkook/ETRI050_DesignKit/devel/Tutorials/7-3_Vitis-HLS_fxp_sqrt_Lite/Vitis-HLS/hls_component/fxp_sqrt_top/hls/syn/report/csynth_design_size.rpt
INFO: [HLS 200-1995] There were 56 instructions in the design after the 'Performance (step 3)' phase of compilation. See the Design Size Report for more details: /home/goodkook/ETRI050_DesignKit/devel/Tutorials/7-3_Vitis-HLS_fxp_sqrt_Lite/Vitis-HLS/hls_component/fxp_sqrt_top/hls/syn/report/csynth_design_size.rpt
INFO: [HLS 200-1995] There were 56 instructions in the design after the 'Performance (step 4)' phase of compilation. See the Design Size Report for more details: /home/goodkook/ETRI050_DesignKit/devel/Tutorials/7-3_Vitis-HLS_fxp_sqrt_Lite/Vitis-HLS/hls_component/fxp_sqrt_top/hls/syn/report/csynth_design_size.rpt
INFO: [HLS 200-1995] There were 59 instructions in the design after the 'HW Transforms (step 1)' phase of compilation. See the Design Size Report for more details: /home/goodkook/ETRI050_DesignKit/devel/Tutorials/7-3_Vitis-HLS_fxp_sqrt_Lite/Vitis-HLS/hls_component/fxp_sqrt_top/hls/syn/report/csynth_design_size.rpt
INFO: [HLS 200-1995] There were 62 instructions in the design after the 'HW Transforms (step 2)' phase of compilation. See the Design Size Report for more details: /home/goodkook/ETRI050_DesignKit/devel/Tutorials/7-3_Vitis-HLS_fxp_sqrt_Lite/Vitis-HLS/hls_component/fxp_sqrt_top/hls/syn/report/csynth_design_size.rpt
INFO: [HLS 214-178] Inlining function 'void fxp_sqrt<10, 4, 12, 8>(ap_ufixed<10, 4, (ap_q_mode)5, (ap_o_mode)3, 0>&, ap_ufixed<12, 8, (ap_q_mode)5, (ap_o_mode)3, 0>&)' into 'fxp_sqrt_top(ap_ufixed<12, 8, (ap_q_mode)5, (ap_o_mode)3, 0>&)' (../fxp_sqrt_top.cpp:20:0)
INFO: [HLS 214-376] automatically set the pipeline for Loop< VITIS_LOOP_106_1> at ../fxp_sqrt.h:106:23 
INFO: [HLS 200-111] Finished Compiling Optimization and Transform: CPU user time: 2.84 seconds. CPU system time: 0.51 seconds. Elapsed time: 8.07 seconds; current allocated memory: 327.738 MB.
INFO: [HLS 200-111] Finished Checking Pragmas: CPU user time: 0 seconds. CPU system time: 0 seconds. Elapsed time: 0 seconds; current allocated memory: 327.738 MB.
INFO: [HLS 200-10] Starting code transformations ...
INFO: [HLS 200-111] Finished Standard Transforms: CPU user time: 0 seconds. CPU system time: 0.02 seconds. Elapsed time: 0.06 seconds; current allocated memory: 328.121 MB.
INFO: [HLS 200-10] Checking synthesizability ...
INFO: [HLS 200-111] Finished Checking Synthesizability: CPU user time: 0.02 seconds. CPU system time: 0 seconds. Elapsed time: 0.02 seconds; current allocated memory: 328.199 MB.
INFO: [XFORM 203-401] Performing if-conversion on hyperblock from (../fxp_sqrt.h:88:17) to (../fxp_sqrt.h:106:23) in function 'fxp_sqrt_top'... converting 4 basic blocks.
INFO: [HLS 200-111] Finished Loop, function and other optimizations: CPU user time: 0.04 seconds. CPU system time: 0.01 seconds. Elapsed time: 0.05 seconds; current allocated memory: 349.621 MB.
INFO: [HLS 200-111] Finished Architecture Synthesis: CPU user time: 0.03 seconds. CPU system time: 0 seconds. Elapsed time: 0.03 seconds; current allocated memory: 350.027 MB.
INFO: [HLS 200-10] Starting hardware synthesis ...
INFO: [HLS 200-10] Synthesizing 'fxp_sqrt_top' ...
INFO: [HLS 200-10] ----------------------------------------------------------------
INFO: [HLS 200-42] -- Implementing module 'fxp_sqrt_top_Pipeline_VITIS_LOOP_106_1' 
INFO: [HLS 200-10] ----------------------------------------------------------------
INFO: [SCHED 204-11] Starting scheduling ...
INFO: [SCHED 204-61] Pipelining loop 'VITIS_LOOP_106_1'.
INFO: [HLS 200-1470] Pipelining result : Target II = NA, Final II = 1, Depth = 2, loop 'VITIS_LOOP_106_1'
INFO: [SCHED 204-11] Finished scheduling.
INFO: [HLS 200-111] Finished Scheduling: CPU user time: 0.06 seconds. CPU system time: 0.01 seconds. Elapsed time: 0.09 seconds; current allocated memory: 351.109 MB.
INFO: [BIND 205-100] Starting micro-architecture generation ...
INFO: [BIND 205-101] Performing variable lifetime analysis.
INFO: [BIND 205-101] Exploring resource sharing.
INFO: [BIND 205-101] Binding ...
INFO: [BIND 205-100] Finished micro-architecture generation.
INFO: [HLS 200-111] Finished Binding: CPU user time: 0.02 seconds. CPU system time: 0 seconds. Elapsed time: 0.02 seconds; current allocated memory: 351.109 MB.
INFO: [HLS 200-10] ----------------------------------------------------------------
INFO: [HLS 200-42] -- Implementing module 'fxp_sqrt_top' 
INFO: [HLS 200-10] ----------------------------------------------------------------
INFO: [SCHED 204-11] Starting scheduling ...
INFO: [SCHED 204-11] Finished scheduling.
INFO: [HLS 200-111] Finished Scheduling: CPU user time: 0.03 seconds. CPU system time: 0 seconds. Elapsed time: 0.04 seconds; current allocated memory: 351.109 MB.
INFO: [BIND 205-100] Starting micro-architecture generation ...
INFO: [BIND 205-101] Performing variable lifetime analysis.
INFO: [BIND 205-101] Exploring resource sharing.
INFO: [BIND 205-101] Binding ...
INFO: [BIND 205-100] Finished micro-architecture generation.
INFO: [HLS 200-111] Finished Binding: CPU user time: 0.02 seconds. CPU system time: 0 seconds. Elapsed time: 0.02 seconds; current allocated memory: 351.109 MB.
INFO: [HLS 200-10] ----------------------------------------------------------------
INFO: [HLS 200-10] -- Generating RTL for module 'fxp_sqrt_top_Pipeline_VITIS_LOOP_106_1' 
INFO: [HLS 200-10] ----------------------------------------------------------------
INFO: [HLS 200-1030] Apply Unified Pipeline Control on module 'fxp_sqrt_top_Pipeline_VITIS_LOOP_106_1' pipeline 'VITIS_LOOP_106_1' pipeline type 'loop pipeline'
INFO: [RTGEN 206-100] Finished creating RTL model for 'fxp_sqrt_top_Pipeline_VITIS_LOOP_106_1'.
INFO: [HLS 200-111] Finished Creating RTL model: CPU user time: 0.03 seconds. CPU system time: 0.01 seconds. Elapsed time: 0.03 seconds; current allocated memory: 351.109 MB.
INFO: [HLS 200-10] ----------------------------------------------------------------
INFO: [HLS 200-10] -- Generating RTL for module 'fxp_sqrt_top' 
INFO: [HLS 200-10] ----------------------------------------------------------------
INFO: [RTGEN 206-500] Setting interface mode on port 'fxp_sqrt_top/in_val' to 'ap_none'.
INFO: [RTGEN 206-500] Setting interface mode on function 'fxp_sqrt_top' to 'ap_ctrl_hs'.
INFO: [RTGEN 206-100] Finished creating RTL model for 'fxp_sqrt_top'.
INFO: [HLS 200-111] Finished Creating RTL model: CPU user time: 0.05 seconds. CPU system time: 0 seconds. Elapsed time: 0.06 seconds; current allocated memory: 351.109 MB.
INFO: [HLS 200-111] Finished Generating all RTL models: CPU user time: 0.2 seconds. CPU system time: 0.02 seconds. Elapsed time: 0.21 seconds; current allocated memory: 352.957 MB.
INFO: [HLS 200-111] Finished Updating report files: CPU user time: 0.19 seconds. CPU system time: 0.04 seconds. Elapsed time: 0.23 seconds; current allocated memory: 355.105 MB.
INFO: [VHDL 208-304] Generating VHDL RTL for fxp_sqrt_top.
INFO: [VLOG 209-307] Generating Verilog RTL for fxp_sqrt_top.
INFO: [HLS 200-790] **** Loop Constraint Status: All loop constraints were satisfied.
INFO: [HLS 200-789] **** Estimated Fmax: 127.50 MHz
INFO: [HLS 200-112] Total CPU user time: 11.39 seconds. Total CPU system time: 1.58 seconds. Total elapsed time: 18.57 seconds; peak allocated memory: 355.168 MB.
INFO: [v++ 60-791] Total elapsed time: 0h 0m 23s
