Fri Mar 28 08:50:21 2025: Running xcd server. This server was built by gradle.
Fri Mar 28 08:50:21 2025: Server was asked to start on port: '33379'
Fri Mar 28 08:50:21 2025: Server is using token UUID: '098c4d20-2094-4f0a-8952-1783aba93f94'
Fri Mar 28 08:50:21 2025: SESSION_MGR: creating session with session uuid: '6d04a3e9-ade5-4ab9-8d63-1f78fcd2ec76' and name 'default'
Fri Mar 28 08:50:21 2025: Attempting to start server on port '33379'
Fri Mar 28 08:50:21 2025: XCD main fifo: created main fifo '/tmp/xcdmain098c4d20-2094-4f0a-8952-1783aba93f94', fd read = 13
Fri Mar 28 08:50:21 2025: Running Dispatch Server
Fri Mar 28 08:50:21 2025: Version 2.2.0
Fri Mar 28 08:50:22 2025: Dispatch Server: Accepted socket connection from client
Fri Mar 28 08:50:22 2025: Starting Socket connection
Fri Mar 28 08:50:22 2025: EXCHANGE_TOKEN received, server token: 098c4d20-2094-4f0a-8952-1783aba93f94, passed token: 098c4d20-2094-4f0a-8952-1783aba93f94
Fri Mar 28 08:50:23 2025: DISPATCH_HANDLER: Adding handler from function makeHandler in library libxv_system_diagram
Fri Mar 28 08:50:23 2025: SESSION_MGR: creating session with session uuid: '846f8a67-a545-40dc-b438-ccdf216b35be' and name 'v++_compile_fxp_sqrt_top'
Fri Mar 28 08:50:23 2025: KERNEL_SVC: creating session with uuid: '846f8a67-a545-40dc-b438-ccdf216b35be' and name 'v++_compile_fxp_sqrt_top'
Fri Mar 28 08:50:23 2025: GUIDANCE_SMGR: creating guidance session with uuid: '846f8a67-a545-40dc-b438-ccdf216b35be' and name 'v++_compile_fxp_sqrt_top'
Fri Mar 28 08:50:23 2025: SYSTEM_DIAGRAM: creating session with uuid: '846f8a67-a545-40dc-b438-ccdf216b35be' and name 'v++_compile_fxp_sqrt_top'
Fri Mar 28 08:50:29 2025: Dispatch Server: Accepted socket connection from client
Fri Mar 28 08:50:29 2025: Starting Socket connection
Fri Mar 28 08:50:43 2025: SESSION_MGR: closing session for UUID '846f8a67-a545-40dc-b438-ccdf216b35be' with name 'v++_compile_fxp_sqrt_top'
Fri Mar 28 08:50:43 2025: KERNEL_SVC: closing session for UUID '846f8a67-a545-40dc-b438-ccdf216b35be' with name 'v++_compile_fxp_sqrt_top'
Fri Mar 28 08:50:43 2025: GUIDANCE_SMGR: closing session for UUID '846f8a67-a545-40dc-b438-ccdf216b35be' with name 'v++_compile_fxp_sqrt_top'
Fri Mar 28 08:50:43 2025: SYSTEM_DIAGRAM: closing session for UUID '846f8a67-a545-40dc-b438-ccdf216b35be' with name 'v++_compile_fxp_sqrt_top'
Fri Mar 28 08:50:43 2025: STOP_SERVER received, server token: 098c4d20-2094-4f0a-8952-1783aba93f94, passed token: 098c4d20-2094-4f0a-8952-1783aba93f94
Fri Mar 28 08:50:43 2025: Socket received request to stop server.
Fri Mar 28 08:50:43 2025: Dispatch Server: do_await_stop
Fri Mar 28 08:50:43 2025: Dispatch Server: stopping mainFifo_
Fri Mar 28 08:50:43 2025: XCD main fifo: Stopping
Fri Mar 28 08:50:43 2025: XCD main fifo: do_read error code: Operation canceled
Fri Mar 28 08:50:43 2025: XCD main fifo: bytes_transferred: 0
Fri Mar 28 08:50:43 2025: SERVER: destructor for server bound to port 33379
Fri Mar 28 08:50:43 2025: XCD main fifo: Good unlink of /tmp/xcdmain098c4d20-2094-4f0a-8952-1783aba93f94
Fri Mar 28 08:50:43 2025: Server exiting with status 0.
Fri Mar 28 08:50:43 2025: Closing log file.
