Flattening unmatched subcell INVX1 in circuit DFFSR (1)(4 instances)
Flattening unmatched subcell NAND2X1 in circuit DFFSR (1)(4 instances)

Subcircuit summary:
Circuit 1: DFFSR74                         |Circuit 2: DFFSR                           
-------------------------------------------|-------------------------------------------
pfet (16)                                  |pfet (16)                                  
nfet (16)                                  |nfet (16)                                  
Number of devices: 32                      |Number of devices: 32                      
Number of nets: 20                         |Number of nets: 20                         
---------------------------------------------------------------------------------------
Netlists match uniquely.

Subcircuit pins:
Circuit 1: DFFSR74                         |Circuit 2: DFFSR                           
-------------------------------------------|-------------------------------------------
CLK                                        |CLK                                        
D                                          |D                                          
Q                                          |Q                                          
gnd                                        |gnd                                        
vdd                                        |vdd                                        
S                                          |S                                          
R                                          |R                                          
---------------------------------------------------------------------------------------
Cell pin lists are equivalent.
Device classes DFFSR74 and DFFSR are equivalent.

Final result: Circuits match uniquely.
.
