Initial Wih matrix:------------------------------------------
Wih[5][3]: Nodes on From-Layer=5, To-Layer=3
  0.50  0.29 -0.77  1.02  0.39
 -0.15 -0.32  0.19 -1.02  0.62
  0.27  0.52 -0.18  0.10 -0.46
Initial Who matrix:------------------------------------------
Who[3][7]: Nodes on From-Layer=3, To-Layer=7
  0.18  0.49  0.57
 -0.21 -0.88  0.09
  0.17  1.28  0.90
 -0.64  0.23 -0.13
 -0.19 -0.00  0.52
  0.03  0.27 -0.77
  0.72 -0.43 -0.52
Query NN:---------------------------------------------------
Input  Layer's inputs [5]:	  0.99  0.00  0.00  0.00  0.00
Hidden Layer's inputs [3]:	  0.49 -0.15  0.27
Hidden Layer's outputs[3]:	  0.62  0.46  0.57
Hidden Layer's errors [3]:	  0.00  0.00  0.00
Final  Layer's inputs [7]:	  0.66 -0.49  1.21 -0.37  0.18 -0.29 -0.05
Final  Layer's outputs[7]:	  0.66  0.38  0.77  0.41  0.54  0.43  0.49
Final  Layer's errors [7]:	 -0.66 -0.38 -0.77 -0.41 -0.54 -0.43  0.50
Train NN(Epoch=200):------------------------------------------
........................................................................................................................................................................................................
Wih[5][3]: Nodes on From-Layer=5, To-Layer=3
 14.24  0.29 -0.77  1.02  0.39
 -0.86 -0.32  0.19 -1.02  0.62
  3.06  0.52 -0.18  0.10 -0.46
Who[3][7]: Nodes on From-Layer=3, To-Layer=7
 -2.22 -0.14 -0.90
 -1.99 -1.34 -1.01
 -2.48  0.58 -0.73
 -2.23 -0.19 -1.12
 -2.28 -0.55 -0.78
 -1.69 -0.18 -1.81
  2.37  0.01  0.52
Query NN:---------------------------------------------------
Input  Layer's inputs [5]:	  0.99  0.00  0.00  0.00  0.00
Hidden Layer's inputs [3]:	 14.10 -0.85  3.03
Hidden Layer's outputs[3]:	  1.00  0.30  0.95
Hidden Layer's errors [3]:	  0.60  0.06  0.25
Final  Layer's inputs [7]:	 -3.13 -3.35 -3.01 -3.36 -3.18 -3.47  2.87
Final  Layer's outputs[7]:	  0.04  0.03  0.05  0.03  0.04  0.03  0.95
Final  Layer's errors [7]:	 -0.04 -0.03 -0.05 -0.03 -0.04 -0.03  0.04
Result:-----------------------------------------------------
Input :  0.99  0.00  0.00  0.00  0.00
Target:  0.00  0.00  0.00  0.00  0.00  0.00  0.99
Output:  0.04  0.03  0.05  0.03  0.04  0.03  0.95
End:------------------------------------------------------
