
 /----------------------------------------------------------------------------\
 |  yosys -- Yosys Open SYnthesis Suite                                       |
 |  Copyright (C) 2012 - 2025  Claire Xenia Wolf <claire@yosyshq.com>         |
 |  Distributed under an ISC-like license, type "license" to see terms        |
 \----------------------------------------------------------------------------/
 Yosys 0.52+63 (git sha1 7f7ad87b7, clang++ 18.1.3 -fPIC -O3)

-- Executing script file `fir8_wrapper.ys' --

1. Executing Verilog-2005 frontend: ../../../fir8_wrapper.v
Parsing Verilog input from `../../../fir8_wrapper.v' to AST representation.
Generating RTLIL representation for module `\fir8_wrapper'.
Warning: Replacing memory \vectOut with list of registers. See ../../../fir8_wrapper.v:38
Successfully finished Verilog frontend.

2. Executing Verilog-2005 frontend: ../../../../../2-5_Lab3_FIR8/rtl_verilog/fir_pe.v
Parsing Verilog input from `../../../../../2-5_Lab3_FIR8/rtl_verilog/fir_pe.v' to AST representation.
Generating RTLIL representation for module `\fir_pe'.
Successfully finished Verilog frontend.

3. Executing Verilog-2005 frontend: ../../../../source/fir8.v
Parsing SystemVerilog input from `../../../../source/fir8.v' to AST representation.
Generating RTLIL representation for module `\fir8'.
Successfully finished Verilog frontend.

4. Executing HIERARCHY pass (managing design hierarchy).

4.1. Analyzing design hierarchy..
Top module:  \fir8_wrapper
Used module:     \fir8
Used module:         \fir_pe

4.2. Analyzing design hierarchy..
Top module:  \fir8_wrapper
Used module:     \fir8
Used module:         \fir_pe
Removed 0 unused modules.

5. Executing SYNTH_GOWIN pass.

5.1. Executing Verilog-2005 frontend: /usr/local/bin/../share/yosys/gowin/cells_sim.v
Parsing Verilog input from `/usr/local/bin/../share/yosys/gowin/cells_sim.v' to AST representation.
Generating RTLIL representation for module `\LUT1'.
Generating RTLIL representation for module `\LUT2'.
Generating RTLIL representation for module `\LUT3'.
Generating RTLIL representation for module `\LUT4'.
Generating RTLIL representation for module `\__APICULA_LUT5'.
Generating RTLIL representation for module `\__APICULA_LUT6'.
Generating RTLIL representation for module `\__APICULA_LUT7'.
Generating RTLIL representation for module `\__APICULA_LUT8'.
Generating RTLIL representation for module `\MUX2'.
Generating RTLIL representation for module `\MUX2_LUT5'.
Generating RTLIL representation for module `\MUX2_LUT6'.
Generating RTLIL representation for module `\MUX2_LUT7'.
Generating RTLIL representation for module `\MUX2_LUT8'.
Generating RTLIL representation for module `\DFF'.
Generating RTLIL representation for module `\DFFE'.
Generating RTLIL representation for module `\DFFS'.
Generating RTLIL representation for module `\DFFSE'.
Generating RTLIL representation for module `\DFFR'.
Generating RTLIL representation for module `\DFFRE'.
Generating RTLIL representation for module `\DFFP'.
Generating RTLIL representation for module `\DFFPE'.
Generating RTLIL representation for module `\DFFC'.
Generating RTLIL representation for module `\DFFCE'.
Generating RTLIL representation for module `\DFFN'.
Generating RTLIL representation for module `\DFFNE'.
Generating RTLIL representation for module `\DFFNS'.
Generating RTLIL representation for module `\DFFNSE'.
Generating RTLIL representation for module `\DFFNR'.
Generating RTLIL representation for module `\DFFNRE'.
Generating RTLIL representation for module `\DFFNP'.
Generating RTLIL representation for module `\DFFNPE'.
Generating RTLIL representation for module `\DFFNC'.
Generating RTLIL representation for module `\DFFNCE'.
Generating RTLIL representation for module `\VCC'.
Generating RTLIL representation for module `\GND'.
Generating RTLIL representation for module `\IBUF'.
Generating RTLIL representation for module `\OBUF'.
Generating RTLIL representation for module `\TBUF'.
Generating RTLIL representation for module `\IOBUF'.
Generating RTLIL representation for module `\ELVDS_OBUF'.
Generating RTLIL representation for module `\TLVDS_OBUF'.
Generating RTLIL representation for module `\OSER4'.
Generating RTLIL representation for module `\OSER4_MEM'.
Generating RTLIL representation for module `\OSER8'.
Generating RTLIL representation for module `\OSER10'.
Generating RTLIL representation for module `\OVIDEO'.
Generating RTLIL representation for module `\OSER16'.
Generating RTLIL representation for module `\IDES4'.
Generating RTLIL representation for module `\IDES4_MEM'.
Generating RTLIL representation for module `\IDES8'.
Generating RTLIL representation for module `\IDES10'.
Generating RTLIL representation for module `\IVIDEO'.
Generating RTLIL representation for module `\IDES16'.
Generating RTLIL representation for module `\IDDR'.
Generating RTLIL representation for module `\IDDRC'.
Generating RTLIL representation for module `\DQS'.
Generating RTLIL representation for module `\ODDR'.
Generating RTLIL representation for module `\ODDRC'.
Generating RTLIL representation for module `\GSR'.
Generating RTLIL representation for module `\BANDGAP'.
Generating RTLIL representation for module `\ALU'.
Generating RTLIL representation for module `\RAM16S1'.
Generating RTLIL representation for module `\RAM16S2'.
Generating RTLIL representation for module `\RAM16S4'.
Generating RTLIL representation for module `\RAM16SDP1'.
Generating RTLIL representation for module `\RAM16SDP2'.
Generating RTLIL representation for module `\RAM16SDP4'.
Generating RTLIL representation for module `\SP'.
Generating RTLIL representation for module `\SPX9'.
Generating RTLIL representation for module `\SDP'.
Generating RTLIL representation for module `\SDPX9'.
Generating RTLIL representation for module `\DP'.
Generating RTLIL representation for module `\DPX9'.
Generating RTLIL representation for module `\rPLL'.
Generating RTLIL representation for module `\PLLVR'.
Generating RTLIL representation for module `\OSC'.
Generating RTLIL representation for module `\OSCZ'.
Generating RTLIL representation for module `\OSCF'.
Generating RTLIL representation for module `\OSCH'.
Generating RTLIL representation for module `\OSCW'.
Generating RTLIL representation for module `\OSCO'.
Generating RTLIL representation for module `\DCS'.
Generating RTLIL representation for module `\EMCU'.
Successfully finished Verilog frontend.

5.2. Executing Verilog-2005 frontend: /usr/local/bin/../share/yosys/gowin/cells_xtra_gw1n.v
Parsing Verilog input from `/usr/local/bin/../share/yosys/gowin/cells_xtra_gw1n.v' to AST representation.
Generating RTLIL representation for module `\LUT5'.
Generating RTLIL representation for module `\LUT6'.
Generating RTLIL representation for module `\LUT7'.
Generating RTLIL representation for module `\LUT8'.
Generating RTLIL representation for module `\INV'.
Generating RTLIL representation for module `\IODELAY'.
Generating RTLIL representation for module `\IEM'.
Generating RTLIL representation for module `\ROM16'.
Generating RTLIL representation for module `\ROM'.
Generating RTLIL representation for module `\ROMX9'.
Generating RTLIL representation for module `\pROM'.
Generating RTLIL representation for module `\pROMX9'.
Generating RTLIL representation for module `\SDPB'.
Generating RTLIL representation for module `\SDPX9B'.
Generating RTLIL representation for module `\DPB'.
Generating RTLIL representation for module `\DPX9B'.
Generating RTLIL representation for module `\PADD18'.
Generating RTLIL representation for module `\PADD9'.
Generating RTLIL representation for module `\MULT9X9'.
Generating RTLIL representation for module `\MULT18X18'.
Generating RTLIL representation for module `\MULT36X36'.
Generating RTLIL representation for module `\MULTALU36X18'.
Generating RTLIL representation for module `\MULTADDALU18X18'.
Generating RTLIL representation for module `\MULTALU18X18'.
Generating RTLIL representation for module `\ALU54D'.
Generating RTLIL representation for module `\BUFG'.
Generating RTLIL representation for module `\BUFS'.
Generating RTLIL representation for module `\PLL'.
Generating RTLIL representation for module `\TLVDS_IBUF'.
Generating RTLIL representation for module `\TLVDS_TBUF'.
Generating RTLIL representation for module `\TLVDS_IOBUF'.
Generating RTLIL representation for module `\ELVDS_IBUF'.
Generating RTLIL representation for module `\ELVDS_TBUF'.
Generating RTLIL representation for module `\ELVDS_IOBUF'.
Generating RTLIL representation for module `\MIPI_IBUF'.
Generating RTLIL representation for module `\MIPI_IBUF_HS'.
Generating RTLIL representation for module `\MIPI_IBUF_LP'.
Generating RTLIL representation for module `\MIPI_OBUF'.
Generating RTLIL representation for module `\MIPI_OBUF_A'.
Generating RTLIL representation for module `\ELVDS_IBUF_MIPI'.
Generating RTLIL representation for module `\I3C_IOBUF'.
Generating RTLIL representation for module `\CLKDIV'.
Generating RTLIL representation for module `\DHCEN'.
Generating RTLIL representation for module `\DLLDLY'.
Generating RTLIL representation for module `\FLASH96K'.
Generating RTLIL representation for module `\FLASH256K'.
Generating RTLIL representation for module `\FLASH608K'.
Generating RTLIL representation for module `\DQCE'.
Generating RTLIL representation for module `\CLKDIV2'.
Generating RTLIL representation for module `\DHCENC'.
Generating RTLIL representation for module `\FLASH64K'.
Generating RTLIL representation for module `\FLASH64KZ'.
Successfully finished Verilog frontend.

5.3. Executing HIERARCHY pass (managing design hierarchy).

5.3.1. Analyzing design hierarchy..
Top module:  \fir8_wrapper
Used module:     \fir8
Used module:         \fir_pe

5.3.2. Analyzing design hierarchy..
Top module:  \fir8_wrapper
Used module:     \fir8
Used module:         \fir_pe
Removed 0 unused modules.

5.4. Executing PROC pass (convert processes to netlists).

5.4.1. Executing PROC_CLEAN pass (remove empty switches from decision trees).
Cleaned up 0 empty switches.

5.4.2. Executing PROC_RMDEAD pass (remove dead branches from decision trees).
Marked 3 switch rules as full_case in process $proc$../../../fir8_wrapper.v:28$3 in module fir8_wrapper.
Removed a total of 0 dead cases.

5.4.3. Executing PROC_PRUNE pass (remove redundant assignments in processes).
Removed 0 redundant assignments.
Promoted 35 assignments to connections.

5.4.4. Executing PROC_INIT pass (extract init attributes).

5.4.5. Executing PROC_ARST pass (detect async resets in processes).

5.4.6. Executing PROC_ROM pass (convert switches to ROMs).
Converted 0 switches.
<suppressed ~3 debug messages>

5.4.7. Executing PROC_MUX pass (convert decision trees to multiplexers).
Creating decoders for process `\fir8.$proc$../../../../source/fir8.v:0$68'.
Creating decoders for process `\fir_pe.$proc$../../../../../2-5_Lab3_FIR8/rtl_verilog/fir_pe.v:34$26'.
Creating decoders for process `\fir_pe.$proc$../../../../../2-5_Lab3_FIR8/rtl_verilog/fir_pe.v:29$25'.
Creating decoders for process `\fir_pe.$proc$../../../../../2-5_Lab3_FIR8/rtl_verilog/fir_pe.v:24$23'.
Creating decoders for process `\fir8_wrapper.$proc$../../../fir8_wrapper.v:28$3'.
     1/18: $3$mem2reg_rd$\vectOut$../../../fir8_wrapper.v:45$1_DATA[7:0]$22
     2/18: $2$memwr$\stimIn$../../../fir8_wrapper.v:44$2_EN[7:0]$21
     3/18: $2$memwr$\stimIn$../../../fir8_wrapper.v:44$2_DATA[7:0]$20
     4/18: $2$memwr$\stimIn$../../../fir8_wrapper.v:44$2_ADDR[2:0]$19
     5/18: $2$mem2reg_rd$\vectOut$../../../fir8_wrapper.v:45$1_DATA[7:0]$18
     6/18: $2$mem2reg_rd$\vectOut$../../../fir8_wrapper.v:45$1_ADDR[1:0]$17
     7/18: $0\Yin[15:0] [15:8]
     8/18: $0\Yin[15:0] [7:0]
     9/18: $1$memwr$\stimIn$../../../fir8_wrapper.v:44$2_DATA[7:0]$12
    10/18: $1$memwr$\stimIn$../../../fir8_wrapper.v:44$2_ADDR[2:0]$11
    11/18: $1$mem2reg_rd$\vectOut$../../../fir8_wrapper.v:45$1_DATA[7:0]$10
    12/18: $1$mem2reg_rd$\vectOut$../../../fir8_wrapper.v:45$1_ADDR[1:0]$9
    13/18: $0\vectOut[2][7:0]
    14/18: $0\vectOut[1][7:0]
    15/18: $0\vectOut[0][7:0]
    16/18: $1$memwr$\stimIn$../../../fir8_wrapper.v:44$2_EN[7:0]$13
    17/18: $0\Xin[7:0]
    18/18: $0\Dout_emu[7:0]

5.4.8. Executing PROC_DLATCH pass (convert process syncs to latches).
No latch inferred for signal `\fir8.\X[0]' from process `\fir8.$proc$../../../../source/fir8.v:0$68'.
No latch inferred for signal `\fir8.\X[1]' from process `\fir8.$proc$../../../../source/fir8.v:0$68'.
No latch inferred for signal `\fir8.\X[2]' from process `\fir8.$proc$../../../../source/fir8.v:0$68'.
No latch inferred for signal `\fir8.\X[3]' from process `\fir8.$proc$../../../../source/fir8.v:0$68'.
No latch inferred for signal `\fir8.\X[4]' from process `\fir8.$proc$../../../../source/fir8.v:0$68'.
No latch inferred for signal `\fir8.\X[5]' from process `\fir8.$proc$../../../../source/fir8.v:0$68'.
No latch inferred for signal `\fir8.\X[6]' from process `\fir8.$proc$../../../../source/fir8.v:0$68'.
No latch inferred for signal `\fir8.\X[7]' from process `\fir8.$proc$../../../../source/fir8.v:0$68'.
No latch inferred for signal `\fir8.\X[8]' from process `\fir8.$proc$../../../../source/fir8.v:0$68'.
No latch inferred for signal `\fir8.\Y[0]' from process `\fir8.$proc$../../../../source/fir8.v:0$68'.
No latch inferred for signal `\fir8.\Y[1]' from process `\fir8.$proc$../../../../source/fir8.v:0$68'.
No latch inferred for signal `\fir8.\Y[2]' from process `\fir8.$proc$../../../../source/fir8.v:0$68'.
No latch inferred for signal `\fir8.\Y[3]' from process `\fir8.$proc$../../../../source/fir8.v:0$68'.
No latch inferred for signal `\fir8.\Y[4]' from process `\fir8.$proc$../../../../source/fir8.v:0$68'.
No latch inferred for signal `\fir8.\Y[5]' from process `\fir8.$proc$../../../../source/fir8.v:0$68'.
No latch inferred for signal `\fir8.\Y[6]' from process `\fir8.$proc$../../../../source/fir8.v:0$68'.
No latch inferred for signal `\fir8.\Y[7]' from process `\fir8.$proc$../../../../source/fir8.v:0$68'.
No latch inferred for signal `\fir8.\Y[8]' from process `\fir8.$proc$../../../../source/fir8.v:0$68'.
No latch inferred for signal `\fir8.\C[0]' from process `\fir8.$proc$../../../../source/fir8.v:0$68'.
No latch inferred for signal `\fir8.\C[1]' from process `\fir8.$proc$../../../../source/fir8.v:0$68'.
No latch inferred for signal `\fir8.\C[2]' from process `\fir8.$proc$../../../../source/fir8.v:0$68'.
No latch inferred for signal `\fir8.\C[3]' from process `\fir8.$proc$../../../../source/fir8.v:0$68'.
No latch inferred for signal `\fir8.\C[4]' from process `\fir8.$proc$../../../../source/fir8.v:0$68'.
No latch inferred for signal `\fir8.\C[5]' from process `\fir8.$proc$../../../../source/fir8.v:0$68'.
No latch inferred for signal `\fir8.\C[6]' from process `\fir8.$proc$../../../../source/fir8.v:0$68'.
No latch inferred for signal `\fir8.\C[7]' from process `\fir8.$proc$../../../../source/fir8.v:0$68'.

5.4.9. Executing PROC_DFF pass (convert process syncs to FFs).
Creating register for signal `\fir_pe.\Xout' using process `\fir_pe.$proc$../../../../../2-5_Lab3_FIR8/rtl_verilog/fir_pe.v:34$26'.
  created $dff cell `$procdff$496' with positive edge clock.
Creating register for signal `\fir_pe.\Yout' using process `\fir_pe.$proc$../../../../../2-5_Lab3_FIR8/rtl_verilog/fir_pe.v:34$26'.
  created $dff cell `$procdff$497' with positive edge clock.
Creating register for signal `\fir_pe.\rYin' using process `\fir_pe.$proc$../../../../../2-5_Lab3_FIR8/rtl_verilog/fir_pe.v:29$25'.
  created $dff cell `$procdff$498' with positive edge clock.
Creating register for signal `\fir_pe.\mul' using process `\fir_pe.$proc$../../../../../2-5_Lab3_FIR8/rtl_verilog/fir_pe.v:24$23'.
  created $dff cell `$procdff$499' with positive edge clock.
Creating register for signal `\fir8_wrapper.\Dout_emu' using process `\fir8_wrapper.$proc$../../../fir8_wrapper.v:28$3'.
  created $dff cell `$procdff$500' with positive edge clock.
Creating register for signal `\fir8_wrapper.\Xin' using process `\fir8_wrapper.$proc$../../../fir8_wrapper.v:28$3'.
  created $dff cell `$procdff$501' with positive edge clock.
Creating register for signal `\fir8_wrapper.\Yin' using process `\fir8_wrapper.$proc$../../../fir8_wrapper.v:28$3'.
  created $dff cell `$procdff$502' with positive edge clock.
Creating register for signal `\fir8_wrapper.\vectOut[0]' using process `\fir8_wrapper.$proc$../../../fir8_wrapper.v:28$3'.
  created $dff cell `$procdff$503' with positive edge clock.
Creating register for signal `\fir8_wrapper.\vectOut[1]' using process `\fir8_wrapper.$proc$../../../fir8_wrapper.v:28$3'.
  created $dff cell `$procdff$504' with positive edge clock.
Creating register for signal `\fir8_wrapper.\vectOut[2]' using process `\fir8_wrapper.$proc$../../../fir8_wrapper.v:28$3'.
  created $dff cell `$procdff$505' with positive edge clock.
Creating register for signal `\fir8_wrapper.$mem2reg_rd$\vectOut$../../../fir8_wrapper.v:45$1_ADDR' using process `\fir8_wrapper.$proc$../../../fir8_wrapper.v:28$3'.
  created $dff cell `$procdff$506' with positive edge clock.
Creating register for signal `\fir8_wrapper.$mem2reg_rd$\vectOut$../../../fir8_wrapper.v:45$1_DATA' using process `\fir8_wrapper.$proc$../../../fir8_wrapper.v:28$3'.
  created $dff cell `$procdff$507' with positive edge clock.
Creating register for signal `\fir8_wrapper.$memwr$\stimIn$../../../fir8_wrapper.v:44$2_ADDR' using process `\fir8_wrapper.$proc$../../../fir8_wrapper.v:28$3'.
  created $dff cell `$procdff$508' with positive edge clock.
Creating register for signal `\fir8_wrapper.$memwr$\stimIn$../../../fir8_wrapper.v:44$2_DATA' using process `\fir8_wrapper.$proc$../../../fir8_wrapper.v:28$3'.
  created $dff cell `$procdff$509' with positive edge clock.
Creating register for signal `\fir8_wrapper.$memwr$\stimIn$../../../fir8_wrapper.v:44$2_EN' using process `\fir8_wrapper.$proc$../../../fir8_wrapper.v:28$3'.
  created $dff cell `$procdff$510' with positive edge clock.

5.4.10. Executing PROC_MEMWR pass (convert process memory writes to cells).

5.4.11. Executing PROC_CLEAN pass (remove empty switches from decision trees).
Removing empty process `fir8.$proc$../../../../source/fir8.v:0$68'.
Removing empty process `fir_pe.$proc$../../../../../2-5_Lab3_FIR8/rtl_verilog/fir_pe.v:34$26'.
Removing empty process `fir_pe.$proc$../../../../../2-5_Lab3_FIR8/rtl_verilog/fir_pe.v:29$25'.
Removing empty process `fir_pe.$proc$../../../../../2-5_Lab3_FIR8/rtl_verilog/fir_pe.v:24$23'.
Found and cleaned up 3 empty switches in `\fir8_wrapper.$proc$../../../fir8_wrapper.v:28$3'.
Removing empty process `fir8_wrapper.$proc$../../../fir8_wrapper.v:28$3'.
Cleaned up 3 empty switches.

5.4.12. Executing OPT_EXPR pass (perform const folding).
Optimizing module fir8.
Optimizing module fir_pe.
Optimizing module fir8_wrapper.
<suppressed ~1 debug messages>

5.5. Executing FLATTEN pass (flatten design).
Deleting now unused module fir8.
Deleting now unused module fir_pe.
<suppressed ~9 debug messages>

5.6. Executing TRIBUF pass.

5.7. Executing DEMINOUT pass (demote inout ports to input or output).

5.8. Executing SYNTH pass.

5.8.1. Executing PROC pass (convert processes to netlists).

5.8.1.1. Executing PROC_CLEAN pass (remove empty switches from decision trees).
Cleaned up 0 empty switches.

5.8.1.2. Executing PROC_RMDEAD pass (remove dead branches from decision trees).
Removed a total of 0 dead cases.

5.8.1.3. Executing PROC_PRUNE pass (remove redundant assignments in processes).
Removed 0 redundant assignments.
Promoted 0 assignments to connections.

5.8.1.4. Executing PROC_INIT pass (extract init attributes).

5.8.1.5. Executing PROC_ARST pass (detect async resets in processes).

5.8.1.6. Executing PROC_ROM pass (convert switches to ROMs).
Converted 0 switches.

5.8.1.7. Executing PROC_MUX pass (convert decision trees to multiplexers).

5.8.1.8. Executing PROC_DLATCH pass (convert process syncs to latches).

5.8.1.9. Executing PROC_DFF pass (convert process syncs to FFs).

5.8.1.10. Executing PROC_MEMWR pass (convert process memory writes to cells).

5.8.1.11. Executing PROC_CLEAN pass (remove empty switches from decision trees).
Cleaned up 0 empty switches.

5.8.1.12. Executing OPT_EXPR pass (perform const folding).
Optimizing module fir8_wrapper.

5.8.2. Executing OPT_EXPR pass (perform const folding).
Optimizing module fir8_wrapper.
<suppressed ~8 debug messages>

5.8.3. Executing OPT_CLEAN pass (remove unused cells and wires).
Finding unused cells or wires in module \fir8_wrapper..
Removed 11 unused cells and 162 unused wires.
<suppressed ~12 debug messages>

5.8.4. Executing CHECK pass (checking for obvious problems).
Checking module fir8_wrapper...
Found and reported 0 problems.

5.8.5. Executing OPT pass (performing simple optimizations).

5.8.5.1. Executing OPT_EXPR pass (perform const folding).
Optimizing module fir8_wrapper.

5.8.5.2. Executing OPT_MERGE pass (detect identical cells).
Finding identical cells in module `\fir8_wrapper'.
Removed a total of 0 cells.

5.8.5.3. Executing OPT_MUXTREE pass (detect dead branches in mux trees).
Running muxtree optimizer on module \fir8_wrapper..
  Creating internal representation of mux trees.
  Evaluating internal representation of mux trees.
  Analyzing evaluation results.
    dead port 1/2 on $mux $procmux$413.
    dead port 1/2 on $mux $procmux$416.
    dead port 1/2 on $mux $procmux$422.
    dead port 1/2 on $mux $procmux$428.
    dead port 1/2 on $mux $procmux$434.
Removed 5 multiplexer ports.
<suppressed ~10 debug messages>

5.8.5.4. Executing OPT_REDUCE pass (consolidate $*mux and $reduce_* inputs).
  Optimizing cells in module \fir8_wrapper.
    Consolidated identical input bits for $mux cell $procmux$419:
      Old ports: A=8'11111111, B=8'00000000, Y=$procmux$419_Y
      New ports: A=1'1, B=1'0, Y=$procmux$419_Y [0]
      New connections: $procmux$419_Y [7:1] = { $procmux$419_Y [0] $procmux$419_Y [0] $procmux$419_Y [0] $procmux$419_Y [0] $procmux$419_Y [0] $procmux$419_Y [0] $procmux$419_Y [0] }
  Optimizing cells in module \fir8_wrapper.
    Consolidated identical input bits for $mux cell $procmux$485:
      Old ports: A=$2$memwr$\stimIn$../../../fir8_wrapper.v:44$2_EN[7:0]$21, B=8'00000000, Y=$0$memwr$\stimIn$../../../fir8_wrapper.v:44$2_EN[7:0]$8
      New ports: A=$procmux$419_Y [0], B=1'0, Y=$0$memwr$\stimIn$../../../fir8_wrapper.v:44$2_EN[7:0]$8 [0]
      New connections: $0$memwr$\stimIn$../../../fir8_wrapper.v:44$2_EN[7:0]$8 [7:1] = { $0$memwr$\stimIn$../../../fir8_wrapper.v:44$2_EN[7:0]$8 [0] $0$memwr$\stimIn$../../../fir8_wrapper.v:44$2_EN[7:0]$8 [0] $0$memwr$\stimIn$../../../fir8_wrapper.v:44$2_EN[7:0]$8 [0] $0$memwr$\stimIn$../../../fir8_wrapper.v:44$2_EN[7:0]$8 [0] $0$memwr$\stimIn$../../../fir8_wrapper.v:44$2_EN[7:0]$8 [0] $0$memwr$\stimIn$../../../fir8_wrapper.v:44$2_EN[7:0]$8 [0] $0$memwr$\stimIn$../../../fir8_wrapper.v:44$2_EN[7:0]$8 [0] }
  Optimizing cells in module \fir8_wrapper.
Performed a total of 2 changes.

5.8.5.5. Executing OPT_MERGE pass (detect identical cells).
Finding identical cells in module `\fir8_wrapper'.
Removed a total of 0 cells.

5.8.5.6. Executing OPT_DFF pass (perform DFF optimizations).
Setting constant 0-bit at position 0 on $flatten\u_fir8.\u_fir_pe0.$procdff$499 ($dff) from module fir8_wrapper.
Setting constant 0-bit at position 1 on $flatten\u_fir8.\u_fir_pe0.$procdff$499 ($dff) from module fir8_wrapper.
Setting constant 0-bit at position 10 on $flatten\u_fir8.\u_fir_pe0.$procdff$499 ($dff) from module fir8_wrapper.
Setting constant 0-bit at position 11 on $flatten\u_fir8.\u_fir_pe0.$procdff$499 ($dff) from module fir8_wrapper.
Setting constant 0-bit at position 12 on $flatten\u_fir8.\u_fir_pe0.$procdff$499 ($dff) from module fir8_wrapper.
Setting constant 0-bit at position 13 on $flatten\u_fir8.\u_fir_pe0.$procdff$499 ($dff) from module fir8_wrapper.
Setting constant 0-bit at position 14 on $flatten\u_fir8.\u_fir_pe0.$procdff$499 ($dff) from module fir8_wrapper.
Setting constant 0-bit at position 15 on $flatten\u_fir8.\u_fir_pe0.$procdff$499 ($dff) from module fir8_wrapper.
Setting constant 0-bit at position 0 on $flatten\u_fir8.\u_fir_pe1.$procdff$499 ($dff) from module fir8_wrapper.
Setting constant 0-bit at position 1 on $flatten\u_fir8.\u_fir_pe1.$procdff$499 ($dff) from module fir8_wrapper.
Setting constant 0-bit at position 0 on $flatten\u_fir8.\u_fir_pe3.$procdff$499 ($dff) from module fir8_wrapper.
Setting constant 0-bit at position 0 on $flatten\u_fir8.\u_fir_pe4.$procdff$499 ($dff) from module fir8_wrapper.
Setting constant 0-bit at position 0 on $flatten\u_fir8.\u_fir_pe6.$procdff$499 ($dff) from module fir8_wrapper.
Setting constant 0-bit at position 1 on $flatten\u_fir8.\u_fir_pe6.$procdff$499 ($dff) from module fir8_wrapper.
Setting constant 0-bit at position 10 on $flatten\u_fir8.\u_fir_pe6.$procdff$499 ($dff) from module fir8_wrapper.
Setting constant 0-bit at position 11 on $flatten\u_fir8.\u_fir_pe6.$procdff$499 ($dff) from module fir8_wrapper.
Setting constant 0-bit at position 12 on $flatten\u_fir8.\u_fir_pe6.$procdff$499 ($dff) from module fir8_wrapper.
Setting constant 0-bit at position 13 on $flatten\u_fir8.\u_fir_pe6.$procdff$499 ($dff) from module fir8_wrapper.
Setting constant 0-bit at position 14 on $flatten\u_fir8.\u_fir_pe6.$procdff$499 ($dff) from module fir8_wrapper.
Setting constant 0-bit at position 15 on $flatten\u_fir8.\u_fir_pe6.$procdff$499 ($dff) from module fir8_wrapper.
Setting constant 0-bit at position 0 on $flatten\u_fir8.\u_fir_pe7.$procdff$499 ($dff) from module fir8_wrapper.
Setting constant 0-bit at position 1 on $flatten\u_fir8.\u_fir_pe7.$procdff$499 ($dff) from module fir8_wrapper.

5.8.5.7. Executing OPT_CLEAN pass (remove unused cells and wires).
Finding unused cells or wires in module \fir8_wrapper..
Removed 0 unused cells and 5 unused wires.
<suppressed ~1 debug messages>

5.8.5.8. Executing OPT_EXPR pass (perform const folding).
Optimizing module fir8_wrapper.

5.8.5.9. Rerunning OPT passes. (Maybe there is more to do..)

5.8.5.10. Executing OPT_MUXTREE pass (detect dead branches in mux trees).
Running muxtree optimizer on module \fir8_wrapper..
  Creating internal representation of mux trees.
  Evaluating internal representation of mux trees.
  Analyzing evaluation results.
Removed 0 multiplexer ports.
<suppressed ~10 debug messages>

5.8.5.11. Executing OPT_REDUCE pass (consolidate $*mux and $reduce_* inputs).
  Optimizing cells in module \fir8_wrapper.
Performed a total of 0 changes.

5.8.5.12. Executing OPT_MERGE pass (detect identical cells).
Finding identical cells in module `\fir8_wrapper'.
Removed a total of 0 cells.

5.8.5.13. Executing OPT_DFF pass (perform DFF optimizations).

5.8.5.14. Executing OPT_CLEAN pass (remove unused cells and wires).
Finding unused cells or wires in module \fir8_wrapper..

5.8.5.15. Executing OPT_EXPR pass (perform const folding).
Optimizing module fir8_wrapper.

5.8.5.16. Finished OPT passes. (There is nothing left to do.)

5.8.6. Executing FSM pass (extract and optimize FSM).

5.8.6.1. Executing FSM_DETECT pass (finding FSMs in design).

5.8.6.2. Executing FSM_EXTRACT pass (extracting FSM from design).

5.8.6.3. Executing FSM_OPT pass (simple optimizations of FSMs).

5.8.6.4. Executing OPT_CLEAN pass (remove unused cells and wires).
Finding unused cells or wires in module \fir8_wrapper..

5.8.6.5. Executing FSM_OPT pass (simple optimizations of FSMs).

5.8.6.6. Executing FSM_RECODE pass (re-assigning FSM state encoding).

5.8.6.7. Executing FSM_INFO pass (dumping all available information on FSM cells).

5.8.6.8. Executing FSM_MAP pass (mapping FSMs to basic logic).

5.8.7. Executing OPT pass (performing simple optimizations).

5.8.7.1. Executing OPT_EXPR pass (perform const folding).
Optimizing module fir8_wrapper.

5.8.7.2. Executing OPT_MERGE pass (detect identical cells).
Finding identical cells in module `\fir8_wrapper'.
Removed a total of 0 cells.

5.8.7.3. Executing OPT_MUXTREE pass (detect dead branches in mux trees).
Running muxtree optimizer on module \fir8_wrapper..
  Creating internal representation of mux trees.
  Evaluating internal representation of mux trees.
  Analyzing evaluation results.
Removed 0 multiplexer ports.
<suppressed ~10 debug messages>

5.8.7.4. Executing OPT_REDUCE pass (consolidate $*mux and $reduce_* inputs).
  Optimizing cells in module \fir8_wrapper.
Performed a total of 0 changes.

5.8.7.5. Executing OPT_MERGE pass (detect identical cells).
Finding identical cells in module `\fir8_wrapper'.
Removed a total of 0 cells.

5.8.7.6. Executing OPT_DFF pass (perform DFF optimizations).
Adding EN signal on $procdff$505 ($dff) from module fir8_wrapper (D = \u_fir8.u_fir_pe6.Yout [15:8], Q = \vectOut[2]).
Adding EN signal on $procdff$504 ($dff) from module fir8_wrapper (D = \u_fir8.u_fir_pe6.Yout [7:0], Q = \vectOut[1]).
Adding EN signal on $procdff$503 ($dff) from module fir8_wrapper (D = \u_fir8.u_fir_pe6.Xout, Q = \vectOut[0]).
Adding EN signal on $procdff$502 ($dff) from module fir8_wrapper (D = { $memrd$\stimIn$../../../fir8_wrapper.v:34$16_DATA $memrd$\stimIn$../../../fir8_wrapper.v:33$15_DATA }, Q = \Yin).
Adding EN signal on $procdff$501 ($dff) from module fir8_wrapper (D = $memrd$\stimIn$../../../fir8_wrapper.v:32$14_DATA, Q = \Xin).
Adding EN signal on $procdff$500 ($dff) from module fir8_wrapper (D = $3$mem2reg_rd$\vectOut$../../../fir8_wrapper.v:45$1_DATA[7:0]$22, Q = \Dout_emu).

5.8.7.7. Executing OPT_CLEAN pass (remove unused cells and wires).
Finding unused cells or wires in module \fir8_wrapper..
Removed 11 unused cells and 10 unused wires.
<suppressed ~12 debug messages>

5.8.7.8. Executing OPT_EXPR pass (perform const folding).
Optimizing module fir8_wrapper.

5.8.7.9. Rerunning OPT passes. (Maybe there is more to do..)

5.8.7.10. Executing OPT_MUXTREE pass (detect dead branches in mux trees).
Running muxtree optimizer on module \fir8_wrapper..
  Creating internal representation of mux trees.
  Evaluating internal representation of mux trees.
  Analyzing evaluation results.
Removed 0 multiplexer ports.
<suppressed ~4 debug messages>

5.8.7.11. Executing OPT_REDUCE pass (consolidate $*mux and $reduce_* inputs).
  Optimizing cells in module \fir8_wrapper.
Performed a total of 0 changes.

5.8.7.12. Executing OPT_MERGE pass (detect identical cells).
Finding identical cells in module `\fir8_wrapper'.
<suppressed ~15 debug messages>
Removed a total of 5 cells.

5.8.7.13. Executing OPT_DFF pass (perform DFF optimizations).

5.8.7.14. Executing OPT_CLEAN pass (remove unused cells and wires).
Finding unused cells or wires in module \fir8_wrapper..
Removed 0 unused cells and 5 unused wires.
<suppressed ~1 debug messages>

5.8.7.15. Executing OPT_EXPR pass (perform const folding).
Optimizing module fir8_wrapper.

5.8.7.16. Rerunning OPT passes. (Maybe there is more to do..)

5.8.7.17. Executing OPT_MUXTREE pass (detect dead branches in mux trees).
Running muxtree optimizer on module \fir8_wrapper..
  Creating internal representation of mux trees.
  Evaluating internal representation of mux trees.
  Analyzing evaluation results.
Removed 0 multiplexer ports.
<suppressed ~4 debug messages>

5.8.7.18. Executing OPT_REDUCE pass (consolidate $*mux and $reduce_* inputs).
  Optimizing cells in module \fir8_wrapper.
Performed a total of 0 changes.

5.8.7.19. Executing OPT_MERGE pass (detect identical cells).
Finding identical cells in module `\fir8_wrapper'.
Removed a total of 0 cells.

5.8.7.20. Executing OPT_DFF pass (perform DFF optimizations).

5.8.7.21. Executing OPT_CLEAN pass (remove unused cells and wires).
Finding unused cells or wires in module \fir8_wrapper..

5.8.7.22. Executing OPT_EXPR pass (perform const folding).
Optimizing module fir8_wrapper.

5.8.7.23. Finished OPT passes. (There is nothing left to do.)

5.8.8. Executing WREDUCE pass (reducing word size of cells).
Removed top 1 address bits (of 3) from memory init port fir8_wrapper.$auto$proc_memwr.cc:45:proc_memwr$511 (stimIn).
Removed top 30 address bits (of 32) from memory read port fir8_wrapper.$memrd$\stimIn$../../../fir8_wrapper.v:32$14 (stimIn).
Removed top 30 address bits (of 32) from memory read port fir8_wrapper.$memrd$\stimIn$../../../fir8_wrapper.v:33$15 (stimIn).
Removed top 30 address bits (of 32) from memory read port fir8_wrapper.$memrd$\stimIn$../../../fir8_wrapper.v:34$16 (stimIn).
Removed top 1 bits (of 2) from port B of cell fir8_wrapper.$procmux$410_CMP0 ($eq).
Removed top 1 bits (of 3) from mux cell fir8_wrapper.$procmux$458 ($mux).
Removed top 6 bits (of 16) from port A of cell fir8_wrapper.$flatten\u_fir8.\u_fir_pe6.$add$../../../../../2-5_Lab3_FIR8/rtl_verilog/fir_pe.v:37$27 ($add).
Removed top 6 bits (of 16) from port A of cell fir8_wrapper.$flatten\u_fir8.\u_fir_pe0.$add$../../../../../2-5_Lab3_FIR8/rtl_verilog/fir_pe.v:37$27 ($add).
Removed top 4 bits (of 6) from port B of cell fir8_wrapper.$flatten\u_fir8.\u_fir_pe7.$mul$../../../../../2-5_Lab3_FIR8/rtl_verilog/fir_pe.v:26$24 ($mul).
Removed top 4 bits (of 14) from port Y of cell fir8_wrapper.$flatten\u_fir8.\u_fir_pe7.$mul$../../../../../2-5_Lab3_FIR8/rtl_verilog/fir_pe.v:26$24 ($mul).
Removed top 3 bits (of 8) from port B of cell fir8_wrapper.$flatten\u_fir8.\u_fir_pe5.$mul$../../../../../2-5_Lab3_FIR8/rtl_verilog/fir_pe.v:26$24 ($mul).
Removed top 3 bits (of 16) from port Y of cell fir8_wrapper.$flatten\u_fir8.\u_fir_pe5.$mul$../../../../../2-5_Lab3_FIR8/rtl_verilog/fir_pe.v:26$24 ($mul).
Removed top 2 bits (of 7) from port B of cell fir8_wrapper.$flatten\u_fir8.\u_fir_pe4.$mul$../../../../../2-5_Lab3_FIR8/rtl_verilog/fir_pe.v:26$24 ($mul).
Removed top 2 bits (of 15) from port Y of cell fir8_wrapper.$flatten\u_fir8.\u_fir_pe4.$mul$../../../../../2-5_Lab3_FIR8/rtl_verilog/fir_pe.v:26$24 ($mul).
Removed top 2 bits (of 7) from port B of cell fir8_wrapper.$flatten\u_fir8.\u_fir_pe3.$mul$../../../../../2-5_Lab3_FIR8/rtl_verilog/fir_pe.v:26$24 ($mul).
Removed top 2 bits (of 15) from port Y of cell fir8_wrapper.$flatten\u_fir8.\u_fir_pe3.$mul$../../../../../2-5_Lab3_FIR8/rtl_verilog/fir_pe.v:26$24 ($mul).
Removed top 3 bits (of 8) from port B of cell fir8_wrapper.$flatten\u_fir8.\u_fir_pe2.$mul$../../../../../2-5_Lab3_FIR8/rtl_verilog/fir_pe.v:26$24 ($mul).
Removed top 3 bits (of 16) from port Y of cell fir8_wrapper.$flatten\u_fir8.\u_fir_pe2.$mul$../../../../../2-5_Lab3_FIR8/rtl_verilog/fir_pe.v:26$24 ($mul).
Removed top 4 bits (of 6) from port B of cell fir8_wrapper.$flatten\u_fir8.\u_fir_pe1.$mul$../../../../../2-5_Lab3_FIR8/rtl_verilog/fir_pe.v:26$24 ($mul).
Removed top 4 bits (of 14) from port Y of cell fir8_wrapper.$flatten\u_fir8.\u_fir_pe1.$mul$../../../../../2-5_Lab3_FIR8/rtl_verilog/fir_pe.v:26$24 ($mul).
Removed top 1 bits (of 3) from mux cell fir8_wrapper.$procmux$431 ($mux).
Removed top 1 bits (of 3) from wire fir8_wrapper.$0$memwr$\stimIn$../../../fir8_wrapper.v:44$2_ADDR[2:0]$6.
Removed top 1 bits (of 3) from wire fir8_wrapper.$2$memwr$\stimIn$../../../fir8_wrapper.v:44$2_ADDR[2:0]$19.
Removed top 4 bits (of 16) from wire fir8_wrapper.$flatten\u_fir8.\u_fir_pe1.$0\mul[15:0].
Removed top 3 bits (of 16) from wire fir8_wrapper.$flatten\u_fir8.\u_fir_pe2.$0\mul[15:0].
Removed top 2 bits (of 16) from wire fir8_wrapper.$flatten\u_fir8.\u_fir_pe3.$0\mul[15:0].
Removed top 2 bits (of 16) from wire fir8_wrapper.$flatten\u_fir8.\u_fir_pe4.$0\mul[15:0].
Removed top 3 bits (of 16) from wire fir8_wrapper.$flatten\u_fir8.\u_fir_pe5.$0\mul[15:0].
Removed top 4 bits (of 16) from wire fir8_wrapper.$flatten\u_fir8.\u_fir_pe7.$0\mul[15:0].

5.8.9. Executing PEEPOPT pass (run peephole optimizers).

5.8.10. Executing OPT_CLEAN pass (remove unused cells and wires).
Finding unused cells or wires in module \fir8_wrapper..
Removed 0 unused cells and 8 unused wires.
<suppressed ~1 debug messages>

5.8.11. Executing ALUMACC pass (create $alu and $macc cells).
Extracting $alu and $macc cells in module fir8_wrapper:
  creating $macc model for $flatten\u_fir8.\u_fir_pe0.$add$../../../../../2-5_Lab3_FIR8/rtl_verilog/fir_pe.v:37$27 ($add).
  creating $macc model for $flatten\u_fir8.\u_fir_pe1.$add$../../../../../2-5_Lab3_FIR8/rtl_verilog/fir_pe.v:37$27 ($add).
  creating $macc model for $flatten\u_fir8.\u_fir_pe1.$mul$../../../../../2-5_Lab3_FIR8/rtl_verilog/fir_pe.v:26$24 ($mul).
  creating $macc model for $flatten\u_fir8.\u_fir_pe2.$add$../../../../../2-5_Lab3_FIR8/rtl_verilog/fir_pe.v:37$27 ($add).
  creating $macc model for $flatten\u_fir8.\u_fir_pe2.$mul$../../../../../2-5_Lab3_FIR8/rtl_verilog/fir_pe.v:26$24 ($mul).
  creating $macc model for $flatten\u_fir8.\u_fir_pe3.$add$../../../../../2-5_Lab3_FIR8/rtl_verilog/fir_pe.v:37$27 ($add).
  creating $macc model for $flatten\u_fir8.\u_fir_pe3.$mul$../../../../../2-5_Lab3_FIR8/rtl_verilog/fir_pe.v:26$24 ($mul).
  creating $macc model for $flatten\u_fir8.\u_fir_pe4.$add$../../../../../2-5_Lab3_FIR8/rtl_verilog/fir_pe.v:37$27 ($add).
  creating $macc model for $flatten\u_fir8.\u_fir_pe4.$mul$../../../../../2-5_Lab3_FIR8/rtl_verilog/fir_pe.v:26$24 ($mul).
  creating $macc model for $flatten\u_fir8.\u_fir_pe5.$add$../../../../../2-5_Lab3_FIR8/rtl_verilog/fir_pe.v:37$27 ($add).
  creating $macc model for $flatten\u_fir8.\u_fir_pe5.$mul$../../../../../2-5_Lab3_FIR8/rtl_verilog/fir_pe.v:26$24 ($mul).
  creating $macc model for $flatten\u_fir8.\u_fir_pe6.$add$../../../../../2-5_Lab3_FIR8/rtl_verilog/fir_pe.v:37$27 ($add).
  creating $macc model for $flatten\u_fir8.\u_fir_pe7.$add$../../../../../2-5_Lab3_FIR8/rtl_verilog/fir_pe.v:37$27 ($add).
  creating $macc model for $flatten\u_fir8.\u_fir_pe7.$mul$../../../../../2-5_Lab3_FIR8/rtl_verilog/fir_pe.v:26$24 ($mul).
  creating $alu model for $macc $flatten\u_fir8.\u_fir_pe7.$add$../../../../../2-5_Lab3_FIR8/rtl_verilog/fir_pe.v:37$27.
  creating $alu model for $macc $flatten\u_fir8.\u_fir_pe6.$add$../../../../../2-5_Lab3_FIR8/rtl_verilog/fir_pe.v:37$27.
  creating $alu model for $macc $flatten\u_fir8.\u_fir_pe5.$add$../../../../../2-5_Lab3_FIR8/rtl_verilog/fir_pe.v:37$27.
  creating $alu model for $macc $flatten\u_fir8.\u_fir_pe4.$add$../../../../../2-5_Lab3_FIR8/rtl_verilog/fir_pe.v:37$27.
  creating $alu model for $macc $flatten\u_fir8.\u_fir_pe3.$add$../../../../../2-5_Lab3_FIR8/rtl_verilog/fir_pe.v:37$27.
  creating $alu model for $macc $flatten\u_fir8.\u_fir_pe2.$add$../../../../../2-5_Lab3_FIR8/rtl_verilog/fir_pe.v:37$27.
  creating $alu model for $macc $flatten\u_fir8.\u_fir_pe1.$add$../../../../../2-5_Lab3_FIR8/rtl_verilog/fir_pe.v:37$27.
  creating $alu model for $macc $flatten\u_fir8.\u_fir_pe0.$add$../../../../../2-5_Lab3_FIR8/rtl_verilog/fir_pe.v:37$27.
  creating $macc cell for $flatten\u_fir8.\u_fir_pe5.$mul$../../../../../2-5_Lab3_FIR8/rtl_verilog/fir_pe.v:26$24: $auto$alumacc.cc:365:replace_macc$559
  creating $macc cell for $flatten\u_fir8.\u_fir_pe2.$mul$../../../../../2-5_Lab3_FIR8/rtl_verilog/fir_pe.v:26$24: $auto$alumacc.cc:365:replace_macc$560
  creating $macc cell for $flatten\u_fir8.\u_fir_pe4.$mul$../../../../../2-5_Lab3_FIR8/rtl_verilog/fir_pe.v:26$24: $auto$alumacc.cc:365:replace_macc$561
  creating $macc cell for $flatten\u_fir8.\u_fir_pe1.$mul$../../../../../2-5_Lab3_FIR8/rtl_verilog/fir_pe.v:26$24: $auto$alumacc.cc:365:replace_macc$562
  creating $macc cell for $flatten\u_fir8.\u_fir_pe3.$mul$../../../../../2-5_Lab3_FIR8/rtl_verilog/fir_pe.v:26$24: $auto$alumacc.cc:365:replace_macc$563
  creating $macc cell for $flatten\u_fir8.\u_fir_pe7.$mul$../../../../../2-5_Lab3_FIR8/rtl_verilog/fir_pe.v:26$24: $auto$alumacc.cc:365:replace_macc$564
  creating $alu cell for $flatten\u_fir8.\u_fir_pe0.$add$../../../../../2-5_Lab3_FIR8/rtl_verilog/fir_pe.v:37$27: $auto$alumacc.cc:495:replace_alu$565
  creating $alu cell for $flatten\u_fir8.\u_fir_pe1.$add$../../../../../2-5_Lab3_FIR8/rtl_verilog/fir_pe.v:37$27: $auto$alumacc.cc:495:replace_alu$568
  creating $alu cell for $flatten\u_fir8.\u_fir_pe2.$add$../../../../../2-5_Lab3_FIR8/rtl_verilog/fir_pe.v:37$27: $auto$alumacc.cc:495:replace_alu$571
  creating $alu cell for $flatten\u_fir8.\u_fir_pe3.$add$../../../../../2-5_Lab3_FIR8/rtl_verilog/fir_pe.v:37$27: $auto$alumacc.cc:495:replace_alu$574
  creating $alu cell for $flatten\u_fir8.\u_fir_pe4.$add$../../../../../2-5_Lab3_FIR8/rtl_verilog/fir_pe.v:37$27: $auto$alumacc.cc:495:replace_alu$577
  creating $alu cell for $flatten\u_fir8.\u_fir_pe5.$add$../../../../../2-5_Lab3_FIR8/rtl_verilog/fir_pe.v:37$27: $auto$alumacc.cc:495:replace_alu$580
  creating $alu cell for $flatten\u_fir8.\u_fir_pe6.$add$../../../../../2-5_Lab3_FIR8/rtl_verilog/fir_pe.v:37$27: $auto$alumacc.cc:495:replace_alu$583
  creating $alu cell for $flatten\u_fir8.\u_fir_pe7.$add$../../../../../2-5_Lab3_FIR8/rtl_verilog/fir_pe.v:37$27: $auto$alumacc.cc:495:replace_alu$586
  created 8 $alu and 6 $macc cells.

5.8.12. Executing SHARE pass (SAT-based resource sharing).

5.8.13. Executing OPT pass (performing simple optimizations).

5.8.13.1. Executing OPT_EXPR pass (perform const folding).
Optimizing module fir8_wrapper.

5.8.13.2. Executing OPT_MERGE pass (detect identical cells).
Finding identical cells in module `\fir8_wrapper'.
Removed a total of 0 cells.

5.8.13.3. Executing OPT_MUXTREE pass (detect dead branches in mux trees).
Running muxtree optimizer on module \fir8_wrapper..
  Creating internal representation of mux trees.
  Evaluating internal representation of mux trees.
  Analyzing evaluation results.
Removed 0 multiplexer ports.
<suppressed ~4 debug messages>

5.8.13.4. Executing OPT_REDUCE pass (consolidate $*mux and $reduce_* inputs).
  Optimizing cells in module \fir8_wrapper.
Performed a total of 0 changes.

5.8.13.5. Executing OPT_MERGE pass (detect identical cells).
Finding identical cells in module `\fir8_wrapper'.
Removed a total of 0 cells.

5.8.13.6. Executing OPT_DFF pass (perform DFF optimizations).
Setting constant 0-bit at position 10 on $auto$ff.cc:266:slice$522 ($dff) from module fir8_wrapper.
Setting constant 0-bit at position 11 on $auto$ff.cc:266:slice$522 ($dff) from module fir8_wrapper.
Setting constant 0-bit at position 12 on $auto$ff.cc:266:slice$522 ($dff) from module fir8_wrapper.
Setting constant 0-bit at position 13 on $auto$ff.cc:266:slice$522 ($dff) from module fir8_wrapper.
Setting constant 0-bit at position 13 on $auto$ff.cc:266:slice$523 ($dff) from module fir8_wrapper.
Setting constant 0-bit at position 14 on $auto$ff.cc:266:slice$523 ($dff) from module fir8_wrapper.
Setting constant 0-bit at position 13 on $auto$ff.cc:266:slice$524 ($dff) from module fir8_wrapper.
Setting constant 0-bit at position 14 on $auto$ff.cc:266:slice$524 ($dff) from module fir8_wrapper.
Setting constant 0-bit at position 10 on $auto$ff.cc:266:slice$526 ($dff) from module fir8_wrapper.
Setting constant 0-bit at position 11 on $auto$ff.cc:266:slice$526 ($dff) from module fir8_wrapper.
Setting constant 0-bit at position 12 on $auto$ff.cc:266:slice$526 ($dff) from module fir8_wrapper.
Setting constant 0-bit at position 13 on $auto$ff.cc:266:slice$526 ($dff) from module fir8_wrapper.
Setting constant 0-bit at position 13 on $flatten\u_fir8.\u_fir_pe2.$procdff$499 ($dff) from module fir8_wrapper.
Setting constant 0-bit at position 14 on $flatten\u_fir8.\u_fir_pe2.$procdff$499 ($dff) from module fir8_wrapper.
Setting constant 0-bit at position 15 on $flatten\u_fir8.\u_fir_pe2.$procdff$499 ($dff) from module fir8_wrapper.
Setting constant 0-bit at position 13 on $flatten\u_fir8.\u_fir_pe5.$procdff$499 ($dff) from module fir8_wrapper.
Setting constant 0-bit at position 14 on $flatten\u_fir8.\u_fir_pe5.$procdff$499 ($dff) from module fir8_wrapper.
Setting constant 0-bit at position 15 on $flatten\u_fir8.\u_fir_pe5.$procdff$499 ($dff) from module fir8_wrapper.

5.8.13.7. Executing OPT_CLEAN pass (remove unused cells and wires).
Finding unused cells or wires in module \fir8_wrapper..

5.8.13.8. Executing OPT_EXPR pass (perform const folding).
Optimizing module fir8_wrapper.

5.8.13.9. Rerunning OPT passes. (Maybe there is more to do..)

5.8.13.10. Executing OPT_MUXTREE pass (detect dead branches in mux trees).
Running muxtree optimizer on module \fir8_wrapper..
  Creating internal representation of mux trees.
  Evaluating internal representation of mux trees.
  Analyzing evaluation results.
Removed 0 multiplexer ports.
<suppressed ~4 debug messages>

5.8.13.11. Executing OPT_REDUCE pass (consolidate $*mux and $reduce_* inputs).
  Optimizing cells in module \fir8_wrapper.
Performed a total of 0 changes.

5.8.13.12. Executing OPT_MERGE pass (detect identical cells).
Finding identical cells in module `\fir8_wrapper'.
Removed a total of 0 cells.

5.8.13.13. Executing OPT_DFF pass (perform DFF optimizations).

5.8.13.14. Executing OPT_CLEAN pass (remove unused cells and wires).
Finding unused cells or wires in module \fir8_wrapper..

5.8.13.15. Executing OPT_EXPR pass (perform const folding).
Optimizing module fir8_wrapper.

5.8.13.16. Finished OPT passes. (There is nothing left to do.)

5.8.14. Executing MEMORY pass.

5.8.14.1. Executing OPT_MEM pass (optimize memories).
Performed a total of 0 transformations.

5.8.14.2. Executing OPT_MEM_PRIORITY pass (removing unnecessary memory write priority relations).
Performed a total of 0 transformations.

5.8.14.3. Executing OPT_MEM_FEEDBACK pass (finding memory read-to-write feedback paths).
  Analyzing fir8_wrapper.stimIn write port 0.

5.8.14.4. Executing MEMORY_BMUX2ROM pass (converting muxes to ROMs).

5.8.14.5. Executing MEMORY_DFF pass (merging $dff cells to $memrd).
Checking read port `\stimIn'[0] in module `\fir8_wrapper': merging output FF to cell.
    Write port 0: don't care on collision.
Checking read port `\stimIn'[1] in module `\fir8_wrapper': merging output FF to cell.
    Write port 0: don't care on collision.
Checking read port `\stimIn'[2] in module `\fir8_wrapper': merging output FF to cell.
    Write port 0: don't care on collision.

5.8.14.6. Executing OPT_CLEAN pass (remove unused cells and wires).
Finding unused cells or wires in module \fir8_wrapper..
Removed 2 unused cells and 27 unused wires.
<suppressed ~3 debug messages>

5.8.14.7. Executing MEMORY_SHARE pass (consolidating $memrd/$memwr cells).
Consolidating read ports of memory fir8_wrapper.stimIn by address:
  Merging ports 1, 2 (address 2'01).
Consolidating read ports of memory fir8_wrapper.stimIn by address:
  Merging ports 0, 1 (address 2'10).

5.8.14.8. Executing OPT_MEM_WIDEN pass (optimize memories where all ports are wide).
Performed a total of 0 transformations.

5.8.14.9. Executing OPT_CLEAN pass (remove unused cells and wires).
Finding unused cells or wires in module \fir8_wrapper..
Removed 0 unused cells and 1 unused wires.
<suppressed ~1 debug messages>

5.8.14.10. Executing MEMORY_COLLECT pass (generating $mem cells).

5.8.15. Executing OPT_CLEAN pass (remove unused cells and wires).
Finding unused cells or wires in module \fir8_wrapper..

5.9. Executing MEMORY_LIBMAP pass (mapping memories to cells).
using FF mapping for memory fir8_wrapper.stimIn
<suppressed ~634 debug messages>

5.10. Executing TECHMAP pass (map to technology primitives).

5.10.1. Executing Verilog-2005 frontend: /usr/local/bin/../share/yosys/gowin/lutrams_map.v
Parsing Verilog input from `/usr/local/bin/../share/yosys/gowin/lutrams_map.v' to AST representation.
Generating RTLIL representation for module `\$__GOWIN_LUTRAM_'.
Successfully finished Verilog frontend.

5.10.2. Executing Verilog-2005 frontend: /usr/local/bin/../share/yosys/gowin/brams_map.v
Parsing Verilog input from `/usr/local/bin/../share/yosys/gowin/brams_map.v' to AST representation.
Generating RTLIL representation for module `\$__GOWIN_SP_'.
Generating RTLIL representation for module `\$__GOWIN_DP_'.
Generating RTLIL representation for module `\$__GOWIN_SDP_'.
Successfully finished Verilog frontend.

5.10.3. Continuing TECHMAP pass.
No more expansions possible.
<suppressed ~6 debug messages>

5.11. Executing OPT pass (performing simple optimizations).

5.11.1. Executing OPT_EXPR pass (perform const folding).
Optimizing module fir8_wrapper.
<suppressed ~11 debug messages>

5.11.2. Executing OPT_MERGE pass (detect identical cells).
Finding identical cells in module `\fir8_wrapper'.
Removed a total of 0 cells.

5.11.3. Executing OPT_DFF pass (perform DFF optimizations).

5.11.4. Executing OPT_CLEAN pass (remove unused cells and wires).
Finding unused cells or wires in module \fir8_wrapper..
Removed 1 unused cells and 5 unused wires.
<suppressed ~2 debug messages>

5.11.5. Finished fast OPT passes.

5.12. Executing MEMORY_MAP pass (converting memories to logic and flip-flops).
Mapping memory \stimIn in module \fir8_wrapper:
  created 4 $dff cells and 0 static cells of width 8.
Extracted data FF from read port 0 of fir8_wrapper.stimIn: $\stimIn$rdreg[0]
  read interface: 1 $dff and 0 $mux cells.
  write interface: 4 write mux blocks.

5.13. Executing OPT pass (performing simple optimizations).

5.13.1. Executing OPT_EXPR pass (perform const folding).
Optimizing module fir8_wrapper.
<suppressed ~5 debug messages>

5.13.2. Executing OPT_MERGE pass (detect identical cells).
Finding identical cells in module `\fir8_wrapper'.
Removed a total of 0 cells.

5.13.3. Executing OPT_MUXTREE pass (detect dead branches in mux trees).
Running muxtree optimizer on module \fir8_wrapper..
  Creating internal representation of mux trees.
  Evaluating internal representation of mux trees.
  Analyzing evaluation results.
Removed 0 multiplexer ports.
<suppressed ~10 debug messages>

5.13.4. Executing OPT_REDUCE pass (consolidate $*mux and $reduce_* inputs).
  Optimizing cells in module \fir8_wrapper.
Performed a total of 0 changes.

5.13.5. Executing OPT_MERGE pass (detect identical cells).
Finding identical cells in module `\fir8_wrapper'.
Removed a total of 0 cells.

5.13.6. Executing OPT_DFF pass (perform DFF optimizations).

5.13.7. Executing OPT_CLEAN pass (remove unused cells and wires).
Finding unused cells or wires in module \fir8_wrapper..
Removed 0 unused cells and 7 unused wires.
<suppressed ~1 debug messages>

5.13.8. Executing OPT_EXPR pass (perform const folding).
Optimizing module fir8_wrapper.

5.13.9. Rerunning OPT passes. (Maybe there is more to do..)

5.13.10. Executing OPT_MUXTREE pass (detect dead branches in mux trees).
Running muxtree optimizer on module \fir8_wrapper..
  Creating internal representation of mux trees.
  Evaluating internal representation of mux trees.
  Analyzing evaluation results.
Removed 0 multiplexer ports.
<suppressed ~10 debug messages>

5.13.11. Executing OPT_REDUCE pass (consolidate $*mux and $reduce_* inputs).
  Optimizing cells in module \fir8_wrapper.
Performed a total of 0 changes.

5.13.12. Executing OPT_MERGE pass (detect identical cells).
Finding identical cells in module `\fir8_wrapper'.
Removed a total of 0 cells.

5.13.13. Executing OPT_DFF pass (perform DFF optimizations).
Adding EN signal on $memory\stimIn[3]$831 ($dff) from module fir8_wrapper (D = \Din_emu, Q = \stimIn[3]).
Adding EN signal on $memory\stimIn[2]$829 ($dff) from module fir8_wrapper (D = \Din_emu, Q = \stimIn[2]).
Adding EN signal on $memory\stimIn[1]$827 ($dff) from module fir8_wrapper (D = \Din_emu, Q = \stimIn[1]).
Adding EN signal on $memory\stimIn[0]$825 ($dff) from module fir8_wrapper (D = \Din_emu, Q = \stimIn[0]).

5.13.14. Executing OPT_CLEAN pass (remove unused cells and wires).
Finding unused cells or wires in module \fir8_wrapper..
Removed 4 unused cells and 4 unused wires.
<suppressed ~5 debug messages>

5.13.15. Executing OPT_EXPR pass (perform const folding).
Optimizing module fir8_wrapper.

5.13.16. Rerunning OPT passes. (Maybe there is more to do..)

5.13.17. Executing OPT_MUXTREE pass (detect dead branches in mux trees).
Running muxtree optimizer on module \fir8_wrapper..
  Creating internal representation of mux trees.
  Evaluating internal representation of mux trees.
  Analyzing evaluation results.
Removed 0 multiplexer ports.
<suppressed ~6 debug messages>

5.13.18. Executing OPT_REDUCE pass (consolidate $*mux and $reduce_* inputs).
  Optimizing cells in module \fir8_wrapper.
Performed a total of 0 changes.

5.13.19. Executing OPT_MERGE pass (detect identical cells).
Finding identical cells in module `\fir8_wrapper'.
Removed a total of 0 cells.

5.13.20. Executing OPT_DFF pass (perform DFF optimizations).

5.13.21. Executing OPT_CLEAN pass (remove unused cells and wires).
Finding unused cells or wires in module \fir8_wrapper..

5.13.22. Executing OPT_EXPR pass (perform const folding).
Optimizing module fir8_wrapper.

5.13.23. Finished OPT passes. (There is nothing left to do.)

5.14. Executing TECHMAP pass (map to technology primitives).

5.14.1. Executing Verilog-2005 frontend: /usr/local/bin/../share/yosys/techmap.v
Parsing Verilog input from `/usr/local/bin/../share/yosys/techmap.v' to AST representation.
Generating RTLIL representation for module `\_90_simplemap_bool_ops'.
Generating RTLIL representation for module `\_90_simplemap_reduce_ops'.
Generating RTLIL representation for module `\_90_simplemap_logic_ops'.
Generating RTLIL representation for module `\_90_simplemap_compare_ops'.
Generating RTLIL representation for module `\_90_simplemap_various'.
Generating RTLIL representation for module `\_90_simplemap_registers'.
Generating RTLIL representation for module `\_90_shift_ops_shr_shl_sshl_sshr'.
Generating RTLIL representation for module `\_90_shift_shiftx'.
Generating RTLIL representation for module `\_90_fa'.
Generating RTLIL representation for module `\_90_lcu_brent_kung'.
Generating RTLIL representation for module `\_90_alu'.
Generating RTLIL representation for module `\_90_macc'.
Generating RTLIL representation for module `\_90_alumacc'.
Generating RTLIL representation for module `\$__div_mod_u'.
Generating RTLIL representation for module `\$__div_mod_trunc'.
Generating RTLIL representation for module `\_90_div'.
Generating RTLIL representation for module `\_90_mod'.
Generating RTLIL representation for module `\$__div_mod_floor'.
Generating RTLIL representation for module `\_90_divfloor'.
Generating RTLIL representation for module `\_90_modfloor'.
Generating RTLIL representation for module `\_90_pow'.
Generating RTLIL representation for module `\_90_pmux'.
Generating RTLIL representation for module `\_90_demux'.
Generating RTLIL representation for module `\_90_lut'.
Successfully finished Verilog frontend.

5.14.2. Executing Verilog-2005 frontend: /usr/local/bin/../share/yosys/gowin/arith_map.v
Parsing Verilog input from `/usr/local/bin/../share/yosys/gowin/arith_map.v' to AST representation.
Generating RTLIL representation for module `\_80_gw1n_alu'.
Successfully finished Verilog frontend.

5.14.3. Continuing TECHMAP pass.
Using extmapper simplemap for cells of type $dffe.
Using extmapper simplemap for cells of type $eq.
Using template $paramod$fc16b9f758000d363d24f130038bd99b46b4fa1b\_90_pmux for cells of type $pmux.
Using extmapper simplemap for cells of type $not.
Using extmapper simplemap for cells of type $mux.
Using extmapper simplemap for cells of type $reduce_and.
Using extmapper simplemap for cells of type $dff.
Using extmapper simplemap for cells of type $and.
Using extmapper maccmap for cells of type $macc_v2.
  add \u_fir8.u_fir_pe4.Xout * 5'11001 (8x5 bits, unsigned)
Using extmapper simplemap for cells of type $logic_not.
Using template $paramod$091610cd349a68bd5539cffd7126f0d76e9bca00\_80_gw1n_alu for cells of type $alu.
Using template $paramod$33acca59acb78d0be1d2963f30b104550f2b2c75\_80_gw1n_alu for cells of type $alu.
Using template $paramod$6df0329addda9228fcc2546de2aaf14ad26c98e1\_80_gw1n_alu for cells of type $alu.
Using template $paramod$67e8f4b8dba01cd3d8fc718acd02276257d102de\_80_gw1n_alu for cells of type $alu.
  add \u_fir8.u_fir_pe1.Xout * 5'11001 (8x5 bits, unsigned)
  add \u_fir8.u_fir_pe0.Xout * 2'11 (8x2 bits, unsigned)
  add \u_fir8.u_fir_pe5.Xout * 2'11 (8x2 bits, unsigned)
  add \u_fir8.u_fir_pe3.Xout * 5'10001 (8x5 bits, unsigned)
  add \u_fir8.u_fir_pe2.Xout * 5'10001 (8x5 bits, unsigned)
Using extmapper simplemap for cells of type $reduce_or.
Using template $paramod\_90_fa\WIDTH=32'00000000000000000000000000001101 for cells of type $fa.
Using template $paramod$2780480d52179e2db572a6e5133edf36e733d32e\_80_gw1n_alu for cells of type $alu.
Using extmapper simplemap for cells of type $xor.
Using extmapper simplemap for cells of type $pos.
Using template $paramod$484d51534650924b7ed4c69e46eed3a56904771f\_80_gw1n_alu for cells of type $alu.
Using extmapper simplemap for cells of type $or.
No more expansions possible.
<suppressed ~659 debug messages>

5.15. Executing OPT pass (performing simple optimizations).

5.15.1. Executing OPT_EXPR pass (perform const folding).
Optimizing module fir8_wrapper.
<suppressed ~1427 debug messages>

5.15.2. Executing OPT_MERGE pass (detect identical cells).
Finding identical cells in module `\fir8_wrapper'.
<suppressed ~81 debug messages>
Removed a total of 27 cells.

5.15.3. Executing OPT_DFF pass (perform DFF optimizations).

5.15.4. Executing OPT_CLEAN pass (remove unused cells and wires).
Finding unused cells or wires in module \fir8_wrapper..
Removed 155 unused cells and 654 unused wires.
<suppressed ~157 debug messages>

5.15.5. Finished fast OPT passes.

5.16. Executing IOPADMAP pass (mapping inputs/outputs to IO-PAD cells).
Mapping port fir8_wrapper.Addr_emu using IBUF.
Mapping port fir8_wrapper.Din_emu using IBUF.
Mapping port fir8_wrapper.Dout_emu using OBUF.
Mapping port fir8_wrapper.clk_dut using IBUF.
Mapping port fir8_wrapper.clk_emu using IBUF.
Mapping port fir8_wrapper.get_emu using IBUF.
Mapping port fir8_wrapper.load_emu using IBUF.

5.17. Executing OPT_CLEAN pass (remove unused cells and wires).
Finding unused cells or wires in module \fir8_wrapper..
Removed 0 unused cells and 1 unused wires.
<suppressed ~1 debug messages>

5.18. Executing DFFLEGALIZE pass (convert FFs to types supported by the target).

5.19. Executing TECHMAP pass (map to technology primitives).

5.19.1. Executing Verilog-2005 frontend: /usr/local/bin/../share/yosys/gowin/cells_map.v
Parsing Verilog input from `/usr/local/bin/../share/yosys/gowin/cells_map.v' to AST representation.
Generating RTLIL representation for module `\$_DFF_N_'.
Generating RTLIL representation for module `\$_DFF_P_'.
Generating RTLIL representation for module `\$_DFFE_PP_'.
Generating RTLIL representation for module `\$_DFFE_NP_'.
Generating RTLIL representation for module `\$_SDFF_PP0_'.
Generating RTLIL representation for module `\$_SDFF_NP0_'.
Generating RTLIL representation for module `\$_SDFFE_PP0P_'.
Generating RTLIL representation for module `\$_SDFFE_NP0P_'.
Generating RTLIL representation for module `\$_SDFF_PP1_'.
Generating RTLIL representation for module `\$_SDFF_NP1_'.
Generating RTLIL representation for module `\$_SDFFE_PP1P_'.
Generating RTLIL representation for module `\$_SDFFE_NP1P_'.
Generating RTLIL representation for module `\$_DFF_PP1_'.
Generating RTLIL representation for module `\$_DFF_NP1_'.
Generating RTLIL representation for module `\$_DFF_PP0_'.
Generating RTLIL representation for module `\$_DFF_NP0_'.
Generating RTLIL representation for module `\$_DFFE_PP1P_'.
Generating RTLIL representation for module `\$_DFFE_NP1P_'.
Generating RTLIL representation for module `\$_DFFE_PP0P_'.
Generating RTLIL representation for module `\$_DFFE_NP0P_'.
Generating RTLIL representation for module `\$lut'.
Successfully finished Verilog frontend.

5.19.2. Continuing TECHMAP pass.
Using template \$_DFFE_PP_ for cells of type $_DFFE_PP_.
Using template \$_DFF_P_ for cells of type $_DFF_P_.
No more expansions possible.
<suppressed ~495 debug messages>

5.20. Executing OPT_EXPR pass (perform const folding).
Optimizing module fir8_wrapper.
<suppressed ~24 debug messages>

5.21. Executing SIMPLEMAP pass (map simple cells to gate primitives).

5.22. Executing Verilog-2005 frontend: /usr/local/bin/../share/yosys/abc9_model.v
Parsing Verilog input from `/usr/local/bin/../share/yosys/abc9_model.v' to AST representation.
Generating RTLIL representation for module `$__ABC9_DELAY'.
Generating RTLIL representation for module `$__ABC9_SCC_BREAKER'.
Generating RTLIL representation for module `$__DFF_N__$abc9_flop'.
Generating RTLIL representation for module `$__DFF_P__$abc9_flop'.
Successfully finished Verilog frontend.

5.23. Executing ABC9 pass.

5.23.1. Executing ABC9_OPS pass (helper functions for ABC9).

5.23.2. Executing ABC9_OPS pass (helper functions for ABC9).

5.23.3. Executing PROC pass (convert processes to netlists).

5.23.3.1. Executing PROC_CLEAN pass (remove empty switches from decision trees).
Found and cleaned up 1 empty switch in `$paramod\ALU\ALU_MODE=s32'00000000000000000000000000000010.$proc$/usr/local/bin/../share/yosys/gowin/cells_sim.v:969$3974'.
Cleaned up 1 empty switch.

5.23.3.2. Executing PROC_RMDEAD pass (remove dead branches from decision trees).
Removed a total of 0 dead cases.

5.23.3.3. Executing PROC_PRUNE pass (remove redundant assignments in processes).
Removed 0 redundant assignments.
Promoted 4 assignments to connections.

5.23.3.4. Executing PROC_INIT pass (extract init attributes).

5.23.3.5. Executing PROC_ARST pass (detect async resets in processes).

5.23.3.6. Executing PROC_ROM pass (convert switches to ROMs).
Converted 0 switches.

5.23.3.7. Executing PROC_MUX pass (convert decision trees to multiplexers).
Creating decoders for process `$paramod\ALU\ALU_MODE=s32'00000000000000000000000000000010.$proc$/usr/local/bin/../share/yosys/gowin/cells_sim.v:969$3974'.

5.23.3.8. Executing PROC_DLATCH pass (convert process syncs to latches).
Warning: Ignoring boxed module $paramod\ALU\ALU_MODE=s32'00000000000000000000000000000010.

5.23.3.9. Executing PROC_DFF pass (convert process syncs to FFs).
Creating register for signal `$paramod\ALU\ALU_MODE=s32'00000000000000000000000000000010.\C' using process `$paramod\ALU\ALU_MODE=s32'00000000000000000000000000000010.$proc$/usr/local/bin/../share/yosys/gowin/cells_sim.v:969$3974'.
  created direct connection (no actual register cell created).
Creating register for signal `$paramod\ALU\ALU_MODE=s32'00000000000000000000000000000010.\S' using process `$paramod\ALU\ALU_MODE=s32'00000000000000000000000000000010.$proc$/usr/local/bin/../share/yosys/gowin/cells_sim.v:969$3974'.
  created direct connection (no actual register cell created).

5.23.3.10. Executing PROC_MEMWR pass (convert process memory writes to cells).
Warning: Ignoring boxed module $paramod\ALU\ALU_MODE=s32'00000000000000000000000000000010.

5.23.3.11. Executing PROC_CLEAN pass (remove empty switches from decision trees).
Removing empty process `$paramod\ALU\ALU_MODE=s32'00000000000000000000000000000010.$proc$/usr/local/bin/../share/yosys/gowin/cells_sim.v:969$3974'.
Cleaned up 0 empty switches.

5.23.3.12. Executing OPT_EXPR pass (perform const folding).
Warning: Ignoring boxed module $paramod\ALU\ALU_MODE=s32'00000000000000000000000000000010.

5.23.4. Executing SCC pass (detecting logic loops).
Found 0 SCCs in module fir8_wrapper.
Found 0 SCCs.

5.23.5. Executing ABC9_OPS pass (helper functions for ABC9).

5.23.6. Executing TECHMAP pass (map to technology primitives).

5.23.6.1. Executing Verilog-2005 frontend: /usr/local/bin/../share/yosys/techmap.v
Parsing Verilog input from `/usr/local/bin/../share/yosys/techmap.v' to AST representation.
Generating RTLIL representation for module `\_90_simplemap_bool_ops'.
Generating RTLIL representation for module `\_90_simplemap_reduce_ops'.
Generating RTLIL representation for module `\_90_simplemap_logic_ops'.
Generating RTLIL representation for module `\_90_simplemap_compare_ops'.
Generating RTLIL representation for module `\_90_simplemap_various'.
Generating RTLIL representation for module `\_90_simplemap_registers'.
Generating RTLIL representation for module `\_90_shift_ops_shr_shl_sshl_sshr'.
Generating RTLIL representation for module `\_90_shift_shiftx'.
Generating RTLIL representation for module `\_90_fa'.
Generating RTLIL representation for module `\_90_lcu_brent_kung'.
Generating RTLIL representation for module `\_90_alu'.
Generating RTLIL representation for module `\_90_macc'.
Generating RTLIL representation for module `\_90_alumacc'.
Generating RTLIL representation for module `\$__div_mod_u'.
Generating RTLIL representation for module `\$__div_mod_trunc'.
Generating RTLIL representation for module `\_90_div'.
Generating RTLIL representation for module `\_90_mod'.
Generating RTLIL representation for module `\$__div_mod_floor'.
Generating RTLIL representation for module `\_90_divfloor'.
Generating RTLIL representation for module `\_90_modfloor'.
Generating RTLIL representation for module `\_90_pow'.
Generating RTLIL representation for module `\_90_pmux'.
Generating RTLIL representation for module `\_90_demux'.
Generating RTLIL representation for module `\_90_lut'.
Successfully finished Verilog frontend.

5.23.6.2. Continuing TECHMAP pass.
No more expansions possible.
<suppressed ~216 debug messages>

5.23.7. Executing OPT pass (performing simple optimizations).

5.23.7.1. Executing OPT_EXPR pass (perform const folding).

5.23.7.2. Executing OPT_MERGE pass (detect identical cells).
Removed a total of 0 cells.

5.23.7.3. Executing OPT_MUXTREE pass (detect dead branches in mux trees).
Removed 0 multiplexer ports.

5.23.7.4. Executing OPT_REDUCE pass (consolidate $*mux and $reduce_* inputs).
Performed a total of 0 changes.

5.23.7.5. Executing OPT_MERGE pass (detect identical cells).
Removed a total of 0 cells.

5.23.7.6. Executing OPT_DFF pass (perform DFF optimizations).

5.23.7.7. Executing OPT_CLEAN pass (remove unused cells and wires).

5.23.7.8. Executing OPT_EXPR pass (perform const folding).

5.23.7.9. Finished OPT passes. (There is nothing left to do.)

5.23.8. Executing TECHMAP pass (map to technology primitives).

5.23.8.1. Executing Verilog-2005 frontend: /usr/local/bin/../share/yosys/abc9_map.v
Parsing Verilog input from `/usr/local/bin/../share/yosys/abc9_map.v' to AST representation.
Successfully finished Verilog frontend.

5.23.8.2. Continuing TECHMAP pass.
No more expansions possible.
<suppressed ~2 debug messages>

5.23.9. Executing Verilog-2005 frontend: /usr/local/bin/../share/yosys/abc9_model.v
Parsing Verilog input from `/usr/local/bin/../share/yosys/abc9_model.v' to AST representation.
Replacing existing blackbox module `$__ABC9_DELAY' at /usr/local/bin/../share/yosys/abc9_model.v:2.1-7.10.
Generating RTLIL representation for module `$__ABC9_DELAY'.
Replacing existing blackbox module `$__ABC9_SCC_BREAKER' at /usr/local/bin/../share/yosys/abc9_model.v:9.1-11.10.
Generating RTLIL representation for module `$__ABC9_SCC_BREAKER'.
Replacing existing module `$__DFF_N__$abc9_flop' at /usr/local/bin/../share/yosys/abc9_model.v:14.1-20.10.
Generating RTLIL representation for module `$__DFF_N__$abc9_flop'.
Replacing existing module `$__DFF_P__$abc9_flop' at /usr/local/bin/../share/yosys/abc9_model.v:23.1-29.10.
Generating RTLIL representation for module `$__DFF_P__$abc9_flop'.
Successfully finished Verilog frontend.

5.23.10. Executing ABC9_OPS pass (helper functions for ABC9).
<suppressed ~554 debug messages>

5.23.11. Executing ABC9_OPS pass (helper functions for ABC9).

5.23.12. Executing ABC9_OPS pass (helper functions for ABC9).
<suppressed ~2 debug messages>

5.23.13. Executing TECHMAP pass (map to technology primitives).

5.23.13.1. Executing Verilog-2005 frontend: /usr/local/bin/../share/yosys/techmap.v
Parsing Verilog input from `/usr/local/bin/../share/yosys/techmap.v' to AST representation.
Generating RTLIL representation for module `\_90_simplemap_bool_ops'.
Generating RTLIL representation for module `\_90_simplemap_reduce_ops'.
Generating RTLIL representation for module `\_90_simplemap_logic_ops'.
Generating RTLIL representation for module `\_90_simplemap_compare_ops'.
Generating RTLIL representation for module `\_90_simplemap_various'.
Generating RTLIL representation for module `\_90_simplemap_registers'.
Generating RTLIL representation for module `\_90_shift_ops_shr_shl_sshl_sshr'.
Generating RTLIL representation for module `\_90_shift_shiftx'.
Generating RTLIL representation for module `\_90_fa'.
Generating RTLIL representation for module `\_90_lcu_brent_kung'.
Generating RTLIL representation for module `\_90_alu'.
Generating RTLIL representation for module `\_90_macc'.
Generating RTLIL representation for module `\_90_alumacc'.
Generating RTLIL representation for module `\$__div_mod_u'.
Generating RTLIL representation for module `\$__div_mod_trunc'.
Generating RTLIL representation for module `\_90_div'.
Generating RTLIL representation for module `\_90_mod'.
Generating RTLIL representation for module `\$__div_mod_floor'.
Generating RTLIL representation for module `\_90_divfloor'.
Generating RTLIL representation for module `\_90_modfloor'.
Generating RTLIL representation for module `\_90_pow'.
Generating RTLIL representation for module `\_90_pmux'.
Generating RTLIL representation for module `\_90_demux'.
Generating RTLIL representation for module `\_90_lut'.
Successfully finished Verilog frontend.

5.23.13.2. Continuing TECHMAP pass.
Using template $paramod\ALU\ALU_MODE=s32'00000000000000000000000000000010 for cells of type $paramod\ALU\ALU_MODE=s32'00000000000000000000000000000010.
Using extmapper simplemap for cells of type $mux.
Using extmapper simplemap for cells of type $xor.
Using extmapper simplemap for cells of type $not.
No more expansions possible.
<suppressed ~225 debug messages>

5.23.14. Executing OPT pass (performing simple optimizations).

5.23.14.1. Executing OPT_EXPR pass (perform const folding).
Optimizing module fir8_wrapper.

5.23.14.2. Executing OPT_MERGE pass (detect identical cells).
Finding identical cells in module `\fir8_wrapper'.
Removed a total of 0 cells.

5.23.14.3. Executing OPT_MUXTREE pass (detect dead branches in mux trees).
Running muxtree optimizer on module \fir8_wrapper..
  Creating internal representation of mux trees.
  No muxes found in this module.
Removed 0 multiplexer ports.

5.23.14.4. Executing OPT_REDUCE pass (consolidate $*mux and $reduce_* inputs).
  Optimizing cells in module \fir8_wrapper.
Performed a total of 0 changes.

5.23.14.5. Executing OPT_MERGE pass (detect identical cells).
Finding identical cells in module `\fir8_wrapper'.
Removed a total of 0 cells.

5.23.14.6. Executing OPT_DFF pass (perform DFF optimizations).

5.23.14.7. Executing OPT_CLEAN pass (remove unused cells and wires).
Finding unused cells or wires in module \fir8_wrapper..
Removed 0 unused cells and 16 unused wires.
<suppressed ~1 debug messages>

5.23.14.8. Executing OPT_EXPR pass (perform const folding).
Optimizing module fir8_wrapper.

5.23.14.9. Rerunning OPT passes. (Maybe there is more to do..)

5.23.14.10. Executing OPT_MUXTREE pass (detect dead branches in mux trees).
Running muxtree optimizer on module \fir8_wrapper..
  Creating internal representation of mux trees.
  No muxes found in this module.
Removed 0 multiplexer ports.

5.23.14.11. Executing OPT_REDUCE pass (consolidate $*mux and $reduce_* inputs).
  Optimizing cells in module \fir8_wrapper.
Performed a total of 0 changes.

5.23.14.12. Executing OPT_MERGE pass (detect identical cells).
Finding identical cells in module `\fir8_wrapper'.
Removed a total of 0 cells.

5.23.14.13. Executing OPT_DFF pass (perform DFF optimizations).

5.23.14.14. Executing OPT_CLEAN pass (remove unused cells and wires).
Finding unused cells or wires in module \fir8_wrapper..

5.23.14.15. Executing OPT_EXPR pass (perform const folding).
Optimizing module fir8_wrapper.

5.23.14.16. Finished OPT passes. (There is nothing left to do.)

5.23.15. Executing AIGMAP pass (map logic to AIG).
Module fir8_wrapper: replaced 5 cells with 35 new cells, skipped 9 cells.
  replaced 2 cell types:
       3 $_XOR_
       2 $_MUX_
  not replaced 2 cell types:
       8 $specify2
       1 $_NOT_

5.23.16. Executing AIGMAP pass (map logic to AIG).
Module fir8_wrapper: replaced 78 cells with 489 new cells, skipped 1330 cells.
  replaced 3 cell types:
      19 $_OR_
      50 $_XOR_
       9 $_MUX_
  not replaced 10 cell types:
       9 $scopeinfo
       7 $_NOT_
      77 $_AND_
     392 DFF
      80 DFFE
      15 IBUF
       8 OBUF
     190 $paramod\ALU\ALU_MODE=s32'00000000000000000000000000000010
     472 $paramod$__ABC9_DELAY\DELAY=32'00000000000000000000001001000000
      80 $paramod$__ABC9_DELAY\DELAY=32'00000000000000000000000000111111

5.23.16.1. Executing ABC9_OPS pass (helper functions for ABC9).

5.23.16.2. Executing ABC9_OPS pass (helper functions for ABC9).

5.23.16.3. Executing XAIGER backend.
<suppressed ~483 debug messages>
Extracted 273 AND gates and 2241 wires from module `fir8_wrapper' to a netlist network with 509 inputs and 570 outputs.

5.23.16.4. Executing ABC9_EXE pass (technology mapping using ABC9).

5.23.16.5. Executing ABC9.
Running ABC command: "<yosys-exe-dir>/yosys-abc" -s -f <abc-temp-dir>/abc.script 2>&1
ABC: ABC command line: "source <abc-temp-dir>/abc.script".
ABC: 
ABC: + read_lut <abc-temp-dir>/input.lut 
ABC: + read_box <abc-temp-dir>/input.box 
ABC: + &read <abc-temp-dir>/input.xaig 
ABC: + &ps 
ABC: <abc-temp-dir>/input : i/o =    509/    570  and =     214  lev =    8 (0.16)  mem = 0.05 MB  box = 742  bb = 552
ABC: + &scorr 
ABC: Warning: The network is combinational.
ABC: + &sweep 
ABC: + &dc2 
ABC: + &dch -f 
ABC: + &ps 
ABC: <abc-temp-dir>/input : i/o =    509/    570  and =     293  lev =    7 (0.15)  mem = 0.06 MB  ch =   46  box = 742  bb = 552
ABC: cst =       0  cls =     37  lit =      46  unused =    1651  proof =     0
ABC: + &if -W 500 -v 
ABC: K = 8. Memory (bytes): Truth =    0. Cut =   68. Obj =  152. Set =  708. CutMin = no
ABC: Node =     293.  Ch =    37.  Total mem =    0.58 MB. Peak cut mem =    0.01 MB.
ABC: P:  Del = 5467.00.  Ar =      74.0.  Edge =      203.  Cut =     3999.  T =     0.00 sec
ABC: P:  Del = 5467.00.  Ar =      74.0.  Edge =      203.  Cut =     3999.  T =     0.00 sec
ABC: P:  Del = 5467.00.  Ar =      83.0.  Edge =      245.  Cut =     3999.  T =     0.00 sec
ABC: F:  Del = 5467.00.  Ar =      74.0.  Edge =      203.  Cut =     3280.  T =     0.00 sec
ABC: A:  Del = 5467.00.  Ar =      74.0.  Edge =      200.  Cut =     3280.  T =     0.00 sec
ABC: A:  Del = 5467.00.  Ar =      74.0.  Edge =      200.  Cut =     3280.  T =     0.00 sec
ABC: Total time =     0.00 sec
ABC: + &write -n <abc-temp-dir>/output.aig 
ABC: + &mfs 
ABC: The network is not changed by "&mfs".
ABC: + &ps -l 
ABC: <abc-temp-dir>/input : i/o =    509/    570  and =     293  lev =    7 (0.15)  mem = 0.06 MB  box = 742  bb = 552
ABC: Mapping (K=5)  :  lut =     62  edge =     200  lev =    2 (0.08)  levB =   17  mem = 0.02 MB
ABC: LUT = 62 : 2=26 41.9 %  3=8 12.9 %  4=16 25.8 %  5=12 19.4 %  Ave = 3.23
ABC: + &write -n <abc-temp-dir>/output.aig 
ABC: + time 
ABC: elapse: 0.05 seconds, total: 0.05 seconds

5.23.16.6. Executing AIGER frontend.
<suppressed ~2170 debug messages>
Removed 462 unused cells and 3803 unused wires.

5.23.16.7. Executing ABC9_OPS pass (helper functions for ABC9).
ABC RESULTS:              $lut cells:       62
ABC RESULTS:   $paramod\ALU\ALU_MODE=s32'00000000000000000000000000000010 cells:      190
ABC RESULTS:           input signals:       49
ABC RESULTS:          output signals:      556
Removing temp directory.

5.23.17. Executing TECHMAP pass (map to technology primitives).

5.23.17.1. Executing Verilog-2005 frontend: /usr/local/bin/../share/yosys/abc9_unmap.v
Parsing Verilog input from `/usr/local/bin/../share/yosys/abc9_unmap.v' to AST representation.
Generating RTLIL representation for module `\$__DFF_x__$abc9_flop'.
Generating RTLIL representation for module `\$__ABC9_SCC_BREAKER'.
Successfully finished Verilog frontend.

5.23.17.2. Continuing TECHMAP pass.
Using template $paramod\ALU\ALU_MODE=s32'00000000000000000000000000000010 for cells of type $paramod\ALU\ALU_MODE=s32'00000000000000000000000000000010.
No more expansions possible.
<suppressed ~196 debug messages>
Removed 15 unused cells and 5336 unused wires.

5.24. Executing TECHMAP pass (map to technology primitives).

5.24.1. Executing Verilog-2005 frontend: /usr/local/bin/../share/yosys/gowin/cells_map.v
Parsing Verilog input from `/usr/local/bin/../share/yosys/gowin/cells_map.v' to AST representation.
Generating RTLIL representation for module `\$_DFF_N_'.
Generating RTLIL representation for module `\$_DFF_P_'.
Generating RTLIL representation for module `\$_DFFE_PP_'.
Generating RTLIL representation for module `\$_DFFE_NP_'.
Generating RTLIL representation for module `\$_SDFF_PP0_'.
Generating RTLIL representation for module `\$_SDFF_NP0_'.
Generating RTLIL representation for module `\$_SDFFE_PP0P_'.
Generating RTLIL representation for module `\$_SDFFE_NP0P_'.
Generating RTLIL representation for module `\$_SDFF_PP1_'.
Generating RTLIL representation for module `\$_SDFF_NP1_'.
Generating RTLIL representation for module `\$_SDFFE_PP1P_'.
Generating RTLIL representation for module `\$_SDFFE_NP1P_'.
Generating RTLIL representation for module `\$_DFF_PP1_'.
Generating RTLIL representation for module `\$_DFF_NP1_'.
Generating RTLIL representation for module `\$_DFF_PP0_'.
Generating RTLIL representation for module `\$_DFF_NP0_'.
Generating RTLIL representation for module `\$_DFFE_PP1P_'.
Generating RTLIL representation for module `\$_DFFE_NP1P_'.
Generating RTLIL representation for module `\$_DFFE_PP0P_'.
Generating RTLIL representation for module `\$_DFFE_NP0P_'.
Generating RTLIL representation for module `\$lut'.
Successfully finished Verilog frontend.

5.24.2. Continuing TECHMAP pass.
Using template $paramod$9d1705341bfa5fd4f71e6517b526937ec7acc6d1\$lut for cells of type $lut.
Using template $paramod$109be716830a6f862b58ecad7bca96960460ecfc\$lut for cells of type $lut.
Using template $paramod$717bf6666116ee4d3a36e1209754d5d20abff615\$lut for cells of type $lut.
Using template $paramod$a51d9c7a21dd37e33772282f2708f1e764d55448\$lut for cells of type $lut.
Using template $paramod$40db9dd7b26c6d992c4916a1b5456ce7201bbfec\$lut for cells of type $lut.
Using template $paramod\$lut\WIDTH=32'00000000000000000000000000000010\LUT=4'0110 for cells of type $lut.
Using template $paramod$40aec0ed5f327702430cbc466f51b2d10c03091a\$lut for cells of type $lut.
Using template $paramod\$lut\WIDTH=32'00000000000000000000000000000010\LUT=4'0001 for cells of type $lut.
Using template $paramod\$lut\WIDTH=32'00000000000000000000000000000011\LUT=8'01000000 for cells of type $lut.
Using template $paramod\$lut\WIDTH=32'00000000000000000000000000000010\LUT=4'0100 for cells of type $lut.
Using template $paramod\$lut\WIDTH=32'00000000000000000000000000000011\LUT=8'00100000 for cells of type $lut.
Using template $paramod\$lut\WIDTH=32'00000000000000000000000000000011\LUT=8'01100010 for cells of type $lut.
Using template $paramod\$lut\WIDTH=32'00000000000000000000000000000011\LUT=8'00101000 for cells of type $lut.
Using template $paramod\$lut\WIDTH=32'00000000000000000000000000000010\LUT=4'1000 for cells of type $lut.
Using template $paramod$364c9ffbffac467d60dfec81bba4e18476c15602\$lut for cells of type $lut.
Using template $paramod$93b5db9f03527dade2bd85d35fb5c9f4bf58f9b4\$lut for cells of type $lut.
Using template $paramod\$lut\WIDTH=32'00000000000000000000000000000011\LUT=8'10011100 for cells of type $lut.
Using template $paramod$03a20eca73bd327db6f1c60cd9bb6850dcfca108\$lut for cells of type $lut.
Using template $paramod$61c387311e0b7b1481f282cf3d339bc22e86cf60\$lut for cells of type $lut.
Using template $paramod$7ff112640fbb0d23e4cbbcff9d07853da570da93\$lut for cells of type $lut.
Using template $paramod\$lut\WIDTH=32'00000000000000000000000000000011\LUT=8'10010110 for cells of type $lut.
Using template $paramod\$lut\WIDTH=32'00000000000000000000000000000011\LUT=8'00010000 for cells of type $lut.
Using template $paramod$a7defd4f918862a5b442f9ecbddab049665c36c4\$lut for cells of type $lut.
Using template $paramod\$lut\WIDTH=32'00000000000000000000000000000011\LUT=8'11100000 for cells of type $lut.
Using template $paramod$fc9a29568712ccde4cf1db9c7b754dde95820a70\$lut for cells of type $lut.
Using template $paramod$a5418d8d6066eeba80e267f69a1246d860db9d32\$lut for cells of type $lut.
Using template $paramod$afaeb2e188b86954d3dfec94b286b8bd89485e66\$lut for cells of type $lut.
Using template $paramod$8511620ac19936d2cfc7b6c5ad7b35ef8bb8fc70\$lut for cells of type $lut.
Using template $paramod$0f71ea37248b72e66d575a448ad832b3423dec7d\$lut for cells of type $lut.
Using template $paramod$28b671e3494d9ab382596a37cf681994cba8c59f\$lut for cells of type $lut.
Using template $paramod$20a673119583bf2425a5af92b73e64320073ab43\$lut for cells of type $lut.
Using template $paramod$efa8abae4babea430d822d3b66983d4e80d973ce\$lut for cells of type $lut.
Using template $paramod$3a15f0f0706d7d75109c4f8e9a1b81ee0b034c9d\$lut for cells of type $lut.
Using template $paramod$d13698d7bcdf0772af5cc6d37da3444540de8179\$lut for cells of type $lut.
Using template $paramod$a6e7a50a746a4a98209a76b6509dd0d9a967f0c7\$lut for cells of type $lut.
Using template $paramod$a30baca5e8f54efabdd76538873694f1ed82709b\$lut for cells of type $lut.
Using template $paramod$11e478df2d28ad00475d5dd61d1cac264a05c1ce\$lut for cells of type $lut.
No more expansions possible.
<suppressed ~590 debug messages>

5.25. Executing OPT_LUT_INS pass (discard unused LUT inputs).
Optimizing LUTs in fir8_wrapper.

5.26. Executing SETUNDEF pass (replace undef values with defined constants).

5.27. Executing HILOMAP pass (mapping to constant drivers).

5.28. Executing SPLITNETS pass (splitting up multi-bit signals).
Removed 0 unused cells and 386 unused wires.

5.29. Executing AUTONAME pass.
Renamed 3795 objects in module fir8_wrapper (24 iterations).
<suppressed ~1261 debug messages>

5.30. Executing HIERARCHY pass (managing design hierarchy).
Attribute `top' found on module `fir8_wrapper'. Setting top module to fir8_wrapper.

5.30.1. Analyzing design hierarchy..
Top module:  \fir8_wrapper

5.30.2. Analyzing design hierarchy..
Top module:  \fir8_wrapper
Removed 0 unused modules.

5.31. Printing statistics.

=== fir8_wrapper ===

   Number of wires:               1648
   Number of wire bits:           1648
   Number of public wires:        1648
   Number of public wire bits:    1648
   Number of ports:                 23
   Number of port bits:             23
   Number of memories:               0
   Number of memory bits:            0
   Number of processes:              0
   Number of cells:                782
     $scopeinfo                      9
     ALU                           190
     DFF                           392
     DFFE                           80
     GND                             1
     IBUF                           15
     LUT2                           26
     LUT3                            8
     LUT4                           40
     MUX2_LUT5                      12
     OBUF                            8
     VCC                             1

5.32. Executing CHECK pass (checking for obvious problems).
Checking module fir8_wrapper...
Found and reported 0 problems.

5.33. Executing Verilog backend.

5.33.1. Executing BMUXMAP pass.

5.33.2. Executing DEMUXMAP pass.
Dumping module `\fir8_wrapper'.

6. Executing Verilog backend.

6.1. Executing BMUXMAP pass.

6.2. Executing DEMUXMAP pass.
Dumping module `\fir8_wrapper'.

7. Printing statistics.

=== fir8_wrapper ===

   Number of wires:               1648
   Number of wire bits:           1648
   Number of public wires:        1648
   Number of public wire bits:    1648
   Number of ports:                 23
   Number of port bits:             23
   Number of memories:               0
   Number of memory bits:            0
   Number of processes:              0
   Number of cells:                782
     $scopeinfo                      9
     ALU                           190
     DFF                           392
     DFFE                           80
     GND                             1
     IBUF                           15
     LUT2                           26
     LUT3                            8
     LUT4                           40
     MUX2_LUT5                      12
     OBUF                            8
     VCC                             1

Warnings: 2 unique messages, 4 total
End of script. Logfile hash: 239f64b9a2, CPU: user 1.23s system 0.04s, MEM: 40.03 MB peak
Yosys 0.52+63 (git sha1 7f7ad87b7, clang++ 18.1.3 -fPIC -O3)
Time spent: 15% 8x techmap (0 sec), 14% 24x read_verilog (0 sec), ...
