
Magic 8.3 revision 538 - Compiled on Sat Aug  9 00:37:19 KST 2025.
Starting magic under Tcl interpreter
Using the terminal as the console.
WARNING: RLIMIT_NOFILE is above 1024 and Tcl_Version<9 this may cause runtime issues [rlim_cur=10240]
Using NULL graphics device.
Processing system .magicrc file
Input style lambda=0.30(p): scaleFactor=30, multiplier=1
Contact size value ignored (using GDS generation rules).
Contact size value ignored (using GDS generation rules).
Contact size value ignored (using GDS generation rules).
Contact size value ignored (using GDS generation rules).
Contact size value ignored (using GDS generation rules).
Contact size value ignored (using GDS generation rules).
The following types are not handled by extraction and will be treated as non-electrical types:
    n_field_implant p_field_implant nselect pselect glass filln filla fillb xp m1p m2p m3p comment bb 
2 Magic internal units = 1 Lambda
Using technology "scmos", version 2001a
Root cell box:
           width x height  (   llx,  lly  ), (   urx,  ury  )

microns:   0.000 x 0.000   ( 0.000,  0.000), ( 0.000,  0.000)
lambda:     0.00 x 0.00    (  0.00,  0.00 ), (  0.00,  0.00 )
internal:      0 x 0       (     0,  0    ), (     0,  0    )
Cell fir_hls read from current working directory
fir_hls: 10000 rects
fir_hls: 20000 rects
Cell NAND3X1 read from path /home/mychip/ETRI050_DesignKit/digital_ETRI
Cell NOR2X1 read from path /home/mychip/ETRI050_DesignKit/digital_ETRI
Cell AOI21X1 read from path /home/mychip/ETRI050_DesignKit/digital_ETRI
Cell OAI21X1 read from path /home/mychip/ETRI050_DesignKit/digital_ETRI
Cell DFFPOSX1 read from path /home/mychip/ETRI050_DesignKit/digital_ETRI
Cell FILL read from path /home/mychip/ETRI050_DesignKit/digital_ETRI
Scaled magic input cell FILL geometry by factor of 2
Cell INVX1 read from path /home/mychip/ETRI050_DesignKit/digital_ETRI
Cell NAND2X1 read from path /home/mychip/ETRI050_DesignKit/digital_ETRI
Cell OAI22X1 read from path /home/mychip/ETRI050_DesignKit/digital_ETRI
Cell MUX2X1 read from path /home/mychip/ETRI050_DesignKit/digital_ETRI
Cell BUFX2 read from path /home/mychip/ETRI050_DesignKit/digital_ETRI
Cell AND2X2 read from path /home/mychip/ETRI050_DesignKit/digital_ETRI
Cell AOI22X1 read from path /home/mychip/ETRI050_DesignKit/digital_ETRI
Cell OR2X2 read from path /home/mychip/ETRI050_DesignKit/digital_ETRI
Cell INVX2 read from path /home/mychip/ETRI050_DesignKit/digital_ETRI
Cell CLKBUF1 read from path /home/mychip/ETRI050_DesignKit/digital_ETRI
Cell INVX8 read from path /home/mychip/ETRI050_DesignKit/digital_ETRI
Cell INVX4 read from path /home/mychip/ETRI050_DesignKit/digital_ETRI
Cell NOR3X1 read from path /home/mychip/ETRI050_DesignKit/digital_ETRI
Cell fir_hls_DRC has 27 error tiles.
Total DRC errors found: 0
This layer can't abut or partially overlap between subcells
Design-rule checker statistics (recent/total):
    Squares processed: 184/184
    Tiles processed: 952368/952368
    Edges pieces processed: 1966418/1966418
    Constraint areas checked: 10071943/10071943
    Multi-tile constraints: 7228903/7228903
    Interaction areas processed: 198/198
    Tiles processed for interactions: 952368/952368
    Tiles processed for arrays: 0/0
Root cell box:
           width x height  (   llx,  lly  ), (   urx,  ury  )  area (units^2)

microns:  1206.600 x 949.050  (-9.300, -3.600), ( 1197.300,  945.450)  1145123.875
lambda:   4022.00 x 3163.50  (-31.00, -12.00), ( 3991.00,  3151.50)  12723597.00
internal:   8044 x 6327    (   -62, -24   ), (  7982,  6303 )  50894388  
