
Magic 8.3 revision 489 - Compiled on Thu 22 Aug 2024 08:13:09 AM KST.
Starting magic under Tcl interpreter
Using the terminal as the console.
Using NULL graphics device.
Processing system .magicrc file
Input style lambda=0.30(p): scaleFactor=30, multiplier=1
Contact size value ignored (using GDS generation rules).
Contact size value ignored (using GDS generation rules).
Contact size value ignored (using GDS generation rules).
Contact size value ignored (using GDS generation rules).
Contact size value ignored (using GDS generation rules).
Contact size value ignored (using GDS generation rules).
The following types are not handled by extraction and will be treated as non-electrical types:
    n_field_implant p_field_implant nselect pselect glass filln filla fillb xp m1p m2p m3p comment bb 
2 Magic internal units = 1 Lambda
Using technology "scmos", version 2001a
Root cell box:
           width x height  (   llx,  lly  ), (   urx,  ury  )

microns:   0.000 x 0.000   ( 0.000,  0.000), ( 0.000,  0.000)
lambda:     0.00 x 0.00    (  0.00,  0.00 ), (  0.00,  0.00 )
internal:      0 x 0       (     0,  0    ), (     0,  0    )
Cell ALU_wrapper_Core read from current working directory
Input cell ALU_wrapper_Core scales magic internal geometry by factor of 15
ALU_wrapper_Core: 10000 rects
ALU_wrapper_Core: 20000 rects
Cell FILL read from path /home/goodkook/ETRI050_DesignKit/digital_ETRI
Scaled magic input cell FILL geometry by factor of 30
Cell CLKBUF1 read from path /home/goodkook/ETRI050_DesignKit/digital_ETRI
Scaled magic input cell CLKBUF1 geometry by factor of 15
Cell BUFX2 read from path /home/goodkook/ETRI050_DesignKit/digital_ETRI
Scaled magic input cell BUFX2 geometry by factor of 15
Cell NAND2X1 read from path /home/goodkook/ETRI050_DesignKit/digital_ETRI
Scaled magic input cell NAND2X1 geometry by factor of 15
Cell NAND3X1 read from path /home/goodkook/ETRI050_DesignKit/digital_ETRI
Scaled magic input cell NAND3X1 geometry by factor of 15
Cell INVX1 read from path /home/goodkook/ETRI050_DesignKit/digital_ETRI
Scaled magic input cell INVX1 geometry by factor of 15
Cell XOR2X1 read from path /home/goodkook/ETRI050_DesignKit/digital_ETRI
Scaled magic input cell XOR2X1 geometry by factor of 15
Cell AOI21X1 read from path /home/goodkook/ETRI050_DesignKit/digital_ETRI
Scaled magic input cell AOI21X1 geometry by factor of 15
Cell OAI21X1 read from path /home/goodkook/ETRI050_DesignKit/digital_ETRI
Scaled magic input cell OAI21X1 geometry by factor of 15
Cell NOR2X1 read from path /home/goodkook/ETRI050_DesignKit/digital_ETRI
Scaled magic input cell NOR2X1 geometry by factor of 15
Cell AND2X2 read from path /home/goodkook/ETRI050_DesignKit/digital_ETRI
Scaled magic input cell AND2X2 geometry by factor of 15
Cell AOI22X1 read from path /home/goodkook/ETRI050_DesignKit/digital_ETRI
Scaled magic input cell AOI22X1 geometry by factor of 15
Cell OR2X2 read from path /home/goodkook/ETRI050_DesignKit/digital_ETRI
Scaled magic input cell OR2X2 geometry by factor of 15
Cell OAI22X1 read from path /home/goodkook/ETRI050_DesignKit/digital_ETRI
Scaled magic input cell OAI22X1 geometry by factor of 15
Cell XNOR2X1 read from path /home/goodkook/ETRI050_DesignKit/digital_ETRI
Scaled magic input cell XNOR2X1 geometry by factor of 15
Cell MUX2X1 read from path /home/goodkook/ETRI050_DesignKit/digital_ETRI
Scaled magic input cell MUX2X1 geometry by factor of 15
Cell INVX2 read from path /home/goodkook/ETRI050_DesignKit/digital_ETRI
Scaled magic input cell INVX2 geometry by factor of 15
Cell INVX4 read from path /home/goodkook/ETRI050_DesignKit/digital_ETRI
Scaled magic input cell INVX4 geometry by factor of 15
Cell DFFSR read from path /home/goodkook/ETRI050_DesignKit/digital_ETRI
Scaled magic input cell DFFSR geometry by factor of 15
Cell DFFPOSX1 read from path /home/goodkook/ETRI050_DesignKit/digital_ETRI
Scaled magic input cell DFFPOSX1 geometry by factor of 15
Cell NOR3X1 read from path /home/goodkook/ETRI050_DesignKit/digital_ETRI
Scaled magic input cell NOR3X1 geometry by factor of 15
Extracting FILL into /home/goodkook/ETRI050_DesignKit/digital_ETRI/FILL.ext:
Extracting CLKBUF1 into /home/goodkook/ETRI050_DesignKit/digital_ETRI/CLKBUF1.ext:
Extracting BUFX2 into /home/goodkook/ETRI050_DesignKit/digital_ETRI/BUFX2.ext:
Extracting NAND2X1 into /home/goodkook/ETRI050_DesignKit/digital_ETRI/NAND2X1.ext:
Extracting NAND3X1 into /home/goodkook/ETRI050_DesignKit/digital_ETRI/NAND3X1.ext:
Extracting INVX1 into /home/goodkook/ETRI050_DesignKit/digital_ETRI/INVX1.ext:
Extracting XOR2X1 into /home/goodkook/ETRI050_DesignKit/digital_ETRI/XOR2X1.ext:
Extracting AOI21X1 into /home/goodkook/ETRI050_DesignKit/digital_ETRI/AOI21X1.ext:
Extracting OAI21X1 into /home/goodkook/ETRI050_DesignKit/digital_ETRI/OAI21X1.ext:
Extracting NOR2X1 into /home/goodkook/ETRI050_DesignKit/digital_ETRI/NOR2X1.ext:
Extracting AND2X2 into /home/goodkook/ETRI050_DesignKit/digital_ETRI/AND2X2.ext:
Extracting AOI22X1 into /home/goodkook/ETRI050_DesignKit/digital_ETRI/AOI22X1.ext:
Extracting OR2X2 into /home/goodkook/ETRI050_DesignKit/digital_ETRI/OR2X2.ext:
Extracting OAI22X1 into /home/goodkook/ETRI050_DesignKit/digital_ETRI/OAI22X1.ext:
Extracting XNOR2X1 into /home/goodkook/ETRI050_DesignKit/digital_ETRI/XNOR2X1.ext:
Extracting MUX2X1 into /home/goodkook/ETRI050_DesignKit/digital_ETRI/MUX2X1.ext:
Extracting INVX2 into /home/goodkook/ETRI050_DesignKit/digital_ETRI/INVX2.ext:
Extracting INVX4 into /home/goodkook/ETRI050_DesignKit/digital_ETRI/INVX4.ext:
Extracting DFFSR into /home/goodkook/ETRI050_DesignKit/digital_ETRI/DFFSR.ext:
Extracting DFFPOSX1 into /home/goodkook/ETRI050_DesignKit/digital_ETRI/DFFPOSX1.ext:
Extracting NOR3X1 into /home/goodkook/ETRI050_DesignKit/digital_ETRI/NOR3X1.ext:
Extracting ALU_wrapper_Core into ALU_wrapper_Core.ext:
exttospice finished.
Netgen 1.5.277 compiled on Thu 22 Aug 2024 08:13:20 AM KST
Warning: netgen command 'format' use fully-qualified name '::netgen::format'
Warning: netgen command 'global' use fully-qualified name '::netgen::global'
Reading netlist file ALU_wrapper_Core.spice
Reading netlist file ../synthesis/ALU_wrapper.spc
Call to undefined subcircuit FILL
Creating placeholder cell definition.

Reading setup file /home/goodkook/ETRI050_DesignKit/tech/etri050_setup.tcl

No property ad found for device nfet
No property pd found for device nfet
No property as found for device nfet
No property ps found for device nfet
No property ad found for device pfet
No property pd found for device pfet
No property as found for device pfet
No property ps found for device pfet
Warning:  There were errors reading the setup file
Comparison output logged to file LVS_ALU_wrapper_Core.txt
Logging to file "LVS_ALU_wrapper_Core.txt" enabled

Contents of circuit 1:  Circuit: 'AND2X2'
Circuit AND2X2 contains 6 device instances.
  Class: pfet                  instances:   3
  Class: nfet                  instances:   3
Circuit contains 7 nets.
Contents of circuit 2:  Circuit: 'AND2X2'
Circuit AND2X2 contains 6 device instances.
  Class: pfet                  instances:   3
  Class: nfet                  instances:   3
Circuit contains 7 nets.

Circuit 1 contains 6 devices, Circuit 2 contains 6 devices.
Circuit 1 contains 7 nets,    Circuit 2 contains 7 nets.


Contents of circuit 1:  Circuit: 'OAI21X1'
Circuit OAI21X1 contains 6 device instances.
  Class: pfet                  instances:   3
  Class: nfet                  instances:   3
Circuit contains 8 nets.
Contents of circuit 2:  Circuit: 'OAI21X1'
Circuit OAI21X1 contains 6 device instances.
  Class: pfet                  instances:   3
  Class: nfet                  instances:   3
Circuit contains 8 nets.

Circuit 1 contains 6 devices, Circuit 2 contains 6 devices.
Circuit 1 contains 8 nets,    Circuit 2 contains 8 nets.


Contents of circuit 1:  Circuit: 'NAND3X1'
Circuit NAND3X1 contains 6 device instances.
  Class: pfet                  instances:   3
  Class: nfet                  instances:   3
Circuit contains 8 nets.
Contents of circuit 2:  Circuit: 'NAND3X1'
Circuit NAND3X1 contains 6 device instances.
  Class: pfet                  instances:   3
  Class: nfet                  instances:   3
Circuit contains 8 nets.

Circuit 1 contains 6 devices, Circuit 2 contains 6 devices.
Circuit 1 contains 8 nets,    Circuit 2 contains 8 nets.


Contents of circuit 1:  Circuit: 'INVX1'
Circuit INVX1 contains 2 device instances.
  Class: pfet                  instances:   1
  Class: nfet                  instances:   1
Circuit contains 4 nets.
Contents of circuit 2:  Circuit: 'INVX1'
Circuit INVX1 contains 2 device instances.
  Class: pfet                  instances:   1
  Class: nfet                  instances:   1
Circuit contains 4 nets.

Circuit 1 contains 2 devices, Circuit 2 contains 2 devices.
Circuit 1 contains 4 nets,    Circuit 2 contains 4 nets.


Contents of circuit 1:  Circuit: 'AOI21X1'
Circuit AOI21X1 contains 6 device instances.
  Class: pfet                  instances:   3
  Class: nfet                  instances:   3
Circuit contains 8 nets.
Contents of circuit 2:  Circuit: 'AOI21X1'
Circuit AOI21X1 contains 6 device instances.
  Class: pfet                  instances:   3
  Class: nfet                  instances:   3
Circuit contains 8 nets.

Circuit 1 contains 6 devices, Circuit 2 contains 6 devices.
Circuit 1 contains 8 nets,    Circuit 2 contains 8 nets.


Contents of circuit 1:  Circuit: 'OAI22X1'
Circuit OAI22X1 contains 8 device instances.
  Class: pfet                  instances:   4
  Class: nfet                  instances:   4
Circuit contains 10 nets.
Contents of circuit 2:  Circuit: 'OAI22X1'
Circuit OAI22X1 contains 8 device instances.
  Class: pfet                  instances:   4
  Class: nfet                  instances:   4
Circuit contains 10 nets.

Circuit 1 contains 8 devices, Circuit 2 contains 8 devices.
Circuit 1 contains 10 nets,    Circuit 2 contains 10 nets.


Contents of circuit 1:  Circuit: 'NOR2X1'
Circuit NOR2X1 contains 4 device instances.
  Class: pfet                  instances:   2
  Class: nfet                  instances:   2
Circuit contains 6 nets.
Contents of circuit 2:  Circuit: 'NOR2X1'
Circuit NOR2X1 contains 4 device instances.
  Class: pfet                  instances:   2
  Class: nfet                  instances:   2
Circuit contains 6 nets.

Circuit 1 contains 4 devices, Circuit 2 contains 4 devices.
Circuit 1 contains 6 nets,    Circuit 2 contains 6 nets.


Contents of circuit 1:  Circuit: 'NAND2X1'
Circuit NAND2X1 contains 4 device instances.
  Class: pfet                  instances:   2
  Class: nfet                  instances:   2
Circuit contains 6 nets.
Contents of circuit 2:  Circuit: 'NAND2X1'
Circuit NAND2X1 contains 4 device instances.
  Class: pfet                  instances:   2
  Class: nfet                  instances:   2
Circuit contains 6 nets.

Circuit 1 contains 4 devices, Circuit 2 contains 4 devices.
Circuit 1 contains 6 nets,    Circuit 2 contains 6 nets.


Contents of circuit 1:  Circuit: 'XNOR2X1'
Circuit XNOR2X1 contains 12 device instances.
  Class: pfet                  instances:   6
  Class: nfet                  instances:   6
Circuit contains 11 nets.
Contents of circuit 2:  Circuit: 'XNOR2X1'
Circuit XNOR2X1 contains 12 device instances.
  Class: pfet                  instances:   6
  Class: nfet                  instances:   6
Circuit contains 11 nets.

Circuit 1 contains 12 devices, Circuit 2 contains 12 devices.
Circuit 1 contains 11 nets,    Circuit 2 contains 11 nets.


Contents of circuit 1:  Circuit: 'BUFX2'
Circuit BUFX2 contains 4 device instances.
  Class: pfet                  instances:   2
  Class: nfet                  instances:   2
Circuit contains 5 nets.
Contents of circuit 2:  Circuit: 'BUFX2'
Circuit BUFX2 contains 4 device instances.
  Class: pfet                  instances:   2
  Class: nfet                  instances:   2
Circuit contains 5 nets.

Circuit 1 contains 4 devices, Circuit 2 contains 4 devices.
Circuit 1 contains 5 nets,    Circuit 2 contains 5 nets.


Contents of circuit 1:  Circuit: 'INVX4'
Circuit INVX4 contains 4 device instances.
  Class: pfet                  instances:   2
  Class: nfet                  instances:   2
Circuit contains 4 nets.
Contents of circuit 2:  Circuit: 'INVX4'
Circuit INVX4 contains 4 device instances.
  Class: pfet                  instances:   2
  Class: nfet                  instances:   2
Circuit contains 4 nets.

Circuit was modified by parallel/series device merging.
New circuit summary:

Contents of circuit 1:  Circuit: 'INVX4'
Circuit INVX4 contains 2 device instances.
  Class: pfet                  instances:   1
  Class: nfet                  instances:   1
Circuit contains 4 nets.
Contents of circuit 2:  Circuit: 'INVX4'
Circuit INVX4 contains 2 device instances.
  Class: pfet                  instances:   1
  Class: nfet                  instances:   1
Circuit contains 4 nets.

Circuit 1 contains 2 devices, Circuit 2 contains 2 devices.
Circuit 1 contains 4 nets,    Circuit 2 contains 4 nets.


Contents of circuit 1:  Circuit: 'DFFPOSX1'
Circuit DFFPOSX1 contains 22 device instances.
  Class: pfet                  instances:  11
  Class: nfet                  instances:  11
Circuit contains 17 nets.
Contents of circuit 2:  Circuit: 'DFFPOSX1'
Circuit DFFPOSX1 contains 22 device instances.
  Class: pfet                  instances:  11
  Class: nfet                  instances:  11
Circuit contains 17 nets.

Circuit 1 contains 22 devices, Circuit 2 contains 22 devices.
Circuit 1 contains 17 nets,    Circuit 2 contains 17 nets.


Contents of circuit 1:  Circuit: 'INVX2'
Circuit INVX2 contains 2 device instances.
  Class: pfet                  instances:   1
  Class: nfet                  instances:   1
Circuit contains 4 nets.
Contents of circuit 2:  Circuit: 'INVX2'
Circuit INVX2 contains 2 device instances.
  Class: pfet                  instances:   1
  Class: nfet                  instances:   1
Circuit contains 4 nets.

Circuit 1 contains 2 devices, Circuit 2 contains 2 devices.
Circuit 1 contains 4 nets,    Circuit 2 contains 4 nets.


Contents of circuit 1:  Circuit: 'OR2X2'
Circuit OR2X2 contains 6 device instances.
  Class: pfet                  instances:   3
  Class: nfet                  instances:   3
Circuit contains 7 nets.
Contents of circuit 2:  Circuit: 'OR2X2'
Circuit OR2X2 contains 6 device instances.
  Class: pfet                  instances:   3
  Class: nfet                  instances:   3
Circuit contains 7 nets.

Circuit 1 contains 6 devices, Circuit 2 contains 6 devices.
Circuit 1 contains 7 nets,    Circuit 2 contains 7 nets.


Contents of circuit 1:  Circuit: 'XOR2X1'
Circuit XOR2X1 contains 12 device instances.
  Class: pfet                  instances:   6
  Class: nfet                  instances:   6
Circuit contains 11 nets.
Contents of circuit 2:  Circuit: 'XOR2X1'
Circuit XOR2X1 contains 12 device instances.
  Class: pfet                  instances:   6
  Class: nfet                  instances:   6
Circuit contains 11 nets.

Circuit 1 contains 12 devices, Circuit 2 contains 12 devices.
Circuit 1 contains 11 nets,    Circuit 2 contains 11 nets.


Contents of circuit 1:  Circuit: 'NOR3X1'
Circuit NOR3X1 contains 9 device instances.
  Class: pfet                  instances:   6
  Class: nfet                  instances:   3
Circuit contains 8 nets.
Contents of circuit 2:  Circuit: 'NOR3X1'
Circuit NOR3X1 contains 9 device instances.
  Class: pfet                  instances:   6
  Class: nfet                  instances:   3
Circuit contains 8 nets.

Circuit was modified by parallel/series device merging.
New circuit summary:

Contents of circuit 1:  Circuit: 'NOR3X1'
Circuit NOR3X1 contains 6 device instances.
  Class: pfet                  instances:   3
  Class: nfet                  instances:   3
Circuit contains 8 nets.
Contents of circuit 2:  Circuit: 'NOR3X1'
Circuit NOR3X1 contains 6 device instances.
  Class: pfet                  instances:   3
  Class: nfet                  instances:   3
Circuit contains 8 nets.

Circuit 1 contains 6 devices, Circuit 2 contains 6 devices.
Circuit 1 contains 8 nets,    Circuit 2 contains 8 nets.


Contents of circuit 1:  Circuit: 'AOI22X1'
Circuit AOI22X1 contains 8 device instances.
  Class: pfet                  instances:   4
  Class: nfet                  instances:   4
Circuit contains 10 nets.
Contents of circuit 2:  Circuit: 'AOI22X1'
Circuit AOI22X1 contains 8 device instances.
  Class: pfet                  instances:   4
  Class: nfet                  instances:   4
Circuit contains 10 nets.

Circuit 1 contains 8 devices, Circuit 2 contains 8 devices.
Circuit 1 contains 10 nets,    Circuit 2 contains 10 nets.


Contents of circuit 1:  Circuit: 'CLKBUF1'
Circuit CLKBUF1 contains 16 device instances.
  Class: pfet                  instances:   8
  Class: nfet                  instances:   8
Circuit contains 7 nets.
Contents of circuit 2:  Circuit: 'CLKBUF1'
Circuit CLKBUF1 contains 16 device instances.
  Class: pfet                  instances:   8
  Class: nfet                  instances:   8
Circuit contains 7 nets.

Circuit was modified by parallel/series device merging.
New circuit summary:

Contents of circuit 1:  Circuit: 'CLKBUF1'
Circuit CLKBUF1 contains 8 device instances.
  Class: pfet                  instances:   4
  Class: nfet                  instances:   4
Circuit contains 7 nets.
Contents of circuit 2:  Circuit: 'CLKBUF1'
Circuit CLKBUF1 contains 8 device instances.
  Class: pfet                  instances:   4
  Class: nfet                  instances:   4
Circuit contains 7 nets.

Circuit 1 contains 8 devices, Circuit 2 contains 8 devices.
Circuit 1 contains 7 nets,    Circuit 2 contains 7 nets.


Contents of circuit 1:  Circuit: 'MUX2X1'
Circuit MUX2X1 contains 10 device instances.
  Class: pfet                  instances:   5
  Class: nfet                  instances:   5
Circuit contains 11 nets.
Contents of circuit 2:  Circuit: 'MUX2X1'
Circuit MUX2X1 contains 10 device instances.
  Class: pfet                  instances:   5
  Class: nfet                  instances:   5
Circuit contains 11 nets.

Circuit 1 contains 10 devices, Circuit 2 contains 10 devices.
Circuit 1 contains 11 nets,    Circuit 2 contains 11 nets.


Contents of circuit 1:  Circuit: 'DFFSR'
Circuit DFFSR contains 32 device instances.
  Class: pfet                  instances:  16
  Class: nfet                  instances:  16
Circuit contains 20 nets.
Contents of circuit 2:  Circuit: 'DFFSR'
Circuit DFFSR contains 32 device instances.
  Class: pfet                  instances:  16
  Class: nfet                  instances:  16
Circuit contains 20 nets.

Circuit 1 contains 32 devices, Circuit 2 contains 32 devices.
Circuit 1 contains 20 nets,    Circuit 2 contains 20 nets.


Contents of circuit 1:  Circuit: 'ALU_wrapper_Core'
Circuit ALU_wrapper_Core contains 975 device instances.
  Class: NOR3X1                instances:   4
  Class: OR2X2                 instances:  14
  Class: MUX2X1                instances:   2
  Class: AOI22X1               instances:  38
  Class: NOR2X1                instances:  54
  Class: NAND3X1               instances: 137
  Class: OAI22X1               instances:   6
  Class: DFFPOSX1              instances:  24
  Class: XOR2X1                instances:  13
  Class: AOI21X1               instances:  90
  Class: NAND2X1               instances: 158
  Class: OAI21X1               instances: 214
  Class: XNOR2X1               instances:   8
  Class: BUFX2                 instances:  41
  Class: DFFSR                 instances:   3
  Class: AND2X2                instances:  34
  Class: CLKBUF1               instances:   5
  Class: INVX1                 instances: 117
  Class: INVX2                 instances:   9
  Class: INVX4                 instances:   4
Circuit contains 990 nets.
Contents of circuit 2:  Circuit: 'ALU_wrapper'
Circuit ALU_wrapper contains 975 device instances.
  Class: NOR3X1                instances:   4
  Class: OR2X2                 instances:  14
  Class: MUX2X1                instances:   2
  Class: AOI22X1               instances:  38
  Class: NOR2X1                instances:  54
  Class: NAND3X1               instances: 137
  Class: OAI22X1               instances:   6
  Class: DFFPOSX1              instances:  24
  Class: XOR2X1                instances:  13
  Class: AOI21X1               instances:  90
  Class: NAND2X1               instances: 158
  Class: OAI21X1               instances: 214
  Class: XNOR2X1               instances:   8
  Class: BUFX2                 instances:  41
  Class: DFFSR                 instances:   3
  Class: AND2X2                instances:  34
  Class: CLKBUF1               instances:   5
  Class: INVX1                 instances: 117
  Class: INVX2                 instances:   9
  Class: INVX4                 instances:   4
Circuit contains 990 nets.

Circuit 1 contains 975 devices, Circuit 2 contains 975 devices.
Circuit 1 contains 990 nets,    Circuit 2 contains 990 nets.


Final result: 
Circuits match uniquely.
.
Logging to file "LVS_ALU_wrapper_Core.txt" disabled
LVS Done.
