/home/goodkook/ETRI050_DesignKit/devel/Tutorials/7-2_Vitis-HLS_fxp_sqrt/Vitis-HLS/hls_component/fxp_sqrt_top/hls/.autopilot/db/fxp_sqrt_top.pp.0.cpp:2259:5: warning: Added loop label VITIS_LOOP_676_1:   [xilinx-label-all-loops]
    for (unsigned i = low; i != high+1; ++i) {
    ^~~
    VITIS_LOOP_676_1: 
/home/goodkook/ETRI050_DesignKit/devel/Tutorials/7-2_Vitis-HLS_fxp_sqrt/Vitis-HLS/hls_component/fxp_sqrt_top/hls/.autopilot/db/fxp_sqrt_top.pp.0.cpp:2259:5: note: FIX-IT applied suggested code changes
/home/goodkook/ETRI050_DesignKit/devel/Tutorials/7-2_Vitis-HLS_fxp_sqrt/Vitis-HLS/hls_component/fxp_sqrt_top/hls/.autopilot/db/fxp_sqrt_top.pp.0.cpp:2273:5: warning: Added loop label VITIS_LOOP_690_1:   [xilinx-label-all-loops]
    for (unsigned i = low; i != high+1; ++i) {
    ^~~
    VITIS_LOOP_690_1: 
/home/goodkook/ETRI050_DesignKit/devel/Tutorials/7-2_Vitis-HLS_fxp_sqrt/Vitis-HLS/hls_component/fxp_sqrt_top/hls/.autopilot/db/fxp_sqrt_top.pp.0.cpp:2273:5: note: FIX-IT applied suggested code changes
/home/goodkook/ETRI050_DesignKit/devel/Tutorials/7-2_Vitis-HLS_fxp_sqrt/Vitis-HLS/hls_component/fxp_sqrt_top/hls/.autopilot/db/fxp_sqrt_top.pp.0.cpp:2287:5: warning: Added loop label VITIS_LOOP_704_1:   [xilinx-label-all-loops]
    for (unsigned i = low; i != high+1; ++i) {
    ^~~
    VITIS_LOOP_704_1: 
/home/goodkook/ETRI050_DesignKit/devel/Tutorials/7-2_Vitis-HLS_fxp_sqrt/Vitis-HLS/hls_component/fxp_sqrt_top/hls/.autopilot/db/fxp_sqrt_top.pp.0.cpp:2287:5: note: FIX-IT applied suggested code changes
/home/goodkook/ETRI050_DesignKit/devel/Tutorials/7-2_Vitis-HLS_fxp_sqrt/Vitis-HLS/hls_component/fxp_sqrt_top/hls/.autopilot/db/fxp_sqrt_top.pp.0.cpp:3921:7: warning: Added loop label VITIS_LOOP_1248_1:   [xilinx-label-all-loops]
      for (i = 0; i < __N - 1; ++i) {
      ^~~
      VITIS_LOOP_1248_1: 
/home/goodkook/ETRI050_DesignKit/devel/Tutorials/7-2_Vitis-HLS_fxp_sqrt/Vitis-HLS/hls_component/fxp_sqrt_top/hls/.autopilot/db/fxp_sqrt_top.pp.0.cpp:3921:7: note: FIX-IT applied suggested code changes
/home/goodkook/ETRI050_DesignKit/devel/Tutorials/7-2_Vitis-HLS_fxp_sqrt/Vitis-HLS/hls_component/fxp_sqrt_top/hls/.autopilot/db/fxp_sqrt_top.pp.0.cpp:5818:5: warning: Added loop label VITIS_LOOP_104_1:   [xilinx-label-all-loops]
    for (int i = 0; i <= ROOT_PREC; i++) {
    ^~~
    VITIS_LOOP_104_1: 
/home/goodkook/ETRI050_DesignKit/devel/Tutorials/7-2_Vitis-HLS_fxp_sqrt/Vitis-HLS/hls_component/fxp_sqrt_top/hls/.autopilot/db/fxp_sqrt_top.pp.0.cpp:5818:5: note: FIX-IT applied suggested code changes
