
Subcircuit summary:
Circuit 1: BUFX2                           |Circuit 2: bufX2                           
-------------------------------------------|-------------------------------------------
pfet (2)                                   |pfet (2)                                   
nfet (2)                                   |nfet (2)                                   
Number of devices: 4                       |Number of devices: 4                       
Number of nets: 5                          |Number of nets: 5                          
---------------------------------------------------------------------------------------
Circuits match uniquely.
Property errors were found.
Netlists match uniquely.
There were property errors.
nfet1003 vs. nfet4:
 W circuit1: 4e-06   circuit2: 2e-06   (delta=66.7%, cutoff=0%)

Subcircuit pins:
Circuit 1: BUFX2                           |Circuit 2: bufX2                           
-------------------------------------------|-------------------------------------------
A                                          |A                                          
Y                                          |Y                                          
vdd                                        |vdd                                        
gnd                                        |gnd                                        
---------------------------------------------------------------------------------------
Cell pin lists are equivalent.
Device classes BUFX2 and bufX2 are equivalent.

Subcircuit summary:
Circuit 1: DFFPOSX1                        |Circuit 2: dffposX1                        
-------------------------------------------|-------------------------------------------
pfet (11)                                  |pfet (11)                                  
nfet (11)                                  |nfet (11)                                  
Number of devices: 22                      |Number of devices: 22                      
Number of nets: 17                         |Number of nets: 17                         
---------------------------------------------------------------------------------------
Circuits match uniquely.
Netlists match uniquely.

Subcircuit pins:
Circuit 1: DFFPOSX1                        |Circuit 2: dffposX1                        
-------------------------------------------|-------------------------------------------
Q                                          |Q                                          
D                                          |D                                          
CLK                                        |CLK                                        
vdd                                        |vdd                                        
gnd                                        |gnd                                        
---------------------------------------------------------------------------------------
Cell pin lists are equivalent.
Device classes DFFPOSX1 and dffposX1 are equivalent.

Subcircuit summary:
Circuit 1: INVX1                           |Circuit 2: invX1                           
-------------------------------------------|-------------------------------------------
pfet (1)                                   |pfet (1)                                   
nfet (1)                                   |nfet (1)                                   
Number of devices: 2                       |Number of devices: 2                       
Number of nets: 4                          |Number of nets: 4                          
---------------------------------------------------------------------------------------
Circuits match uniquely.
Netlists match uniquely.

Subcircuit pins:
Circuit 1: INVX1                           |Circuit 2: invX1                           
-------------------------------------------|-------------------------------------------
Y                                          |Y                                          
A                                          |A                                          
vdd                                        |vdd                                        
gnd                                        |gnd                                        
---------------------------------------------------------------------------------------
Cell pin lists are equivalent.
Device classes INVX1 and invX1 are equivalent.

Subcircuit summary:
Circuit 1: NAND2X1                         |Circuit 2: nand2X1                         
-------------------------------------------|-------------------------------------------
pfet (2)                                   |pfet (2)                                   
nfet (2)                                   |nfet (2)                                   
Number of devices: 4                       |Number of devices: 4                       
Number of nets: 6                          |Number of nets: 6                          
---------------------------------------------------------------------------------------
Circuits match uniquely.
Netlists match uniquely.

Subcircuit pins:
Circuit 1: NAND2X1                         |Circuit 2: nand2X1                         
-------------------------------------------|-------------------------------------------
vdd                                        |vdd                                        
A                                          |A                                          
B                                          |B                                          
Y                                          |Y                                          
gnd                                        |gnd                                        
---------------------------------------------------------------------------------------
Cell pin lists are equivalent.
Device classes NAND2X1 and nand2X1 are equivalent.

Subcircuit summary:
Circuit 1: OAI21X1                         |Circuit 2: oai21X1                         
-------------------------------------------|-------------------------------------------
pfet (3)                                   |pfet (3)                                   
nfet (3)                                   |nfet (3)                                   
Number of devices: 6                       |Number of devices: 6                       
Number of nets: 8                          |Number of nets: 8                          
---------------------------------------------------------------------------------------
Circuits match uniquely.
Netlists match uniquely.

Subcircuit pins:
Circuit 1: OAI21X1                         |Circuit 2: oai21X1                         
-------------------------------------------|-------------------------------------------
Y                                          |Y                                          
vdd                                        |vdd                                        
gnd                                        |gnd                                        
A                                          |A                                          
B                                          |B                                          
C                                          |C                                          
---------------------------------------------------------------------------------------
Cell pin lists are equivalent.
Device classes OAI21X1 and oai21X1 are equivalent.

Subcircuit summary:
Circuit 1: AOI21X1                         |Circuit 2: aoi21X1                         
-------------------------------------------|-------------------------------------------
pfet (3)                                   |pfet (3)                                   
nfet (3)                                   |nfet (3)                                   
Number of devices: 6                       |Number of devices: 6                       
Number of nets: 8                          |Number of nets: 8                          
---------------------------------------------------------------------------------------
Circuits match uniquely.
Netlists match uniquely.

Subcircuit pins:
Circuit 1: AOI21X1                         |Circuit 2: aoi21X1                         
-------------------------------------------|-------------------------------------------
Y                                          |Y                                          
A                                          |A                                          
B                                          |B                                          
C                                          |C                                          
vdd                                        |vdd                                        
gnd                                        |gnd                                        
---------------------------------------------------------------------------------------
Cell pin lists are equivalent.
Device classes AOI21X1 and aoi21X1 are equivalent.

Subcircuit summary:
Circuit 1: OAI22X1                         |Circuit 2: oai22X1                         
-------------------------------------------|-------------------------------------------
pfet (4)                                   |pfet (4)                                   
nfet (4)                                   |nfet (4)                                   
Number of devices: 8                       |Number of devices: 8                       
Number of nets: 10                         |Number of nets: 10                         
---------------------------------------------------------------------------------------
Circuits match uniquely.
Netlists match uniquely.

Subcircuit pins:
Circuit 1: OAI22X1                         |Circuit 2: oai22X1                         
-------------------------------------------|-------------------------------------------
Y                                          |Y                                          
vdd                                        |vdd                                        
gnd                                        |gnd                                        
A                                          |A                                          
B                                          |B                                          
D                                          |D                                          
C                                          |C                                          
---------------------------------------------------------------------------------------
Cell pin lists are equivalent.
Device classes OAI22X1 and oai22X1 are equivalent.

Subcircuit summary:
Circuit 1: MUX2X1                          |Circuit 2: mux2X1                          
-------------------------------------------|-------------------------------------------
pfet (5)                                   |pfet (5)                                   
nfet (5)                                   |nfet (5)                                   
Number of devices: 10                      |Number of devices: 10                      
Number of nets: 11                         |Number of nets: 11                         
---------------------------------------------------------------------------------------
Circuits match uniquely.
Netlists match uniquely.

Subcircuit pins:
Circuit 1: MUX2X1                          |Circuit 2: mux2X1                          
-------------------------------------------|-------------------------------------------
B                                          |B                                          
A                                          |A                                          
S                                          |S                                          
Y                                          |Y                                          
vdd                                        |vdd                                        
gnd                                        |gnd                                        
---------------------------------------------------------------------------------------
Cell pin lists are equivalent.
Device classes MUX2X1 and mux2X1 are equivalent.

Subcircuit summary:
Circuit 1: AOI22X1                         |Circuit 2: aoi22X1                         
-------------------------------------------|-------------------------------------------
pfet (4)                                   |pfet (4)                                   
nfet (4)                                   |nfet (4)                                   
Number of devices: 8                       |Number of devices: 8                       
Number of nets: 10                         |Number of nets: 10                         
---------------------------------------------------------------------------------------
Circuits match uniquely.
Netlists match uniquely.

Subcircuit pins:
Circuit 1: AOI22X1                         |Circuit 2: aoi22X1                         
-------------------------------------------|-------------------------------------------
Y                                          |Y                                          
A                                          |A                                          
B                                          |B                                          
D                                          |D                                          
C                                          |C                                          
vdd                                        |vdd                                        
gnd                                        |gnd                                        
---------------------------------------------------------------------------------------
Cell pin lists are equivalent.
Device classes AOI22X1 and aoi22X1 are equivalent.

Subcircuit summary:
Circuit 1: OR2X1                           |Circuit 2: or2X1                           
-------------------------------------------|-------------------------------------------
pfet (3)                                   |pfet (3)                                   
nfet (3)                                   |nfet (3)                                   
Number of devices: 6                       |Number of devices: 6                       
Number of nets: 7                          |Number of nets: 7                          
---------------------------------------------------------------------------------------
Circuits match uniquely.
Netlists match uniquely.

Subcircuit pins:
Circuit 1: OR2X1                           |Circuit 2: or2X1                           
-------------------------------------------|-------------------------------------------
gnd                                        |gnd                                        
vdd                                        |vdd                                        
A                                          |A                                          
B                                          |B                                          
Y                                          |Y                                          
---------------------------------------------------------------------------------------
Cell pin lists are equivalent.
Device classes OR2X1 and or2X1 are equivalent.

Subcircuit summary:
Circuit 1: NAND3X1                         |Circuit 2: nand3X1                         
-------------------------------------------|-------------------------------------------
pfet (3)                                   |pfet (3)                                   
nfet (3)                                   |nfet (3)                                   
Number of devices: 6                       |Number of devices: 6                       
Number of nets: 8                          |Number of nets: 8                          
---------------------------------------------------------------------------------------
Circuits match uniquely.
Netlists match uniquely.

Subcircuit pins:
Circuit 1: NAND3X1                         |Circuit 2: nand3X1                         
-------------------------------------------|-------------------------------------------
vdd                                        |vdd                                        
A                                          |A                                          
B                                          |B                                          
C                                          |C                                          
Y                                          |Y                                          
gnd                                        |gnd                                        
---------------------------------------------------------------------------------------
Cell pin lists are equivalent.
Device classes NAND3X1 and nand3X1 are equivalent.

Subcircuit summary:
Circuit 1: NOR2X1                          |Circuit 2: nor2X1                          
-------------------------------------------|-------------------------------------------
pfet (2)                                   |pfet (2)                                   
nfet (2)                                   |nfet (2)                                   
Number of devices: 4                       |Number of devices: 4                       
Number of nets: 6                          |Number of nets: 6                          
---------------------------------------------------------------------------------------
Circuits match uniquely.
Netlists match uniquely.

Subcircuit pins:
Circuit 1: NOR2X1                          |Circuit 2: nor2X1                          
-------------------------------------------|-------------------------------------------
gnd                                        |gnd                                        
vdd                                        |vdd                                        
Y                                          |Y                                          
A                                          |A                                          
B                                          |B                                          
---------------------------------------------------------------------------------------
Cell pin lists are equivalent.
Device classes NOR2X1 and nor2X1 are equivalent.

Subcircuit summary:
Circuit 1: map9v3.spice                    |Circuit 2: map9v3_test.spice               
-------------------------------------------|-------------------------------------------
BUFX2 (10)                                 |bufX2 (10)                                 
DFFPOSX1 (30)                              |dffposX1 (30)                              
INVX1 (39)                                 |invX1 (39)                                 
NAND2X1 (25)                               |nand2X1 (25)                               
OAI21X1 (21)                               |oai21X1 (21)                               
AOI21X1 (7)                                |aoi21X1 (7)                                
OAI22X1 (14)                               |oai22X1 (14)                               
MUX2X1 (3)                                 |mux2X1 (3)                                 
AOI22X1 (5)                                |aoi22X1 (5)                                
OR2X1 (7)                                  |or2X1 (7)                                  
NAND3X1 (7)                                |nand3X1 (7)                                
NOR2X1 (6)                                 |nor2X1 (6)                                 
Number of devices: 174                     |Number of devices: 174                     
Number of nets: 193                        |Number of nets: 193                        
---------------------------------------------------------------------------------------
Circuits match uniquely.
Netlists match uniquely.
Cell pin lists are equivalent.
Device classes map9v3.spice and map9v3_test.spice are equivalent.
Circuits match uniquely.
The following cells had property errors: BUFX2
